<?xml version="1.0" encoding="UTF-8"?>
<robot generator="Robot 7.2 (Python 3.12.8 on win32)" generated="2025-02-26T06:33:06.637287" rpa="false" schemaversion="5">
<suite id="s1" name="Researcher Book" source="D:\SE_2567_126-0\group_project\git-group-repository-group-3-sec-1\code\tests\robot\researcher_book_language_switch_tests\researcher_book.robot">
<kw name="Open Browser To Login Page" type="SETUP">
<kw name="Open Browser" owner="SeleniumLibrary">
<msg time="2025-02-26T06:33:07.113750" level="INFO">Opening browser 'chrome' to base url 'http://127.0.0.1:8000/login'.</msg>
<arg>${URL}</arg>
<arg>${BROWSER}</arg>
<doc>Opens a new browser instance to the optional ``url``.</doc>
<status status="PASS" start="2025-02-26T06:33:07.112754" elapsed="2.161580"/>
</kw>
<kw name="Maximize Browser Window" owner="SeleniumLibrary">
<doc>Maximizes current browser window.</doc>
<status status="PASS" start="2025-02-26T06:33:09.274334" elapsed="0.047997"/>
</kw>
<kw name="Set Selenium Speed" owner="SeleniumLibrary">
<arg>${DELAY}</arg>
<doc>Sets the delay that is waited after each Selenium command.</doc>
<status status="PASS" start="2025-02-26T06:33:09.322331" elapsed="0.001004"/>
</kw>
<kw name="Login To System">
<kw name="Wait Until Page Contains Element" owner="SeleniumLibrary">
<arg>id=username</arg>
<arg>5s</arg>
<doc>Waits until the element ``locator`` appears on the current page.</doc>
<status status="PASS" start="2025-02-26T06:33:09.323335" elapsed="1.017010"/>
</kw>
<kw name="Log To Console" owner="BuiltIn">
<arg>Found username field</arg>
<doc>Logs the given message to the console.</doc>
<status status="PASS" start="2025-02-26T06:33:10.340345" elapsed="0.001011"/>
</kw>
<kw name="Input Text" owner="SeleniumLibrary">
<msg time="2025-02-26T06:33:10.341356" level="INFO">Typing text 'chitsutha@kku.ac.th' into text field 'id=username'.</msg>
<arg>id=username</arg>
<arg>${USERNAME}</arg>
<doc>Types the given ``text`` into the text field identified by ``locator``.</doc>
<status status="PASS" start="2025-02-26T06:33:10.341356" elapsed="3.107862"/>
</kw>
<kw name="Input Text" owner="SeleniumLibrary">
<msg time="2025-02-26T06:33:13.449726" level="INFO">Typing text '123456789' into text field 'id=password'.</msg>
<arg>id=password</arg>
<arg>${PASSWORD}</arg>
<doc>Types the given ``text`` into the text field identified by ``locator``.</doc>
<status status="PASS" start="2025-02-26T06:33:13.449218" elapsed="3.107176"/>
</kw>
<kw name="Click Button" owner="SeleniumLibrary">
<msg time="2025-02-26T06:33:16.556394" level="INFO">Clicking button 'xpath=//button[@type='submit']'.</msg>
<arg>xpath=//button[@type='submit']</arg>
<doc>Clicks the button identified by ``locator``.</doc>
<status status="PASS" start="2025-02-26T06:33:16.556394" elapsed="6.955187"/>
</kw>
<kw name="Wait Until Location Contains" owner="SeleniumLibrary">
<arg>${DASHBOARD_URL}</arg>
<arg>5s</arg>
<doc>Waits until the current URL contains ``expected``.</doc>
<status status="PASS" start="2025-02-26T06:33:23.511758" elapsed="1.006817"/>
</kw>
<kw name="Log To Console" owner="BuiltIn">
<arg>Login successful, redirected to: ${DASHBOARD_URL}</arg>
<doc>Logs the given message to the console.</doc>
<status status="PASS" start="2025-02-26T06:33:24.518575" elapsed="0.001046"/>
</kw>
<kw name="Wait Until Page Contains Element" owner="SeleniumLibrary">
<arg>xpath=//a[@class='nav-link dropdown-toggle' and .//span[contains(@class, 'flag-icon')]]</arg>
<arg>5s</arg>
<doc>Waits until the element ``locator`` appears on the current page.</doc>
<status status="PASS" start="2025-02-26T06:33:24.519621" elapsed="1.016082"/>
</kw>
<status status="PASS" start="2025-02-26T06:33:09.323335" elapsed="16.212368"/>
</kw>
<status status="PASS" start="2025-02-26T06:33:07.112754" elapsed="18.422949"/>
</kw>
<test id="s1-t1" name="Test Language Switching On Researcher Book" line="16">
<kw name="Reset Language To English" type="SETUP">
<kw name="Go To" owner="SeleniumLibrary">
<msg time="2025-02-26T06:33:25.538086" level="INFO">Opening url 'http://127.0.0.1:8000/dashboard'</msg>
<arg>${DASHBOARD_URL}</arg>
<doc>Navigates the current browser window to the provided ``url``.</doc>
<status status="PASS" start="2025-02-26T06:33:25.538086" elapsed="1.442603"/>
</kw>
<kw name="Wait Until Page Contains Element" owner="SeleniumLibrary">
<arg>xpath=//a[@class='nav-link dropdown-toggle' and .//span[contains(@class, 'flag-icon')]]</arg>
<arg>5s</arg>
<doc>Waits until the element ``locator`` appears on the current page.</doc>
<status status="PASS" start="2025-02-26T06:33:26.980689" elapsed="1.013288"/>
</kw>
<kw name="Click Element" owner="SeleniumLibrary">
<msg time="2025-02-26T06:33:27.993977" level="INFO">Clicking element 'xpath=//a[@class='nav-link dropdown-toggle' and .//span[contains(@class, 'flag-icon')]]'.</msg>
<arg>xpath=//a[@class='nav-link dropdown-toggle' and .//span[contains(@class, 'flag-icon')]]</arg>
<doc>Click the element identified by ``locator``.</doc>
<status status="PASS" start="2025-02-26T06:33:27.993977" elapsed="2.078510"/>
</kw>
<kw name="Run Keyword And Return Status" owner="BuiltIn">
<kw name="Page Should Contain Element" owner="SeleniumLibrary">
<msg time="2025-02-26T06:33:33.223505" level="INFO" html="true">&lt;/td&gt;&lt;/tr&gt;&lt;tr&gt;&lt;td colspan="3"&gt;&lt;a href="selenium-screenshot-1.png"&gt;&lt;img src="selenium-screenshot-1.png" width="800px"&gt;&lt;/a&gt;</msg>
<msg time="2025-02-26T06:33:33.224514" level="FAIL">Page should have contained element 'xpath=//a[@class='dropdown-item' and contains(., 'English')]' but did not.</msg>
<arg>xpath=//a[@class='dropdown-item' and contains(., 'English')]</arg>
<doc>Verifies that element ``locator`` is found on the current page.</doc>
<status status="FAIL" start="2025-02-26T06:33:30.072487" elapsed="3.157385">Page should have contained element 'xpath=//a[@class='dropdown-item' and contains(., 'English')]' but did not.</status>
</kw>
<msg time="2025-02-26T06:33:33.229872" level="INFO">${english_present} = False</msg>
<var>${english_present}</var>
<arg>Page Should Contain Element</arg>
<arg>xpath=//a[@class='dropdown-item' and contains(., 'English')]</arg>
<doc>Runs the given keyword with given arguments and returns the status as a Boolean value.</doc>
<status status="PASS" start="2025-02-26T06:33:30.072487" elapsed="3.157385"/>
</kw>
<kw name="Run Keyword If" owner="BuiltIn">
<arg>${english_present}</arg>
<arg>Click Element</arg>
<arg>xpath=//a[@class='dropdown-item' and contains(., 'English')]</arg>
<doc>Runs the given keyword with the given arguments, if ``condition`` is true.</doc>
<status status="PASS" start="2025-02-26T06:33:33.229872" elapsed="0.001002"/>
</kw>
<kw name="Wait Until Page Contains Element" owner="SeleniumLibrary">
<arg>xpath=//span[contains(@class, 'flag-icon-us')]</arg>
<arg>5s</arg>
<doc>Waits until the element ``locator`` appears on the current page.</doc>
<status status="PASS" start="2025-02-26T06:33:33.230874" elapsed="1.012675"/>
</kw>
<kw name="Log To Console" owner="BuiltIn">
<arg>Reset language to English</arg>
<doc>Logs the given message to the console.</doc>
<status status="PASS" start="2025-02-26T06:33:34.243549" elapsed="0.000000"/>
</kw>
<kw name="Get Source" owner="SeleniumLibrary">
<msg time="2025-02-26T06:33:35.250032" level="INFO">${page_source} = &lt;html lang="en" class="hydrated" style="height: auto;"&gt;&lt;head&gt;&lt;style type="text/css"&gt;.swal-icon--error{border-color:#f27474;-webkit-animation:animateErrorIcon .5s;animation:animateErrorIcon .5s}.swal-i...</msg>
<var>${page_source}</var>
<doc>Returns the entire HTML source of the current page or frame.</doc>
<status status="PASS" start="2025-02-26T06:33:34.244571" elapsed="1.005461"/>
</kw>
<kw name="Log To Console" owner="BuiltIn">
<arg>Page source after reset: ${page_source}</arg>
<doc>Logs the given message to the console.</doc>
<status status="PASS" start="2025-02-26T06:33:35.250032" elapsed="0.028616"/>
</kw>
<status status="PASS" start="2025-02-26T06:33:25.538086" elapsed="9.740562"/>
</kw>
<kw name="Go To" owner="SeleniumLibrary">
<msg time="2025-02-26T06:33:35.279651" level="INFO">Opening url 'http://127.0.0.1:8000/books'</msg>
<arg>${RESEARCHER_BOOK_URL}</arg>
<doc>Navigates the current browser window to the provided ``url``.</doc>
<status status="PASS" start="2025-02-26T06:33:35.278648" elapsed="1.605444"/>
</kw>
<kw name="Verify Language">
<kw name="Page Should Contain" owner="SeleniumLibrary">
<msg time="2025-02-26T06:33:38.906051" level="INFO">Current page contains text 'Book'.</msg>
<arg>${welcome_text}</arg>
<doc>Verifies that current page contains ``text``.</doc>
<status status="PASS" start="2025-02-26T06:33:36.884092" elapsed="2.021959"/>
</kw>
<arg>Book</arg>
<status status="PASS" start="2025-02-26T06:33:36.884092" elapsed="2.021959"/>
</kw>
<kw name="Switch Language">
<kw name="Wait Until Page Contains Element" owner="SeleniumLibrary">
<arg>xpath=//a[@class='nav-link dropdown-toggle' and .//span[contains(@class, 'flag-icon')]]</arg>
<arg>15s</arg>
<doc>Waits until the element ``locator`` appears on the current page.</doc>
<status status="PASS" start="2025-02-26T06:33:38.907059" elapsed="1.008975"/>
</kw>
<kw name="Click Element" owner="SeleniumLibrary">
<msg time="2025-02-26T06:33:39.917265" level="INFO">Clicking element 'xpath=//a[@class='nav-link dropdown-toggle' and .//span[contains(@class, 'flag-icon')]]'.</msg>
<arg>xpath=//a[@class='nav-link dropdown-toggle' and .//span[contains(@class, 'flag-icon')]]</arg>
<doc>Click the element identified by ``locator``.</doc>
<status status="PASS" start="2025-02-26T06:33:39.916034" elapsed="2.062740"/>
</kw>
<kw name="Click Element" owner="SeleniumLibrary">
<msg time="2025-02-26T06:33:41.978774" level="INFO">Clicking element 'xpath=//a[contains(@href, 'http://127.0.0.1:8000/lang/th')]'.</msg>
<msg time="2025-02-26T06:33:44.135525" level="INFO" html="true">&lt;/td&gt;&lt;/tr&gt;&lt;tr&gt;&lt;td colspan="3"&gt;&lt;a href="selenium-screenshot-2.png"&gt;&lt;img src="selenium-screenshot-2.png" width="800px"&gt;&lt;/a&gt;</msg>
<msg time="2025-02-26T06:33:44.136512" level="FAIL">ElementNotInteractableException: Message: element not interactable
  (Session info: chrome=133.0.6943.128)
Stacktrace:
	GetHandleVerifier [0x00007FF76BA8C6A5+28789]
	(No symbol) [0x00007FF76B9F5B20]
	(No symbol) [0x00007FF76B888DCC]
	(No symbol) [0x00007FF76B8E0774]
	(No symbol) [0x00007FF76B8D2314]
	(No symbol) [0x00007FF76B90732A]
	(No symbol) [0x00007FF76B8D1BC6]
	(No symbol) [0x00007FF76B907540]
	(No symbol) [0x00007FF76B92F7E3]
	(No symbol) [0x00007FF76B907103]
	(No symbol) [0x00007FF76B8CFFC0]
	(No symbol) [0x00007FF76B8D1273]
	GetHandleVerifier [0x00007FF76BDD1AED+3458237]
	GetHandleVerifier [0x00007FF76BDE829C+3550316]
	GetHandleVerifier [0x00007FF76BDDDB9D+3507565]
	GetHandleVerifier [0x00007FF76BB52C6A+841274]
	(No symbol) [0x00007FF76BA009EF]
	(No symbol) [0x00007FF76B9FCB34]
	(No symbol) [0x00007FF76B9FCCD6]
	(No symbol) [0x00007FF76B9EC119]
	BaseThreadInitThunk [0x00007FFFDF0F259D+29]
	RtlUserThreadStart [0x00007FFFE11CAF38+40]
</msg>
<arg>xpath=//a[contains(@href, 'http://127.0.0.1:8000/lang/${lang}')]</arg>
<doc>Click the element identified by ``locator``.</doc>
<status status="FAIL" start="2025-02-26T06:33:41.978774" elapsed="2.160741">ElementNotInteractableException: Message: element not interactable
  (Session info: chrome=133.0.6943.128)
Stacktrace:
	GetHandleVerifier [0x00007FF76BA8C6A5+28789]
	(No symbol) [0x00007FF76B9F5B20]
	(No symbol) [0x00007FF76B888DCC]
	(No symbol) [0x00007FF76B8E0774]
	(No symbol) [0x00007FF76B8D2314]
	(No symbol) [0x00007FF76B90732A]
	(No symbol) [0x00007FF76B8D1BC6]
	(No symbol) [0x00007FF76B907540]
	(No symbol) [0x00007FF76B92F7E3]
	(No symbol) [0x00007FF76B907103]
	(No symbol) [0x00007FF76B8CFFC0]
	(No symbol) [0x00007FF76B8D1273]
	GetHandleVerifier [0x00007FF76BDD1AED+3458237]
	GetHandleVerifier [0x00007FF76BDE829C+3550316]
	GetHandleVerifier [0x00007FF76BDDDB9D+3507565]
	GetHandleVerifier [0x00007FF76BB52C6A+841274]
	(No symbol) [0x00007FF76BA009EF]
	(No symbol) [0x00007FF76B9FCB34]
	(No symbol) [0x00007FF76B9FCCD6]
	(No symbol) [0x00007FF76B9EC119]
	BaseThreadInitThunk [0x00007FFFDF0F259D+29]
	RtlUserThreadStart [0x00007FFFE11CAF38+40]
</status>
</kw>
<kw name="Run Keyword If" owner="BuiltIn">
<var>${flag}</var>
<arg>'${lang}' == 'cn'</arg>
<arg>Set Variable</arg>
<arg>cn</arg>
<arg>ELSE</arg>
<arg>Set Variable</arg>
<arg>${lang}</arg>
<doc>Runs the given keyword with the given arguments, if ``condition`` is true.</doc>
<status status="NOT RUN" start="2025-02-26T06:33:44.139515" elapsed="0.000000"/>
</kw>
<kw name="Wait Until Page Contains Element" owner="SeleniumLibrary">
<arg>xpath=//span[contains(@class, 'flag-icon-${flag}')]</arg>
<arg>10s</arg>
<doc>Waits until the element ``locator`` appears on the current page.</doc>
<status status="NOT RUN" start="2025-02-26T06:33:44.139515" elapsed="0.000000"/>
</kw>
<kw name="Log To Console" owner="BuiltIn">
<arg>Switched to language: ${lang}</arg>
<doc>Logs the given message to the console.</doc>
<status status="NOT RUN" start="2025-02-26T06:33:44.139515" elapsed="0.000000"/>
</kw>
<arg>th</arg>
<status status="FAIL" start="2025-02-26T06:33:38.906051" elapsed="5.234462">ElementNotInteractableException: Message: element not interactable
  (Session info: chrome=133.0.6943.128)
Stacktrace:
	GetHandleVerifier [0x00007FF76BA8C6A5+28789]
	(No symbol) [0x00007FF76B9F5B20]
	(No symbol) [0x00007FF76B888DCC]
	(No symbol) [0x00007FF76B8E0774]
	(No symbol) [0x00007FF76B8D2314]
	(No symbol) [0x00007FF76B90732A]
	(No symbol) [0x00007FF76B8D1BC6]
	(No symbol) [0x00007FF76B907540]
	(No symbol) [0x00007FF76B92F7E3]
	(No symbol) [0x00007FF76B907103]
	(No symbol) [0x00007FF76B8CFFC0]
	(No symbol) [0x00007FF76B8D1273]
	GetHandleVerifier [0x00007FF76BDD1AED+3458237]
	GetHandleVerifier [0x00007FF76BDE829C+3550316]
	GetHandleVerifier [0x00007FF76BDDDB9D+3507565]
	GetHandleVerifier [0x00007FF76BB52C6A+841274]
	(No symbol) [0x00007FF76BA009EF]
	(No symbol) [0x00007FF76B9FCB34]
	(No symbol) [0x00007FF76B9FCCD6]
	(No symbol) [0x00007FF76B9EC119]
	BaseThreadInitThunk [0x00007FFFDF0F259D+29]
	RtlUserThreadStart [0x00007FFFE11CAF38+40]
</status>
</kw>
<kw name="Verify Language">
<arg>หนังสือ</arg>
<status status="NOT RUN" start="2025-02-26T06:33:44.140513" elapsed="0.000000"/>
</kw>
<kw name="Switch Language">
<arg>cn</arg>
<status status="NOT RUN" start="2025-02-26T06:33:44.141745" elapsed="0.000000"/>
</kw>
<kw name="Verify Language">
<arg>书籍</arg>
<status status="NOT RUN" start="2025-02-26T06:33:44.141745" elapsed="0.000000"/>
</kw>
<doc>ทดสอบการเปลี่ยนภาษาบนหน้าหนังสือในส่วนของผู้วิจัย</doc>
<status status="FAIL" start="2025-02-26T06:33:25.535703" elapsed="18.606042">ElementNotInteractableException: Message: element not interactable
  (Session info: chrome=133.0.6943.128)
Stacktrace:
	GetHandleVerifier [0x00007FF76BA8C6A5+28789]
	(No symbol) [0x00007FF76B9F5B20]
	(No symbol) [0x00007FF76B888DCC]
	(No symbol) [0x00007FF76B8E0774]
	(No symbol) [0x00007FF76B8D2314]
	(No symbol) [0x00007FF76B90732A]
	(No symbol) [0x00007FF76B8D1BC6]
	(No symbol) [0x00007FF76B907540]
	(No symbol) [0x00007FF76B92F7E3]
	(No symbol) [0x00007FF76B907103]
	(No symbol) [0x00007FF76B8CFFC0]
	(No symbol) [0x00007FF76B8D1273]
	GetHandleVerifier [0x00007FF76BDD1AED+3458237]
	GetHandleVerifier [0x00007FF76BDE829C+3550316]
	GetHandleVerifier [0x00007FF76BDDDB9D+3507565]
	GetHandleVerifier [0x00007FF76BB52C6A+841274]
	(No symbol) [0x00007FF76BA009EF]
	(No symbol) [0x00007FF76B9FCB34]
	(No symbol) [0x00007FF76B9FCCD6]
	(No symbol) [0x00007FF76B9EC119]
	BaseThreadInitThunk [0x00007FFFDF0F259D+29]
	RtlUserThreadStart [0x00007FFFE11CAF38+40]
</status>
</test>
<kw name="Logout And Close Browser" type="TEARDOWN">
<kw name="Logout">
<kw name="Click Element" owner="SeleniumLibrary">
<msg time="2025-02-26T06:33:44.146767" level="INFO">Clicking element 'xpath=//a[contains(@href, '/logout')]'.</msg>
<arg>xpath=//a[contains(@href, '/logout')]</arg>
<doc>Click the element identified by ``locator``.</doc>
<status status="PASS" start="2025-02-26T06:33:44.146767" elapsed="2.651490"/>
</kw>
<kw name="Wait Until Page Contains" owner="SeleniumLibrary">
<arg>Login</arg>
<arg>5s</arg>
<doc>Waits until ``text`` appears on the current page.</doc>
<status status="PASS" start="2025-02-26T06:33:46.798257" elapsed="1.016548"/>
</kw>
<kw name="Log To Console" owner="BuiltIn">
<arg>Logged out successfully</arg>
<doc>Logs the given message to the console.</doc>
<status status="PASS" start="2025-02-26T06:33:47.814805" elapsed="0.000511"/>
</kw>
<status status="PASS" start="2025-02-26T06:33:44.145764" elapsed="3.669552"/>
</kw>
<kw name="Close Browser" owner="SeleniumLibrary">
<doc>Closes the current browser.</doc>
<status status="PASS" start="2025-02-26T06:33:47.815316" elapsed="3.210093"/>
</kw>
<status status="PASS" start="2025-02-26T06:33:44.145764" elapsed="6.880625"/>
</kw>
<status status="FAIL" start="2025-02-26T06:33:06.639295" elapsed="44.387094"/>
</suite>
<statistics>
<total>
<stat pass="0" fail="1" skip="0">All Tests</stat>
</total>
<tag>
</tag>
<suite>
<stat name="Researcher Book" id="s1" pass="0" fail="1" skip="0">Researcher Book</stat>
</suite>
</statistics>
<errors>
</errors>
</robot>
