<?xml version="1.0" encoding="UTF-8"?>
<robot generator="Robot 7.2 (Python 3.12.8 on win32)" generated="2025-03-12T07:22:41.057118" rpa="false" schemaversion="5">
<suite id="s1" name="Visitor Lang Switch2" source="D:\SE_2567_126-0\group_project\git-group-repository-group-3-sec-1\code\tests\robot\visitor_language_switch_tests\visitor_lang_switch2.robot">
<kw name="Open Browser To Home Page" type="SETUP">
<kw name="Open Browser" owner="SeleniumLibrary">
<msg time="2025-03-12T07:22:41.609051" level="INFO">Opening browser 'chrome' to base url 'http://127.0.0.1:8000/'.</msg>
<arg>${URL}</arg>
<arg>${BROWSER}</arg>
<doc>Opens a new browser instance to the optional ``url``.</doc>
<status status="PASS" start="2025-03-12T07:22:41.609051" elapsed="2.418512"/>
</kw>
<kw name="Maximize Browser Window" owner="SeleniumLibrary">
<doc>Maximizes current browser window.</doc>
<status status="PASS" start="2025-03-12T07:22:44.029567" elapsed="0.616755"/>
</kw>
<kw name="Set Selenium Speed" owner="SeleniumLibrary">
<arg>${DELAY}</arg>
<doc>Sets the delay that is waited after each Selenium command.</doc>
<status status="PASS" start="2025-03-12T07:22:44.646322" elapsed="0.001001"/>
</kw>
<status status="PASS" start="2025-03-12T07:22:41.608055" elapsed="3.039268"/>
</kw>
<test id="s1-t1" name="Verify Language Switcher Presence" line="31">
<kw name="Wait Until Element Is Visible" owner="SeleniumLibrary">
<arg>${LANG_DROPDOWN}</arg>
<doc>Waits until the element ``locator`` is visible.</doc>
<status status="PASS" start="2025-03-12T07:22:44.647323" elapsed="1.030980"/>
</kw>
<kw name="Element Should Be Visible" owner="SeleniumLibrary">
<msg time="2025-03-12T07:22:46.698757" level="INFO">Element 'id=navbarDropdownMenuLink' is displayed.</msg>
<arg>${LANG_DROPDOWN}</arg>
<doc>Verifies that the element identified by ``locator`` is visible.</doc>
<status status="PASS" start="2025-03-12T07:22:45.678303" elapsed="1.020454"/>
</kw>
<status status="PASS" start="2025-03-12T07:22:44.647323" elapsed="2.051434"/>
</test>
<test id="s1-t2" name="Verify Language Options Display" line="38">
<kw name="Wait Until Element Is Visible" owner="SeleniumLibrary">
<arg>${LANG_DROPDOWN}</arg>
<doc>Waits until the element ``locator`` is visible.</doc>
<status status="PASS" start="2025-03-12T07:22:46.701038" elapsed="1.016939"/>
</kw>
<kw name="Click Element" owner="SeleniumLibrary">
<msg time="2025-03-12T07:22:47.718541" level="INFO">Clicking element 'id=navbarDropdownMenuLink'.</msg>
<arg>${LANG_DROPDOWN}</arg>
<doc>Click the element identified by ``locator``.</doc>
<status status="PASS" start="2025-03-12T07:22:47.718541" elapsed="1.091572"/>
</kw>
<kw name="Wait Until Element Is Visible" owner="SeleniumLibrary">
<arg>${LANG_MENU}</arg>
<doc>Waits until the element ``locator`` is visible.</doc>
<status status="PASS" start="2025-03-12T07:22:48.810113" elapsed="1.022737"/>
</kw>
<kw name="Element Should Be Visible" owner="SeleniumLibrary">
<msg time="2025-03-12T07:22:50.861257" level="INFO">Element 'xpath=//a[contains(@href, '/lang/th')]' is displayed.</msg>
<arg>${THAI_LANG}</arg>
<doc>Verifies that the element identified by ``locator`` is visible.</doc>
<status status="PASS" start="2025-03-12T07:22:49.832850" elapsed="1.028407"/>
</kw>
<kw name="Element Should Be Visible" owner="SeleniumLibrary">
<msg time="2025-03-12T07:22:51.886260" level="INFO">Element 'xpath=//a[contains(@href, '/lang/cn')]' is displayed.</msg>
<arg>${CN_LANG}</arg>
<doc>Verifies that the element identified by ``locator`` is visible.</doc>
<status status="PASS" start="2025-03-12T07:22:50.861257" elapsed="1.025003"/>
</kw>
<status status="PASS" start="2025-03-12T07:22:46.700030" elapsed="5.186230"/>
</test>
<test id="s1-t3" name="Verify English Home Page" line="49">
<kw name="Verify Home Page English">
<kw name="Wait Until Page Contains" owner="SeleniumLibrary">
<arg>Home</arg>
<doc>Waits until ``text`` appears on the current page.</doc>
<status status="PASS" start="2025-03-12T07:22:51.888407" elapsed="0.535973"/>
</kw>
<kw name="Wait Until Element Is Visible" owner="SeleniumLibrary">
<arg>css=#all .count-text</arg>
<doc>Waits until the element ``locator`` is visible.</doc>
<status status="PASS" start="2025-03-12T07:22:52.424380" elapsed="1.020470"/>
</kw>
<kw name="Get Text" owner="SeleniumLibrary">
<msg time="2025-03-12T07:22:54.467803" level="INFO">${text} = source</msg>
<var>${text}</var>
<arg>css=#all .count-text</arg>
<doc>Returns the text value of the element identified by ``locator``.</doc>
<status status="PASS" start="2025-03-12T07:22:53.444850" elapsed="1.022953"/>
</kw>
<kw name="Should Be Equal As Strings" owner="BuiltIn">
<arg>${text}</arg>
<arg>source</arg>
<doc>Fails if objects are unequal after converting them to strings.</doc>
<status status="PASS" start="2025-03-12T07:22:54.468311" elapsed="0.000000"/>
</kw>
<kw name="Wait Until Page Contains" owner="SeleniumLibrary">
<arg>Publications (In the Last 5 Years)</arg>
<doc>Waits until ``text`` appears on the current page.</doc>
<status status="PASS" start="2025-03-12T07:22:54.468311" elapsed="0.530103"/>
</kw>
<status status="PASS" start="2025-03-12T07:22:51.887406" elapsed="3.113009"/>
</kw>
<status status="PASS" start="2025-03-12T07:22:51.887406" elapsed="3.114014"/>
</test>
<test id="s1-t4" name="Verify English Researchers Navigation" line="54">
<kw name="Navigate To Researchers And Verify English">
<kw name="Wait Until Page Contains" owner="SeleniumLibrary">
<arg>Researchers</arg>
<doc>Waits until ``text`` appears on the current page.</doc>
<status status="PASS" start="2025-03-12T07:22:55.004411" elapsed="0.554342"/>
</kw>
<kw name="Verify Major Options Display">
<kw name="Wait Until Element Is Visible" owner="SeleniumLibrary">
<arg>${MAJOR_DROPDOWN}</arg>
<doc>Waits until the element ``locator`` is visible.</doc>
<status status="PASS" start="2025-03-12T07:22:55.559278" elapsed="1.022742"/>
</kw>
<kw name="Click Element" owner="SeleniumLibrary">
<msg time="2025-03-12T07:22:56.582536" level="INFO">Clicking element 'id=navbarDropdown'.</msg>
<arg>${MAJOR_DROPDOWN}</arg>
<doc>Click the element identified by ``locator``.</doc>
<status status="PASS" start="2025-03-12T07:22:56.582020" elapsed="1.085555"/>
</kw>
<kw name="Wait Until Element Is Visible" owner="SeleniumLibrary">
<arg>${MAJOR_MENU}</arg>
<doc>Waits until the element ``locator`` is visible.</doc>
<status status="PASS" start="2025-03-12T07:22:57.667575" elapsed="1.019282"/>
</kw>
<kw name="Element Should Be Visible" owner="SeleniumLibrary">
<msg time="2025-03-12T07:22:59.710719" level="INFO">Element 'xpath=//a[contains(@href, '/researchers/1')]' is displayed.</msg>
<arg>${CS_MAJOR}</arg>
<doc>Verifies that the element identified by ``locator`` is visible.</doc>
<status status="PASS" start="2025-03-12T07:22:58.686857" elapsed="1.023862"/>
</kw>
<kw name="Element Should Be Visible" owner="SeleniumLibrary">
<msg time="2025-03-12T07:23:00.734351" level="INFO">Element 'xpath=//a[contains(@href, '/researchers/2')]' is displayed.</msg>
<arg>${IT_MAJOR}</arg>
<doc>Verifies that the element identified by ``locator`` is visible.</doc>
<status status="PASS" start="2025-03-12T07:22:59.711233" elapsed="1.023118"/>
</kw>
<kw name="Element Should Be Visible" owner="SeleniumLibrary">
<msg time="2025-03-12T07:23:01.759332" level="INFO">Element 'xpath=//a[contains(@href, '/researchers/3')]' is displayed.</msg>
<arg>${GIS_MAJOR}</arg>
<doc>Verifies that the element identified by ``locator`` is visible.</doc>
<status status="PASS" start="2025-03-12T07:23:00.734351" elapsed="1.024981"/>
</kw>
<status status="PASS" start="2025-03-12T07:22:55.558753" elapsed="6.200579"/>
</kw>
<kw name="Click Element" owner="SeleniumLibrary">
<msg time="2025-03-12T07:23:01.759841" level="INFO">Clicking element 'xpath=//a[contains(@href, '/researchers/1')]'.</msg>
<arg>${CS_MAJOR}</arg>
<doc>Click the element identified by ``locator``.</doc>
<status status="PASS" start="2025-03-12T07:23:01.759841" elapsed="1.662797"/>
</kw>
<kw name="Wait Until Page Contains" owner="SeleniumLibrary">
<arg>Researchers</arg>
<doc>Waits until ``text`` appears on the current page.</doc>
<status status="PASS" start="2025-03-12T07:23:03.422638" elapsed="0.511359"/>
</kw>
<kw name="Wait Until Page Contains" owner="SeleniumLibrary">
<arg>Computer Science</arg>
<doc>Waits until ``text`` appears on the current page.</doc>
<status status="PASS" start="2025-03-12T07:23:03.933997" elapsed="0.513372"/>
</kw>
<kw name="Verify Major Options Display">
<kw name="Wait Until Element Is Visible" owner="SeleniumLibrary">
<arg>${MAJOR_DROPDOWN}</arg>
<doc>Waits until the element ``locator`` is visible.</doc>
<status status="PASS" start="2025-03-12T07:23:04.447369" elapsed="1.016379"/>
</kw>
<kw name="Click Element" owner="SeleniumLibrary">
<msg time="2025-03-12T07:23:05.463748" level="INFO">Clicking element 'id=navbarDropdown'.</msg>
<arg>${MAJOR_DROPDOWN}</arg>
<doc>Click the element identified by ``locator``.</doc>
<status status="PASS" start="2025-03-12T07:23:05.463748" elapsed="1.063806"/>
</kw>
<kw name="Wait Until Element Is Visible" owner="SeleniumLibrary">
<arg>${MAJOR_MENU}</arg>
<doc>Waits until the element ``locator`` is visible.</doc>
<status status="PASS" start="2025-03-12T07:23:06.527554" elapsed="1.017417"/>
</kw>
<kw name="Element Should Be Visible" owner="SeleniumLibrary">
<msg time="2025-03-12T07:23:08.561450" level="INFO">Element 'xpath=//a[contains(@href, '/researchers/1')]' is displayed.</msg>
<arg>${CS_MAJOR}</arg>
<doc>Verifies that the element identified by ``locator`` is visible.</doc>
<status status="PASS" start="2025-03-12T07:23:07.544971" elapsed="1.016479"/>
</kw>
<kw name="Element Should Be Visible" owner="SeleniumLibrary">
<msg time="2025-03-12T07:23:09.579030" level="INFO">Element 'xpath=//a[contains(@href, '/researchers/2')]' is displayed.</msg>
<arg>${IT_MAJOR}</arg>
<doc>Verifies that the element identified by ``locator`` is visible.</doc>
<status status="PASS" start="2025-03-12T07:23:08.561450" elapsed="1.017580"/>
</kw>
<kw name="Element Should Be Visible" owner="SeleniumLibrary">
<msg time="2025-03-12T07:23:10.597143" level="INFO">Element 'xpath=//a[contains(@href, '/researchers/3')]' is displayed.</msg>
<arg>${GIS_MAJOR}</arg>
<doc>Verifies that the element identified by ``locator`` is visible.</doc>
<status status="PASS" start="2025-03-12T07:23:09.579030" elapsed="1.018113"/>
</kw>
<status status="PASS" start="2025-03-12T07:23:04.447369" elapsed="6.149774"/>
</kw>
<kw name="Click Element" owner="SeleniumLibrary">
<msg time="2025-03-12T07:23:10.597143" level="INFO">Clicking element 'xpath=//a[contains(@href, '/researchers/2')]'.</msg>
<arg>${IT_MAJOR}</arg>
<doc>Click the element identified by ``locator``.</doc>
<status status="PASS" start="2025-03-12T07:23:10.597143" elapsed="1.663258"/>
</kw>
<kw name="Wait Until Page Contains" owner="SeleniumLibrary">
<arg>Researchers</arg>
<doc>Waits until ``text`` appears on the current page.</doc>
<status status="PASS" start="2025-03-12T07:23:12.260401" elapsed="0.519900"/>
</kw>
<kw name="Wait Until Page Contains" owner="SeleniumLibrary">
<arg>Infomation Technology</arg>
<doc>Waits until ``text`` appears on the current page.</doc>
<status status="PASS" start="2025-03-12T07:23:12.780301" elapsed="0.517321"/>
</kw>
<kw name="Verify Major Options Display">
<kw name="Wait Until Element Is Visible" owner="SeleniumLibrary">
<arg>${MAJOR_DROPDOWN}</arg>
<doc>Waits until the element ``locator`` is visible.</doc>
<status status="PASS" start="2025-03-12T07:23:13.297622" elapsed="1.018593"/>
</kw>
<kw name="Click Element" owner="SeleniumLibrary">
<msg time="2025-03-12T07:23:14.316723" level="INFO">Clicking element 'id=navbarDropdown'.</msg>
<arg>${MAJOR_DROPDOWN}</arg>
<doc>Click the element identified by ``locator``.</doc>
<status status="PASS" start="2025-03-12T07:23:14.316215" elapsed="1.061988"/>
</kw>
<kw name="Wait Until Element Is Visible" owner="SeleniumLibrary">
<arg>${MAJOR_MENU}</arg>
<doc>Waits until the element ``locator`` is visible.</doc>
<status status="PASS" start="2025-03-12T07:23:15.378203" elapsed="1.017945"/>
</kw>
<kw name="Element Should Be Visible" owner="SeleniumLibrary">
<msg time="2025-03-12T07:23:17.414266" level="INFO">Element 'xpath=//a[contains(@href, '/researchers/1')]' is displayed.</msg>
<arg>${CS_MAJOR}</arg>
<doc>Verifies that the element identified by ``locator`` is visible.</doc>
<status status="PASS" start="2025-03-12T07:23:16.396148" elapsed="1.018118"/>
</kw>
<kw name="Element Should Be Visible" owner="SeleniumLibrary">
<msg time="2025-03-12T07:23:18.432230" level="INFO">Element 'xpath=//a[contains(@href, '/researchers/2')]' is displayed.</msg>
<arg>${IT_MAJOR}</arg>
<doc>Verifies that the element identified by ``locator`` is visible.</doc>
<status status="PASS" start="2025-03-12T07:23:17.414266" elapsed="1.017964"/>
</kw>
<kw name="Element Should Be Visible" owner="SeleniumLibrary">
<msg time="2025-03-12T07:23:19.450287" level="INFO">Element 'xpath=//a[contains(@href, '/researchers/3')]' is displayed.</msg>
<arg>${GIS_MAJOR}</arg>
<doc>Verifies that the element identified by ``locator`` is visible.</doc>
<status status="PASS" start="2025-03-12T07:23:18.432230" elapsed="1.018057"/>
</kw>
<status status="PASS" start="2025-03-12T07:23:13.297622" elapsed="6.152665"/>
</kw>
<kw name="Click Element" owner="SeleniumLibrary">
<msg time="2025-03-12T07:23:19.450287" level="INFO">Clicking element 'xpath=//a[contains(@href, '/researchers/3')]'.</msg>
<arg>${GIS_MAJOR}</arg>
<doc>Click the element identified by ``locator``.</doc>
<status status="PASS" start="2025-03-12T07:23:19.450287" elapsed="1.573248"/>
</kw>
<kw name="Wait Until Page Contains" owner="SeleniumLibrary">
<arg>Researchers</arg>
<doc>Waits until ``text`` appears on the current page.</doc>
<status status="PASS" start="2025-03-12T07:23:21.023535" elapsed="0.509785"/>
</kw>
<kw name="Wait Until Page Contains" owner="SeleniumLibrary">
<arg>Geo-Informatics</arg>
<doc>Waits until ``text`` appears on the current page.</doc>
<status status="PASS" start="2025-03-12T07:23:21.533833" elapsed="0.514686"/>
</kw>
<status status="PASS" start="2025-03-12T07:22:55.004411" elapsed="27.044108"/>
</kw>
<status status="PASS" start="2025-03-12T07:22:55.002410" elapsed="27.046622"/>
</test>
<test id="s1-t5" name="Verify English Researcher Profile" line="59">
<kw name="Navigate To Specific Researcher And Verify English">
<kw name="Verify Major Options Display">
<kw name="Wait Until Element Is Visible" owner="SeleniumLibrary">
<arg>${MAJOR_DROPDOWN}</arg>
<doc>Waits until the element ``locator`` is visible.</doc>
<status status="PASS" start="2025-03-12T07:23:22.051065" elapsed="1.019609"/>
</kw>
<kw name="Click Element" owner="SeleniumLibrary">
<msg time="2025-03-12T07:23:23.071187" level="INFO">Clicking element 'id=navbarDropdown'.</msg>
<arg>${MAJOR_DROPDOWN}</arg>
<doc>Click the element identified by ``locator``.</doc>
<status status="PASS" start="2025-03-12T07:23:23.070674" elapsed="1.058925"/>
</kw>
<kw name="Wait Until Element Is Visible" owner="SeleniumLibrary">
<arg>${MAJOR_MENU}</arg>
<doc>Waits until the element ``locator`` is visible.</doc>
<status status="PASS" start="2025-03-12T07:23:24.129599" elapsed="1.017633"/>
</kw>
<kw name="Element Should Be Visible" owner="SeleniumLibrary">
<msg time="2025-03-12T07:23:26.166974" level="INFO">Element 'xpath=//a[contains(@href, '/researchers/1')]' is displayed.</msg>
<arg>${CS_MAJOR}</arg>
<doc>Verifies that the element identified by ``locator`` is visible.</doc>
<status status="PASS" start="2025-03-12T07:23:25.147232" elapsed="1.019742"/>
</kw>
<kw name="Element Should Be Visible" owner="SeleniumLibrary">
<msg time="2025-03-12T07:23:27.184865" level="INFO">Element 'xpath=//a[contains(@href, '/researchers/2')]' is displayed.</msg>
<arg>${IT_MAJOR}</arg>
<doc>Verifies that the element identified by ``locator`` is visible.</doc>
<status status="PASS" start="2025-03-12T07:23:26.166974" elapsed="1.017891"/>
</kw>
<kw name="Element Should Be Visible" owner="SeleniumLibrary">
<msg time="2025-03-12T07:23:28.202995" level="INFO">Element 'xpath=//a[contains(@href, '/researchers/3')]' is displayed.</msg>
<arg>${GIS_MAJOR}</arg>
<doc>Verifies that the element identified by ``locator`` is visible.</doc>
<status status="PASS" start="2025-03-12T07:23:27.184865" elapsed="1.018130"/>
</kw>
<status status="PASS" start="2025-03-12T07:23:22.050044" elapsed="6.152951"/>
</kw>
<kw name="Click Element" owner="SeleniumLibrary">
<msg time="2025-03-12T07:23:28.204038" level="INFO">Clicking element 'xpath=//a[contains(@href, '/researchers/1')]'.</msg>
<arg>${CS_MAJOR}</arg>
<doc>Click the element identified by ``locator``.</doc>
<status status="PASS" start="2025-03-12T07:23:28.202995" elapsed="1.633048"/>
</kw>
<kw name="Click Element" owner="SeleniumLibrary">
<msg time="2025-03-12T07:23:29.836571" level="INFO">Clicking element 'xpath=//div[@class='row row-cols-1 row-cols-md-2 g-0']/a[2]'.</msg>
<arg>${CS_RESEARCHER_DEMO}</arg>
<doc>Click the element identified by ``locator``.</doc>
<status status="PASS" start="2025-03-12T07:23:29.836043" elapsed="2.300441"/>
</kw>
<kw name="Wait Until Page Contains" owner="SeleniumLibrary">
<arg>Assoc. Prof. Dr. Punyaphol Horata</arg>
<doc>Waits until ``text`` appears on the current page.</doc>
<status status="PASS" start="2025-03-12T07:23:32.136484" elapsed="0.516313"/>
</kw>
<kw name="Wait Until Page Contains" owner="SeleniumLibrary">
<arg>Associate Professor</arg>
<doc>Waits until ``text`` appears on the current page.</doc>
<status status="PASS" start="2025-03-12T07:23:32.652797" elapsed="0.515518"/>
</kw>
<kw name="Wait Until Page Contains" owner="SeleniumLibrary">
<arg>Email</arg>
<doc>Waits until ``text`` appears on the current page.</doc>
<status status="PASS" start="2025-03-12T07:23:33.168315" elapsed="0.515548"/>
</kw>
<kw name="Wait Until Page Contains" owner="SeleniumLibrary">
<arg>Education</arg>
<doc>Waits until ``text`` appears on the current page.</doc>
<status status="PASS" start="2025-03-12T07:23:33.683863" elapsed="0.515045"/>
</kw>
<kw name="Wait Until Page Contains" owner="SeleniumLibrary">
<arg>Publications</arg>
<doc>Waits until ``text`` appears on the current page.</doc>
<status status="PASS" start="2025-03-12T07:23:34.198908" elapsed="0.514149"/>
</kw>
<status status="PASS" start="2025-03-12T07:23:22.050044" elapsed="12.663013"/>
</kw>
<status status="PASS" start="2025-03-12T07:23:22.049032" elapsed="12.664534"/>
</test>
<test id="s1-t6" name="Verify English Publication Tabs" line="64">
<kw name="Navigate To Specific Researcher And Verify English">
<kw name="Verify Major Options Display">
<kw name="Wait Until Element Is Visible" owner="SeleniumLibrary">
<arg>${MAJOR_DROPDOWN}</arg>
<doc>Waits until the element ``locator`` is visible.</doc>
<status status="PASS" start="2025-03-12T07:23:34.715578" elapsed="1.016605"/>
</kw>
<kw name="Click Element" owner="SeleniumLibrary">
<msg time="2025-03-12T07:23:35.732183" level="INFO">Clicking element 'id=navbarDropdown'.</msg>
<arg>${MAJOR_DROPDOWN}</arg>
<doc>Click the element identified by ``locator``.</doc>
<status status="PASS" start="2025-03-12T07:23:35.732183" elapsed="1.057393"/>
</kw>
<kw name="Wait Until Element Is Visible" owner="SeleniumLibrary">
<arg>${MAJOR_MENU}</arg>
<doc>Waits until the element ``locator`` is visible.</doc>
<status status="PASS" start="2025-03-12T07:23:36.789576" elapsed="1.019538"/>
</kw>
<kw name="Element Should Be Visible" owner="SeleniumLibrary">
<msg time="2025-03-12T07:23:38.826434" level="INFO">Element 'xpath=//a[contains(@href, '/researchers/1')]' is displayed.</msg>
<arg>${CS_MAJOR}</arg>
<doc>Verifies that the element identified by ``locator`` is visible.</doc>
<status status="PASS" start="2025-03-12T07:23:37.809114" elapsed="1.017320"/>
</kw>
<kw name="Element Should Be Visible" owner="SeleniumLibrary">
<msg time="2025-03-12T07:23:39.847933" level="INFO">Element 'xpath=//a[contains(@href, '/researchers/2')]' is displayed.</msg>
<arg>${IT_MAJOR}</arg>
<doc>Verifies that the element identified by ``locator`` is visible.</doc>
<status status="PASS" start="2025-03-12T07:23:38.826434" elapsed="1.021499"/>
</kw>
<kw name="Element Should Be Visible" owner="SeleniumLibrary">
<msg time="2025-03-12T07:23:40.864244" level="INFO">Element 'xpath=//a[contains(@href, '/researchers/3')]' is displayed.</msg>
<arg>${GIS_MAJOR}</arg>
<doc>Verifies that the element identified by ``locator`` is visible.</doc>
<status status="PASS" start="2025-03-12T07:23:39.847933" elapsed="1.016311"/>
</kw>
<status status="PASS" start="2025-03-12T07:23:34.715578" elapsed="6.148666"/>
</kw>
<kw name="Click Element" owner="SeleniumLibrary">
<msg time="2025-03-12T07:23:40.865258" level="INFO">Clicking element 'xpath=//a[contains(@href, '/researchers/1')]'.</msg>
<arg>${CS_MAJOR}</arg>
<doc>Click the element identified by ``locator``.</doc>
<status status="PASS" start="2025-03-12T07:23:40.864244" elapsed="1.882816"/>
</kw>
<kw name="Click Element" owner="SeleniumLibrary">
<msg time="2025-03-12T07:23:42.747060" level="INFO">Clicking element 'xpath=//div[@class='row row-cols-1 row-cols-md-2 g-0']/a[2]'.</msg>
<arg>${CS_RESEARCHER_DEMO}</arg>
<doc>Click the element identified by ``locator``.</doc>
<status status="PASS" start="2025-03-12T07:23:42.747060" elapsed="2.608098"/>
</kw>
<kw name="Wait Until Page Contains" owner="SeleniumLibrary">
<arg>Assoc. Prof. Dr. Punyaphol Horata</arg>
<doc>Waits until ``text`` appears on the current page.</doc>
<status status="PASS" start="2025-03-12T07:23:45.355158" elapsed="0.511329"/>
</kw>
<kw name="Wait Until Page Contains" owner="SeleniumLibrary">
<arg>Associate Professor</arg>
<doc>Waits until ``text`` appears on the current page.</doc>
<status status="PASS" start="2025-03-12T07:23:45.866577" elapsed="0.511033"/>
</kw>
<kw name="Wait Until Page Contains" owner="SeleniumLibrary">
<arg>Email</arg>
<doc>Waits until ``text`` appears on the current page.</doc>
<status status="PASS" start="2025-03-12T07:23:46.377610" elapsed="0.511672"/>
</kw>
<kw name="Wait Until Page Contains" owner="SeleniumLibrary">
<arg>Education</arg>
<doc>Waits until ``text`` appears on the current page.</doc>
<status status="PASS" start="2025-03-12T07:23:46.889798" elapsed="0.514502"/>
</kw>
<kw name="Wait Until Page Contains" owner="SeleniumLibrary">
<arg>Publications</arg>
<doc>Waits until ``text`` appears on the current page.</doc>
<status status="PASS" start="2025-03-12T07:23:47.404300" elapsed="0.510819"/>
</kw>
<status status="PASS" start="2025-03-12T07:23:34.714577" elapsed="13.200542"/>
</kw>
<kw name="Verify Publication Tabs English">
<kw name="Wait Until Page Contains" owner="SeleniumLibrary">
<arg>SUMMARY</arg>
<doc>Waits until ``text`` appears on the current page.</doc>
<status status="PASS" start="2025-03-12T07:23:47.916131" elapsed="0.515478"/>
</kw>
<kw name="Wait Until Page Contains" owner="SeleniumLibrary">
<arg>Export To Excel</arg>
<doc>Waits until ``text`` appears on the current page.</doc>
<status status="PASS" start="2025-03-12T07:23:48.431609" elapsed="0.515474"/>
</kw>
<kw name="Verify Summary Tab English">
<kw name="Wait Until Page Contains" owner="SeleniumLibrary">
<arg>No.</arg>
<doc>Waits until ``text`` appears on the current page.</doc>
<status status="PASS" start="2025-03-12T07:23:48.948094" elapsed="0.518956"/>
</kw>
<kw name="Wait Until Page Contains" owner="SeleniumLibrary">
<arg>Year</arg>
<doc>Waits until ``text`` appears on the current page.</doc>
<status status="PASS" start="2025-03-12T07:23:49.467050" elapsed="0.517635"/>
</kw>
<kw name="Wait Until Page Contains" owner="SeleniumLibrary">
<arg>Paper</arg>
<doc>Waits until ``text`` appears on the current page.</doc>
<status status="PASS" start="2025-03-12T07:23:49.984685" elapsed="0.516760"/>
</kw>
<kw name="Wait Until Page Contains" owner="SeleniumLibrary">
<arg>Author</arg>
<doc>Waits until ``text`` appears on the current page.</doc>
<status status="PASS" start="2025-03-12T07:23:50.501953" elapsed="0.518252"/>
</kw>
<kw name="Wait Until Page Contains" owner="SeleniumLibrary">
<arg>Document Type</arg>
<doc>Waits until ``text`` appears on the current page.</doc>
<status status="PASS" start="2025-03-12T07:23:51.020205" elapsed="0.516333"/>
</kw>
<kw name="Wait Until Page Contains" owner="SeleniumLibrary">
<arg>Page</arg>
<doc>Waits until ``text`` appears on the current page.</doc>
<status status="PASS" start="2025-03-12T07:23:51.536538" elapsed="0.516765"/>
</kw>
<kw name="Wait Until Page Contains" owner="SeleniumLibrary">
<arg>Journals/Transactions</arg>
<doc>Waits until ``text`` appears on the current page.</doc>
<status status="PASS" start="2025-03-12T07:23:52.053303" elapsed="0.516758"/>
</kw>
<kw name="Wait Until Page Contains" owner="SeleniumLibrary">
<arg>Citations</arg>
<doc>Waits until ``text`` appears on the current page.</doc>
<status status="PASS" start="2025-03-12T07:23:52.570061" elapsed="0.517476"/>
</kw>
<kw name="Wait Until Page Contains" owner="SeleniumLibrary">
<arg>Doi</arg>
<doc>Waits until ``text`` appears on the current page.</doc>
<status status="PASS" start="2025-03-12T07:23:53.087537" elapsed="0.515184"/>
</kw>
<kw name="Wait Until Page Contains" owner="SeleniumLibrary">
<arg>source</arg>
<doc>Waits until ``text`` appears on the current page.</doc>
<status status="PASS" start="2025-03-12T07:23:53.602721" elapsed="0.516014"/>
</kw>
<status status="PASS" start="2025-03-12T07:23:48.947083" elapsed="5.171652"/>
</kw>
<kw name="Click Element" owner="SeleniumLibrary">
<msg time="2025-03-12T07:23:54.118735" level="INFO">Clicking element 'id=scopus-tab'.</msg>
<arg>id=scopus-tab</arg>
<doc>Click the element identified by ``locator``.</doc>
<status status="PASS" start="2025-03-12T07:23:54.118735" elapsed="1.074889"/>
</kw>
<kw name="Wait Until Page Contains" owner="SeleniumLibrary">
<arg>SCOPUS</arg>
<doc>Waits until ``text`` appears on the current page.</doc>
<status status="PASS" start="2025-03-12T07:23:55.193624" elapsed="0.515915"/>
</kw>
<kw name="Verify Publication Table Headers English">
<kw name="Wait Until Page Contains" owner="SeleniumLibrary">
<arg>No.</arg>
<doc>Waits until ``text`` appears on the current page.</doc>
<status status="PASS" start="2025-03-12T07:23:55.709539" elapsed="0.520271"/>
</kw>
<kw name="Wait Until Page Contains" owner="SeleniumLibrary">
<arg>Year</arg>
<doc>Waits until ``text`` appears on the current page.</doc>
<status status="PASS" start="2025-03-12T07:23:56.229810" elapsed="0.513335"/>
</kw>
<kw name="Wait Until Page Contains" owner="SeleniumLibrary">
<arg>Paper</arg>
<doc>Waits until ``text`` appears on the current page.</doc>
<status status="PASS" start="2025-03-12T07:23:56.743145" elapsed="0.511485"/>
</kw>
<kw name="Wait Until Page Contains" owner="SeleniumLibrary">
<arg>Author</arg>
<doc>Waits until ``text`` appears on the current page.</doc>
<status status="PASS" start="2025-03-12T07:23:57.254630" elapsed="0.522079"/>
</kw>
<kw name="Wait Until Page Contains" owner="SeleniumLibrary">
<arg>Document Type</arg>
<doc>Waits until ``text`` appears on the current page.</doc>
<status status="PASS" start="2025-03-12T07:23:57.776709" elapsed="0.523121"/>
</kw>
<kw name="Wait Until Page Contains" owner="SeleniumLibrary">
<arg>Page</arg>
<doc>Waits until ``text`` appears on the current page.</doc>
<status status="PASS" start="2025-03-12T07:23:58.299830" elapsed="0.514015"/>
</kw>
<kw name="Wait Until Page Contains" owner="SeleniumLibrary">
<arg>Journals/Transactions</arg>
<doc>Waits until ``text`` appears on the current page.</doc>
<status status="PASS" start="2025-03-12T07:23:58.813845" elapsed="0.514447"/>
</kw>
<kw name="Wait Until Page Contains" owner="SeleniumLibrary">
<arg>Citations</arg>
<doc>Waits until ``text`` appears on the current page.</doc>
<status status="PASS" start="2025-03-12T07:23:59.328292" elapsed="0.513421"/>
</kw>
<kw name="Wait Until Page Contains" owner="SeleniumLibrary">
<arg>Doi</arg>
<doc>Waits until ``text`` appears on the current page.</doc>
<status status="PASS" start="2025-03-12T07:23:59.841713" elapsed="0.511672"/>
</kw>
<status status="PASS" start="2025-03-12T07:23:55.709539" elapsed="4.643846"/>
</kw>
<kw name="Click Element" owner="SeleniumLibrary">
<msg time="2025-03-12T07:24:00.353385" level="INFO">Clicking element 'id=wos-tab'.</msg>
<arg>id=wos-tab</arg>
<doc>Click the element identified by ``locator``.</doc>
<status status="PASS" start="2025-03-12T07:24:00.353385" elapsed="1.079783"/>
</kw>
<kw name="Wait Until Page Contains" owner="SeleniumLibrary">
<arg>Web of Science</arg>
<doc>Waits until ``text`` appears on the current page.</doc>
<status status="PASS" start="2025-03-12T07:24:01.433168" elapsed="0.515409"/>
</kw>
<kw name="Verify Publication Table Headers English">
<kw name="Wait Until Page Contains" owner="SeleniumLibrary">
<arg>No.</arg>
<doc>Waits until ``text`` appears on the current page.</doc>
<status status="PASS" start="2025-03-12T07:24:01.948577" elapsed="0.514274"/>
</kw>
<kw name="Wait Until Page Contains" owner="SeleniumLibrary">
<arg>Year</arg>
<doc>Waits until ``text`` appears on the current page.</doc>
<status status="PASS" start="2025-03-12T07:24:02.462851" elapsed="0.514160"/>
</kw>
<kw name="Wait Until Page Contains" owner="SeleniumLibrary">
<arg>Paper</arg>
<doc>Waits until ``text`` appears on the current page.</doc>
<status status="PASS" start="2025-03-12T07:24:02.977011" elapsed="0.513684"/>
</kw>
<kw name="Wait Until Page Contains" owner="SeleniumLibrary">
<arg>Author</arg>
<doc>Waits until ``text`` appears on the current page.</doc>
<status status="PASS" start="2025-03-12T07:24:03.490695" elapsed="0.513790"/>
</kw>
<kw name="Wait Until Page Contains" owner="SeleniumLibrary">
<arg>Document Type</arg>
<doc>Waits until ``text`` appears on the current page.</doc>
<status status="PASS" start="2025-03-12T07:24:04.004997" elapsed="0.513421"/>
</kw>
<kw name="Wait Until Page Contains" owner="SeleniumLibrary">
<arg>Page</arg>
<doc>Waits until ``text`` appears on the current page.</doc>
<status status="PASS" start="2025-03-12T07:24:04.518418" elapsed="0.512468"/>
</kw>
<kw name="Wait Until Page Contains" owner="SeleniumLibrary">
<arg>Journals/Transactions</arg>
<doc>Waits until ``text`` appears on the current page.</doc>
<status status="PASS" start="2025-03-12T07:24:05.030886" elapsed="0.511340"/>
</kw>
<kw name="Wait Until Page Contains" owner="SeleniumLibrary">
<arg>Citations</arg>
<doc>Waits until ``text`` appears on the current page.</doc>
<status status="PASS" start="2025-03-12T07:24:05.542226" elapsed="0.517052"/>
</kw>
<kw name="Wait Until Page Contains" owner="SeleniumLibrary">
<arg>Doi</arg>
<doc>Waits until ``text`` appears on the current page.</doc>
<status status="PASS" start="2025-03-12T07:24:06.059278" elapsed="0.514015"/>
</kw>
<status status="PASS" start="2025-03-12T07:24:01.948577" elapsed="4.624716"/>
</kw>
<kw name="Click Element" owner="SeleniumLibrary">
<msg time="2025-03-12T07:24:06.573293" level="INFO">Clicking element 'id=tci-tab'.</msg>
<arg>id=tci-tab</arg>
<doc>Click the element identified by ``locator``.</doc>
<status status="PASS" start="2025-03-12T07:24:06.573293" elapsed="1.071501"/>
</kw>
<kw name="Wait Until Page Contains" owner="SeleniumLibrary">
<arg>TCI</arg>
<doc>Waits until ``text`` appears on the current page.</doc>
<status status="PASS" start="2025-03-12T07:24:07.644794" elapsed="0.519399"/>
</kw>
<kw name="Verify Publication Table Headers English">
<kw name="Wait Until Page Contains" owner="SeleniumLibrary">
<arg>No.</arg>
<doc>Waits until ``text`` appears on the current page.</doc>
<status status="PASS" start="2025-03-12T07:24:08.165215" elapsed="0.640117"/>
</kw>
<kw name="Wait Until Page Contains" owner="SeleniumLibrary">
<arg>Year</arg>
<doc>Waits until ``text`` appears on the current page.</doc>
<status status="PASS" start="2025-03-12T07:24:08.805332" elapsed="0.514632"/>
</kw>
<kw name="Wait Until Page Contains" owner="SeleniumLibrary">
<arg>Paper</arg>
<doc>Waits until ``text`` appears on the current page.</doc>
<status status="PASS" start="2025-03-12T07:24:09.319964" elapsed="0.512287"/>
</kw>
<kw name="Wait Until Page Contains" owner="SeleniumLibrary">
<arg>Author</arg>
<doc>Waits until ``text`` appears on the current page.</doc>
<status status="PASS" start="2025-03-12T07:24:09.832251" elapsed="0.512961"/>
</kw>
<kw name="Wait Until Page Contains" owner="SeleniumLibrary">
<arg>Document Type</arg>
<doc>Waits until ``text`` appears on the current page.</doc>
<status status="PASS" start="2025-03-12T07:24:10.345212" elapsed="0.513573"/>
</kw>
<kw name="Wait Until Page Contains" owner="SeleniumLibrary">
<arg>Page</arg>
<doc>Waits until ``text`` appears on the current page.</doc>
<status status="PASS" start="2025-03-12T07:24:10.858785" elapsed="0.513512"/>
</kw>
<kw name="Wait Until Page Contains" owner="SeleniumLibrary">
<arg>Journals/Transactions</arg>
<doc>Waits until ``text`` appears on the current page.</doc>
<status status="PASS" start="2025-03-12T07:24:11.372811" elapsed="0.514620"/>
</kw>
<kw name="Wait Until Page Contains" owner="SeleniumLibrary">
<arg>Citations</arg>
<doc>Waits until ``text`` appears on the current page.</doc>
<status status="PASS" start="2025-03-12T07:24:11.887959" elapsed="0.513188"/>
</kw>
<kw name="Wait Until Page Contains" owner="SeleniumLibrary">
<arg>Doi</arg>
<doc>Waits until ``text`` appears on the current page.</doc>
<status status="PASS" start="2025-03-12T07:24:12.401147" elapsed="0.514133"/>
</kw>
<status status="PASS" start="2025-03-12T07:24:08.164193" elapsed="4.751087"/>
</kw>
<kw name="Click Element" owner="SeleniumLibrary">
<msg time="2025-03-12T07:24:12.916513" level="INFO">Clicking element 'id=book-tab'.</msg>
<arg>id=book-tab</arg>
<doc>Click the element identified by ``locator``.</doc>
<status status="PASS" start="2025-03-12T07:24:12.915280" elapsed="1.079845"/>
</kw>
<kw name="Wait Until Page Contains" owner="SeleniumLibrary">
<arg>Book</arg>
<doc>Waits until ``text`` appears on the current page.</doc>
<status status="PASS" start="2025-03-12T07:24:13.995125" elapsed="0.513517"/>
</kw>
<kw name="Verify Book Table Headers English">
<kw name="Wait Until Page Contains" owner="SeleniumLibrary">
<arg>No.</arg>
<doc>Waits until ``text`` appears on the current page.</doc>
<status status="PASS" start="2025-03-12T07:24:14.508642" elapsed="0.514624"/>
</kw>
<kw name="Wait Until Page Contains" owner="SeleniumLibrary">
<arg>Year</arg>
<doc>Waits until ``text`` appears on the current page.</doc>
<status status="PASS" start="2025-03-12T07:24:15.023266" elapsed="0.512061"/>
</kw>
<kw name="Wait Until Page Contains" owner="SeleniumLibrary">
<arg>Name</arg>
<doc>Waits until ``text`` appears on the current page.</doc>
<status status="PASS" start="2025-03-12T07:24:15.535327" elapsed="0.518056"/>
</kw>
<kw name="Wait Until Page Contains" owner="SeleniumLibrary">
<arg>Author</arg>
<doc>Waits until ``text`` appears on the current page.</doc>
<status status="PASS" start="2025-03-12T07:24:16.053383" elapsed="0.512709"/>
</kw>
<kw name="Wait Until Page Contains" owner="SeleniumLibrary">
<arg>Place of publication</arg>
<doc>Waits until ``text`` appears on the current page.</doc>
<status status="PASS" start="2025-03-12T07:24:16.566204" elapsed="0.515713"/>
</kw>
<kw name="Wait Until Page Contains" owner="SeleniumLibrary">
<arg>Page</arg>
<doc>Waits until ``text`` appears on the current page.</doc>
<status status="PASS" start="2025-03-12T07:24:17.081917" elapsed="0.514460"/>
</kw>
<status status="PASS" start="2025-03-12T07:24:14.508642" elapsed="3.087735"/>
</kw>
<kw name="Click Element" owner="SeleniumLibrary">
<msg time="2025-03-12T07:24:17.596377" level="INFO">Clicking element 'id=patent-tab'.</msg>
<arg>id=patent-tab</arg>
<doc>Click the element identified by ``locator``.</doc>
<status status="PASS" start="2025-03-12T07:24:17.596377" elapsed="1.073610"/>
</kw>
<kw name="Wait Until Page Contains" owner="SeleniumLibrary">
<arg>Other academic work</arg>
<doc>Waits until ``text`` appears on the current page.</doc>
<status status="PASS" start="2025-03-12T07:24:18.669987" elapsed="0.518035"/>
</kw>
<kw name="Verify Patent Table Headers English">
<kw name="Wait Until Page Contains" owner="SeleniumLibrary">
<arg>No.</arg>
<doc>Waits until ``text`` appears on the current page.</doc>
<status status="PASS" start="2025-03-12T07:24:19.188022" elapsed="0.513119"/>
</kw>
<kw name="Wait Until Page Contains" owner="SeleniumLibrary">
<arg>Name</arg>
<doc>Waits until ``text`` appears on the current page.</doc>
<status status="PASS" start="2025-03-12T07:24:19.701141" elapsed="0.512927"/>
</kw>
<kw name="Wait Until Page Contains" owner="SeleniumLibrary">
<arg>Author</arg>
<doc>Waits until ``text`` appears on the current page.</doc>
<status status="PASS" start="2025-03-12T07:24:20.214068" elapsed="0.513415"/>
</kw>
<kw name="Wait Until Page Contains" owner="SeleniumLibrary">
<arg>Type</arg>
<doc>Waits until ``text`` appears on the current page.</doc>
<status status="PASS" start="2025-03-12T07:24:20.727483" elapsed="0.518939"/>
</kw>
<kw name="Wait Until Page Contains" owner="SeleniumLibrary">
<arg>Place of publication</arg>
<doc>Waits until ``text`` appears on the current page.</doc>
<status status="PASS" start="2025-03-12T07:24:21.246422" elapsed="0.515866"/>
</kw>
<kw name="Wait Until Page Contains" owner="SeleniumLibrary">
<arg>Register date</arg>
<doc>Waits until ``text`` appears on the current page.</doc>
<status status="PASS" start="2025-03-12T07:24:21.762288" elapsed="0.514983"/>
</kw>
<status status="PASS" start="2025-03-12T07:24:19.188022" elapsed="3.089249"/>
</kw>
<status status="PASS" start="2025-03-12T07:23:47.915119" elapsed="34.362152"/>
</kw>
<status status="PASS" start="2025-03-12T07:23:34.713566" elapsed="47.564218"/>
</test>
<test id="s1-t7" name="Verify English Research Project Page" line="70">
<kw name="Navigate To Research Project And Verify English">
<kw name="Click Element" owner="SeleniumLibrary">
<msg time="2025-03-12T07:24:22.280347" level="INFO">Clicking element 'xpath=//a[contains(@href, '/researchproject')]'.</msg>
<arg>${RESEARCH_PROJECT_URL}</arg>
<doc>Click the element identified by ``locator``.</doc>
<status status="PASS" start="2025-03-12T07:24:22.280347" elapsed="1.713429"/>
</kw>
<kw name="Wait Until Page Contains" owner="SeleniumLibrary">
<arg>Research Project</arg>
<doc>Waits until ``text`` appears on the current page.</doc>
<status status="PASS" start="2025-03-12T07:24:23.993776" elapsed="0.514806"/>
</kw>
<kw name="Wait Until Page Contains" owner="SeleniumLibrary">
<arg>Academic service projects/research projects</arg>
<doc>Waits until ``text`` appears on the current page.</doc>
<status status="PASS" start="2025-03-12T07:24:24.508582" elapsed="0.512835"/>
</kw>
<kw name="Wait Until Page Contains" owner="SeleniumLibrary">
<arg>Number</arg>
<doc>Waits until ``text`` appears on the current page.</doc>
<status status="PASS" start="2025-03-12T07:24:25.021417" elapsed="0.515582"/>
</kw>
<kw name="Wait Until Page Contains" owner="SeleniumLibrary">
<arg>Year</arg>
<doc>Waits until ``text`` appears on the current page.</doc>
<status status="PASS" start="2025-03-12T07:24:25.536999" elapsed="0.510284"/>
</kw>
<kw name="Wait Until Page Contains" owner="SeleniumLibrary">
<arg>Project Name</arg>
<doc>Waits until ``text`` appears on the current page.</doc>
<status status="PASS" start="2025-03-12T07:24:26.047283" elapsed="0.514153"/>
</kw>
<kw name="Wait Until Page Contains" owner="SeleniumLibrary">
<arg>Details</arg>
<doc>Waits until ``text`` appears on the current page.</doc>
<status status="PASS" start="2025-03-12T07:24:26.561436" elapsed="0.512763"/>
</kw>
<kw name="Wait Until Page Contains" owner="SeleniumLibrary">
<arg>Person(s) responsible for the project</arg>
<doc>Waits until ``text`` appears on the current page.</doc>
<status status="PASS" start="2025-03-12T07:24:27.074199" elapsed="0.514061"/>
</kw>
<kw name="Wait Until Page Contains" owner="SeleniumLibrary">
<arg>Status</arg>
<doc>Waits until ``text`` appears on the current page.</doc>
<status status="PASS" start="2025-03-12T07:24:27.588260" elapsed="0.520213"/>
</kw>
<kw name="Wait Until Page Contains" owner="SeleniumLibrary">
<arg>Project Duration</arg>
<doc>Waits until ``text`` appears on the current page.</doc>
<status status="PASS" start="2025-03-12T07:24:28.108473" elapsed="0.515498"/>
</kw>
<kw name="Wait Until Page Contains" owner="SeleniumLibrary">
<arg>Type of Research Funding</arg>
<doc>Waits until ``text`` appears on the current page.</doc>
<status status="PASS" start="2025-03-12T07:24:28.624476" elapsed="0.516105"/>
</kw>
<kw name="Wait Until Page Contains" owner="SeleniumLibrary">
<arg>Funding Agency</arg>
<doc>Waits until ``text`` appears on the current page.</doc>
<status status="PASS" start="2025-03-12T07:24:29.140581" elapsed="0.515968"/>
</kw>
<kw name="Wait Until Page Contains" owner="SeleniumLibrary">
<arg>Responsible Agency</arg>
<doc>Waits until ``text`` appears on the current page.</doc>
<status status="PASS" start="2025-03-12T07:24:29.656549" elapsed="0.516983"/>
</kw>
<kw name="Wait Until Page Contains" owner="SeleniumLibrary">
<arg>Allocated Budget</arg>
<doc>Waits until ``text`` appears on the current page.</doc>
<status status="PASS" start="2025-03-12T07:24:30.173532" elapsed="0.515490"/>
</kw>
<status status="PASS" start="2025-03-12T07:24:22.279324" elapsed="8.409698"/>
</kw>
<status status="PASS" start="2025-03-12T07:24:22.279324" elapsed="8.409698"/>
</test>
<test id="s1-t8" name="Verify English Research Group Page" line="75">
<kw name="Navigate To Research Group And Verify English">
<kw name="Click Element" owner="SeleniumLibrary">
<msg time="2025-03-12T07:24:30.691037" level="INFO">Clicking element 'xpath=//a[contains(@href, '/researchgroup')]'.</msg>
<arg>${RESEARCH_GROUP_URL}</arg>
<doc>Click the element identified by ``locator``.</doc>
<status status="PASS" start="2025-03-12T07:24:30.691037" elapsed="2.616021"/>
</kw>
<kw name="Wait Until Page Contains" owner="SeleniumLibrary">
<arg>Research Group</arg>
<doc>Waits until ``text`` appears on the current page.</doc>
<status status="PASS" start="2025-03-12T07:24:33.307058" elapsed="0.513368"/>
</kw>
<kw name="Wait Until Page Contains" owner="SeleniumLibrary">
<arg>Research Group</arg>
<doc>Waits until ``text`` appears on the current page.</doc>
<status status="PASS" start="2025-03-12T07:24:33.820426" elapsed="0.508795"/>
</kw>
<kw name="Wait Until Page Contains" owner="SeleniumLibrary">
<arg>Laboratory Supervisor</arg>
<doc>Waits until ``text`` appears on the current page.</doc>
<status status="PASS" start="2025-03-12T07:24:34.329221" elapsed="0.515191"/>
</kw>
<kw name="Click Element" owner="SeleniumLibrary">
<msg time="2025-03-12T07:24:34.844412" level="INFO">Clicking element 'xpath=//a[contains(@href, '/researchgroupdetail/3')]'.</msg>
<arg>${RESEARCH_GROUP_DEMO}</arg>
<doc>Click the element identified by ``locator``.</doc>
<status status="PASS" start="2025-03-12T07:24:34.844412" elapsed="1.731427"/>
</kw>
<kw name="Wait Until Page Contains" owner="SeleniumLibrary">
<arg>Laboratory Supervisor</arg>
<doc>Waits until ``text`` appears on the current page.</doc>
<status status="PASS" start="2025-03-12T07:24:36.575839" elapsed="0.510121"/>
</kw>
<kw name="Wait Until Page Contains" owner="SeleniumLibrary">
<arg>Student</arg>
<doc>Waits until ``text`` appears on the current page.</doc>
<status status="PASS" start="2025-03-12T07:24:37.086474" elapsed="0.519116"/>
</kw>
<status status="PASS" start="2025-03-12T07:24:30.691037" elapsed="6.914553"/>
</kw>
<status status="PASS" start="2025-03-12T07:24:30.690039" elapsed="6.915551"/>
</test>
<test id="s1-t9" name="Verify English Reports Page" line="80">
<kw name="Navigate To Reports And Verify English">
<kw name="Click Element" owner="SeleniumLibrary">
<msg time="2025-03-12T07:24:37.608521" level="INFO">Clicking element 'xpath=//a[contains(@href, '/reports')]'.</msg>
<arg>${REPORT_URL}</arg>
<doc>Click the element identified by ``locator``.</doc>
<status status="PASS" start="2025-03-12T07:24:37.607523" elapsed="1.571414"/>
</kw>
<kw name="Wait Until Page Contains" owner="SeleniumLibrary">
<arg>Reports</arg>
<doc>Waits until ``text`` appears on the current page.</doc>
<status status="PASS" start="2025-03-12T07:24:39.179056" elapsed="0.514371"/>
</kw>
<kw name="Wait Until Page Contains" owner="SeleniumLibrary">
<arg>Total number of articles statistics for 5 years</arg>
<doc>Waits until ``text`` appears on the current page.</doc>
<status status="PASS" start="2025-03-12T07:24:39.693427" elapsed="0.513616"/>
</kw>
<kw name="Wait Until Page Contains" owner="SeleniumLibrary">
<arg>Statistics on the number of articles cited</arg>
<doc>Waits until ``text`` appears on the current page.</doc>
<status status="PASS" start="2025-03-12T07:24:40.207043" elapsed="0.517210"/>
</kw>
<kw name="Wait Until Page Contains" owner="SeleniumLibrary">
<arg>source</arg>
<doc>Waits until ``text`` appears on the current page.</doc>
<status status="PASS" start="2025-03-12T07:24:40.724253" elapsed="0.510939"/>
</kw>
<status status="PASS" start="2025-03-12T07:24:37.607523" elapsed="3.627669"/>
</kw>
<status status="PASS" start="2025-03-12T07:24:37.606511" elapsed="3.629189"/>
</test>
<test id="s1-t10" name="Verify Thai Home Page" line="86">
<kw name="Verify Home Page Thai">
<kw name="Click Element" owner="SeleniumLibrary">
<msg time="2025-03-12T07:24:41.238706" level="INFO">Clicking element 'xpath=//a[contains(@href, '/')]'.</msg>
<arg>${HOME_URL}</arg>
<doc>Click the element identified by ``locator``.</doc>
<status status="PASS" start="2025-03-12T07:24:41.237706" elapsed="1.863571"/>
</kw>
<kw name="Switch Language">
<kw name="Wait Until Element Is Visible" owner="SeleniumLibrary">
<arg>${LANG_DROPDOWN}</arg>
<doc>Waits until the element ``locator`` is visible.</doc>
<status status="PASS" start="2025-03-12T07:24:43.102189" elapsed="1.023595"/>
</kw>
<kw name="Click Element" owner="SeleniumLibrary">
<msg time="2025-03-12T07:24:44.125784" level="INFO">Clicking element 'id=navbarDropdownMenuLink'.</msg>
<arg>${LANG_DROPDOWN}</arg>
<doc>Click the element identified by ``locator``.</doc>
<status status="PASS" start="2025-03-12T07:24:44.125784" elapsed="1.073795"/>
</kw>
<kw name="Run Keyword If" owner="BuiltIn">
<kw name="Click Element" owner="SeleniumLibrary">
<msg time="2025-03-12T07:24:45.200594" level="INFO">Clicking element 'xpath=//a[contains(@href, '/lang/th')]'.</msg>
<arg>${THAI_LANG}</arg>
<doc>Click the element identified by ``locator``.</doc>
<status status="PASS" start="2025-03-12T07:24:45.199579" elapsed="2.067334"/>
</kw>
<arg>'${lang}' == 'th'</arg>
<arg>Click Element</arg>
<arg>${THAI_LANG}</arg>
<arg>ELSE IF</arg>
<arg>'${lang}' == 'en'</arg>
<arg>Click Element</arg>
<arg>${ENG_LANG}</arg>
<arg>ELSE IF</arg>
<arg>'${lang}' == 'cn'</arg>
<arg>Click Element</arg>
<arg>${CN_LANG}</arg>
<doc>Runs the given keyword with the given arguments, if ``condition`` is true.</doc>
<status status="PASS" start="2025-03-12T07:24:45.199579" elapsed="2.067334"/>
</kw>
<kw name="Set Variable If" owner="BuiltIn">
<msg time="2025-03-12T07:24:47.266913" level="INFO">${flag} = th</msg>
<var>${flag}</var>
<arg>'${lang}' == 'th'</arg>
<arg>th</arg>
<arg>${lang}</arg>
<doc>Sets variable based on the given condition.</doc>
<status status="PASS" start="2025-03-12T07:24:47.266913" elapsed="0.000000"/>
</kw>
<kw name="Wait Until Element Is Visible" owner="SeleniumLibrary">
<arg>css:#navbarDropdownMenuLink span.flag-icon-${flag}</arg>
<doc>Waits until the element ``locator`` is visible.</doc>
<status status="PASS" start="2025-03-12T07:24:47.267920" elapsed="1.022571"/>
</kw>
<kw name="Log To Console" owner="BuiltIn">
<arg>Switched to language: ${lang}</arg>
<doc>Logs the given message to the console.</doc>
<status status="PASS" start="2025-03-12T07:24:48.290491" elapsed="0.000000"/>
</kw>
<arg>th</arg>
<status status="PASS" start="2025-03-12T07:24:43.101277" elapsed="5.190227"/>
</kw>
<kw name="Wait Until Page Contains" owner="SeleniumLibrary">
<arg>หน้าแรก</arg>
<doc>Waits until ``text`` appears on the current page.</doc>
<status status="PASS" start="2025-03-12T07:24:48.291504" elapsed="0.534648"/>
</kw>
<kw name="Wait Until Element Is Visible" owner="SeleniumLibrary">
<arg>css=#all .count-text</arg>
<doc>Waits until the element ``locator`` is visible.</doc>
<status status="PASS" start="2025-03-12T07:24:48.826152" elapsed="1.020133"/>
</kw>
<kw name="Get Text" owner="SeleniumLibrary">
<msg time="2025-03-12T07:24:50.870777" level="INFO">${text} = ที่มา</msg>
<var>${text}</var>
<arg>css=#all .count-text</arg>
<doc>Returns the text value of the element identified by ``locator``.</doc>
<status status="PASS" start="2025-03-12T07:24:49.846285" elapsed="1.024492"/>
</kw>
<kw name="Should Be Equal As Strings" owner="BuiltIn">
<arg>${text}</arg>
<arg>ที่มา</arg>
<doc>Fails if objects are unequal after converting them to strings.</doc>
<status status="PASS" start="2025-03-12T07:24:50.870777" elapsed="0.000000"/>
</kw>
<kw name="Wait Until Page Contains" owner="SeleniumLibrary">
<arg>ผลงานตีพิมพ์ (5 ปี ย้อนหลัง)</arg>
<doc>Waits until ``text`` appears on the current page.</doc>
<status status="PASS" start="2025-03-12T07:24:50.871800" elapsed="0.528767"/>
</kw>
<status status="PASS" start="2025-03-12T07:24:41.236710" elapsed="10.163857"/>
</kw>
<status status="PASS" start="2025-03-12T07:24:41.236710" elapsed="10.163857"/>
</test>
<test id="s1-t11" name="Verify Thai Researchers Navigation" line="91">
<kw name="Navigate To Researchers And Verify Thai">
<kw name="Wait Until Page Contains" owner="SeleniumLibrary">
<arg>ผู้วิจัย</arg>
<doc>Waits until ``text`` appears on the current page.</doc>
<status status="PASS" start="2025-03-12T07:24:51.402757" elapsed="0.528664"/>
</kw>
<kw name="Verify Major Options Display">
<kw name="Wait Until Element Is Visible" owner="SeleniumLibrary">
<arg>${MAJOR_DROPDOWN}</arg>
<doc>Waits until the element ``locator`` is visible.</doc>
<status status="PASS" start="2025-03-12T07:24:51.931421" elapsed="1.017932"/>
</kw>
<kw name="Click Element" owner="SeleniumLibrary">
<msg time="2025-03-12T07:24:52.949473" level="INFO">Clicking element 'id=navbarDropdown'.</msg>
<arg>${MAJOR_DROPDOWN}</arg>
<doc>Click the element identified by ``locator``.</doc>
<status status="PASS" start="2025-03-12T07:24:52.949473" elapsed="1.075604"/>
</kw>
<kw name="Wait Until Element Is Visible" owner="SeleniumLibrary">
<arg>${MAJOR_MENU}</arg>
<doc>Waits until the element ``locator`` is visible.</doc>
<status status="PASS" start="2025-03-12T07:24:54.025077" elapsed="1.021480"/>
</kw>
<kw name="Element Should Be Visible" owner="SeleniumLibrary">
<msg time="2025-03-12T07:24:56.070496" level="INFO">Element 'xpath=//a[contains(@href, '/researchers/1')]' is displayed.</msg>
<arg>${CS_MAJOR}</arg>
<doc>Verifies that the element identified by ``locator`` is visible.</doc>
<status status="PASS" start="2025-03-12T07:24:55.046557" elapsed="1.023939"/>
</kw>
<kw name="Element Should Be Visible" owner="SeleniumLibrary">
<msg time="2025-03-12T07:24:57.095120" level="INFO">Element 'xpath=//a[contains(@href, '/researchers/2')]' is displayed.</msg>
<arg>${IT_MAJOR}</arg>
<doc>Verifies that the element identified by ``locator`` is visible.</doc>
<status status="PASS" start="2025-03-12T07:24:56.070496" elapsed="1.024624"/>
</kw>
<kw name="Element Should Be Visible" owner="SeleniumLibrary">
<msg time="2025-03-12T07:24:58.119617" level="INFO">Element 'xpath=//a[contains(@href, '/researchers/3')]' is displayed.</msg>
<arg>${GIS_MAJOR}</arg>
<doc>Verifies that the element identified by ``locator`` is visible.</doc>
<status status="PASS" start="2025-03-12T07:24:57.095120" elapsed="1.024497"/>
</kw>
<status status="PASS" start="2025-03-12T07:24:51.931421" elapsed="6.188196"/>
</kw>
<kw name="Click Element" owner="SeleniumLibrary">
<msg time="2025-03-12T07:24:58.119617" level="INFO">Clicking element 'xpath=//a[contains(@href, '/researchers/1')]'.</msg>
<arg>${CS_MAJOR}</arg>
<doc>Click the element identified by ``locator``.</doc>
<status status="PASS" start="2025-03-12T07:24:58.119617" elapsed="1.691898"/>
</kw>
<kw name="Wait Until Page Contains" owner="SeleniumLibrary">
<arg>ผู้วิจัย</arg>
<doc>Waits until ``text`` appears on the current page.</doc>
<status status="PASS" start="2025-03-12T07:24:59.811515" elapsed="0.511243"/>
</kw>
<kw name="Wait Until Page Contains" owner="SeleniumLibrary">
<arg>สาขาวิชาวิทยาการคอมพิวเตอร์</arg>
<doc>Waits until ``text`` appears on the current page.</doc>
<status status="PASS" start="2025-03-12T07:25:00.322758" elapsed="0.513965"/>
</kw>
<kw name="Verify Major Options Display">
<kw name="Wait Until Element Is Visible" owner="SeleniumLibrary">
<arg>${MAJOR_DROPDOWN}</arg>
<doc>Waits until the element ``locator`` is visible.</doc>
<status status="PASS" start="2025-03-12T07:25:00.836723" elapsed="1.017827"/>
</kw>
<kw name="Click Element" owner="SeleniumLibrary">
<msg time="2025-03-12T07:25:01.855071" level="INFO">Clicking element 'id=navbarDropdown'.</msg>
<arg>${MAJOR_DROPDOWN}</arg>
<doc>Click the element identified by ``locator``.</doc>
<status status="PASS" start="2025-03-12T07:25:01.854550" elapsed="1.066166"/>
</kw>
<kw name="Wait Until Element Is Visible" owner="SeleniumLibrary">
<arg>${MAJOR_MENU}</arg>
<doc>Waits until the element ``locator`` is visible.</doc>
<status status="PASS" start="2025-03-12T07:25:02.920716" elapsed="1.022307"/>
</kw>
<kw name="Element Should Be Visible" owner="SeleniumLibrary">
<msg time="2025-03-12T07:25:04.959963" level="INFO">Element 'xpath=//a[contains(@href, '/researchers/1')]' is displayed.</msg>
<arg>${CS_MAJOR}</arg>
<doc>Verifies that the element identified by ``locator`` is visible.</doc>
<status status="PASS" start="2025-03-12T07:25:03.943023" elapsed="1.016940"/>
</kw>
<kw name="Element Should Be Visible" owner="SeleniumLibrary">
<msg time="2025-03-12T07:25:05.991586" level="INFO">Element 'xpath=//a[contains(@href, '/researchers/2')]' is displayed.</msg>
<arg>${IT_MAJOR}</arg>
<doc>Verifies that the element identified by ``locator`` is visible.</doc>
<status status="PASS" start="2025-03-12T07:25:04.959963" elapsed="1.031623"/>
</kw>
<kw name="Element Should Be Visible" owner="SeleniumLibrary">
<msg time="2025-03-12T07:25:07.010425" level="INFO">Element 'xpath=//a[contains(@href, '/researchers/3')]' is displayed.</msg>
<arg>${GIS_MAJOR}</arg>
<doc>Verifies that the element identified by ``locator`` is visible.</doc>
<status status="PASS" start="2025-03-12T07:25:05.991586" elapsed="1.018839"/>
</kw>
<status status="PASS" start="2025-03-12T07:25:00.836723" elapsed="6.174217"/>
</kw>
<kw name="Click Element" owner="SeleniumLibrary">
<msg time="2025-03-12T07:25:07.010940" level="INFO">Clicking element 'xpath=//a[contains(@href, '/researchers/2')]'.</msg>
<arg>${IT_MAJOR}</arg>
<doc>Click the element identified by ``locator``.</doc>
<status status="PASS" start="2025-03-12T07:25:07.010940" elapsed="1.518802"/>
</kw>
<kw name="Wait Until Page Contains" owner="SeleniumLibrary">
<arg>ผู้วิจัย</arg>
<doc>Waits until ``text`` appears on the current page.</doc>
<status status="PASS" start="2025-03-12T07:25:08.529742" elapsed="0.535820"/>
</kw>
<kw name="Wait Until Page Contains" owner="SeleniumLibrary">
<arg>สาขาวิชาเทคโนโลยีสารสนเทศ</arg>
<doc>Waits until ``text`` appears on the current page.</doc>
<status status="PASS" start="2025-03-12T07:25:09.066077" elapsed="0.527383"/>
</kw>
<kw name="Verify Major Options Display">
<kw name="Wait Until Element Is Visible" owner="SeleniumLibrary">
<arg>${MAJOR_DROPDOWN}</arg>
<doc>Waits until the element ``locator`` is visible.</doc>
<status status="PASS" start="2025-03-12T07:25:09.593967" elapsed="1.016824"/>
</kw>
<kw name="Click Element" owner="SeleniumLibrary">
<msg time="2025-03-12T07:25:10.610791" level="INFO">Clicking element 'id=navbarDropdown'.</msg>
<arg>${MAJOR_DROPDOWN}</arg>
<doc>Click the element identified by ``locator``.</doc>
<status status="PASS" start="2025-03-12T07:25:10.610791" elapsed="1.070018"/>
</kw>
<kw name="Wait Until Element Is Visible" owner="SeleniumLibrary">
<arg>${MAJOR_MENU}</arg>
<doc>Waits until the element ``locator`` is visible.</doc>
<status status="PASS" start="2025-03-12T07:25:11.680809" elapsed="1.017854"/>
</kw>
<kw name="Element Should Be Visible" owner="SeleniumLibrary">
<msg time="2025-03-12T07:25:13.717060" level="INFO">Element 'xpath=//a[contains(@href, '/researchers/1')]' is displayed.</msg>
<arg>${CS_MAJOR}</arg>
<doc>Verifies that the element identified by ``locator`` is visible.</doc>
<status status="PASS" start="2025-03-12T07:25:12.698663" elapsed="1.018397"/>
</kw>
<kw name="Element Should Be Visible" owner="SeleniumLibrary">
<msg time="2025-03-12T07:25:14.735608" level="INFO">Element 'xpath=//a[contains(@href, '/researchers/2')]' is displayed.</msg>
<arg>${IT_MAJOR}</arg>
<doc>Verifies that the element identified by ``locator`` is visible.</doc>
<status status="PASS" start="2025-03-12T07:25:13.717060" elapsed="1.018548"/>
</kw>
<kw name="Element Should Be Visible" owner="SeleniumLibrary">
<msg time="2025-03-12T07:25:15.753058" level="INFO">Element 'xpath=//a[contains(@href, '/researchers/3')]' is displayed.</msg>
<arg>${GIS_MAJOR}</arg>
<doc>Verifies that the element identified by ``locator`` is visible.</doc>
<status status="PASS" start="2025-03-12T07:25:14.735608" elapsed="1.017450"/>
</kw>
<status status="PASS" start="2025-03-12T07:25:09.593967" elapsed="6.159091"/>
</kw>
<kw name="Click Element" owner="SeleniumLibrary">
<msg time="2025-03-12T07:25:15.753058" level="INFO">Clicking element 'xpath=//a[contains(@href, '/researchers/3')]'.</msg>
<arg>${GIS_MAJOR}</arg>
<doc>Click the element identified by ``locator``.</doc>
<status status="PASS" start="2025-03-12T07:25:15.753058" elapsed="1.514109"/>
</kw>
<kw name="Wait Until Page Contains" owner="SeleniumLibrary">
<arg>ผู้วิจัย</arg>
<doc>Waits until ``text`` appears on the current page.</doc>
<status status="PASS" start="2025-03-12T07:25:17.267167" elapsed="0.512951"/>
</kw>
<kw name="Wait Until Page Contains" owner="SeleniumLibrary">
<arg>สาขาวิชาภูมิสารสนเทศศาสตร์</arg>
<doc>Waits until ``text`` appears on the current page.</doc>
<status status="PASS" start="2025-03-12T07:25:17.780118" elapsed="0.513793"/>
</kw>
<status status="PASS" start="2025-03-12T07:24:51.402757" elapsed="26.891154"/>
</kw>
<status status="PASS" start="2025-03-12T07:24:51.401579" elapsed="26.892843"/>
</test>
<test id="s1-t12" name="Verify Thai Researcher Profile" line="96">
<kw name="Navigate To Specific Researcher And Verify Thai">
<kw name="Verify Major Options Display">
<kw name="Wait Until Element Is Visible" owner="SeleniumLibrary">
<arg>${MAJOR_DROPDOWN}</arg>
<doc>Waits until the element ``locator`` is visible.</doc>
<status status="PASS" start="2025-03-12T07:25:18.296496" elapsed="1.017727"/>
</kw>
<kw name="Click Element" owner="SeleniumLibrary">
<msg time="2025-03-12T07:25:19.314732" level="INFO">Clicking element 'id=navbarDropdown'.</msg>
<arg>${MAJOR_DROPDOWN}</arg>
<doc>Click the element identified by ``locator``.</doc>
<status status="PASS" start="2025-03-12T07:25:19.314223" elapsed="1.060915"/>
</kw>
<kw name="Wait Until Element Is Visible" owner="SeleniumLibrary">
<arg>${MAJOR_MENU}</arg>
<doc>Waits until the element ``locator`` is visible.</doc>
<status status="PASS" start="2025-03-12T07:25:20.375138" elapsed="1.018351"/>
</kw>
<kw name="Element Should Be Visible" owner="SeleniumLibrary">
<msg time="2025-03-12T07:25:22.411407" level="INFO">Element 'xpath=//a[contains(@href, '/researchers/1')]' is displayed.</msg>
<arg>${CS_MAJOR}</arg>
<doc>Verifies that the element identified by ``locator`` is visible.</doc>
<status status="PASS" start="2025-03-12T07:25:21.393489" elapsed="1.017918"/>
</kw>
<kw name="Element Should Be Visible" owner="SeleniumLibrary">
<msg time="2025-03-12T07:25:23.428782" level="INFO">Element 'xpath=//a[contains(@href, '/researchers/2')]' is displayed.</msg>
<arg>${IT_MAJOR}</arg>
<doc>Verifies that the element identified by ``locator`` is visible.</doc>
<status status="PASS" start="2025-03-12T07:25:22.411407" elapsed="1.017375"/>
</kw>
<kw name="Element Should Be Visible" owner="SeleniumLibrary">
<msg time="2025-03-12T07:25:24.446700" level="INFO">Element 'xpath=//a[contains(@href, '/researchers/3')]' is displayed.</msg>
<arg>${GIS_MAJOR}</arg>
<doc>Verifies that the element identified by ``locator`` is visible.</doc>
<status status="PASS" start="2025-03-12T07:25:23.428782" elapsed="1.017918"/>
</kw>
<status status="PASS" start="2025-03-12T07:25:18.296496" elapsed="6.150204"/>
</kw>
<kw name="Click Element" owner="SeleniumLibrary">
<msg time="2025-03-12T07:25:24.446700" level="INFO">Clicking element 'xpath=//a[contains(@href, '/researchers/1')]'.</msg>
<arg>${CS_MAJOR}</arg>
<doc>Click the element identified by ``locator``.</doc>
<status status="PASS" start="2025-03-12T07:25:24.446700" elapsed="1.833526"/>
</kw>
<kw name="Click Element" owner="SeleniumLibrary">
<msg time="2025-03-12T07:25:26.280226" level="INFO">Clicking element 'xpath=//div[@class='row row-cols-1 row-cols-md-2 g-0']/a[2]'.</msg>
<arg>${CS_RESEARCHER_DEMO}</arg>
<doc>Click the element identified by ``locator``.</doc>
<status status="PASS" start="2025-03-12T07:25:26.280226" elapsed="2.010445"/>
</kw>
<kw name="Wait Until Page Contains" owner="SeleniumLibrary">
<arg>รศ.ดร. ปัญญาพล หอระตะ</arg>
<doc>Waits until ``text`` appears on the current page.</doc>
<status status="PASS" start="2025-03-12T07:25:28.290671" elapsed="0.518838"/>
</kw>
<kw name="Wait Until Page Contains" owner="SeleniumLibrary">
<arg>รองศาสตราจารย์</arg>
<doc>Waits until ``text`` appears on the current page.</doc>
<status status="PASS" start="2025-03-12T07:25:28.809509" elapsed="0.515744"/>
</kw>
<kw name="Wait Until Page Contains" owner="SeleniumLibrary">
<arg>อีเมล์</arg>
<doc>Waits until ``text`` appears on the current page.</doc>
<status status="PASS" start="2025-03-12T07:25:29.325253" elapsed="0.514905"/>
</kw>
<kw name="Wait Until Page Contains" owner="SeleniumLibrary">
<arg>การศึกษา</arg>
<doc>Waits until ``text`` appears on the current page.</doc>
<status status="PASS" start="2025-03-12T07:25:29.840669" elapsed="0.522806"/>
</kw>
<kw name="Wait Until Page Contains" owner="SeleniumLibrary">
<arg>ผลงานตีพิมพ์</arg>
<doc>Waits until ``text`` appears on the current page.</doc>
<status status="PASS" start="2025-03-12T07:25:30.363475" elapsed="0.516176"/>
</kw>
<status status="PASS" start="2025-03-12T07:25:18.295437" elapsed="12.584214"/>
</kw>
<status status="PASS" start="2025-03-12T07:25:18.295437" elapsed="12.584214"/>
</test>
<test id="s1-t13" name="Verify Thai Publication Tabs" line="101">
<kw name="Navigate To Specific Researcher And Verify Thai">
<kw name="Verify Major Options Display">
<kw name="Wait Until Element Is Visible" owner="SeleniumLibrary">
<arg>${MAJOR_DROPDOWN}</arg>
<doc>Waits until the element ``locator`` is visible.</doc>
<status status="PASS" start="2025-03-12T07:25:30.882170" elapsed="1.019847"/>
</kw>
<kw name="Click Element" owner="SeleniumLibrary">
<msg time="2025-03-12T07:25:31.902526" level="INFO">Clicking element 'id=navbarDropdown'.</msg>
<arg>${MAJOR_DROPDOWN}</arg>
<doc>Click the element identified by ``locator``.</doc>
<status status="PASS" start="2025-03-12T07:25:31.902017" elapsed="1.057253"/>
</kw>
<kw name="Wait Until Element Is Visible" owner="SeleniumLibrary">
<arg>${MAJOR_MENU}</arg>
<doc>Waits until the element ``locator`` is visible.</doc>
<status status="PASS" start="2025-03-12T07:25:32.959270" elapsed="1.017404"/>
</kw>
<kw name="Element Should Be Visible" owner="SeleniumLibrary">
<msg time="2025-03-12T07:25:34.994983" level="INFO">Element 'xpath=//a[contains(@href, '/researchers/1')]' is displayed.</msg>
<arg>${CS_MAJOR}</arg>
<doc>Verifies that the element identified by ``locator`` is visible.</doc>
<status status="PASS" start="2025-03-12T07:25:33.976674" elapsed="1.018309"/>
</kw>
<kw name="Element Should Be Visible" owner="SeleniumLibrary">
<msg time="2025-03-12T07:25:36.015583" level="INFO">Element 'xpath=//a[contains(@href, '/researchers/2')]' is displayed.</msg>
<arg>${IT_MAJOR}</arg>
<doc>Verifies that the element identified by ``locator`` is visible.</doc>
<status status="PASS" start="2025-03-12T07:25:34.994983" elapsed="1.020600"/>
</kw>
<kw name="Element Should Be Visible" owner="SeleniumLibrary">
<msg time="2025-03-12T07:25:37.034713" level="INFO">Element 'xpath=//a[contains(@href, '/researchers/3')]' is displayed.</msg>
<arg>${GIS_MAJOR}</arg>
<doc>Verifies that the element identified by ``locator`` is visible.</doc>
<status status="PASS" start="2025-03-12T07:25:36.015583" elapsed="1.019130"/>
</kw>
<status status="PASS" start="2025-03-12T07:25:30.882170" elapsed="6.152543"/>
</kw>
<kw name="Click Element" owner="SeleniumLibrary">
<msg time="2025-03-12T07:25:37.034713" level="INFO">Clicking element 'xpath=//a[contains(@href, '/researchers/1')]'.</msg>
<arg>${CS_MAJOR}</arg>
<doc>Click the element identified by ``locator``.</doc>
<status status="PASS" start="2025-03-12T07:25:37.034713" elapsed="1.580803"/>
</kw>
<kw name="Click Element" owner="SeleniumLibrary">
<msg time="2025-03-12T07:25:38.615516" level="INFO">Clicking element 'xpath=//div[@class='row row-cols-1 row-cols-md-2 g-0']/a[2]'.</msg>
<arg>${CS_RESEARCHER_DEMO}</arg>
<doc>Click the element identified by ``locator``.</doc>
<status status="PASS" start="2025-03-12T07:25:38.615516" elapsed="2.038033"/>
</kw>
<kw name="Wait Until Page Contains" owner="SeleniumLibrary">
<arg>รศ.ดร. ปัญญาพล หอระตะ</arg>
<doc>Waits until ``text`` appears on the current page.</doc>
<status status="PASS" start="2025-03-12T07:25:40.653549" elapsed="0.513552"/>
</kw>
<kw name="Wait Until Page Contains" owner="SeleniumLibrary">
<arg>รองศาสตราจารย์</arg>
<doc>Waits until ``text`` appears on the current page.</doc>
<status status="PASS" start="2025-03-12T07:25:41.167101" elapsed="0.513082"/>
</kw>
<kw name="Wait Until Page Contains" owner="SeleniumLibrary">
<arg>อีเมล์</arg>
<doc>Waits until ``text`` appears on the current page.</doc>
<status status="PASS" start="2025-03-12T07:25:41.680183" elapsed="0.511228"/>
</kw>
<kw name="Wait Until Page Contains" owner="SeleniumLibrary">
<arg>การศึกษา</arg>
<doc>Waits until ``text`` appears on the current page.</doc>
<status status="PASS" start="2025-03-12T07:25:42.191411" elapsed="0.511247"/>
</kw>
<kw name="Wait Until Page Contains" owner="SeleniumLibrary">
<arg>ผลงานตีพิมพ์</arg>
<doc>Waits until ``text`` appears on the current page.</doc>
<status status="PASS" start="2025-03-12T07:25:42.702658" elapsed="0.511981"/>
</kw>
<status status="PASS" start="2025-03-12T07:25:30.881179" elapsed="12.333460"/>
</kw>
<kw name="Verify Publication Tabs Thai">
<kw name="Wait Until Page Contains" owner="SeleniumLibrary">
<arg>โดยรวม</arg>
<doc>Waits until ``text`` appears on the current page.</doc>
<status status="PASS" start="2025-03-12T07:25:43.215649" elapsed="0.515075"/>
</kw>
<kw name="Wait Until Page Contains" owner="SeleniumLibrary">
<arg>ส่งออกเป็นไฟล์ Excel</arg>
<doc>Waits until ``text`` appears on the current page.</doc>
<status status="PASS" start="2025-03-12T07:25:43.730724" elapsed="0.543034"/>
</kw>
<kw name="Verify Summary Tab Thai">
<kw name="Wait Until Page Contains" owner="SeleniumLibrary">
<arg>ลำดับที่</arg>
<doc>Waits until ``text`` appears on the current page.</doc>
<status status="PASS" start="2025-03-12T07:25:44.273758" elapsed="0.519599"/>
</kw>
<kw name="Wait Until Page Contains" owner="SeleniumLibrary">
<arg>ปี</arg>
<doc>Waits until ``text`` appears on the current page.</doc>
<status status="PASS" start="2025-03-12T07:25:44.793357" elapsed="0.523808"/>
</kw>
<kw name="Wait Until Page Contains" owner="SeleniumLibrary">
<arg>ชื่อเอกสาร</arg>
<doc>Waits until ``text`` appears on the current page.</doc>
<status status="PASS" start="2025-03-12T07:25:45.317165" elapsed="0.518642"/>
</kw>
<kw name="Wait Until Page Contains" owner="SeleniumLibrary">
<arg>ผู้เขียน</arg>
<doc>Waits until ``text`` appears on the current page.</doc>
<status status="PASS" start="2025-03-12T07:25:45.835807" elapsed="0.516471"/>
</kw>
<kw name="Wait Until Page Contains" owner="SeleniumLibrary">
<arg>ประเภทเอกสาร</arg>
<doc>Waits until ``text`` appears on the current page.</doc>
<status status="PASS" start="2025-03-12T07:25:46.352278" elapsed="0.515884"/>
</kw>
<kw name="Wait Until Page Contains" owner="SeleniumLibrary">
<arg>หน้า</arg>
<doc>Waits until ``text`` appears on the current page.</doc>
<status status="PASS" start="2025-03-12T07:25:46.868162" elapsed="0.518518"/>
</kw>
<kw name="Wait Until Page Contains" owner="SeleniumLibrary">
<arg>วารสาร/ธุรกรรม</arg>
<doc>Waits until ``text`` appears on the current page.</doc>
<status status="PASS" start="2025-03-12T07:25:47.386680" elapsed="0.516939"/>
</kw>
<kw name="Wait Until Page Contains" owner="SeleniumLibrary">
<arg>การอ้างอิง</arg>
<doc>Waits until ``text`` appears on the current page.</doc>
<status status="PASS" start="2025-03-12T07:25:47.903619" elapsed="0.515552"/>
</kw>
<kw name="Wait Until Page Contains" owner="SeleniumLibrary">
<arg>doi</arg>
<doc>Waits until ``text`` appears on the current page.</doc>
<status status="PASS" start="2025-03-12T07:25:48.419171" elapsed="0.516301"/>
</kw>
<kw name="Wait Until Page Contains" owner="SeleniumLibrary">
<arg>ที่มา</arg>
<doc>Waits until ``text`` appears on the current page.</doc>
<status status="PASS" start="2025-03-12T07:25:48.935472" elapsed="0.516379"/>
</kw>
<status status="PASS" start="2025-03-12T07:25:44.273758" elapsed="5.178093"/>
</kw>
<kw name="Click Element" owner="SeleniumLibrary">
<msg time="2025-03-12T07:25:49.452368" level="INFO">Clicking element 'id=scopus-tab'.</msg>
<arg>id=scopus-tab</arg>
<doc>Click the element identified by ``locator``.</doc>
<status status="PASS" start="2025-03-12T07:25:49.452368" elapsed="1.073272"/>
</kw>
<kw name="Wait Until Page Contains" owner="SeleniumLibrary">
<arg>SCOPUS</arg>
<doc>Waits until ``text`` appears on the current page.</doc>
<status status="PASS" start="2025-03-12T07:25:50.525640" elapsed="0.515516"/>
</kw>
<kw name="Verify Publication Table Headers Thai">
<kw name="Wait Until Page Contains" owner="SeleniumLibrary">
<arg>ลำดับที่</arg>
<doc>Waits until ``text`` appears on the current page.</doc>
<status status="PASS" start="2025-03-12T07:25:51.041156" elapsed="0.516282"/>
</kw>
<kw name="Wait Until Page Contains" owner="SeleniumLibrary">
<arg>ปี</arg>
<doc>Waits until ``text`` appears on the current page.</doc>
<status status="PASS" start="2025-03-12T07:25:51.557438" elapsed="0.517926"/>
</kw>
<kw name="Wait Until Page Contains" owner="SeleniumLibrary">
<arg>ชื่อเอกสาร</arg>
<doc>Waits until ``text`` appears on the current page.</doc>
<status status="PASS" start="2025-03-12T07:25:52.075364" elapsed="0.512762"/>
</kw>
<kw name="Wait Until Page Contains" owner="SeleniumLibrary">
<arg>ผู้เขียน</arg>
<doc>Waits until ``text`` appears on the current page.</doc>
<status status="PASS" start="2025-03-12T07:25:52.588126" elapsed="0.520014"/>
</kw>
<kw name="Wait Until Page Contains" owner="SeleniumLibrary">
<arg>ประเภทเอกสาร</arg>
<doc>Waits until ``text`` appears on the current page.</doc>
<status status="PASS" start="2025-03-12T07:25:53.108140" elapsed="0.512220"/>
</kw>
<kw name="Wait Until Page Contains" owner="SeleniumLibrary">
<arg>หน้า</arg>
<doc>Waits until ``text`` appears on the current page.</doc>
<status status="PASS" start="2025-03-12T07:25:53.620360" elapsed="0.513659"/>
</kw>
<kw name="Wait Until Page Contains" owner="SeleniumLibrary">
<arg>วารสาร/ธุรกรรม</arg>
<doc>Waits until ``text`` appears on the current page.</doc>
<status status="PASS" start="2025-03-12T07:25:54.134019" elapsed="0.512636"/>
</kw>
<kw name="Wait Until Page Contains" owner="SeleniumLibrary">
<arg>การอ้างอิง</arg>
<doc>Waits until ``text`` appears on the current page.</doc>
<status status="PASS" start="2025-03-12T07:25:54.647175" elapsed="0.513708"/>
</kw>
<kw name="Wait Until Page Contains" owner="SeleniumLibrary">
<arg>doi</arg>
<doc>Waits until ``text`` appears on the current page.</doc>
<status status="PASS" start="2025-03-12T07:25:55.160883" elapsed="0.513479"/>
</kw>
<status status="PASS" start="2025-03-12T07:25:51.041156" elapsed="4.633206"/>
</kw>
<kw name="Click Element" owner="SeleniumLibrary">
<msg time="2025-03-12T07:25:55.674883" level="INFO">Clicking element 'id=wos-tab'.</msg>
<arg>id=wos-tab</arg>
<doc>Click the element identified by ``locator``.</doc>
<status status="PASS" start="2025-03-12T07:25:55.674883" elapsed="1.070760"/>
</kw>
<kw name="Wait Until Page Contains" owner="SeleniumLibrary">
<arg>Web of Science</arg>
<doc>Waits until ``text`` appears on the current page.</doc>
<status status="PASS" start="2025-03-12T07:25:56.745643" elapsed="0.515146"/>
</kw>
<kw name="Verify Publication Table Headers Thai">
<kw name="Wait Until Page Contains" owner="SeleniumLibrary">
<arg>ลำดับที่</arg>
<doc>Waits until ``text`` appears on the current page.</doc>
<status status="PASS" start="2025-03-12T07:25:57.261311" elapsed="0.514778"/>
</kw>
<kw name="Wait Until Page Contains" owner="SeleniumLibrary">
<arg>ปี</arg>
<doc>Waits until ``text`` appears on the current page.</doc>
<status status="PASS" start="2025-03-12T07:25:57.776089" elapsed="0.513752"/>
</kw>
<kw name="Wait Until Page Contains" owner="SeleniumLibrary">
<arg>ชื่อเอกสาร</arg>
<doc>Waits until ``text`` appears on the current page.</doc>
<status status="PASS" start="2025-03-12T07:25:58.289841" elapsed="0.514253"/>
</kw>
<kw name="Wait Until Page Contains" owner="SeleniumLibrary">
<arg>ผู้เขียน</arg>
<doc>Waits until ``text`` appears on the current page.</doc>
<status status="PASS" start="2025-03-12T07:25:58.804094" elapsed="0.514588"/>
</kw>
<kw name="Wait Until Page Contains" owner="SeleniumLibrary">
<arg>ประเภทเอกสาร</arg>
<doc>Waits until ``text`` appears on the current page.</doc>
<status status="PASS" start="2025-03-12T07:25:59.318682" elapsed="0.512708"/>
</kw>
<kw name="Wait Until Page Contains" owner="SeleniumLibrary">
<arg>หน้า</arg>
<doc>Waits until ``text`` appears on the current page.</doc>
<status status="PASS" start="2025-03-12T07:25:59.831390" elapsed="0.512923"/>
</kw>
<kw name="Wait Until Page Contains" owner="SeleniumLibrary">
<arg>วารสาร/ธุรกรรม</arg>
<doc>Waits until ``text`` appears on the current page.</doc>
<status status="PASS" start="2025-03-12T07:26:00.344313" elapsed="0.513334"/>
</kw>
<kw name="Wait Until Page Contains" owner="SeleniumLibrary">
<arg>การอ้างอิง</arg>
<doc>Waits until ``text`` appears on the current page.</doc>
<status status="PASS" start="2025-03-12T07:26:00.857647" elapsed="0.513605"/>
</kw>
<kw name="Wait Until Page Contains" owner="SeleniumLibrary">
<arg>doi</arg>
<doc>Waits until ``text`` appears on the current page.</doc>
<status status="PASS" start="2025-03-12T07:26:01.371252" elapsed="0.513236"/>
</kw>
<status status="PASS" start="2025-03-12T07:25:57.260789" elapsed="4.623699"/>
</kw>
<kw name="Click Element" owner="SeleniumLibrary">
<msg time="2025-03-12T07:26:01.884488" level="INFO">Clicking element 'id=tci-tab'.</msg>
<arg>id=tci-tab</arg>
<doc>Click the element identified by ``locator``.</doc>
<status status="PASS" start="2025-03-12T07:26:01.884488" elapsed="1.073396"/>
</kw>
<kw name="Wait Until Page Contains" owner="SeleniumLibrary">
<arg>TCI</arg>
<doc>Waits until ``text`` appears on the current page.</doc>
<status status="PASS" start="2025-03-12T07:26:02.957884" elapsed="0.517226"/>
</kw>
<kw name="Verify Publication Table Headers Thai">
<kw name="Wait Until Page Contains" owner="SeleniumLibrary">
<arg>ลำดับที่</arg>
<doc>Waits until ``text`` appears on the current page.</doc>
<status status="PASS" start="2025-03-12T07:26:03.475110" elapsed="0.514872"/>
</kw>
<kw name="Wait Until Page Contains" owner="SeleniumLibrary">
<arg>ปี</arg>
<doc>Waits until ``text`` appears on the current page.</doc>
<status status="PASS" start="2025-03-12T07:26:03.989982" elapsed="0.515503"/>
</kw>
<kw name="Wait Until Page Contains" owner="SeleniumLibrary">
<arg>ชื่อเอกสาร</arg>
<doc>Waits until ``text`` appears on the current page.</doc>
<status status="PASS" start="2025-03-12T07:26:04.505995" elapsed="0.514151"/>
</kw>
<kw name="Wait Until Page Contains" owner="SeleniumLibrary">
<arg>ผู้เขียน</arg>
<doc>Waits until ``text`` appears on the current page.</doc>
<status status="PASS" start="2025-03-12T07:26:05.020146" elapsed="0.514052"/>
</kw>
<kw name="Wait Until Page Contains" owner="SeleniumLibrary">
<arg>ประเภทเอกสาร</arg>
<doc>Waits until ``text`` appears on the current page.</doc>
<status status="PASS" start="2025-03-12T07:26:05.534198" elapsed="0.513785"/>
</kw>
<kw name="Wait Until Page Contains" owner="SeleniumLibrary">
<arg>หน้า</arg>
<doc>Waits until ``text`` appears on the current page.</doc>
<status status="PASS" start="2025-03-12T07:26:06.047983" elapsed="0.512940"/>
</kw>
<kw name="Wait Until Page Contains" owner="SeleniumLibrary">
<arg>วารสาร/ธุรกรรม</arg>
<doc>Waits until ``text`` appears on the current page.</doc>
<status status="PASS" start="2025-03-12T07:26:06.561062" elapsed="0.532085"/>
</kw>
<kw name="Wait Until Page Contains" owner="SeleniumLibrary">
<arg>การอ้างอิง</arg>
<doc>Waits until ``text`` appears on the current page.</doc>
<status status="PASS" start="2025-03-12T07:26:07.093147" elapsed="0.515898"/>
</kw>
<kw name="Wait Until Page Contains" owner="SeleniumLibrary">
<arg>doi</arg>
<doc>Waits until ``text`` appears on the current page.</doc>
<status status="PASS" start="2025-03-12T07:26:07.609045" elapsed="0.514069"/>
</kw>
<status status="PASS" start="2025-03-12T07:26:03.475110" elapsed="4.648004"/>
</kw>
<kw name="Click Element" owner="SeleniumLibrary">
<msg time="2025-03-12T07:26:08.123622" level="INFO">Clicking element 'id=book-tab'.</msg>
<arg>id=book-tab</arg>
<doc>Click the element identified by ``locator``.</doc>
<status status="PASS" start="2025-03-12T07:26:08.123622" elapsed="1.064432"/>
</kw>
<kw name="Wait Until Page Contains" owner="SeleniumLibrary">
<arg>หนังสือ</arg>
<doc>Waits until ``text`` appears on the current page.</doc>
<status status="PASS" start="2025-03-12T07:26:09.188054" elapsed="0.515676"/>
</kw>
<kw name="Verify Book Table Headers Thai">
<kw name="Wait Until Page Contains" owner="SeleniumLibrary">
<arg>ลำดับที่</arg>
<doc>Waits until ``text`` appears on the current page.</doc>
<status status="PASS" start="2025-03-12T07:26:09.703730" elapsed="0.514323"/>
</kw>
<kw name="Wait Until Page Contains" owner="SeleniumLibrary">
<arg>ปี</arg>
<doc>Waits until ``text`` appears on the current page.</doc>
<status status="PASS" start="2025-03-12T07:26:10.218053" elapsed="0.516071"/>
</kw>
<kw name="Wait Until Page Contains" owner="SeleniumLibrary">
<arg>ชื่อ</arg>
<doc>Waits until ``text`` appears on the current page.</doc>
<status status="PASS" start="2025-03-12T07:26:10.734124" elapsed="0.518928"/>
</kw>
<kw name="Wait Until Page Contains" owner="SeleniumLibrary">
<arg>ผู้เขียน</arg>
<doc>Waits until ``text`` appears on the current page.</doc>
<status status="PASS" start="2025-03-12T07:26:11.253052" elapsed="0.515335"/>
</kw>
<kw name="Wait Until Page Contains" owner="SeleniumLibrary">
<arg>สถานที่ตีพิมพ์</arg>
<doc>Waits until ``text`` appears on the current page.</doc>
<status status="PASS" start="2025-03-12T07:26:11.768387" elapsed="0.516417"/>
</kw>
<kw name="Wait Until Page Contains" owner="SeleniumLibrary">
<arg>หน้า</arg>
<doc>Waits until ``text`` appears on the current page.</doc>
<status status="PASS" start="2025-03-12T07:26:12.284804" elapsed="0.513706"/>
</kw>
<status status="PASS" start="2025-03-12T07:26:09.703730" elapsed="3.094780"/>
</kw>
<kw name="Click Element" owner="SeleniumLibrary">
<msg time="2025-03-12T07:26:12.799042" level="INFO">Clicking element 'id=patent-tab'.</msg>
<arg>id=patent-tab</arg>
<doc>Click the element identified by ``locator``.</doc>
<status status="PASS" start="2025-03-12T07:26:12.799042" elapsed="1.068510"/>
</kw>
[...]
<status status="PASS" start="2025-03-12T07:27:45.331688" elapsed="0.517112"/>
</kw>
<status status="PASS" start="2025-03-12T07:27:40.555401" elapsed="5.293399"/>
</kw>
<kw name="Click Element" owner="SeleniumLibrary">
<msg time="2025-03-12T07:27:45.848800" level="INFO">Clicking element 'id=scopus-tab'.</msg>
<arg>id=scopus-tab</arg>
<doc>Click the element identified by ``locator``.</doc>
<status status="PASS" start="2025-03-12T07:27:45.848800" elapsed="1.071897"/>
</kw>
<kw name="Wait Until Page Contains" owner="SeleniumLibrary">
<arg>SCOPUS</arg>
<doc>Waits until ``text`` appears on the current page.</doc>
<status status="PASS" start="2025-03-12T07:27:46.920697" elapsed="0.516469"/>
</kw>
<kw name="Verify Publication Table Headers Chinese">
<kw name="Wait Until Page Contains" owner="SeleniumLibrary">
<arg>编号</arg>
<doc>Waits until ``text`` appears on the current page.</doc>
<status status="PASS" start="2025-03-12T07:27:47.437674" elapsed="0.515068"/>
</kw>
<kw name="Wait Until Page Contains" owner="SeleniumLibrary">
<arg>年份</arg>
<doc>Waits until ``text`` appears on the current page.</doc>
<status status="PASS" start="2025-03-12T07:27:47.952742" elapsed="0.514220"/>
</kw>
<kw name="Wait Until Page Contains" owner="SeleniumLibrary">
<arg>论文名称</arg>
<doc>Waits until ``text`` appears on the current page.</doc>
<status status="PASS" start="2025-03-12T07:27:48.466962" elapsed="0.512509"/>
</kw>
<kw name="Wait Until Page Contains" owner="SeleniumLibrary">
<arg>作者</arg>
<doc>Waits until ``text`` appears on the current page.</doc>
<status status="PASS" start="2025-03-12T07:27:48.979471" elapsed="0.513912"/>
</kw>
<kw name="Wait Until Page Contains" owner="SeleniumLibrary">
<arg>文档类型</arg>
<doc>Waits until ``text`` appears on the current page.</doc>
<status status="PASS" start="2025-03-12T07:27:49.493383" elapsed="0.513082"/>
</kw>
<kw name="Wait Until Page Contains" owner="SeleniumLibrary">
<arg>页数</arg>
<doc>Waits until ``text`` appears on the current page.</doc>
<status status="PASS" start="2025-03-12T07:27:50.006465" elapsed="0.514400"/>
</kw>
<kw name="Wait Until Page Contains" owner="SeleniumLibrary">
<arg>期刊/交易</arg>
<doc>Waits until ``text`` appears on the current page.</doc>
<status status="PASS" start="2025-03-12T07:27:50.520865" elapsed="0.513759"/>
</kw>
<kw name="Wait Until Page Contains" owner="SeleniumLibrary">
<arg>引用</arg>
<doc>Waits until ``text`` appears on the current page.</doc>
<status status="PASS" start="2025-03-12T07:27:51.034624" elapsed="0.511956"/>
</kw>
<kw name="Wait Until Page Contains" owner="SeleniumLibrary">
<arg>DOI</arg>
<doc>Waits until ``text`` appears on the current page.</doc>
<status status="PASS" start="2025-03-12T07:27:51.546580" elapsed="0.512203"/>
</kw>
<status status="PASS" start="2025-03-12T07:27:47.437166" elapsed="4.621617"/>
</kw>
<kw name="Click Element" owner="SeleniumLibrary">
<msg time="2025-03-12T07:27:52.059322" level="INFO">Clicking element 'id=wos-tab'.</msg>
<arg>id=wos-tab</arg>
<doc>Click the element identified by ``locator``.</doc>
<status status="PASS" start="2025-03-12T07:27:52.058783" elapsed="1.076734"/>
</kw>
<kw name="Wait Until Page Contains" owner="SeleniumLibrary">
<arg>Web of Science</arg>
<doc>Waits until ``text`` appears on the current page.</doc>
<status status="PASS" start="2025-03-12T07:27:53.135517" elapsed="0.519751"/>
</kw>
<kw name="Verify Publication Table Headers Chinese">
<kw name="Wait Until Page Contains" owner="SeleniumLibrary">
<arg>编号</arg>
<doc>Waits until ``text`` appears on the current page.</doc>
<status status="PASS" start="2025-03-12T07:27:53.657291" elapsed="0.530582"/>
</kw>
<kw name="Wait Until Page Contains" owner="SeleniumLibrary">
<arg>年份</arg>
<doc>Waits until ``text`` appears on the current page.</doc>
<status status="PASS" start="2025-03-12T07:27:54.187873" elapsed="0.530933"/>
</kw>
<kw name="Wait Until Page Contains" owner="SeleniumLibrary">
<arg>论文名称</arg>
<doc>Waits until ``text`` appears on the current page.</doc>
<status status="PASS" start="2025-03-12T07:27:54.719801" elapsed="0.527110"/>
</kw>
<kw name="Wait Until Page Contains" owner="SeleniumLibrary">
<arg>作者</arg>
<doc>Waits until ``text`` appears on the current page.</doc>
<status status="PASS" start="2025-03-12T07:27:55.246911" elapsed="0.517518"/>
</kw>
<kw name="Wait Until Page Contains" owner="SeleniumLibrary">
<arg>文档类型</arg>
<doc>Waits until ``text`` appears on the current page.</doc>
<status status="PASS" start="2025-03-12T07:27:55.764429" elapsed="0.522478"/>
</kw>
<kw name="Wait Until Page Contains" owner="SeleniumLibrary">
<arg>页数</arg>
<doc>Waits until ``text`` appears on the current page.</doc>
<status status="PASS" start="2025-03-12T07:27:56.286907" elapsed="0.515915"/>
</kw>
<kw name="Wait Until Page Contains" owner="SeleniumLibrary">
<arg>期刊/交易</arg>
<doc>Waits until ``text`` appears on the current page.</doc>
<status status="PASS" start="2025-03-12T07:27:56.802822" elapsed="0.519016"/>
</kw>
<kw name="Wait Until Page Contains" owner="SeleniumLibrary">
<arg>引用</arg>
<doc>Waits until ``text`` appears on the current page.</doc>
<status status="PASS" start="2025-03-12T07:27:57.321838" elapsed="0.517869"/>
</kw>
<kw name="Wait Until Page Contains" owner="SeleniumLibrary">
<arg>DOI</arg>
<doc>Waits until ``text`` appears on the current page.</doc>
<status status="PASS" start="2025-03-12T07:27:57.840227" elapsed="0.519777"/>
</kw>
<status status="PASS" start="2025-03-12T07:27:53.656272" elapsed="4.703732"/>
</kw>
<kw name="Click Element" owner="SeleniumLibrary">
<msg time="2025-03-12T07:27:58.360004" level="INFO">Clicking element 'id=tci-tab'.</msg>
<arg>id=tci-tab</arg>
<doc>Click the element identified by ``locator``.</doc>
<status status="PASS" start="2025-03-12T07:27:58.360004" elapsed="1.158744"/>
</kw>
<kw name="Wait Until Page Contains" owner="SeleniumLibrary">
<arg>TCI</arg>
<doc>Waits until ``text`` appears on the current page.</doc>
<status status="PASS" start="2025-03-12T07:27:59.518748" elapsed="0.591817"/>
</kw>
<kw name="Verify Publication Table Headers Chinese">
<kw name="Wait Until Page Contains" owner="SeleniumLibrary">
<arg>编号</arg>
<doc>Waits until ``text`` appears on the current page.</doc>
<status status="PASS" start="2025-03-12T07:28:00.111610" elapsed="0.523075"/>
</kw>
<kw name="Wait Until Page Contains" owner="SeleniumLibrary">
<arg>年份</arg>
<doc>Waits until ``text`` appears on the current page.</doc>
<status status="PASS" start="2025-03-12T07:28:00.634685" elapsed="0.518046"/>
</kw>
<kw name="Wait Until Page Contains" owner="SeleniumLibrary">
<arg>论文名称</arg>
<doc>Waits until ``text`` appears on the current page.</doc>
<status status="PASS" start="2025-03-12T07:28:01.152731" elapsed="0.518021"/>
</kw>
<kw name="Wait Until Page Contains" owner="SeleniumLibrary">
<arg>作者</arg>
<doc>Waits until ``text`` appears on the current page.</doc>
<status status="PASS" start="2025-03-12T07:28:01.670752" elapsed="0.562304"/>
</kw>
<kw name="Wait Until Page Contains" owner="SeleniumLibrary">
<arg>文档类型</arg>
<doc>Waits until ``text`` appears on the current page.</doc>
<status status="PASS" start="2025-03-12T07:28:02.234575" elapsed="0.520360"/>
</kw>
<kw name="Wait Until Page Contains" owner="SeleniumLibrary">
<arg>页数</arg>
<doc>Waits until ``text`` appears on the current page.</doc>
<status status="PASS" start="2025-03-12T07:28:02.754935" elapsed="0.518793"/>
</kw>
<kw name="Wait Until Page Contains" owner="SeleniumLibrary">
<arg>期刊/交易</arg>
<doc>Waits until ``text`` appears on the current page.</doc>
<status status="PASS" start="2025-03-12T07:28:03.273728" elapsed="0.519972"/>
</kw>
<kw name="Wait Until Page Contains" owner="SeleniumLibrary">
<arg>引用</arg>
<doc>Waits until ``text`` appears on the current page.</doc>
<status status="PASS" start="2025-03-12T07:28:03.793700" elapsed="0.520340"/>
</kw>
<kw name="Wait Until Page Contains" owner="SeleniumLibrary">
<arg>DOI</arg>
<doc>Waits until ``text`` appears on the current page.</doc>
<status status="PASS" start="2025-03-12T07:28:04.314040" elapsed="0.515234"/>
</kw>
<status status="PASS" start="2025-03-12T07:28:00.110565" elapsed="4.718709"/>
</kw>
<kw name="Click Element" owner="SeleniumLibrary">
<msg time="2025-03-12T07:28:04.829274" level="INFO">Clicking element 'id=book-tab'.</msg>
<arg>id=book-tab</arg>
<doc>Click the element identified by ``locator``.</doc>
<status status="PASS" start="2025-03-12T07:28:04.829274" elapsed="1.081222"/>
</kw>
<kw name="Wait Until Page Contains" owner="SeleniumLibrary">
<arg>书籍</arg>
<doc>Waits until ``text`` appears on the current page.</doc>
<status status="PASS" start="2025-03-12T07:28:05.910496" elapsed="0.530138"/>
</kw>
<kw name="Verify Book Table Headers Chinese">
<kw name="Wait Until Page Contains" owner="SeleniumLibrary">
<arg>编号</arg>
<doc>Waits until ``text`` appears on the current page.</doc>
<status status="PASS" start="2025-03-12T07:28:06.441674" elapsed="0.520237"/>
</kw>
<kw name="Wait Until Page Contains" owner="SeleniumLibrary">
<arg>年份</arg>
<doc>Waits until ``text`` appears on the current page.</doc>
<status status="PASS" start="2025-03-12T07:28:06.961911" elapsed="0.522253"/>
</kw>
<kw name="Wait Until Page Contains" owner="SeleniumLibrary">
<arg>姓名</arg>
<doc>Waits until ``text`` appears on the current page.</doc>
<status status="PASS" start="2025-03-12T07:28:07.484695" elapsed="0.529801"/>
</kw>
<kw name="Wait Until Page Contains" owner="SeleniumLibrary">
<arg>作者</arg>
<doc>Waits until ``text`` appears on the current page.</doc>
<status status="PASS" start="2025-03-12T07:28:08.014496" elapsed="0.529316"/>
</kw>
<kw name="Wait Until Page Contains" owner="SeleniumLibrary">
<arg>出版地</arg>
<doc>Waits until ``text`` appears on the current page.</doc>
<status status="PASS" start="2025-03-12T07:28:08.543812" elapsed="0.521841"/>
</kw>
<kw name="Wait Until Page Contains" owner="SeleniumLibrary">
<arg>页数</arg>
<doc>Waits until ``text`` appears on the current page.</doc>
<status status="PASS" start="2025-03-12T07:28:09.065653" elapsed="0.514468"/>
</kw>
<status status="PASS" start="2025-03-12T07:28:06.440634" elapsed="3.139487"/>
</kw>
<kw name="Click Element" owner="SeleniumLibrary">
<msg time="2025-03-12T07:28:09.580121" level="INFO">Clicking element 'id=patent-tab'.</msg>
<arg>id=patent-tab</arg>
<doc>Click the element identified by ``locator``.</doc>
<status status="PASS" start="2025-03-12T07:28:09.580121" elapsed="1.212127"/>
</kw>
<kw name="Wait Until Page Contains" owner="SeleniumLibrary">
<arg>其他学术作品</arg>
<doc>Waits until ``text`` appears on the current page.</doc>
<status status="PASS" start="2025-03-12T07:28:10.792248" elapsed="0.526126"/>
</kw>
<kw name="Verify Patent Table Headers Chinese">
<kw name="Wait Until Page Contains" owner="SeleniumLibrary">
<arg>编号</arg>
<doc>Waits until ``text`` appears on the current page.</doc>
<status status="PASS" start="2025-03-12T07:28:11.319390" elapsed="0.515230"/>
</kw>
<kw name="Wait Until Page Contains" owner="SeleniumLibrary">
<arg>姓名</arg>
<doc>Waits until ``text`` appears on the current page.</doc>
<status status="PASS" start="2025-03-12T07:28:11.834620" elapsed="0.517097"/>
</kw>
<kw name="Wait Until Page Contains" owner="SeleniumLibrary">
<arg>作者</arg>
<doc>Waits until ``text`` appears on the current page.</doc>
<status status="PASS" start="2025-03-12T07:28:12.352234" elapsed="0.550640"/>
</kw>
<kw name="Wait Until Page Contains" owner="SeleniumLibrary">
<arg>类型</arg>
<doc>Waits until ``text`` appears on the current page.</doc>
<status status="PASS" start="2025-03-12T07:28:12.902874" elapsed="0.534383"/>
</kw>
<kw name="Wait Until Page Contains" owner="SeleniumLibrary">
<arg>出版地</arg>
<doc>Waits until ``text`` appears on the current page.</doc>
<status status="PASS" start="2025-03-12T07:28:13.437769" elapsed="0.522121"/>
</kw>
<kw name="Wait Until Page Contains" owner="SeleniumLibrary">
<arg>注册日期</arg>
<doc>Waits until ``text`` appears on the current page.</doc>
<status status="PASS" start="2025-03-12T07:28:13.959890" elapsed="0.522688"/>
</kw>
<status status="PASS" start="2025-03-12T07:28:11.318374" elapsed="3.164721"/>
</kw>
<status status="PASS" start="2025-03-12T07:27:39.522571" elapsed="34.960524"/>
</kw>
<status status="PASS" start="2025-03-12T07:27:26.171279" elapsed="48.311816"/>
</test>
<test id="s1-t21" name="Verify Chinese Research Project Page" line="144">
<kw name="Navigate To Research Project And Verify Chinese">
<kw name="Click Element" owner="SeleniumLibrary">
<msg time="2025-03-12T07:28:14.486629" level="INFO">Clicking element 'xpath=//a[contains(@href, '/researchproject')]'.</msg>
<arg>${RESEARCH_PROJECT_URL}</arg>
<doc>Click the element identified by ``locator``.</doc>
<status status="PASS" start="2025-03-12T07:28:14.485631" elapsed="2.031452"/>
</kw>
<kw name="Wait Until Page Contains" owner="SeleniumLibrary">
<arg>研究项目</arg>
<doc>Waits until ``text`` appears on the current page.</doc>
<status status="PASS" start="2025-03-12T07:28:16.517083" elapsed="0.522038"/>
</kw>
<kw name="Wait Until Page Contains" owner="SeleniumLibrary">
<arg>学术服务项目/研究项目</arg>
<doc>Waits until ``text`` appears on the current page.</doc>
<status status="PASS" start="2025-03-12T07:28:17.039121" elapsed="0.521990"/>
</kw>
<kw name="Wait Until Page Contains" owner="SeleniumLibrary">
<arg>数字</arg>
<doc>Waits until ``text`` appears on the current page.</doc>
<status status="PASS" start="2025-03-12T07:28:17.562112" elapsed="0.618891"/>
</kw>
<kw name="Wait Until Page Contains" owner="SeleniumLibrary">
<arg>年</arg>
<doc>Waits until ``text`` appears on the current page.</doc>
<status status="PASS" start="2025-03-12T07:28:18.181003" elapsed="0.513953"/>
</kw>
<kw name="Wait Until Page Contains" owner="SeleniumLibrary">
<arg>项目名称</arg>
<doc>Waits until ``text`` appears on the current page.</doc>
<status status="PASS" start="2025-03-12T07:28:18.695466" elapsed="0.513285"/>
</kw>
<kw name="Wait Until Page Contains" owner="SeleniumLibrary">
<arg>细节</arg>
<doc>Waits until ``text`` appears on the current page.</doc>
<status status="PASS" start="2025-03-12T07:28:19.208751" elapsed="0.514716"/>
</kw>
<kw name="Wait Until Page Contains" owner="SeleniumLibrary">
<arg>项目负责人</arg>
<doc>Waits until ``text`` appears on the current page.</doc>
<status status="PASS" start="2025-03-12T07:28:19.723467" elapsed="0.513893"/>
</kw>
<kw name="Wait Until Page Contains" owner="SeleniumLibrary">
<arg>状态</arg>
<doc>Waits until ``text`` appears on the current page.</doc>
<status status="PASS" start="2025-03-12T07:28:20.237360" elapsed="0.515072"/>
</kw>
<kw name="Wait Until Page Contains" owner="SeleniumLibrary">
<arg>项目期限</arg>
<doc>Waits until ``text`` appears on the current page.</doc>
<status status="PASS" start="2025-03-12T07:28:20.752432" elapsed="0.519052"/>
</kw>
<kw name="Wait Until Page Contains" owner="SeleniumLibrary">
<arg>研究资助类型</arg>
<doc>Waits until ``text`` appears on the current page.</doc>
<status status="PASS" start="2025-03-12T07:28:21.271993" elapsed="0.517712"/>
</kw>
<kw name="Wait Until Page Contains" owner="SeleniumLibrary">
<arg>资助机构</arg>
<doc>Waits until ``text`` appears on the current page.</doc>
<status status="PASS" start="2025-03-12T07:28:21.789705" elapsed="0.521772"/>
</kw>
<kw name="Wait Until Page Contains" owner="SeleniumLibrary">
<arg>负责机构</arg>
<doc>Waits until ``text`` appears on the current page.</doc>
<status status="PASS" start="2025-03-12T07:28:22.311477" elapsed="0.518571"/>
</kw>
<kw name="Wait Until Page Contains" owner="SeleniumLibrary">
<arg>分配预算</arg>
<doc>Waits until ``text`` appears on the current page.</doc>
<status status="PASS" start="2025-03-12T07:28:22.830048" elapsed="0.516905"/>
</kw>
<status status="PASS" start="2025-03-12T07:28:14.485631" elapsed="8.861322"/>
</kw>
<status status="PASS" start="2025-03-12T07:28:14.484613" elapsed="8.862849"/>
</test>
<test id="s1-t22" name="Verify Chinese Research Group Page" line="149">
<kw name="Navigate To Research Group And Verify Chinese">
<kw name="Click Element" owner="SeleniumLibrary">
<msg time="2025-03-12T07:28:23.349651" level="INFO">Clicking element 'xpath=//a[contains(@href, '/researchgroup')]'.</msg>
<arg>${RESEARCH_GROUP_URL}</arg>
<doc>Click the element identified by ``locator``.</doc>
<status status="PASS" start="2025-03-12T07:28:23.349651" elapsed="2.620048"/>
</kw>
<kw name="Wait Until Page Contains" owner="SeleniumLibrary">
<arg>研究小组</arg>
<doc>Waits until ``text`` appears on the current page.</doc>
<status status="PASS" start="2025-03-12T07:28:25.969699" elapsed="0.514857"/>
</kw>
<kw name="Wait Until Page Contains" owner="SeleniumLibrary">
<arg>研究小组</arg>
<doc>Waits until ``text`` appears on the current page.</doc>
<status status="PASS" start="2025-03-12T07:28:26.484556" elapsed="0.510890"/>
</kw>
<kw name="Wait Until Page Contains" owner="SeleniumLibrary">
<arg>实验室主管</arg>
<doc>Waits until ``text`` appears on the current page.</doc>
<status status="PASS" start="2025-03-12T07:28:26.995446" elapsed="0.514917"/>
</kw>
<kw name="Click Element" owner="SeleniumLibrary">
<msg time="2025-03-12T07:28:27.510473" level="INFO">Clicking element 'xpath=//a[contains(@href, '/researchgroupdetail/3')]'.</msg>
<arg>${RESEARCH_GROUP_DEMO}</arg>
<doc>Click the element identified by ``locator``.</doc>
<status status="PASS" start="2025-03-12T07:28:27.510473" elapsed="1.976264"/>
</kw>
<kw name="Wait Until Page Contains" owner="SeleniumLibrary">
<arg>实验室主管</arg>
<doc>Waits until ``text`` appears on the current page.</doc>
<status status="PASS" start="2025-03-12T07:28:29.486737" elapsed="0.510695"/>
</kw>
<kw name="Wait Until Page Contains" owner="SeleniumLibrary">
<arg>学生</arg>
<doc>Waits until ``text`` appears on the current page.</doc>
<status status="PASS" start="2025-03-12T07:28:29.997432" elapsed="0.514165"/>
</kw>
<status status="PASS" start="2025-03-12T07:28:23.348479" elapsed="7.163118"/>
</kw>
<status status="PASS" start="2025-03-12T07:28:23.348479" elapsed="7.163118"/>
</test>
<test id="s1-t23" name="Verify Chinese Reports Page" line="154">
<kw name="Navigate To Reports And Verify Chinese">
<kw name="Click Element" owner="SeleniumLibrary">
<msg time="2025-03-12T07:28:30.513939" level="INFO">Clicking element 'xpath=//a[contains(@href, '/reports')]'.</msg>
<arg>${REPORT_URL}</arg>
<doc>Click the element identified by ``locator``.</doc>
<status status="PASS" start="2025-03-12T07:28:30.513939" elapsed="1.527482"/>
</kw>
<kw name="Wait Until Page Contains" owner="SeleniumLibrary">
<arg>报告</arg>
<doc>Waits until ``text`` appears on the current page.</doc>
<status status="PASS" start="2025-03-12T07:28:32.041421" elapsed="0.514083"/>
</kw>
<kw name="Wait Until Page Contains" owner="SeleniumLibrary">
<arg>5年总文章数统计</arg>
<doc>Waits until ``text`` appears on the current page.</doc>
<status status="PASS" start="2025-03-12T07:28:32.555504" elapsed="0.512425"/>
</kw>
<kw name="Wait Until Page Contains" owner="SeleniumLibrary">
<arg>文章被引次数统计</arg>
<doc>Waits until ``text`` appears on the current page.</doc>
<status status="PASS" start="2025-03-12T07:28:33.067929" elapsed="0.515621"/>
</kw>
<kw name="Wait Until Page Contains" owner="SeleniumLibrary">
<arg>来源</arg>
<doc>Waits until ``text`` appears on the current page.</doc>
<status status="PASS" start="2025-03-12T07:28:33.583550" elapsed="0.510801"/>
</kw>
<status status="PASS" start="2025-03-12T07:28:30.513939" elapsed="3.580412"/>
</kw>
<status status="PASS" start="2025-03-12T07:28:30.512943" elapsed="3.581408"/>
</test>
<kw name="Close Browser" owner="SeleniumLibrary" type="TEARDOWN">
<doc>Closes the current browser.</doc>
<status status="PASS" start="2025-03-12T07:28:34.095887" elapsed="2.634637"/>
</kw>
<status status="PASS" start="2025-03-12T07:22:41.060116" elapsed="355.671412"/>
</suite>
<statistics>
<total>
<stat pass="23" fail="0" skip="0">All Tests</stat>
</total>
<tag>
</tag>
<suite>
<stat name="Visitor Lang Switch2" id="s1" pass="23" fail="0" skip="0">Visitor Lang Switch2</stat>
</suite>
</statistics>
<errors>
</errors>
</robot>
