<?xml version="1.0" encoding="UTF-8"?>
<robot generator="Robot 7.2 (Python 3.12.8 on win32)" generated="2025-03-08T22:40:01.810323" rpa="false" schemaversion="5">
<suite id="s1" name="Visitor Lang Switch" source="D:\SE_2567_126-0\group_project\git-group-repository-group-3-sec-1\code\tests\robot\visitor_language_switch_tests\visitor_lang_switch.robot">
<test id="s1-t1" name="Verify Language Switch to Chinese" line="325">
<kw name="Open Browser" owner="SeleniumLibrary">
<msg time="2025-03-08T22:40:02.503043" level="INFO">Opening browser 'chrome' to base url 'http://127.0.0.1:8000/'.</msg>
<arg>${URL}</arg>
<arg>${BROWSER}</arg>
<doc>Opens a new browser instance to the optional ``url``.</doc>
<status status="PASS" start="2025-03-08T22:40:02.503043" elapsed="3.590180"/>
</kw>
<kw name="Maximize Browser Window" owner="SeleniumLibrary">
<doc>Maximizes current browser window.</doc>
<status status="PASS" start="2025-03-08T22:40:06.094239" elapsed="0.099167"/>
</kw>
<kw name="Switch Language">
<kw name="Wait Until Element Is Visible" owner="SeleniumLibrary">
<arg>${LANG_DROPDOWN}</arg>
<doc>Waits until the element ``locator`` is visible.</doc>
<status status="PASS" start="2025-03-08T22:40:06.194417" elapsed="0.125140"/>
</kw>
<kw name="Click Element" owner="SeleniumLibrary">
<msg time="2025-03-08T22:40:06.320583" level="INFO">Clicking element 'id=navbarDropdownMenuLink'.</msg>
<arg>${LANG_DROPDOWN}</arg>
<doc>Click the element identified by ``locator``.</doc>
<status status="PASS" start="2025-03-08T22:40:06.319557" elapsed="0.098555"/>
</kw>
<kw name="Run Keyword If" owner="BuiltIn">
<kw name="Click Element" owner="SeleniumLibrary">
<msg time="2025-03-08T22:40:06.419112" level="INFO">Clicking element 'xpath=//a[contains(@href, '/lang/cn')]'.</msg>
<arg>${CN_LANG}</arg>
<doc>Click the element identified by ``locator``.</doc>
<status status="PASS" start="2025-03-08T22:40:06.419112" elapsed="1.172155"/>
</kw>
<arg>'${lang}' == 'th'</arg>
<arg>Click Element</arg>
<arg>${THAI_LANG}</arg>
<arg>ELSE IF</arg>
<arg>'${lang}' == 'en'</arg>
<arg>Click Element</arg>
<arg>${ENG_LANG}</arg>
<arg>ELSE IF</arg>
<arg>'${lang}' == 'cn'</arg>
<arg>Click Element</arg>
<arg>${CN_LANG}</arg>
<doc>Runs the given keyword with the given arguments, if ``condition`` is true.</doc>
<status status="PASS" start="2025-03-08T22:40:06.418112" elapsed="1.173155"/>
</kw>
<kw name="Set Variable If" owner="BuiltIn">
<msg time="2025-03-08T22:40:07.592272" level="INFO">${flag} = cn</msg>
<var>${flag}</var>
<arg>'${lang}' == 'th'</arg>
<arg>th</arg>
<arg>${lang}</arg>
<doc>Sets variable based on the given condition.</doc>
<status status="PASS" start="2025-03-08T22:40:07.591267" elapsed="0.001005"/>
</kw>
<kw name="Wait Until Element Is Visible" owner="SeleniumLibrary">
<arg>css:#navbarDropdownMenuLink span.flag-icon-${flag}</arg>
<doc>Waits until the element ``locator`` is visible.</doc>
<status status="PASS" start="2025-03-08T22:40:07.592272" elapsed="0.025586"/>
</kw>
<kw name="Log To Console" owner="BuiltIn">
<arg>Switched to language: ${lang}</arg>
<doc>Logs the given message to the console.</doc>
<status status="PASS" start="2025-03-08T22:40:07.617858" elapsed="0.000000"/>
</kw>
<arg>cn</arg>
<status status="PASS" start="2025-03-08T22:40:06.193514" elapsed="1.424344"/>
</kw>
<kw name="Wait Until Page Contains" owner="SeleniumLibrary">
<arg>主页</arg>
<doc>Waits until ``text`` appears on the current page.</doc>
<status status="PASS" start="2025-03-08T22:40:07.618858" elapsed="0.027675"/>
</kw>
<kw name="Wait Until Element Is Visible" owner="SeleniumLibrary">
<arg>css=#all .count-text</arg>
<doc>Waits until the element ``locator`` is visible.</doc>
<status status="PASS" start="2025-03-08T22:40:07.646533" elapsed="0.023273"/>
</kw>
<kw name="Get Text" owner="SeleniumLibrary">
<msg time="2025-03-08T22:40:07.693051" level="INFO">${text} = 来源</msg>
<var>${text}</var>
<arg>css=#all .count-text</arg>
<doc>Returns the text value of the element identified by ``locator``.</doc>
<status status="PASS" start="2025-03-08T22:40:07.669806" elapsed="0.023245"/>
</kw>
<kw name="Should Be Equal As Strings" owner="BuiltIn">
<arg>${text}</arg>
<arg>来源</arg>
<doc>Fails if objects are unequal after converting them to strings.</doc>
<status status="PASS" start="2025-03-08T22:40:07.694060" elapsed="0.000000"/>
</kw>
<kw name="Wait Until Page Contains" owner="SeleniumLibrary">
<arg>出版物（过去5年）</arg>
<doc>Waits until ``text`` appears on the current page.</doc>
<status status="PASS" start="2025-03-08T22:40:07.694060" elapsed="0.029054"/>
</kw>
<kw name="Wait Until Page Contains" owner="SeleniumLibrary">
<arg>研究人员</arg>
<doc>Waits until ``text`` appears on the current page.</doc>
<status status="PASS" start="2025-03-08T22:40:07.723114" elapsed="0.028326"/>
</kw>
<kw name="Verify Major Options Display">
<kw name="Wait Until Element Is Visible" owner="SeleniumLibrary">
<arg>${MAJOR_DROPDOWN}</arg>
<doc>Waits until the element ``locator`` is visible.</doc>
<status status="PASS" start="2025-03-08T22:40:07.752444" elapsed="0.019741"/>
</kw>
<kw name="Click Element" owner="SeleniumLibrary">
<msg time="2025-03-08T22:40:07.772185" level="INFO">Clicking element 'id=navbarDropdown'.</msg>
<arg>${MAJOR_DROPDOWN}</arg>
<doc>Click the element identified by ``locator``.</doc>
<status status="PASS" start="2025-03-08T22:40:07.772185" elapsed="0.079392"/>
</kw>
<kw name="Wait Until Element Is Visible" owner="SeleniumLibrary">
<arg>${MAJOR_MENU}</arg>
<doc>Waits until the element ``locator`` is visible.</doc>
<status status="PASS" start="2025-03-08T22:40:07.851577" elapsed="0.021669"/>
</kw>
<kw name="Element Should Be Visible" owner="SeleniumLibrary">
<msg time="2025-03-08T22:40:07.894312" level="INFO">Element 'xpath=//a[contains(@href, '/researchers/1')]' is displayed.</msg>
<arg>${CS_MAJOR}</arg>
<doc>Verifies that the element identified by ``locator`` is visible.</doc>
<status status="PASS" start="2025-03-08T22:40:07.873246" elapsed="0.021066"/>
</kw>
<kw name="Element Should Be Visible" owner="SeleniumLibrary">
<msg time="2025-03-08T22:40:07.916513" level="INFO">Element 'xpath=//a[contains(@href, '/researchers/2')]' is displayed.</msg>
<arg>${IT_MAJOR}</arg>
<doc>Verifies that the element identified by ``locator`` is visible.</doc>
<status status="PASS" start="2025-03-08T22:40:07.894312" elapsed="0.022201"/>
</kw>
<kw name="Element Should Be Visible" owner="SeleniumLibrary">
<msg time="2025-03-08T22:40:07.937171" level="INFO">Element 'xpath=//a[contains(@href, '/researchers/3')]' is displayed.</msg>
<arg>${GIS_MAJOR}</arg>
<doc>Verifies that the element identified by ``locator`` is visible.</doc>
<status status="PASS" start="2025-03-08T22:40:07.916513" elapsed="0.020658"/>
</kw>
<status status="PASS" start="2025-03-08T22:40:07.752444" elapsed="0.184727"/>
</kw>
<kw name="Click Element" owner="SeleniumLibrary">
<msg time="2025-03-08T22:40:07.937171" level="INFO">Clicking element 'xpath=//a[contains(@href, '/researchers/1')]'.</msg>
<arg>${CS_MAJOR}</arg>
<doc>Click the element identified by ``locator``.</doc>
<status status="PASS" start="2025-03-08T22:40:07.937171" elapsed="2.604457"/>
</kw>
<kw name="Wait Until Page Contains" owner="SeleniumLibrary">
<arg>研究人员</arg>
<doc>Waits until ``text`` appears on the current page.</doc>
<status status="PASS" start="2025-03-08T22:40:10.541628" elapsed="0.013596"/>
</kw>
<kw name="Wait Until Page Contains" owner="SeleniumLibrary">
<arg>计算机科学与技术</arg>
<doc>Waits until ``text`` appears on the current page.</doc>
<status status="PASS" start="2025-03-08T22:40:10.555224" elapsed="0.014435"/>
</kw>
<kw name="Click Element" owner="SeleniumLibrary">
<msg time="2025-03-08T22:40:10.570662" level="INFO">Clicking element 'xpath=//div[@class='row row-cols-1 row-cols-md-2 g-0']/a[2]'.</msg>
<arg>${CS_RESEARCHER_DEMO}</arg>
<doc>Click the element identified by ``locator``.</doc>
<status status="PASS" start="2025-03-08T22:40:10.570662" elapsed="1.142899"/>
</kw>
<kw name="Wait Until Page Contains" owner="SeleniumLibrary">
<arg>副教授 蓬亚蓬 霍拉塔</arg>
<doc>Waits until ``text`` appears on the current page.</doc>
<status status="PASS" start="2025-03-08T22:40:11.713561" elapsed="0.023124"/>
</kw>
<kw name="Wait Until Page Contains" owner="SeleniumLibrary">
<arg>副教授</arg>
<doc>Waits until ``text`` appears on the current page.</doc>
<status status="PASS" start="2025-03-08T22:40:11.736685" elapsed="0.014044"/>
</kw>
<kw name="Wait Until Page Contains" owner="SeleniumLibrary">
<arg>电子邮件</arg>
<doc>Waits until ``text`` appears on the current page.</doc>
<status status="PASS" start="2025-03-08T22:40:11.750729" elapsed="0.014049"/>
</kw>
<kw name="Wait Until Page Contains" owner="SeleniumLibrary">
<arg>教育</arg>
<doc>Waits until ``text`` appears on the current page.</doc>
<status status="PASS" start="2025-03-08T22:40:11.765782" elapsed="0.014541"/>
</kw>
<kw name="Wait Until Page Contains" owner="SeleniumLibrary">
<arg>出版物</arg>
<doc>Waits until ``text`` appears on the current page.</doc>
<status status="PASS" start="2025-03-08T22:40:11.780323" elapsed="0.015968"/>
</kw>
<kw name="Wait Until Page Contains" owner="SeleniumLibrary">
<arg>全面的</arg>
<doc>Waits until ``text`` appears on the current page.</doc>
<status status="PASS" start="2025-03-08T22:40:11.796291" elapsed="0.017141"/>
</kw>
<kw name="Wait Until Page Contains" owner="SeleniumLibrary">
<arg>导出到文件 Excel</arg>
<doc>Waits until ``text`` appears on the current page.</doc>
<status status="PASS" start="2025-03-08T22:40:11.813939" elapsed="0.014556"/>
</kw>
<kw name="Wait Until Page Contains" owner="SeleniumLibrary">
<arg>编号</arg>
<doc>Waits until ``text`` appears on the current page.</doc>
<status status="PASS" start="2025-03-08T22:40:11.828495" elapsed="0.019809"/>
</kw>
<kw name="Wait Until Page Contains" owner="SeleniumLibrary">
<arg>年份</arg>
<doc>Waits until ``text`` appears on the current page.</doc>
<status status="PASS" start="2025-03-08T22:40:11.849308" elapsed="0.016692"/>
</kw>
<kw name="Wait Until Page Contains" owner="SeleniumLibrary">
<arg>论文名称</arg>
<doc>Waits until ``text`` appears on the current page.</doc>
<status status="PASS" start="2025-03-08T22:40:11.866989" elapsed="0.016546"/>
</kw>
<kw name="Wait Until Page Contains" owner="SeleniumLibrary">
<arg>作者</arg>
<doc>Waits until ``text`` appears on the current page.</doc>
<status status="PASS" start="2025-03-08T22:40:11.883535" elapsed="0.016898"/>
</kw>
<kw name="Wait Until Page Contains" owner="SeleniumLibrary">
<arg>文档类型</arg>
<doc>Waits until ``text`` appears on the current page.</doc>
<status status="PASS" start="2025-03-08T22:40:11.900433" elapsed="0.016044"/>
</kw>
<kw name="Wait Until Page Contains" owner="SeleniumLibrary">
<arg>页数</arg>
<doc>Waits until ``text`` appears on the current page.</doc>
<status status="PASS" start="2025-03-08T22:40:11.916477" elapsed="0.067059"/>
</kw>
<kw name="Wait Until Page Contains" owner="SeleniumLibrary">
<arg>期刊/交易</arg>
<doc>Waits until ``text`` appears on the current page.</doc>
<status status="PASS" start="2025-03-08T22:40:11.984550" elapsed="0.014529"/>
</kw>
<kw name="Wait Until Page Contains" owner="SeleniumLibrary">
<arg>引用</arg>
<doc>Waits until ``text`` appears on the current page.</doc>
<status status="PASS" start="2025-03-08T22:40:11.999079" elapsed="0.015572"/>
</kw>
<kw name="Wait Until Page Contains" owner="SeleniumLibrary">
<arg>DOI</arg>
<doc>Waits until ``text`` appears on the current page.</doc>
<status status="PASS" start="2025-03-08T22:40:12.014651" elapsed="0.015674"/>
</kw>
<kw name="Wait Until Page Contains" owner="SeleniumLibrary">
<arg>来源</arg>
<doc>Waits until ``text`` appears on the current page.</doc>
<status status="PASS" start="2025-03-08T22:40:12.030325" elapsed="0.015575"/>
</kw>
<kw name="Click Element" owner="SeleniumLibrary">
<msg time="2025-03-08T22:40:12.045900" level="INFO">Clicking element 'id=scopus-tab'.</msg>
<arg>id=scopus-tab</arg>
<doc>Click the element identified by ``locator``.</doc>
<status status="PASS" start="2025-03-08T22:40:12.045900" elapsed="0.085095"/>
</kw>
<kw name="Wait Until Page Contains" owner="SeleniumLibrary">
<arg>SCOPUS</arg>
<doc>Waits until ``text`` appears on the current page.</doc>
<status status="PASS" start="2025-03-08T22:40:12.130995" elapsed="0.031377"/>
</kw>
<kw name="Wait Until Page Contains" owner="SeleniumLibrary">
<arg>编号</arg>
<doc>Waits until ``text`` appears on the current page.</doc>
<status status="PASS" start="2025-03-08T22:40:12.163363" elapsed="0.016336"/>
</kw>
<kw name="Wait Until Page Contains" owner="SeleniumLibrary">
<arg>年份</arg>
<doc>Waits until ``text`` appears on the current page.</doc>
<status status="PASS" start="2025-03-08T22:40:12.180704" elapsed="0.014061"/>
</kw>
<kw name="Wait Until Page Contains" owner="SeleniumLibrary">
<arg>论文名称</arg>
<doc>Waits until ``text`` appears on the current page.</doc>
<status status="PASS" start="2025-03-08T22:40:12.194765" elapsed="0.010541"/>
</kw>
<kw name="Wait Until Page Contains" owner="SeleniumLibrary">
<arg>作者</arg>
<doc>Waits until ``text`` appears on the current page.</doc>
<status status="PASS" start="2025-03-08T22:40:12.206307" elapsed="0.013497"/>
</kw>
<kw name="Wait Until Page Contains" owner="SeleniumLibrary">
<arg>文档类型</arg>
<doc>Waits until ``text`` appears on the current page.</doc>
<status status="PASS" start="2025-03-08T22:40:12.219804" elapsed="0.014726"/>
</kw>
<kw name="Wait Until Page Contains" owner="SeleniumLibrary">
<arg>页数</arg>
<doc>Waits until ``text`` appears on the current page.</doc>
<status status="PASS" start="2025-03-08T22:40:12.234530" elapsed="0.013069"/>
</kw>
<kw name="Wait Until Page Contains" owner="SeleniumLibrary">
<arg>期刊/交易</arg>
<doc>Waits until ``text`` appears on the current page.</doc>
<status status="PASS" start="2025-03-08T22:40:12.247599" elapsed="0.011556"/>
</kw>
<kw name="Wait Until Page Contains" owner="SeleniumLibrary">
<arg>引用</arg>
<doc>Waits until ``text`` appears on the current page.</doc>
<status status="PASS" start="2025-03-08T22:40:12.259155" elapsed="0.011663"/>
</kw>
<kw name="Wait Until Page Contains" owner="SeleniumLibrary">
<arg>DOI</arg>
<doc>Waits until ``text`` appears on the current page.</doc>
<status status="PASS" start="2025-03-08T22:40:12.271817" elapsed="0.062713"/>
</kw>
<kw name="Click Element" owner="SeleniumLibrary">
<msg time="2025-03-08T22:40:12.335533" level="INFO">Clicking element 'id=wos-tab'.</msg>
<arg>id=wos-tab</arg>
<doc>Click the element identified by ``locator``.</doc>
<status status="PASS" start="2025-03-08T22:40:12.334530" elapsed="0.068675"/>
</kw>
<kw name="Wait Until Page Contains" owner="SeleniumLibrary">
<arg>Web of Science</arg>
<doc>Waits until ``text`` appears on the current page.</doc>
<status status="PASS" start="2025-03-08T22:40:12.403205" elapsed="0.011419"/>
</kw>
<kw name="Wait Until Page Contains" owner="SeleniumLibrary">
<arg>编号</arg>
<doc>Waits until ``text`` appears on the current page.</doc>
<status status="PASS" start="2025-03-08T22:40:12.415834" elapsed="0.011524"/>
</kw>
<kw name="Wait Until Page Contains" owner="SeleniumLibrary">
<arg>年份</arg>
<doc>Waits until ``text`` appears on the current page.</doc>
<status status="PASS" start="2025-03-08T22:40:12.427358" elapsed="0.011512"/>
</kw>
<kw name="Wait Until Page Contains" owner="SeleniumLibrary">
<arg>论文名称</arg>
<doc>Waits until ``text`` appears on the current page.</doc>
<status status="PASS" start="2025-03-08T22:40:12.438870" elapsed="0.012055"/>
</kw>
<kw name="Wait Until Page Contains" owner="SeleniumLibrary">
<arg>作者</arg>
<doc>Waits until ``text`` appears on the current page.</doc>
<status status="PASS" start="2025-03-08T22:40:12.451929" elapsed="0.011524"/>
</kw>
<kw name="Wait Until Page Contains" owner="SeleniumLibrary">
<arg>文档类型</arg>
<doc>Waits until ``text`` appears on the current page.</doc>
<status status="PASS" start="2025-03-08T22:40:12.464776" elapsed="0.011721"/>
</kw>
<kw name="Wait Until Page Contains" owner="SeleniumLibrary">
<arg>页数</arg>
<doc>Waits until ``text`` appears on the current page.</doc>
<status status="PASS" start="2025-03-08T22:40:12.477504" elapsed="0.011512"/>
</kw>
<kw name="Wait Until Page Contains" owner="SeleniumLibrary">
<arg>期刊/交易</arg>
<doc>Waits until ``text`` appears on the current page.</doc>
<status status="PASS" start="2025-03-08T22:40:12.489016" elapsed="0.012535"/>
</kw>
<kw name="Wait Until Page Contains" owner="SeleniumLibrary">
<arg>引用</arg>
<doc>Waits until ``text`` appears on the current page.</doc>
<status status="PASS" start="2025-03-08T22:40:12.501551" elapsed="0.011675"/>
</kw>
<kw name="Wait Until Page Contains" owner="SeleniumLibrary">
<arg>DOI</arg>
<doc>Waits until ``text`` appears on the current page.</doc>
<status status="PASS" start="2025-03-08T22:40:12.513226" elapsed="0.010522"/>
</kw>
<kw name="Click Element" owner="SeleniumLibrary">
<msg time="2025-03-08T22:40:12.523748" level="INFO">Clicking element 'id=tci-tab'.</msg>
<arg>id=tci-tab</arg>
<doc>Click the element identified by ``locator``.</doc>
<status status="PASS" start="2025-03-08T22:40:12.523748" elapsed="0.086154"/>
</kw>
<kw name="Wait Until Page Contains" owner="SeleniumLibrary">
<arg>TCI</arg>
<doc>Waits until ``text`` appears on the current page.</doc>
<status status="PASS" start="2025-03-08T22:40:12.609902" elapsed="0.013656"/>
</kw>
<kw name="Wait Until Page Contains" owner="SeleniumLibrary">
<arg>编号</arg>
<doc>Waits until ``text`` appears on the current page.</doc>
<status status="PASS" start="2025-03-08T22:40:12.624067" elapsed="0.013530"/>
</kw>
<kw name="Wait Until Page Contains" owner="SeleniumLibrary">
<arg>年份</arg>
<doc>Waits until ``text`` appears on the current page.</doc>
<status status="PASS" start="2025-03-08T22:40:12.637597" elapsed="0.013060"/>
</kw>
<kw name="Wait Until Page Contains" owner="SeleniumLibrary">
<arg>论文名称</arg>
<doc>Waits until ``text`` appears on the current page.</doc>
<status status="PASS" start="2025-03-08T22:40:12.650657" elapsed="0.012517"/>
</kw>
<kw name="Wait Until Page Contains" owner="SeleniumLibrary">
<arg>作者</arg>
<doc>Waits until ``text`` appears on the current page.</doc>
<status status="PASS" start="2025-03-08T22:40:12.663174" elapsed="0.013195"/>
</kw>
<kw name="Wait Until Page Contains" owner="SeleniumLibrary">
<arg>文档类型</arg>
<doc>Waits until ``text`` appears on the current page.</doc>
<status status="PASS" start="2025-03-08T22:40:12.677382" elapsed="0.010506"/>
</kw>
<kw name="Wait Until Page Contains" owner="SeleniumLibrary">
<arg>页数</arg>
<doc>Waits until ``text`` appears on the current page.</doc>
<status status="PASS" start="2025-03-08T22:40:12.687888" elapsed="0.012543"/>
</kw>
<kw name="Wait Until Page Contains" owner="SeleniumLibrary">
<arg>期刊/交易</arg>
<doc>Waits until ``text`` appears on the current page.</doc>
<status status="PASS" start="2025-03-08T22:40:12.700431" elapsed="0.011110"/>
</kw>
<kw name="Wait Until Page Contains" owner="SeleniumLibrary">
<arg>引用</arg>
<doc>Waits until ``text`` appears on the current page.</doc>
<status status="PASS" start="2025-03-08T22:40:12.712548" elapsed="0.010915"/>
</kw>
<kw name="Wait Until Page Contains" owner="SeleniumLibrary">
<arg>DOI</arg>
<doc>Waits until ``text`` appears on the current page.</doc>
<status status="PASS" start="2025-03-08T22:40:12.723463" elapsed="0.012536"/>
</kw>
<kw name="Click Element" owner="SeleniumLibrary">
<msg time="2025-03-08T22:40:12.737001" level="INFO">Clicking element 'id=book-tab'.</msg>
<arg>id=book-tab</arg>
<doc>Click the element identified by ``locator``.</doc>
<status status="PASS" start="2025-03-08T22:40:12.737001" elapsed="0.099065"/>
</kw>
<kw name="Wait Until Page Contains" owner="SeleniumLibrary">
<arg>书籍</arg>
<doc>Waits until ``text`` appears on the current page.</doc>
<status status="PASS" start="2025-03-08T22:40:12.836066" elapsed="0.013042"/>
</kw>
<kw name="Wait Until Page Contains" owner="SeleniumLibrary">
<arg>编号</arg>
<doc>Waits until ``text`` appears on the current page.</doc>
<status status="PASS" start="2025-03-08T22:40:12.850111" elapsed="0.011522"/>
</kw>
<kw name="Wait Until Page Contains" owner="SeleniumLibrary">
<arg>年份</arg>
<doc>Waits until ``text`` appears on the current page.</doc>
<status status="PASS" start="2025-03-08T22:40:12.861633" elapsed="0.012045"/>
</kw>
<kw name="Wait Until Page Contains" owner="SeleniumLibrary">
<arg>姓名</arg>
<doc>Waits until ``text`` appears on the current page.</doc>
<status status="PASS" start="2025-03-08T22:40:12.873678" elapsed="0.016537"/>
</kw>
<kw name="Wait Until Page Contains" owner="SeleniumLibrary">
<arg>作者</arg>
<doc>Waits until ``text`` appears on the current page.</doc>
<status status="PASS" start="2025-03-08T22:40:12.891226" elapsed="0.011938"/>
</kw>
<kw name="Wait Until Page Contains" owner="SeleniumLibrary">
<arg>出版地</arg>
<doc>Waits until ``text`` appears on the current page.</doc>
<status status="PASS" start="2025-03-08T22:40:12.904175" elapsed="0.016463"/>
</kw>
<kw name="Wait Until Page Contains" owner="SeleniumLibrary">
<arg>页数</arg>
<doc>Waits until ``text`` appears on the current page.</doc>
<status status="PASS" start="2025-03-08T22:40:12.921638" elapsed="0.014614"/>
</kw>
<kw name="Click Element" owner="SeleniumLibrary">
<msg time="2025-03-08T22:40:12.937254" level="INFO">Clicking element 'id=patent-tab'.</msg>
<arg>id=patent-tab</arg>
<doc>Click the element identified by ``locator``.</doc>
<status status="PASS" start="2025-03-08T22:40:12.936252" elapsed="0.133304"/>
</kw>
<kw name="Wait Until Page Contains" owner="SeleniumLibrary">
<arg>其他学术作品</arg>
<doc>Waits until ``text`` appears on the current page.</doc>
<status status="PASS" start="2025-03-08T22:40:13.069556" elapsed="0.014035"/>
</kw>
<kw name="Wait Until Page Contains" owner="SeleniumLibrary">
<arg>编号</arg>
<doc>Waits until ``text`` appears on the current page.</doc>
<status status="PASS" start="2025-03-08T22:40:13.083591" elapsed="0.012544"/>
</kw>
<kw name="Wait Until Page Contains" owner="SeleniumLibrary">
<arg>姓名</arg>
<doc>Waits until ``text`` appears on the current page.</doc>
<status status="PASS" start="2025-03-08T22:40:13.097131" elapsed="0.010521"/>
</kw>
<kw name="Wait Until Page Contains" owner="SeleniumLibrary">
<arg>作者</arg>
<doc>Waits until ``text`` appears on the current page.</doc>
<status status="PASS" start="2025-03-08T22:40:13.107652" elapsed="0.013526"/>
</kw>
<kw name="Wait Until Page Contains" owner="SeleniumLibrary">
<arg>类型</arg>
<doc>Waits until ``text`` appears on the current page.</doc>
<status status="PASS" start="2025-03-08T22:40:13.122176" elapsed="0.018464"/>
</kw>
<kw name="Wait Until Page Contains" owner="SeleniumLibrary">
<arg>出版地</arg>
<doc>Waits until ``text`` appears on the current page.</doc>
<status status="PASS" start="2025-03-08T22:40:13.141638" elapsed="0.010058"/>
</kw>
<kw name="Wait Until Page Contains" owner="SeleniumLibrary">
<arg>注册日期</arg>
<doc>Waits until ``text`` appears on the current page.</doc>
<status status="PASS" start="2025-03-08T22:40:13.153213" elapsed="0.013705"/>
</kw>
<kw name="Click Element" owner="SeleniumLibrary">
<msg time="2025-03-08T22:40:13.167921" level="INFO">Clicking element 'xpath=//a[contains(@href, '/researchproject')]'.</msg>
<arg>${RESEARCH_PROJECT_URL}</arg>
<doc>Click the element identified by ``locator``.</doc>
<status status="PASS" start="2025-03-08T22:40:13.167921" elapsed="0.661547"/>
</kw>
<kw name="Wait Until Page Contains" owner="SeleniumLibrary">
<arg>研究项目</arg>
<doc>Waits until ``text`` appears on the current page.</doc>
<status status="PASS" start="2025-03-08T22:40:13.830482" elapsed="0.042106"/>
</kw>
<kw name="Wait Until Page Contains" owner="SeleniumLibrary">
<arg>学术服务项目/研究项目</arg>
<doc>Waits until ``text`` appears on the current page.</doc>
<status status="PASS" start="2025-03-08T22:40:13.872588" elapsed="0.013064"/>
</kw>
<kw name="Wait Until Page Contains" owner="SeleniumLibrary">
<arg>序号</arg>
<doc>Waits until ``text`` appears on the current page.</doc>
<status status="PASS" start="2025-03-08T22:40:13.885652" elapsed="0.013524"/>
</kw>
<kw name="Wait Until Page Contains" owner="SeleniumLibrary">
<arg>年份</arg>
<doc>Waits until ``text`` appears on the current page.</doc>
<status status="PASS" start="2025-03-08T22:40:13.899176" elapsed="0.009359"/>
</kw>
<kw name="Wait Until Page Contains" owner="SeleniumLibrary">
<arg>项目名称</arg>
<doc>Waits until ``text`` appears on the current page.</doc>
<status status="PASS" start="2025-03-08T22:40:13.908535" elapsed="0.011519"/>
</kw>
<kw name="Wait Until Page Contains" owner="SeleniumLibrary">
<arg>详细信息</arg>
<doc>Waits until ``text`` appears on the current page.</doc>
<status status="PASS" start="2025-03-08T22:40:13.921061" elapsed="0.013055"/>
</kw>
<kw name="Wait Until Page Contains" owner="SeleniumLibrary">
<arg>项目负责人</arg>
<doc>Waits until ``text`` appears on the current page.</doc>
<status status="PASS" start="2025-03-08T22:40:13.934116" elapsed="0.014546"/>
</kw>
<kw name="Wait Until Page Contains" owner="SeleniumLibrary">
<arg>状态</arg>
<doc>Waits until ``text`` appears on the current page.</doc>
<status status="PASS" start="2025-03-08T22:40:13.949774" elapsed="0.012519"/>
</kw>
<kw name="Wait Until Page Contains" owner="SeleniumLibrary">
<arg>项目期限</arg>
<doc>Waits until ``text`` appears on the current page.</doc>
<status status="PASS" start="2025-03-08T22:40:13.963299" elapsed="0.016703"/>
</kw>
<kw name="Wait Until Page Contains" owner="SeleniumLibrary">
<arg>研究基金类型</arg>
<doc>Waits until ``text`` appears on the current page.</doc>
<status status="PASS" start="2025-03-08T22:40:13.980002" elapsed="0.014802"/>
</kw>
<kw name="Wait Until Page Contains" owner="SeleniumLibrary">
<arg>资助机构</arg>
<doc>Waits until ``text`` appears on the current page.</doc>
<status status="PASS" start="2025-03-08T22:40:13.994804" elapsed="0.015519"/>
</kw>
<kw name="Wait Until Page Contains" owner="SeleniumLibrary">
<arg>负责部门</arg>
<doc>Waits until ``text`` appears on the current page.</doc>
<status status="PASS" start="2025-03-08T22:40:14.010323" elapsed="0.018048"/>
</kw>
<kw name="Wait Until Page Contains" owner="SeleniumLibrary">
<arg>已分配预算</arg>
<doc>Waits until ``text`` appears on the current page.</doc>
<status status="PASS" start="2025-03-08T22:40:14.028371" elapsed="0.014769"/>
</kw>
<kw name="Click Element" owner="SeleniumLibrary">
<msg time="2025-03-08T22:40:14.044156" level="INFO">Clicking element 'xpath=//a[contains(@href, '/researchgroup')]'.</msg>
<arg>${RESEARCH_GROUP_URL}</arg>
<doc>Click the element identified by ``locator``.</doc>
<status status="PASS" start="2025-03-08T22:40:14.044156" elapsed="1.407947"/>
</kw>
<kw name="Wait Until Page Contains" owner="SeleniumLibrary">
<arg>研究小组</arg>
<doc>Waits until ``text`` appears on the current page.</doc>
<status status="PASS" start="2025-03-08T22:40:15.453617" elapsed="0.013538"/>
</kw>
<kw name="Wait Until Page Contains" owner="SeleniumLibrary">
<arg>研究小组</arg>
<doc>Waits until ``text`` appears on the current page.</doc>
<status status="PASS" start="2025-03-08T22:40:15.468156" elapsed="0.008535"/>
</kw>
<kw name="Wait Until Page Contains" owner="SeleniumLibrary">
<arg>实验室主管</arg>
<doc>Waits until ``text`` appears on the current page.</doc>
<status status="PASS" start="2025-03-08T22:40:15.477689" elapsed="0.011517"/>
</kw>
<kw name="Click Element" owner="SeleniumLibrary">
<msg time="2025-03-08T22:40:15.490234" level="INFO">Clicking element 'xpath=//a[contains(@href, '/researchgroupdetail/3')]'.</msg>
<arg>${RESEARCH_GROUP_DEMO}</arg>
<doc>Click the element identified by ``locator``.</doc>
<status status="PASS" start="2025-03-08T22:40:15.490234" elapsed="0.760923"/>
</kw>
<kw name="Wait Until Page Contains" owner="SeleniumLibrary">
<arg>实验室主管</arg>
<doc>Waits until ``text`` appears on the current page.</doc>
<status status="PASS" start="2025-03-08T22:40:16.251157" elapsed="0.010547"/>
</kw>
<kw name="Wait Until Page Contains" owner="SeleniumLibrary">
<arg>S学生</arg>
<doc>Waits until ``text`` appears on the current page.</doc>
<status status="PASS" start="2025-03-08T22:40:16.261704" elapsed="0.013611"/>
</kw>
<kw name="Click Element" owner="SeleniumLibrary">
<msg time="2025-03-08T22:40:16.276315" level="INFO">Clicking element 'xpath=//a[contains(@href, '/reports')]'.</msg>
<arg>${REPORT_URL}</arg>
<doc>Click the element identified by ``locator``.</doc>
<status status="PASS" start="2025-03-08T22:40:16.276315" elapsed="0.528573"/>
</kw>
<kw name="Wait Until Page Contains" owner="SeleniumLibrary">
<arg>报告</arg>
<doc>Waits until ``text`` appears on the current page.</doc>
<status status="PASS" start="2025-03-08T22:40:16.804888" elapsed="0.031814"/>
</kw>
<kw name="Wait Until Page Contains" owner="SeleniumLibrary">
<arg>5年总文章数统计</arg>
<doc>Waits until ``text`` appears on the current page.</doc>
<status status="PASS" start="2025-03-08T22:40:16.836702" elapsed="0.015891"/>
</kw>
<kw name="Wait Until Page Contains" owner="SeleniumLibrary">
<arg>文章被引次数统计</arg>
<doc>Waits until ``text`` appears on the current page.</doc>
<status status="PASS" start="2025-03-08T22:40:16.852593" elapsed="0.012765"/>
</kw>
<kw name="Wait Until Page Contains" owner="SeleniumLibrary">
<arg>来源</arg>
<doc>Waits until ``text`` appears on the current page.</doc>
<status status="PASS" start="2025-03-08T22:40:16.866348" elapsed="0.012768"/>
</kw>
<kw name="Close Browser" owner="SeleniumLibrary" type="TEARDOWN">
<doc>Closes the current browser.</doc>
<status status="PASS" start="2025-03-08T22:40:16.880117" elapsed="2.297233"/>
</kw>
<status status="PASS" start="2025-03-08T22:40:02.501043" elapsed="16.677310"/>
</test>
<status status="PASS" start="2025-03-08T22:40:01.812845" elapsed="17.366505"/>
</suite>
<statistics>
<total>
<stat pass="1" fail="0" skip="0">All Tests</stat>
</total>
<tag>
</tag>
<suite>
<stat name="Visitor Lang Switch" id="s1" pass="1" fail="0" skip="0">Visitor Lang Switch</stat>
</suite>
</statistics>
<errors>
</errors>
</robot>
