<?xml version="1.0" encoding="UTF-8"?>
<robot generator="Robot 7.2 (Python 3.12.8 on win32)" generated="2025-03-12T01:37:55.432371" rpa="false" schemaversion="5">
<suite id="s1" name="Staff Lang Switch" source="D:\SE_2567_126-0\group_project\git-group-repository-group-3-sec-1\code\tests\robot\staff_language_switch_tests\staff_lang_switch.robot">
<kw name="Open Browser To Login Page" type="SETUP">
<kw name="Open Browser" owner="SeleniumLibrary">
<msg time="2025-03-12T01:37:56.577221" level="INFO">Opening browser 'chrome' to base url 'http://127.0.0.1:8000/login'.</msg>
<arg>${URL}</arg>
<arg>${BROWSER}</arg>
<doc>Opens a new browser instance to the optional ``url``.</doc>
<status status="PASS" start="2025-03-12T01:37:56.577221" elapsed="4.498309"/>
</kw>
<kw name="Maximize Browser Window" owner="SeleniumLibrary">
<doc>Maximizes current browser window.</doc>
<status status="PASS" start="2025-03-12T01:38:01.080067" elapsed="0.206529"/>
</kw>
<kw name="Set Selenium Speed" owner="SeleniumLibrary">
<arg>${DELAY}</arg>
<doc>Sets the delay that is waited after each Selenium command.</doc>
<status status="PASS" start="2025-03-12T01:38:01.287177" elapsed="0.000000"/>
</kw>
<kw name="Login To System">
<kw name="Wait Until Page Contains Element" owner="SeleniumLibrary">
<arg>id=username</arg>
<arg>0.5s</arg>
<doc>Waits until the element ``locator`` appears on the current page.</doc>
<status status="PASS" start="2025-03-12T01:38:01.287177" elapsed="0.617449"/>
</kw>
<kw name="Log To Console" owner="BuiltIn">
<arg>Found username field</arg>
<doc>Logs the given message to the console.</doc>
<status status="PASS" start="2025-03-12T01:38:01.905235" elapsed="0.002601"/>
</kw>
<kw name="Input Text" owner="SeleniumLibrary">
<msg time="2025-03-12T01:38:01.907836" level="INFO">Typing text 'staff@gmail.com' into text field 'id=username'.</msg>
<arg>id=username</arg>
<arg>${USERNAME}</arg>
<doc>Types the given ``text`` into the text field identified by ``locator``.</doc>
<status status="PASS" start="2025-03-12T01:38:01.907836" elapsed="1.737024"/>
</kw>
<kw name="Input Text" owner="SeleniumLibrary">
<msg time="2025-03-12T01:38:03.645396" level="INFO">Typing text '123456789' into text field 'id=password'.</msg>
<arg>id=password</arg>
<arg>${PASSWORD}</arg>
<doc>Types the given ``text`` into the text field identified by ``locator``.</doc>
<status status="PASS" start="2025-03-12T01:38:03.645396" elapsed="1.802729"/>
</kw>
<kw name="Click Button" owner="SeleniumLibrary">
<msg time="2025-03-12T01:38:05.448125" level="INFO">Clicking button 'xpath=//button[@type='submit']'.</msg>
<arg>xpath=//button[@type='submit']</arg>
<doc>Clicks the button identified by ``locator``.</doc>
<status status="PASS" start="2025-03-12T01:38:05.448125" elapsed="7.522198"/>
</kw>
<kw name="Wait Until Location Contains" owner="SeleniumLibrary">
<arg>${DASHBOARD_URL}</arg>
<arg>0.5s</arg>
<doc>Waits until the current URL contains ``expected``.</doc>
<status status="PASS" start="2025-03-12T01:38:12.970323" elapsed="0.611715"/>
</kw>
<kw name="Log To Console" owner="BuiltIn">
<arg>Login successful, redirected to: ${DASHBOARD_URL}</arg>
<doc>Logs the given message to the console.</doc>
<status status="PASS" start="2025-03-12T01:38:13.582038" elapsed="0.002062"/>
</kw>
<kw name="Wait Until Page Contains Element" owner="SeleniumLibrary">
<arg>xpath=//a[@class='nav-link dropdown-toggle' and .//span[contains(@class, 'flag-icon')]]</arg>
<arg>0.5s</arg>
<doc>Waits until the element ``locator`` appears on the current page.</doc>
<status status="PASS" start="2025-03-12T01:38:13.584100" elapsed="0.535703"/>
</kw>
<status status="PASS" start="2025-03-12T01:38:01.287177" elapsed="12.832626"/>
</kw>
<status status="PASS" start="2025-03-12T01:37:56.575221" elapsed="17.544582"/>
</kw>
<test id="s1-t1" name="Verify Language Switcher Presence" line="49">
<kw name="Wait Until Element Is Visible" owner="SeleniumLibrary">
<arg>${LANG_DROPDOWN}</arg>
<doc>Waits until the element ``locator`` is visible.</doc>
<status status="PASS" start="2025-03-12T01:38:14.119803" elapsed="1.069993"/>
</kw>
<kw name="Element Should Be Visible" owner="SeleniumLibrary">
<msg time="2025-03-12T01:38:16.240180" level="INFO">Element 'id=navbarDropdownMenuLink' is displayed.</msg>
<arg>${LANG_DROPDOWN}</arg>
<doc>Verifies that the element identified by ``locator`` is visible.</doc>
<status status="PASS" start="2025-03-12T01:38:15.189796" elapsed="1.050384"/>
</kw>
<status status="PASS" start="2025-03-12T01:38:14.119803" elapsed="2.120377"/>
</test>
<test id="s1-t2" name="Verify Language Options Display" line="53">
<kw name="Wait Until Element Is Visible" owner="SeleniumLibrary">
<arg>${LANG_DROPDOWN}</arg>
<doc>Waits until the element ``locator`` is visible.</doc>
<status status="PASS" start="2025-03-12T01:38:16.240180" elapsed="1.043932"/>
</kw>
<kw name="Click Element" owner="SeleniumLibrary">
<msg time="2025-03-12T01:38:17.285520" level="INFO">Clicking element 'id=navbarDropdownMenuLink'.</msg>
<arg>${LANG_DROPDOWN}</arg>
<doc>Click the element identified by ``locator``.</doc>
<status status="PASS" start="2025-03-12T01:38:17.284491" elapsed="1.230258"/>
</kw>
<kw name="Wait Until Element Is Visible" owner="SeleniumLibrary">
<arg>${LANG_MENU}</arg>
<doc>Waits until the element ``locator`` is visible.</doc>
<status status="PASS" start="2025-03-12T01:38:18.515913" elapsed="1.051195"/>
</kw>
<kw name="Element Should Be Visible" owner="SeleniumLibrary">
<msg time="2025-03-12T01:38:20.616620" level="INFO">Element 'xpath=//a[contains(@href, '/lang/th')]' is displayed.</msg>
<arg>${THAI_LANG}</arg>
<doc>Verifies that the element identified by ``locator`` is visible.</doc>
<status status="PASS" start="2025-03-12T01:38:19.567108" elapsed="1.049512"/>
</kw>
<kw name="Element Should Be Visible" owner="SeleniumLibrary">
<msg time="2025-03-12T01:38:21.658534" level="INFO">Element 'xpath=//a[contains(@href, '/lang/cn')]' is displayed.</msg>
<arg>${CN_LANG}</arg>
<doc>Verifies that the element identified by ``locator`` is visible.</doc>
<status status="PASS" start="2025-03-12T01:38:20.616620" elapsed="1.041914"/>
</kw>
<status status="PASS" start="2025-03-12T01:38:16.240180" elapsed="5.419000"/>
</test>
<test id="s1-t3" name="Verify English Dashboard Page" line="61">
<kw name="Verify Dashboard Page English">
<kw name="Wait Until Page Contains" owner="SeleniumLibrary">
<arg>Research Information Management System</arg>
<doc>Waits until ``text`` appears on the current page.</doc>
<status status="PASS" start="2025-03-12T01:38:21.662547" elapsed="0.529309"/>
</kw>
<kw name="Wait Until Page Contains" owner="SeleniumLibrary">
<arg>Welcome to the Research Information Management System</arg>
<doc>Waits until ``text`` appears on the current page.</doc>
<status status="PASS" start="2025-03-12T01:38:22.191856" elapsed="0.526297"/>
</kw>
<kw name="Wait Until Page Contains" owner="SeleniumLibrary">
<arg>Hello</arg>
<doc>Waits until ``text`` appears on the current page.</doc>
<status status="PASS" start="2025-03-12T01:38:22.718153" elapsed="0.530270"/>
</kw>
<kw name="Wait Until Page Contains" owner="SeleniumLibrary">
<arg>staff</arg>
<doc>Waits until ``text`` appears on the current page.</doc>
<status status="PASS" start="2025-03-12T01:38:23.248423" elapsed="0.535333"/>
</kw>
<kw name="Wait Until Page Contains" owner="SeleniumLibrary">
<arg>Logout</arg>
<doc>Waits until ``text`` appears on the current page.</doc>
<status status="PASS" start="2025-03-12T01:38:23.783756" elapsed="0.536268"/>
</kw>
<status status="PASS" start="2025-03-12T01:38:21.659996" elapsed="2.660028"/>
</kw>
<status status="PASS" start="2025-03-12T01:38:21.659996" elapsed="2.660028"/>
</test>
<test id="s1-t4" name="Verify English Profile Page" line="64">
<kw name="Verify Profile Page English">
<kw name="Click Element" owner="SeleniumLibrary">
<msg time="2025-03-12T01:38:24.328662" level="INFO">Clicking element 'xpath=//a[contains(@href, '/profile')]'.</msg>
<arg>${PROFILE_URL}</arg>
<doc>Click the element identified by ``locator``.</doc>
<status status="PASS" start="2025-03-12T01:38:24.326122" elapsed="2.386208"/>
</kw>
<kw name="Wait Until Page Contains" owner="SeleniumLibrary">
<arg>Change Picture</arg>
<doc>Waits until ``text`` appears on the current page.</doc>
<status status="PASS" start="2025-03-12T01:38:26.712330" elapsed="0.572220"/>
</kw>
<kw name="Wait Until Page Contains" owner="SeleniumLibrary">
<arg>Account</arg>
<doc>Waits until ``text`` appears on the current page.</doc>
<status status="PASS" start="2025-03-12T01:38:27.284550" elapsed="0.534979"/>
</kw>
<kw name="Wait Until Page Contains" owner="SeleniumLibrary">
<arg>Password</arg>
<doc>Waits until ``text`` appears on the current page.</doc>
<status status="PASS" start="2025-03-12T01:38:27.820327" elapsed="0.523967"/>
</kw>
<kw name="Click Element" owner="SeleniumLibrary">
<msg time="2025-03-12T01:38:28.344294" level="INFO">Clicking element 'id=account-tab'.</msg>
<arg>${ACCOUNT_TAB}</arg>
<doc>Click the element identified by ``locator``.</doc>
<status status="PASS" start="2025-03-12T01:38:28.344294" elapsed="1.236570"/>
</kw>
<kw name="Wait Until Page Contains" owner="SeleniumLibrary">
<arg>Profile Setting</arg>
<doc>Waits until ``text`` appears on the current page.</doc>
<status status="PASS" start="2025-03-12T01:38:29.581213" elapsed="0.532216"/>
</kw>
<kw name="Wait Until Page Contains" owner="SeleniumLibrary">
<arg>Pronouns</arg>
<doc>Waits until ``text`` appears on the current page.</doc>
<status status="PASS" start="2025-03-12T01:38:30.113429" elapsed="0.530585"/>
</kw>
<kw name="Wait Until Page Contains" owner="SeleniumLibrary">
<arg>First Name (English)</arg>
<doc>Waits until ``text`` appears on the current page.</doc>
<status status="PASS" start="2025-03-12T01:38:30.644014" elapsed="0.531929"/>
</kw>
<kw name="Wait Until Page Contains" owner="SeleniumLibrary">
<arg>Last Name (English)</arg>
<doc>Waits until ``text`` appears on the current page.</doc>
<status status="PASS" start="2025-03-12T01:38:31.176534" elapsed="0.531194"/>
</kw>
<kw name="Wait Until Page Contains" owner="SeleniumLibrary">
<arg>First Name (Thai)</arg>
<doc>Waits until ``text`` appears on the current page.</doc>
<status status="PASS" start="2025-03-12T01:38:31.707728" elapsed="0.527643"/>
</kw>
<kw name="Wait Until Page Contains" owner="SeleniumLibrary">
<arg>Last Name (Thai)</arg>
<doc>Waits until ``text`` appears on the current page.</doc>
<status status="PASS" start="2025-03-12T01:38:32.235928" elapsed="0.527957"/>
</kw>
<kw name="Wait Until Page Contains" owner="SeleniumLibrary">
<arg>First Name (Chinese)</arg>
<doc>Waits until ``text`` appears on the current page.</doc>
<status status="PASS" start="2025-03-12T01:38:32.763885" elapsed="0.529858"/>
</kw>
<kw name="Wait Until Page Contains" owner="SeleniumLibrary">
<arg>Last Name (Chinese)</arg>
<doc>Waits until ``text`` appears on the current page.</doc>
<status status="PASS" start="2025-03-12T01:38:33.293743" elapsed="0.526077"/>
</kw>
<kw name="Wait Until Page Contains" owner="SeleniumLibrary">
<arg>Email</arg>
<doc>Waits until ``text`` appears on the current page.</doc>
<status status="PASS" start="2025-03-12T01:38:33.819820" elapsed="0.534435"/>
</kw>
<kw name="Wait Until Page Contains" owner="SeleniumLibrary">
<arg>Update</arg>
<doc>Waits until ``text`` appears on the current page.</doc>
<status status="PASS" start="2025-03-12T01:38:34.354255" elapsed="0.526676"/>
</kw>
<kw name="Click Element" owner="SeleniumLibrary">
<msg time="2025-03-12T01:38:34.881818" level="INFO">Clicking element 'id=password-tab'.</msg>
<arg>${PASSWORD_TAB}</arg>
<doc>Click the element identified by ``locator``.</doc>
<status status="PASS" start="2025-03-12T01:38:34.881818" elapsed="1.179806"/>
</kw>
<kw name="Wait Until Page Contains" owner="SeleniumLibrary">
<arg>Password Settings</arg>
<doc>Waits until ``text`` appears on the current page.</doc>
<status status="PASS" start="2025-03-12T01:38:36.061624" elapsed="0.531784"/>
</kw>
<kw name="Wait Until Page Contains" owner="SeleniumLibrary">
<arg>Old password</arg>
<doc>Waits until ``text`` appears on the current page.</doc>
<status status="PASS" start="2025-03-12T01:38:36.593408" elapsed="0.532082"/>
</kw>
<kw name="Wait Until Page Contains" owner="SeleniumLibrary">
<arg>New password</arg>
<doc>Waits until ``text`` appears on the current page.</doc>
<status status="PASS" start="2025-03-12T01:38:37.126514" elapsed="0.528396"/>
</kw>
<kw name="Wait Until Page Contains" owner="SeleniumLibrary">
<arg>Confirm new password</arg>
<doc>Waits until ``text`` appears on the current page.</doc>
<status status="PASS" start="2025-03-12T01:38:37.654910" elapsed="0.523657"/>
</kw>
<kw name="Wait Until Page Contains" owner="SeleniumLibrary">
<arg>Update</arg>
<doc>Waits until ``text`` appears on the current page.</doc>
<status status="PASS" start="2025-03-12T01:38:38.178567" elapsed="0.519921"/>
</kw>
<status status="PASS" start="2025-03-12T01:38:24.326122" elapsed="14.372366"/>
</kw>
<status status="PASS" start="2025-03-12T01:38:24.320024" elapsed="14.378464"/>
</test>
<test id="s1-t5" name="Verify English Manage Fund Page" line="67">
<kw name="Verify Manage Fund Page English">
<kw name="Click Element" owner="SeleniumLibrary">
<msg time="2025-03-12T01:38:38.698488" level="INFO">Clicking element 'xpath=//a[contains(@href, '/funds')]'.</msg>
<arg>${MANAGE_FUND_URL}</arg>
<doc>Click the element identified by ``locator``.</doc>
<status status="PASS" start="2025-03-12T01:38:38.698488" elapsed="2.632118"/>
</kw>
<kw name="Wait Until Page Contains" owner="SeleniumLibrary">
<arg>Research Grant</arg>
<doc>Waits until ``text`` appears on the current page.</doc>
<status status="PASS" start="2025-03-12T01:38:41.330606" elapsed="0.536360"/>
</kw>
<kw name="Wait Until Page Contains" owner="SeleniumLibrary">
<arg>Add</arg>
<doc>Waits until ``text`` appears on the current page.</doc>
<status status="PASS" start="2025-03-12T01:38:41.866966" elapsed="0.530264"/>
</kw>
<kw name="Wait Until Page Contains" owner="SeleniumLibrary">
<arg>No.</arg>
<doc>Waits until ``text`` appears on the current page.</doc>
<status status="PASS" start="2025-03-12T01:38:42.397755" elapsed="0.548335"/>
</kw>
<kw name="Wait Until Page Contains" owner="SeleniumLibrary">
<arg>Fund Name</arg>
<doc>Waits until ``text`` appears on the current page.</doc>
<status status="PASS" start="2025-03-12T01:38:42.947543" elapsed="0.541621"/>
</kw>
<kw name="Wait Until Page Contains" owner="SeleniumLibrary">
<arg>Fund Type</arg>
<doc>Waits until ``text`` appears on the current page.</doc>
<status status="PASS" start="2025-03-12T01:38:43.489164" elapsed="0.539502"/>
</kw>
<kw name="Wait Until Page Contains" owner="SeleniumLibrary">
<arg>Fund Level</arg>
<doc>Waits until ``text`` appears on the current page.</doc>
<status status="PASS" start="2025-03-12T01:38:44.028666" elapsed="0.531675"/>
</kw>
<kw name="Wait Until Page Contains" owner="SeleniumLibrary">
<arg>Search:</arg>
<doc>Waits until ``text`` appears on the current page.</doc>
<status status="PASS" start="2025-03-12T01:38:44.560341" elapsed="0.526854"/>
</kw>
<kw name="Wait Until Page Contains" owner="SeleniumLibrary">
<arg>Previous</arg>
<doc>Waits until ``text`` appears on the current page.</doc>
<status status="PASS" start="2025-03-12T01:38:45.087195" elapsed="0.530287"/>
</kw>
<kw name="Wait Until Page Contains" owner="SeleniumLibrary">
<arg>Next</arg>
<doc>Waits until ``text`` appears on the current page.</doc>
<status status="PASS" start="2025-03-12T01:38:45.618030" elapsed="0.525151"/>
</kw>
<kw name="Click Element" owner="SeleniumLibrary">
<msg time="2025-03-12T01:38:46.144721" level="INFO">Clicking element 'xpath=//a[contains(@href, '/funds/create')]'.</msg>
<arg>${CREATE_MANAGE_FUND_URL}</arg>
<doc>Click the element identified by ``locator``.</doc>
<status status="PASS" start="2025-03-12T01:38:46.143181" elapsed="2.247176"/>
</kw>
<kw name="Wait Until Page Contains" owner="SeleniumLibrary">
<arg>Add Research Fund</arg>
<doc>Waits until ``text`` appears on the current page.</doc>
<status status="PASS" start="2025-03-12T01:38:48.390357" elapsed="0.530290"/>
</kw>
<kw name="Wait Until Page Contains" owner="SeleniumLibrary">
<arg>Input Research Fund Detail</arg>
<doc>Waits until ``text`` appears on the current page.</doc>
<status status="PASS" start="2025-03-12T01:38:48.920647" elapsed="0.528954"/>
</kw>
<kw name="Wait Until Page Contains" owner="SeleniumLibrary">
<arg>Fund Type</arg>
<doc>Waits until ``text`` appears on the current page.</doc>
<status status="PASS" start="2025-03-12T01:38:49.449601" elapsed="0.524213"/>
</kw>
<kw name="Wait Until Page Contains" owner="SeleniumLibrary">
<arg>Fund Level</arg>
<doc>Waits until ``text`` appears on the current page.</doc>
<status status="PASS" start="2025-03-12T01:38:49.973814" elapsed="0.526076"/>
</kw>
<kw name="Wait Until Page Contains" owner="SeleniumLibrary">
<arg>Fund Name</arg>
<doc>Waits until ``text`` appears on the current page.</doc>
<status status="PASS" start="2025-03-12T01:38:50.499890" elapsed="0.519401"/>
</kw>
<kw name="Wait Until Page Contains" owner="SeleniumLibrary">
<arg>Organization support / Research Project (Thai language)</arg>
<doc>Waits until ``text`` appears on the current page.</doc>
<status status="PASS" start="2025-03-12T01:38:51.019495" elapsed="0.524217"/>
</kw>
<kw name="Wait Until Page Contains" owner="SeleniumLibrary">
<arg>Supporting Organization/Research Project (EN)</arg>
<doc>Waits until ``text`` appears on the current page.</doc>
<status status="PASS" start="2025-03-12T01:38:51.543712" elapsed="0.535071"/>
</kw>
<kw name="Wait Until Page Contains" owner="SeleniumLibrary">
<arg>Supporting Organization/Research Project (CN)</arg>
<doc>Waits until ``text`` appears on the current page.</doc>
<status status="PASS" start="2025-03-12T01:38:52.078783" elapsed="0.525896"/>
</kw>
<kw name="Wait Until Page Contains" owner="SeleniumLibrary">
<arg>Submit</arg>
<doc>Waits until ``text`` appears on the current page.</doc>
<status status="PASS" start="2025-03-12T01:38:52.604679" elapsed="0.528557"/>
</kw>
<kw name="Wait Until Page Contains" owner="SeleniumLibrary">
<arg>Cancel</arg>
<doc>Waits until ``text`` appears on the current page.</doc>
<status status="PASS" start="2025-03-12T01:38:53.133505" elapsed="0.538300"/>
</kw>
<kw name="Click Element" owner="SeleniumLibrary">
<msg time="2025-03-12T01:38:53.676833" level="INFO">Clicking element 'xpath=//a[contains(@href, '/funds')]'.</msg>
<arg>${MANAGE_FUND_URL}</arg>
<doc>Click the element identified by ``locator``.</doc>
<status status="PASS" start="2025-03-12T01:38:53.676833" elapsed="2.789984"/>
</kw>
<kw name="Click Element" owner="SeleniumLibrary">
<msg time="2025-03-12T01:38:56.466817" level="INFO">Clicking element 'xpath=//a[contains(@href, '/funds/2')]'.</msg>
<arg>${SHOW_FUND_DEMO_URL}</arg>
<doc>Click the element identified by ``locator``.</doc>
<status status="PASS" start="2025-03-12T01:38:56.466817" elapsed="2.717167"/>
</kw>
<kw name="Wait Until Page Contains" owner="SeleniumLibrary">
<arg>Fund Detail</arg>
<doc>Waits until ``text`` appears on the current page.</doc>
<status status="PASS" start="2025-03-12T01:38:59.183984" elapsed="0.528721"/>
</kw>
<kw name="Wait Until Page Contains" owner="SeleniumLibrary">
<arg>Description of the fund</arg>
<doc>Waits until ``text`` appears on the current page.</doc>
<status status="PASS" start="2025-03-12T01:38:59.712944" elapsed="0.538584"/>
</kw>
<kw name="Wait Until Page Contains" owner="SeleniumLibrary">
<arg>Fund Name</arg>
<doc>Waits until ``text`` appears on the current page.</doc>
<status status="PASS" start="2025-03-12T01:39:00.251528" elapsed="0.528521"/>
</kw>
<kw name="Wait Until Page Contains" owner="SeleniumLibrary">
<arg>Year</arg>
<doc>Waits until ``text`` appears on the current page.</doc>
<status status="PASS" start="2025-03-12T01:39:00.780439" elapsed="0.537761"/>
</kw>
<kw name="Wait Until Page Contains" owner="SeleniumLibrary">
<arg>Fund Detail</arg>
<doc>Waits until ``text`` appears on the current page.</doc>
<status status="PASS" start="2025-03-12T01:39:01.318200" elapsed="0.522041"/>
</kw>
<kw name="Wait Until Page Contains" owner="SeleniumLibrary">
<arg>Fund Type</arg>
<doc>Waits until ``text`` appears on the current page.</doc>
<status status="PASS" start="2025-03-12T01:39:01.840241" elapsed="0.520600"/>
</kw>
<kw name="Wait Until Page Contains" owner="SeleniumLibrary">
<arg>Fund Level</arg>
<doc>Waits until ``text`` appears on the current page.</doc>
<status status="PASS" start="2025-03-12T01:39:02.360841" elapsed="0.521464"/>
</kw>
<kw name="Wait Until Page Contains" owner="SeleniumLibrary">
<arg>Organization</arg>
<doc>Waits until ``text`` appears on the current page.</doc>
<status status="PASS" start="2025-03-12T01:39:02.882305" elapsed="0.530276"/>
</kw>
<kw name="Wait Until Page Contains" owner="SeleniumLibrary">
<arg>Add detail fund by</arg>
<doc>Waits until ``text`` appears on the current page.</doc>
<status status="PASS" start="2025-03-12T01:39:03.412581" elapsed="0.532380"/>
</kw>
<kw name="Wait Until Page Contains" owner="SeleniumLibrary">
<arg>Back</arg>
<doc>Waits until ``text`` appears on the current page.</doc>
<status status="PASS" start="2025-03-12T01:39:03.944961" elapsed="0.534288"/>
</kw>
<kw name="Click Element" owner="SeleniumLibrary">
<msg time="2025-03-12T01:39:04.479249" level="INFO">Clicking element 'xpath=//a[contains(@href, '/funds')]'.</msg>
<arg>${MANAGE_FUND_URL}</arg>
<doc>Click the element identified by ``locator``.</doc>
<status status="PASS" start="2025-03-12T01:39:04.479249" elapsed="2.631777"/>
</kw>
<kw name="Click Element" owner="SeleniumLibrary">
<msg time="2025-03-12T01:39:07.111026" level="INFO">Clicking element 'xpath=(//a[@title='Edit'])[1]'.</msg>
<arg>xpath=(//a[@title='Edit'])[1]</arg>
<doc>Click the element identified by ``locator``.</doc>
<status status="PASS" start="2025-03-12T01:39:07.111026" elapsed="2.190400"/>
</kw>
<kw name="Wait Until Page Contains" owner="SeleniumLibrary">
<arg>Edit Fund</arg>
<doc>Waits until ``text`` appears on the current page.</doc>
<status status="PASS" start="2025-03-12T01:39:09.301426" elapsed="0.531318"/>
</kw>
<kw name="Wait Until Page Contains" owner="SeleniumLibrary">
<arg>Edit Research Fund Detail</arg>
<doc>Waits until ``text`` appears on the current page.</doc>
<status status="PASS" start="2025-03-12T01:39:09.832744" elapsed="0.523692"/>
</kw>
<kw name="Wait Until Page Contains" owner="SeleniumLibrary">
<arg>Fund Type</arg>
<doc>Waits until ``text`` appears on the current page.</doc>
<status status="PASS" start="2025-03-12T01:39:10.357054" elapsed="0.521923"/>
</kw>
<kw name="Wait Until Page Contains" owner="SeleniumLibrary">
<arg>Fund Level</arg>
<doc>Waits until ``text`` appears on the current page.</doc>
<status status="PASS" start="2025-03-12T01:39:10.878977" elapsed="0.522401"/>
</kw>
<kw name="Wait Until Page Contains" owner="SeleniumLibrary">
<arg>Fund Name</arg>
<doc>Waits until ``text`` appears on the current page.</doc>
<status status="PASS" start="2025-03-12T01:39:11.401378" elapsed="0.523287"/>
</kw>
<kw name="Wait Until Page Contains" owner="SeleniumLibrary">
<arg>Organization support / Research Project (Thai language)</arg>
<doc>Waits until ``text`` appears on the current page.</doc>
<status status="PASS" start="2025-03-12T01:39:11.924665" elapsed="0.522923"/>
</kw>
<kw name="Wait Until Page Contains" owner="SeleniumLibrary">
<arg>Supporting Organization/Research Project (EN)</arg>
<doc>Waits until ``text`` appears on the current page.</doc>
<status status="PASS" start="2025-03-12T01:39:12.447588" elapsed="0.521683"/>
</kw>
<kw name="Wait Until Page Contains" owner="SeleniumLibrary">
<arg>Supporting Organization/Research Project (CN)</arg>
<doc>Waits until ``text`` appears on the current page.</doc>
<status status="PASS" start="2025-03-12T01:39:12.969271" elapsed="0.523498"/>
</kw>
<kw name="Wait Until Page Contains" owner="SeleniumLibrary">
<arg>Submit</arg>
<doc>Waits until ``text`` appears on the current page.</doc>
<status status="PASS" start="2025-03-12T01:39:13.492769" elapsed="0.521029"/>
</kw>
<kw name="Wait Until Page Contains" owner="SeleniumLibrary">
<arg>Cancel</arg>
<doc>Waits until ``text`` appears on the current page.</doc>
<status status="PASS" start="2025-03-12T01:39:14.013798" elapsed="0.521669"/>
</kw>
<kw name="Click Element" owner="SeleniumLibrary">
<msg time="2025-03-12T01:39:14.535467" level="INFO">Clicking element 'xpath=//a[contains(@href, '/funds')]'.</msg>
<arg>${MANAGE_FUND_URL}</arg>
<doc>Click the element identified by ``locator``.</doc>
<status status="PASS" start="2025-03-12T01:39:14.535467" elapsed="2.430267"/>
</kw>
<kw name="Click Element" owner="SeleniumLibrary">
<msg time="2025-03-12T01:39:16.967357" level="INFO">Clicking element 'xpath=//button[@title='Delete']'.</msg>
<arg>xpath=//button[@title='Delete']</arg>
<doc>Click the element identified by ``locator``.</doc>
<status status="PASS" start="2025-03-12T01:39:16.965734" elapsed="1.197217"/>
</kw>
<kw name="Wait Until Page Contains" owner="SeleniumLibrary">
<arg>Are you sure?</arg>
<doc>Waits until ``text`` appears on the current page.</doc>
<status status="PASS" start="2025-03-12T01:39:18.162951" elapsed="0.535402"/>
</kw>
<kw name="Wait Until Page Contains" owner="SeleniumLibrary">
<arg>If you delete this, it will be gone forever.</arg>
<doc>Waits until ``text`` appears on the current page.</doc>
<status status="PASS" start="2025-03-12T01:39:18.698353" elapsed="0.535322"/>
</kw>
<kw name="Wait Until Page Contains" owner="SeleniumLibrary">
<arg>Cancel</arg>
<doc>Waits until ``text`` appears on the current page.</doc>
<status status="PASS" start="2025-03-12T01:39:19.234128" elapsed="0.525047"/>
</kw>
<kw name="Wait Until Page Contains" owner="SeleniumLibrary">
<arg>Submit</arg>
<doc>Waits until ``text`` appears on the current page.</doc>
<status status="PASS" start="2025-03-12T01:39:19.759175" elapsed="0.523617"/>
</kw>
<kw name="Click Element" owner="SeleniumLibrary">
<msg time="2025-03-12T01:39:20.282792" level="INFO">Clicking element 'xpath=//button[@class='swal-button swal-button--cancel']'.</msg>
<arg>xpath=//button[@class='swal-button swal-button--cancel']</arg>
<doc>Click the element identified by ``locator``.</doc>
<status status="PASS" start="2025-03-12T01:39:20.282792" elapsed="1.194016"/>
</kw>
<status status="PASS" start="2025-03-12T01:38:38.698488" elapsed="42.778896"/>
</kw>
<status status="PASS" start="2025-03-12T01:38:38.698488" elapsed="42.778896"/>
</test>
<test id="s1-t6" name="Verify English Research Project Page" line="70">
<kw name="Verify Research Project Page English">
<kw name="Click Element" owner="SeleniumLibrary">
<msg time="2025-03-12T01:39:21.482991" level="INFO">Clicking element 'xpath=//a[contains(@href, '/researchProjects')]'.</msg>
<arg>${RESEARCH_PROJECT_URL}</arg>
<doc>Click the element identified by ``locator``.</doc>
<status status="PASS" start="2025-03-12T01:39:21.482991" elapsed="2.411834"/>
</kw>
<kw name="Wait Until Page Contains" owner="SeleniumLibrary">
<arg>Research Project</arg>
<doc>Waits until ``text`` appears on the current page.</doc>
<status status="PASS" start="2025-03-12T01:39:23.894825" elapsed="0.527451"/>
</kw>
<kw name="Wait Until Page Contains" owner="SeleniumLibrary">
<arg>Add</arg>
<doc>Waits until ``text`` appears on the current page.</doc>
<status status="PASS" start="2025-03-12T01:39:24.422276" elapsed="0.523001"/>
</kw>
<kw name="Wait Until Page Contains" owner="SeleniumLibrary">
<arg>No.</arg>
<doc>Waits until ``text`` appears on the current page.</doc>
<status status="PASS" start="2025-03-12T01:39:24.945527" elapsed="0.525594"/>
</kw>
<kw name="Wait Until Page Contains" owner="SeleniumLibrary">
<arg>Year</arg>
<doc>Waits until ``text`` appears on the current page.</doc>
<status status="PASS" start="2025-03-12T01:39:25.471121" elapsed="0.525415"/>
</kw>
<kw name="Wait Until Page Contains" owner="SeleniumLibrary">
<arg>Project Name</arg>
<doc>Waits until ``text`` appears on the current page.</doc>
<status status="PASS" start="2025-03-12T01:39:25.996536" elapsed="0.531586"/>
</kw>
<kw name="Wait Until Page Contains" owner="SeleniumLibrary">
<arg>Head</arg>
<doc>Waits until ``text`` appears on the current page.</doc>
<status status="PASS" start="2025-03-12T01:39:26.528122" elapsed="0.560015"/>
</kw>
<kw name="Wait Until Page Contains" owner="SeleniumLibrary">
<arg>Member</arg>
<doc>Waits until ``text`` appears on the current page.</doc>
<status status="PASS" start="2025-03-12T01:39:27.088137" elapsed="0.533302"/>
</kw>
<kw name="Wait Until Page Contains" owner="SeleniumLibrary">
<arg>Action</arg>
<doc>Waits until ``text`` appears on the current page.</doc>
<status status="PASS" start="2025-03-12T01:39:27.621439" elapsed="0.537005"/>
</kw>
<kw name="Wait Until Page Contains" owner="SeleniumLibrary">
<arg>Search:</arg>
<doc>Waits until ``text`` appears on the current page.</doc>
<status status="PASS" start="2025-03-12T01:39:28.158444" elapsed="0.527908"/>
</kw>
<kw name="Wait Until Page Contains" owner="SeleniumLibrary">
<arg>Previous</arg>
<doc>Waits until ``text`` appears on the current page.</doc>
<status status="PASS" start="2025-03-12T01:39:28.686769" elapsed="0.534337"/>
</kw>
<kw name="Wait Until Page Contains" owner="SeleniumLibrary">
<arg>Next</arg>
<doc>Waits until ``text`` appears on the current page.</doc>
<status status="PASS" start="2025-03-12T01:39:29.221106" elapsed="0.521256"/>
</kw>
<kw name="Click Element" owner="SeleniumLibrary">
<msg time="2025-03-12T01:39:29.742362" level="INFO">Clicking element 'xpath=//a[contains(@href, '/researchProjects/create')]'.</msg>
<arg>${CREATE_RESEARCH_PROJECT_URL}</arg>
<doc>Click the element identified by ``locator``.</doc>
<status status="PASS" start="2025-03-12T01:39:29.742362" elapsed="2.505202"/>
</kw>
<kw name="Wait Until Page Contains" owner="SeleniumLibrary">
<arg>Research Project</arg>
<doc>Waits until ``text`` appears on the current page.</doc>
<status status="PASS" start="2025-03-12T01:39:32.248108" elapsed="0.532802"/>
</kw>
<kw name="Wait Until Page Contains" owner="SeleniumLibrary">
<arg>Input Research Project Detail</arg>
<doc>Waits until ``text`` appears on the current page.</doc>
<status status="PASS" start="2025-03-12T01:39:32.781156" elapsed="0.527804"/>
</kw>
<kw name="Wait Until Page Contains" owner="SeleniumLibrary">
<arg>Project Name</arg>
<doc>Waits until ``text`` appears on the current page.</doc>
<status status="PASS" start="2025-03-12T01:39:33.309968" elapsed="0.529924"/>
</kw>
<kw name="Wait Until Page Contains" owner="SeleniumLibrary">
<arg>Start Date</arg>
<doc>Waits until ``text`` appears on the current page.</doc>
<status status="PASS" start="2025-03-12T01:39:33.840514" elapsed="0.523668"/>
</kw>
<kw name="Wait Until Page Contains" owner="SeleniumLibrary">
<arg>End Date</arg>
<doc>Waits until ``text`` appears on the current page.</doc>
<status status="PASS" start="2025-03-12T01:39:34.364182" elapsed="0.531141"/>
</kw>
<kw name="Wait Until Page Contains" owner="SeleniumLibrary">
<arg>Choose the fund</arg>
<doc>Waits until ``text`` appears on the current page.</doc>
<status status="PASS" start="2025-03-12T01:39:34.895323" elapsed="0.536852"/>
</kw>
<kw name="Wait Until Page Contains" owner="SeleniumLibrary">
<arg>Year of submission (AD)</arg>
<doc>Waits until ``text`` appears on the current page.</doc>
<status status="PASS" start="2025-03-12T01:39:35.432436" elapsed="0.523415"/>
</kw>
<kw name="Wait Until Page Contains" owner="SeleniumLibrary">
<arg>Budget</arg>
<doc>Waits until ``text`` appears on the current page.</doc>
<status status="PASS" start="2025-03-12T01:39:35.955851" elapsed="0.526501"/>
</kw>
<kw name="Wait Until Page Contains" owner="SeleniumLibrary">
<arg>Responsible Department</arg>
<doc>Waits until ``text`` appears on the current page.</doc>
<status status="PASS" start="2025-03-12T01:39:36.482352" elapsed="0.534250"/>
</kw>
<kw name="Wait Until Page Contains" owner="SeleniumLibrary">
<arg>Research Projects Detail</arg>
<doc>Waits until ``text`` appears on the current page.</doc>
<status status="PASS" start="2025-03-12T01:39:37.016602" elapsed="0.542040"/>
</kw>
<kw name="Wait Until Page Contains" owner="SeleniumLibrary">
<arg>Status</arg>
<doc>Waits until ``text`` appears on the current page.</doc>
<status status="PASS" start="2025-03-12T01:39:37.558642" elapsed="0.526026"/>
</kw>
<kw name="Wait Until Page Contains" owner="SeleniumLibrary">
<arg>Project Responsible</arg>
<doc>Waits until ``text`` appears on the current page.</doc>
<status status="PASS" start="2025-03-12T01:39:38.084668" elapsed="0.524328"/>
</kw>
<kw name="Wait Until Page Contains" owner="SeleniumLibrary">
<arg>Internal Co-Project Manager</arg>
<doc>Waits until ``text`` appears on the current page.</doc>
<status status="PASS" start="2025-03-12T01:39:38.608996" elapsed="0.525930"/>
</kw>
<kw name="Wait Until Page Contains" owner="SeleniumLibrary">
<arg>External Co-Project Manager</arg>
<doc>Waits until ``text`` appears on the current page.</doc>
<status status="PASS" start="2025-03-12T01:39:39.134926" elapsed="0.533102"/>
</kw>
<kw name="Wait Until Page Contains" owner="SeleniumLibrary">
<arg>Submit</arg>
<doc>Waits until ``text`` appears on the current page.</doc>
<status status="PASS" start="2025-03-12T01:39:39.668028" elapsed="0.522661"/>
</kw>
<kw name="Wait Until Page Contains" owner="SeleniumLibrary">
<arg>Cancel</arg>
<doc>Waits until ``text`` appears on the current page.</doc>
<status status="PASS" start="2025-03-12T01:39:40.190689" elapsed="0.527405"/>
</kw>
<kw name="Click Element" owner="SeleniumLibrary">
<msg time="2025-03-12T01:39:40.718094" level="INFO">Clicking element 'xpath=//a[contains(@href, '/researchProjects')]'.</msg>
<arg>${RESEARCH_PROJECT_URL}</arg>
<doc>Click the element identified by ``locator``.</doc>
<status status="PASS" start="2025-03-12T01:39:40.718094" elapsed="2.470353"/>
</kw>
<kw name="Click Element" owner="SeleniumLibrary">
<msg time="2025-03-12T01:39:43.188447" level="INFO">Clicking element 'xpath=//a[contains(@href, '/researchProjects/16')]'.</msg>
<arg>${SHOW_RESEARCH_PROJECT_DEMO_URL}</arg>
<doc>Click the element identified by ``locator``.</doc>
<status status="PASS" start="2025-03-12T01:39:43.188447" elapsed="2.186134"/>
</kw>
<kw name="Wait Until Page Contains" owner="SeleniumLibrary">
<arg>Research Projects Detail</arg>
<doc>Waits until ``text`` appears on the current page.</doc>
<status status="PASS" start="2025-03-12T01:39:45.374581" elapsed="0.526302"/>
</kw>
<kw name="Wait Until Page Contains" owner="SeleniumLibrary">
<arg>Description of the project</arg>
<doc>Waits until ``text`` appears on the current page.</doc>
<status status="PASS" start="2025-03-12T01:39:45.900883" elapsed="0.530745"/>
</kw>
<kw name="Wait Until Page Contains" owner="SeleniumLibrary">
<arg>Project Name</arg>
<doc>Waits until ``text`` appears on the current page.</doc>
<status status="PASS" start="2025-03-12T01:39:46.431628" elapsed="0.528143"/>
</kw>
<kw name="Wait Until Page Contains" owner="SeleniumLibrary">
<arg>Start Date</arg>
<doc>Waits until ``text`` appears on the current page.</doc>
<status status="PASS" start="2025-03-12T01:39:46.959771" elapsed="0.518598"/>
</kw>
<kw name="Wait Until Page Contains" owner="SeleniumLibrary">
<arg>End Date</arg>
<doc>Waits until ``text`` appears on the current page.</doc>
<status status="PASS" start="2025-03-12T01:39:47.478583" elapsed="0.519896"/>
</kw>
<kw name="Wait Until Page Contains" owner="SeleniumLibrary">
<arg>Fund Name</arg>
<doc>Waits until ``text`` appears on the current page.</doc>
<status status="PASS" start="2025-03-12T01:39:47.998479" elapsed="0.521786"/>
</kw>
<kw name="Wait Until Page Contains" owner="SeleniumLibrary">
<arg>Budget</arg>
<doc>Waits until ``text`` appears on the current page.</doc>
<status status="PASS" start="2025-03-12T01:39:48.520265" elapsed="0.520676"/>
</kw>
<kw name="Wait Until Page Contains" owner="SeleniumLibrary">
<arg>Note</arg>
<doc>Waits until ``text`` appears on the current page.</doc>
<status status="PASS" start="2025-03-12T01:39:49.040941" elapsed="0.529701"/>
</kw>
<kw name="Wait Until Page Contains" owner="SeleniumLibrary">
<arg>Status</arg>
<doc>Waits until ``text`` appears on the current page.</doc>
<status status="PASS" start="2025-03-12T01:39:49.570642" elapsed="0.520359"/>
</kw>
<kw name="Wait Until Page Contains" owner="SeleniumLibrary">
<arg>Project Responsible</arg>
<doc>Waits until ``text`` appears on the current page.</doc>
<status status="PASS" start="2025-03-12T01:39:50.091001" elapsed="0.519083"/>
</kw>
<kw name="Wait Until Page Contains" owner="SeleniumLibrary">
<arg>Member</arg>
<doc>Waits until ``text`` appears on the current page.</doc>
<status status="PASS" start="2025-03-12T01:39:50.610084" elapsed="0.517593"/>
</kw>
<kw name="Wait Until Page Contains" owner="SeleniumLibrary">
<arg>Back</arg>
<doc>Waits until ``text`` appears on the current page.</doc>
<status status="PASS" start="2025-03-12T01:39:51.128303" elapsed="0.524594"/>
</kw>
<kw name="Click Element" owner="SeleniumLibrary">
<msg time="2025-03-12T01:39:51.652897" level="INFO">Clicking element 'xpath=//a[contains(@href, '/researchProjects')]'.</msg>
<arg>${RESEARCH_PROJECT_URL}</arg>
<doc>Click the element identified by ``locator``.</doc>
<status status="PASS" start="2025-03-12T01:39:51.652897" elapsed="2.504925"/>
</kw>
<kw name="Click Element" owner="SeleniumLibrary">
<msg time="2025-03-12T01:39:54.158446" level="INFO">Clicking element 'xpath=(//a[@title='Edit'])[1]'.</msg>
<arg>xpath=(//a[@title='Edit'])[1]</arg>
<doc>Click the element identified by ``locator``.</doc>
<status status="PASS" start="2025-03-12T01:39:54.158446" elapsed="2.229219"/>
</kw>
<kw name="Wait Until Page Contains" owner="SeleniumLibrary">
<arg>Edit Research Project</arg>
<doc>Waits until ``text`` appears on the current page.</doc>
<status status="PASS" start="2025-03-12T01:39:56.387665" elapsed="0.532156"/>
</kw>
<kw name="Wait Until Page Contains" owner="SeleniumLibrary">
<arg>Edit Research Project Detail</arg>
<doc>Waits until ``text`` appears on the current page.</doc>
<status status="PASS" start="2025-03-12T01:39:56.919821" elapsed="0.531438"/>
</kw>
<kw name="Wait Until Page Contains" owner="SeleniumLibrary">
<arg>Project Name</arg>
<doc>Waits until ``text`` appears on the current page.</doc>
<status status="PASS" start="2025-03-12T01:39:57.451259" elapsed="0.518552"/>
</kw>
<kw name="Wait Until Page Contains" owner="SeleniumLibrary">
<arg>Start Date</arg>
<doc>Waits until ``text`` appears on the current page.</doc>
<status status="PASS" start="2025-03-12T01:39:57.969811" elapsed="0.521547"/>
</kw>
<kw name="Wait Until Page Contains" owner="SeleniumLibrary">
<arg>End Date</arg>
<doc>Waits until ``text`` appears on the current page.</doc>
<status status="PASS" start="2025-03-12T01:39:58.491358" elapsed="0.523779"/>
</kw>
<kw name="Wait Until Page Contains" owner="SeleniumLibrary">
<arg>Choose the fund</arg>
<doc>Waits until ``text`` appears on the current page.</doc>
<status status="PASS" start="2025-03-12T01:39:59.016159" elapsed="0.523286"/>
</kw>
<kw name="Wait Until Page Contains" owner="SeleniumLibrary">
<arg>Year of submission (AD)</arg>
<doc>Waits until ``text`` appears on the current page.</doc>
<status status="PASS" start="2025-03-12T01:39:59.540132" elapsed="0.558882"/>
</kw>
<kw name="Wait Until Page Contains" owner="SeleniumLibrary">
<arg>Budget</arg>
<doc>Waits until ``text`` appears on the current page.</doc>
<status status="PASS" start="2025-03-12T01:40:00.099014" elapsed="0.520898"/>
</kw>
<kw name="Wait Until Page Contains" owner="SeleniumLibrary">
<arg>Responsible Department</arg>
<doc>Waits until ``text`` appears on the current page.</doc>
<status status="PASS" start="2025-03-12T01:40:00.619912" elapsed="0.526815"/>
</kw>
<kw name="Wait Until Page Contains" owner="SeleniumLibrary">
<arg>Description of the project</arg>
<doc>Waits until ``text`` appears on the current page.</doc>
<status status="PASS" start="2025-03-12T01:40:01.146727" elapsed="0.520558"/>
</kw>
<kw name="Wait Until Page Contains" owner="SeleniumLibrary">
<arg>Status</arg>
<doc>Waits until ``text`` appears on the current page.</doc>
<status status="PASS" start="2025-03-12T01:40:01.667285" elapsed="0.522032"/>
</kw>
<kw name="Wait Until Page Contains" owner="SeleniumLibrary">
<arg>Project Responsible</arg>
<doc>Waits until ``text`` appears on the current page.</doc>
<status status="PASS" start="2025-03-12T01:40:02.189317" elapsed="0.521215"/>
</kw>
<kw name="Wait Until Page Contains" owner="SeleniumLibrary">
<arg>Internal Co-Project Manager</arg>
<doc>Waits until ``text`` appears on the current page.</doc>
<status status="PASS" start="2025-03-12T01:40:02.710532" elapsed="0.575405"/>
</kw>
<kw name="Wait Until Page Contains" owner="SeleniumLibrary">
<arg>External Co-Project Manager</arg>
<doc>Waits until ``text`` appears on the current page.</doc>
<status status="PASS" start="2025-03-12T01:40:03.286253" elapsed="0.526280"/>
</kw>
<kw name="Wait Until Page Contains" owner="SeleniumLibrary">
<arg>Submit</arg>
<doc>Waits until ``text`` appears on the current page.</doc>
<status status="PASS" start="2025-03-12T01:40:03.813063" elapsed="0.529453"/>
</kw>
<kw name="Wait Until Page Contains" owner="SeleniumLibrary">
<arg>Cancel</arg>
<doc>Waits until ``text`` appears on the current page.</doc>
<status status="PASS" start="2025-03-12T01:40:04.342516" elapsed="0.526598"/>
</kw>
<kw name="Click Element" owner="SeleniumLibrary">
<msg time="2025-03-12T01:40:04.870960" level="INFO">Clicking element 'xpath=//a[contains(@href, '/researchProjects')]'.</msg>
<arg>${RESEARCH_PROJECT_URL}</arg>
<doc>Click the element identified by ``locator``.</doc>
<status status="PASS" start="2025-03-12T01:40:04.869114" elapsed="2.487726"/>
</kw>
<kw name="Click Element" owner="SeleniumLibrary">
<msg time="2025-03-12T01:40:07.356840" level="INFO">Clicking element 'xpath=//button[@title='Delete']'.</msg>
<arg>xpath=//button[@title='Delete']</arg>
<doc>Click the element identified by ``locator``.</doc>
<status status="PASS" start="2025-03-12T01:40:07.356840" elapsed="1.159820"/>
</kw>
<kw name="Wait Until Page Contains" owner="SeleniumLibrary">
<arg>Are you sure?</arg>
<doc>Waits until ``text`` appears on the current page.</doc>
<status status="PASS" start="2025-03-12T01:40:08.516660" elapsed="0.522068"/>
</kw>
<kw name="Wait Until Page Contains" owner="SeleniumLibrary">
<arg>If you delete this, it will be gone forever.</arg>
<doc>Waits until ``text`` appears on the current page.</doc>
<status status="PASS" start="2025-03-12T01:40:09.039349" elapsed="0.518941"/>
</kw>
<kw name="Wait Until Page Contains" owner="SeleniumLibrary">
<arg>Cancel</arg>
<doc>Waits until ``text`` appears on the current page.</doc>
<status status="PASS" start="2025-03-12T01:40:09.558491" elapsed="0.520110"/>
</kw>
<kw name="Wait Until Page Contains" owner="SeleniumLibrary">
<arg>Submit</arg>
<doc>Waits until ``text`` appears on the current page.</doc>
<status status="PASS" start="2025-03-12T01:40:10.079446" elapsed="0.529818"/>
</kw>
<kw name="Click Element" owner="SeleniumLibrary">
<msg time="2025-03-12T01:40:10.610948" level="INFO">Clicking element 'xpath=//button[@class='swal-button swal-button--cancel']'.</msg>
<arg>xpath=//button[@class='swal-button swal-button--cancel']</arg>
<doc>Click the element identified by ``locator``.</doc>
<status status="PASS" start="2025-03-12T01:40:10.609264" elapsed="1.173367"/>
</kw>
<status status="PASS" start="2025-03-12T01:39:21.477384" elapsed="50.305516"/>
</kw>
<status status="PASS" start="2025-03-12T01:39:21.477384" elapsed="50.305516"/>
</test>
<test id="s1-t7" name="Verify English Research Group Page" line="73">
<kw name="Verify Research Group Page English">
<kw name="Click Element" owner="SeleniumLibrary">
<msg time="2025-03-12T01:40:11.788925" level="INFO">Clicking element 'xpath=//a[contains(@href, '/researchGroups')]'.</msg>
<arg>${RESEARCH_GROUP_URL}</arg>
<doc>Click the element identified by ``locator``.</doc>
<status status="PASS" start="2025-03-12T01:40:11.782900" elapsed="2.484739"/>
</kw>
<kw name="Wait Until Page Contains" owner="SeleniumLibrary">
<arg>Research Group</arg>
<doc>Waits until ``text`` appears on the current page.</doc>
<status status="PASS" start="2025-03-12T01:40:14.267639" elapsed="0.529527"/>
</kw>
<kw name="Wait Until Page Contains" owner="SeleniumLibrary">
<arg>Add</arg>
<doc>Waits until ``text`` appears on the current page.</doc>
<status status="PASS" start="2025-03-12T01:40:14.797166" elapsed="0.522646"/>
</kw>
<kw name="Wait Until Page Contains" owner="SeleniumLibrary">
<arg>No.</arg>
<doc>Waits until ``text`` appears on the current page.</doc>
<status status="PASS" start="2025-03-12T01:40:15.319812" elapsed="0.536135"/>
</kw>
<kw name="Wait Until Page Contains" owner="SeleniumLibrary">
<arg>Group Name</arg>
<doc>Waits until ``text`` appears on the current page.</doc>
<status status="PASS" start="2025-03-12T01:40:15.855947" elapsed="0.531819"/>
</kw>
<kw name="Wait Until Page Contains" owner="SeleniumLibrary">
<arg>Head</arg>
<doc>Waits until ``text`` appears on the current page.</doc>
<status status="PASS" start="2025-03-12T01:40:16.387766" elapsed="0.525672"/>
</kw>
<kw name="Wait Until Page Contains" owner="SeleniumLibrary">
<arg>Member</arg>
<doc>Waits until ``text`` appears on the current page.</doc>
<status status="PASS" start="2025-03-12T01:40:16.913438" elapsed="0.524656"/>
</kw>
<kw name="Wait Until Page Contains" owner="SeleniumLibrary">
<arg>Action</arg>
<doc>Waits until ``text`` appears on the current page.</doc>
<status status="PASS" start="2025-03-12T01:40:17.439192" elapsed="0.524206"/>
</kw>
<kw name="Wait Until Page Contains" owner="SeleniumLibrary">
<arg>Search:</arg>
<doc>Waits until ``text`` appears on the current page.</doc>
<status status="PASS" start="2025-03-12T01:40:17.967580" elapsed="0.522700"/>
</kw>
<kw name="Wait Until Page Contains" owner="SeleniumLibrary">
<arg>Previous</arg>
<doc>Waits until ``text`` appears on the current page.</doc>
<status status="PASS" start="2025-03-12T01:40:18.490280" elapsed="0.526815"/>
</kw>
<kw name="Wait Until Page Contains" owner="SeleniumLibrary">
<arg>Next</arg>
<doc>Waits until ``text`` appears on the current page.</doc>
<status status="PASS" start="2025-03-12T01:40:19.017095" elapsed="0.524797"/>
</kw>
<kw name="Click Element" owner="SeleniumLibrary">
<msg time="2025-03-12T01:40:19.541892" level="INFO">Clicking element 'xpath=//a[contains(@href, '/researchGroups/create')]'.</msg>
<arg>${CREATE_RESEARCH_GROUP_URL}</arg>
<doc>Click the element identified by ``locator``.</doc>
<status status="PASS" start="2025-03-12T01:40:19.541892" elapsed="2.416174"/>
</kw>
<kw name="Wait Until Page Contains" owner="SeleniumLibrary">
<arg>Create Research Group</arg>
<doc>Waits until ``text`` appears on the current page.</doc>
<status status="PASS" start="2025-03-12T01:40:21.958066" elapsed="0.547146"/>
</kw>
<kw name="Wait Until Page Contains" owner="SeleniumLibrary">
<arg>Input Research Group Detail</arg>
<doc>Waits until ``text`` appears on the current page.</doc>
<status status="PASS" start="2025-03-12T01:40:22.505212" elapsed="0.529493"/>
</kw>
<kw name="Wait Until Page Contains" owner="SeleniumLibrary">
<arg>Group Name (TH)</arg>
<doc>Waits until ``text`` appears on the current page.</doc>
<status status="PASS" start="2025-03-12T01:40:23.034705" elapsed="0.533831"/>
</kw>
<kw name="Wait Until Page Contains" owner="SeleniumLibrary">
<arg>Group Name (EN)</arg>
<doc>Waits until ``text`` appears on the current page.</doc>
<status status="PASS" start="2025-03-12T01:40:23.568536" elapsed="0.529966"/>
</kw>
<kw name="Wait Until Page Contains" owner="SeleniumLibrary">
<arg>Research Group Name (CN)</arg>
<doc>Waits until ``text`` appears on the current page.</doc>
<status status="PASS" start="2025-03-12T01:40:24.098502" elapsed="0.542324"/>
</kw>
<kw name="Wait Until Page Contains" owner="SeleniumLibrary">
<arg>Description (TH)</arg>
<doc>Waits until ``text`` appears on the current page.</doc>
<status status="PASS" start="2025-03-12T01:40:24.640826" elapsed="0.534509"/>
</kw>
<kw name="Wait Until Page Contains" owner="SeleniumLibrary">
<arg>Description (EN)</arg>
<doc>Waits until ``text`` appears on the current page.</doc>
<status status="PASS" start="2025-03-12T01:40:25.175937" elapsed="0.535689"/>
</kw>
<kw name="Wait Until Page Contains" owner="SeleniumLibrary">
<arg>Research Group Descriptions (CN)</arg>
<doc>Waits until ``text`` appears on the current page.</doc>
<status status="PASS" start="2025-03-12T01:40:25.712827" elapsed="0.528511"/>
</kw>
<kw name="Wait Until Page Contains" owner="SeleniumLibrary">
<arg>Detail (TH)</arg>
<doc>Waits until ``text`` appears on the current page.</doc>
<status status="PASS" start="2025-03-12T01:40:26.241338" elapsed="0.527622"/>
</kw>
<kw name="Wait Until Page Contains" owner="SeleniumLibrary">
<arg>Detail (EN)</arg>
<doc>Waits until ``text`` appears on the current page.</doc>
<status status="PASS" start="2025-03-12T01:40:26.769557" elapsed="0.529314"/>
</kw>
<kw name="Wait Until Page Contains" owner="SeleniumLibrary">
<arg>Research Group Detail (CN)</arg>
<doc>Waits until ``text`` appears on the current page.</doc>
<status status="PASS" start="2025-03-12T01:40:27.299625" elapsed="0.529529"/>
</kw>
<kw name="Wait Until Page Contains" owner="SeleniumLibrary">
<arg>Research Group Image</arg>
<doc>Waits until ``text`` appears on the current page.</doc>
<status status="PASS" start="2025-03-12T01:40:27.829699" elapsed="0.531580"/>
</kw>
<kw name="Wait Until Page Contains" owner="SeleniumLibrary">
<arg>Head</arg>
<doc>Waits until ``text`` appears on the current page.</doc>
<status status="PASS" start="2025-03-12T01:40:28.361279" elapsed="0.525676"/>
</kw>
<kw name="Wait Until Page Contains" owner="SeleniumLibrary">
<arg>Member</arg>
<doc>Waits until ``text`` appears on the current page.</doc>
<status status="PASS" start="2025-03-12T01:40:28.886955" elapsed="0.522232"/>
</kw>
<kw name="Wait Until Page Contains" owner="SeleniumLibrary">
<arg>Submit</arg>
<doc>Waits until ``text`` appears on the current page.</doc>
<status status="PASS" start="2025-03-12T01:40:29.409417" elapsed="0.523549"/>
</kw>
<kw name="Wait Until Page Contains" owner="SeleniumLibrary">
<arg>Back</arg>
<doc>Waits until ``text`` appears on the current page.</doc>
<status status="PASS" start="2025-03-12T01:40:29.932966" elapsed="0.521058"/>
</kw>
<kw name="Click Element" owner="SeleniumLibrary">
<msg time="2025-03-12T01:40:30.454024" level="INFO">Clicking element 'xpath=//a[contains(@href, '/researchGroups')]'.</msg>
<arg>${RESEARCH_GROUP_URL}</arg>
<doc>Click the element identified by ``locator``.</doc>
<status status="PASS" start="2025-03-12T01:40:30.454024" elapsed="2.278353"/>
</kw>
<kw name="Click Element" owner="SeleniumLibrary">
<msg time="2025-03-12T01:40:32.732958" level="INFO">Clicking element 'xpath=//a[contains(@href, '/researchGroups/3')]'.</msg>
<arg>${SHOW_RESEARCH_GROUP_DEMO_URL}</arg>
<doc>Click the element identified by ``locator``.</doc>
<status status="PASS" start="2025-03-12T01:40:32.732958" elapsed="2.225729"/>
</kw>
<kw name="Wait Until Page Contains" owner="SeleniumLibrary">
<arg>Research Group Detail</arg>
<doc>Waits until ``text`` appears on the current page.</doc>
<status status="PASS" start="2025-03-12T01:40:34.958687" elapsed="0.529853"/>
</kw>
<kw name="Wait Until Page Contains" owner="SeleniumLibrary">
<arg>Description of the group</arg>
<doc>Waits until ``text`` appears on the current page.</doc>
<status status="PASS" start="2025-03-12T01:40:35.489587" elapsed="0.521064"/>
</kw>
<kw name="Wait Until Page Contains" owner="SeleniumLibrary">
<arg>Group Name (TH)</arg>
<doc>Waits until ``text`` appears on the current page.</doc>
<status status="PASS" start="2025-03-12T01:40:36.010651" elapsed="0.527206"/>
</kw>
<kw name="Wait Until Page Contains" owner="SeleniumLibrary">
<arg>Group Name (EN)</arg>
<doc>Waits until ``text`` appears on the current page.</doc>
<status status="PASS" start="2025-03-12T01:40:36.538156" elapsed="0.524684"/>
</kw>
<kw name="Wait Until Page Contains" owner="SeleniumLibrary">
<arg>Research Group Name (CN)</arg>
<doc>Waits until ``text`` appears on the current page.</doc>
<status status="PASS" start="2025-03-12T01:40:37.062840" elapsed="0.568104"/>
</kw>
<kw name="Wait Until Page Contains" owner="SeleniumLibrary">
<arg>Description (TH)</arg>
<doc>Waits until ``text`` appears on the current page.</doc>
<status status="PASS" start="2025-03-12T01:40:37.630944" elapsed="0.517986"/>
</kw>
<kw name="Wait Until Page Contains" owner="SeleniumLibrary">
<arg>Description (EN)</arg>
<doc>Waits until ``text`` appears on the current page.</doc>
<status status="PASS" start="2025-03-12T01:40:38.148930" elapsed="0.518426"/>
</kw>
<kw name="Wait Until Page Contains" owner="SeleniumLibrary">
<arg>Research Group Descriptions (CN)</arg>
<doc>Waits until ``text`` appears on the current page.</doc>
<status status="PASS" start="2025-03-12T01:40:38.667356" elapsed="0.521367"/>
</kw>
<kw name="Wait Until Page Contains" owner="SeleniumLibrary">
<arg>Detail (TH)</arg>
<doc>Waits until ``text`` appears on the current page.</doc>
<status status="PASS" start="2025-03-12T01:40:39.188723" elapsed="0.520579"/>
</kw>
<kw name="Wait Until Page Contains" owner="SeleniumLibrary">
<arg>Detail (EN)</arg>
<doc>Waits until ``text`` appears on the current page.</doc>
<status status="PASS" start="2025-03-12T01:40:39.710002" elapsed="0.525196"/>
</kw>
<kw name="Wait Until Page Contains" owner="SeleniumLibrary">
<arg>Research Group Detail (CN)</arg>
<doc>Waits until ``text`` appears on the current page.</doc>
<status status="PASS" start="2025-03-12T01:40:40.235198" elapsed="0.517962"/>
</kw>
<kw name="Wait Until Page Contains" owner="SeleniumLibrary">
<arg>Head</arg>
<doc>Waits until ``text`` appears on the current page.</doc>
<status status="PASS" start="2025-03-12T01:40:40.753160" elapsed="0.522673"/>
</kw>
<kw name="Wait Until Page Contains" owner="SeleniumLibrary">
<arg>Member</arg>
<doc>Waits until ``text`` appears on the current page.</doc>
<status status="PASS" start="2025-03-12T01:40:41.276468" elapsed="0.524126"/>
</kw>
<kw name="Wait Until Page Contains" owner="SeleniumLibrary">
<arg>Back</arg>
<doc>Waits until ``text`` appears on the current page.</doc>
<status status="PASS" start="2025-03-12T01:40:41.800594" elapsed="0.531438"/>
</kw>
<kw name="Click Element" owner="SeleniumLibrary">
<msg time="2025-03-12T01:40:42.332032" level="INFO">Clicking element 'xpath=//a[contains(@href, '/researchGroups')]'.</msg>
<arg>${RESEARCH_GROUP_URL}</arg>
<doc>Click the element identified by ``locator``.</doc>
<status status="PASS" start="2025-03-12T01:40:42.332032" elapsed="2.370150"/>
</kw>
<kw name="Click Element" owner="SeleniumLibrary">
<msg time="2025-03-12T01:40:44.702182" level="INFO">Clicking element 'xpath=(//a[@title='Edit'])[1]'.</msg>
<arg>xpath=(//a[@title='Edit'])[1]</arg>
<doc>Click the element identified by ``locator``.</doc>
<status status="PASS" start="2025-03-12T01:40:44.702182" elapsed="2.215965"/>
</kw>
<kw name="Wait Until Page Contains" owner="SeleniumLibrary">
<arg>Edit Research Group</arg>
<doc>Waits until ``text`` appears on the current page.</doc>
<status status="PASS" start="2025-03-12T01:40:46.918392" elapsed="0.524479"/>
</kw>
<kw name="Wait Until Page Contains" owner="SeleniumLibrary">
<arg>Edit Research Group Detail</arg>
<doc>Waits until ``text`` appears on the current page.</doc>
<status status="PASS" start="2025-03-12T01:40:47.442871" elapsed="0.534660"/>
</kw>
<kw name="Wait Until Page Contains" owner="SeleniumLibrary">
<arg>Group Name (TH)</arg>
<doc>Waits until ``text`` appears on the current page.</doc>
<status status="PASS" start="2025-03-12T01:40:47.977531" elapsed="0.524536"/>
</kw>
<kw name="Wait Until Page Contains" owner="SeleniumLibrary">
<arg>Group Name (EN)</arg>
<doc>Waits until ``text`` appears on the current page.</doc>
<status status="PASS" start="2025-03-12T01:40:48.502067" elapsed="0.533251"/>
</kw>
<kw name="Wait Until Page Contains" owner="SeleniumLibrary">
<arg>Research Group Name (CN)</arg>
<doc>Waits until ``text`` appears on the current page.</doc>
<status status="PASS" start="2025-03-12T01:40:49.035318" elapsed="0.528795"/>
</kw>
<kw name="Wait Until Page Contains" owner="SeleniumLibrary">
<arg>Description (TH)</arg>
<doc>Waits until ``text`` appears on the current page.</doc>
<status status="PASS" start="2025-03-12T01:40:49.564113" elapsed="0.527904"/>
</kw>
<kw name="Wait Until Page Contains" owner="SeleniumLibrary">
<arg>Description (EN)</arg>
<doc>Waits until ``text`` appears on the current page.</doc>
<status status="PASS" start="2025-03-12T01:40:50.092017" elapsed="0.525555"/>
</kw>
<kw name="Wait Until Page Contains" owner="SeleniumLibrary">
<arg>Research Group Descriptions (CN)</arg>
<doc>Waits until ``text`` appears on the current page.</doc>
<status status="PASS" start="2025-03-12T01:40:50.617572" elapsed="0.525804"/>
</kw>
<kw name="Wait Until Page Contains" owner="SeleniumLibrary">
<arg>Detail (TH)</arg>
<doc>Waits until ``text`` appears on the current page.</doc>
<status status="PASS" start="2025-03-12T01:40:51.143376" elapsed="0.526138"/>
</kw>
<kw name="Wait Until Page Contains" owner="SeleniumLibrary">
<arg>Detail (EN)</arg>
<doc>Waits until ``text`` appears on the current page.</doc>
<status status="PASS" start="2025-03-12T01:40:51.670101" elapsed="0.528548"/>
</kw>
<kw name="Wait Until Page Contains" owner="SeleniumLibrary">
<arg>Research Group Detail (CN)</arg>
<doc>Waits until ``text`` appears on the current page.</doc>
<status status="PASS" start="2025-03-12T01:40:52.200169" elapsed="0.542875"/>
</kw>
<kw name="Wait Until Page Contains" owner="SeleniumLibrary">
<arg>Research Group Image</arg>
<doc>Waits until ``text`` appears on the current page.</doc>
<status status="PASS" start="2025-03-12T01:40:52.743044" elapsed="0.526500"/>
</kw>
<kw name="Wait Until Page Contains" owner="SeleniumLibrary">
<arg>Head</arg>
<doc>Waits until ``text`` appears on the current page.</doc>
<status status="PASS" start="2025-03-12T01:40:53.270157" elapsed="0.524530"/>
</kw>
<kw name="Wait Until Page Contains" owner="SeleniumLibrary">
<arg>Member</arg>
<doc>Waits until ``text`` appears on the current page.</doc>
<status status="PASS" start="2025-03-12T01:40:53.795558" elapsed="0.535479"/>
</kw>
<kw name="Wait Until Page Contains" owner="SeleniumLibrary">
<arg>Submit</arg>
<doc>Waits until ``text`` appears on the current page.</doc>
<status status="PASS" start="2025-03-12T01:40:54.331037" elapsed="0.524848"/>
</kw>
<kw name="Wait Until Page Contains" owner="SeleniumLibrary">
<arg>Cancel</arg>
<doc>Waits until ``text`` appears on the current page.</doc>
<status status="PASS" start="2025-03-12T01:40:54.855885" elapsed="0.531114"/>
</kw>
<kw name="Click Element" owner="SeleniumLibrary">
<msg time="2025-03-12T01:40:55.388543" level="INFO">Clicking element 'xpath=//a[contains(@href, '/researchGroups')]'.</msg>
<arg>${RESEARCH_GROUP_URL}</arg>
<doc>Click the element identified by ``locator``.</doc>
<status status="PASS" start="2025-03-12T01:40:55.386999" elapsed="2.551263"/>
</kw>
<status status="PASS" start="2025-03-12T01:40:11.782900" elapsed="46.155362"/>
</kw>
<status status="PASS" start="2025-03-12T01:40:11.782900" elapsed="46.155362"/>
</test>
<test id="s1-t8" name="Verify English Published Research Page" line="76">
<kw name="Verify Published Research Page English">
<kw name="Click Element" owner="SeleniumLibrary">
<msg time="2025-03-12T01:40:57.941553" level="INFO">Clicking element 'xpath=//a[@href='#ManagePublications']'.</msg>
<arg>xpath=//a[@href='#ManagePublications']</arg>
<doc>Click the element identified by ``locator``.</doc>
<status status="PASS" start="2025-03-12T01:40:57.941553" elapsed="1.179793"/>
</kw>
<kw name="Click Element" owner="SeleniumLibrary">
<msg time="2025-03-12T01:40:59.121346" level="INFO">Clicking element 'xpath=//a[contains(@href, '/papers')]'.</msg>
<arg>${PUBLISHED_RESEARCH_URL}</arg>
<doc>Click the element identified by ``locator``.</doc>
<status status="PASS" start="2025-03-12T01:40:59.121346" elapsed="8.200726"/>
</kw>
<kw name="Wait Until Page Contains" owner="SeleniumLibrary">
<arg>Published research</arg>
<doc>Waits until ``text`` appears on the current page.</doc>
<status status="PASS" start="2025-03-12T01:41:07.322072" elapsed="0.536974"/>
</kw>
<kw name="Wait Until Page Contains" owner="SeleniumLibrary">
<arg>Add</arg>
<doc>Waits until ``text`` appears on the current page.</doc>
<status status="PASS" start="2025-03-12T01:41:07.859046" elapsed="0.517355"/>
</kw>
<kw name="Wait Until Page Contains" owner="SeleniumLibrary">
<arg>No.</arg>
<doc>Waits until ``text`` appears on the current page.</doc>
<status status="PASS" start="2025-03-12T01:41:08.376401" elapsed="0.521002"/>
</kw>
<kw name="Wait Until Page Contains" owner="SeleniumLibrary">
<arg>Title</arg>
<doc>Waits until ``text`` appears on the current page.</doc>
<status status="PASS" start="2025-03-12T01:41:08.897693" elapsed="0.526424"/>
</kw>
<kw name="Wait Until Page Contains" owner="SeleniumLibrary">
<arg>Type</arg>
<doc>Waits until ``text`` appears on the current page.</doc>
<status status="PASS" start="2025-03-12T01:41:09.424527" elapsed="0.531536"/>
</kw>
<kw name="Wait Until Page Contains" owner="SeleniumLibrary">
<arg>Year</arg>
<doc>Waits until ``text`` appears on the current page.</doc>
<status status="PASS" start="2025-03-12T01:41:09.956063" elapsed="0.532714"/>
</kw>
<kw name="Wait Until Page Contains" owner="SeleniumLibrary">
<arg>API Fetch Date</arg>
<doc>Waits until ``text`` appears on the current page.</doc>
<status status="PASS" start="2025-03-12T01:41:10.489386" elapsed="0.531873"/>
</kw>
<kw name="Wait Until Page Contains" owner="SeleniumLibrary">
<arg>Action</arg>
<doc>Waits until ``text`` appears on the current page.</doc>
<status status="PASS" start="2025-03-12T01:41:11.021714" elapsed="0.521502"/>
</kw>
<kw name="Wait Until Page Contains" owner="SeleniumLibrary">
<arg>Search:</arg>
<doc>Waits until ``text`` appears on the current page.</doc>
<status status="PASS" start="2025-03-12T01:41:11.543216" elapsed="0.522305"/>
</kw>
<kw name="Wait Until Page Contains" owner="SeleniumLibrary">
<arg>Previous</arg>
<doc>Waits until ``text`` appears on the current page.</doc>
<status status="PASS" start="2025-03-12T01:41:12.065521" elapsed="0.522252"/>
</kw>
<kw name="Wait Until Page Contains" owner="SeleniumLibrary">
<arg>Next</arg>
<doc>Waits until ``text`` appears on the current page.</doc>
<status status="PASS" start="2025-03-12T01:41:12.587773" elapsed="0.522496"/>
</kw>
<kw name="Click Element" owner="SeleniumLibrary">
<msg time="2025-03-12T01:41:13.110868" level="INFO">Clicking element 'xpath=//a[contains(@href, '/papers/create')]'.</msg>
<arg>${CREATE_PUBLISHED_RESEARCH_URL}</arg>
<doc>Click the element identified by ``locator``.</doc>
<status status="PASS" start="2025-03-12T01:41:13.110868" elapsed="2.434321"/>
</kw>
<kw name="Wait Until Page Contains" owner="SeleniumLibrary">
<arg>Create Published Research</arg>
<doc>Waits until ``text`` appears on the current page.</doc>
<status status="PASS" start="2025-03-12T01:41:15.545189" elapsed="0.529897"/>
</kw>
<kw name="Wait Until Page Contains" owner="SeleniumLibrary">
<arg>Input Published Research Detail</arg>
<doc>Waits until ``text`` appears on the current page.</doc>
<status status="PASS" start="2025-03-12T01:41:16.075086" elapsed="0.530211"/>
</kw>
<kw name="Wait Until Page Contains" owner="SeleniumLibrary">
<arg>Research Publication Source</arg>
<doc>Waits until ``text`` appears on the current page.</doc>
<status status="PASS" start="2025-03-12T01:41:16.605297" elapsed="0.526722"/>
</kw>
<kw name="Wait Until Page Contains" owner="SeleniumLibrary">
<arg>Title</arg>
<doc>Waits until ``text`` appears on the current page.</doc>
<status status="PASS" start="2025-03-12T01:41:17.132019" elapsed="0.522704"/>
</kw>
<kw name="Wait Until Page Contains" owner="SeleniumLibrary">
<arg>Abstract</arg>
<doc>Waits until ``text`` appears on the current page.</doc>
<status status="PASS" start="2025-03-12T01:41:17.654723" elapsed="0.533004"/>
</kw>
<kw name="Wait Until Page Contains" owner="SeleniumLibrary">
<arg>Keyword</arg>
<doc>Waits until ``text`` appears on the current page.</doc>
<status status="PASS" start="2025-03-12T01:41:18.187727" elapsed="0.524436"/>
</kw>
<kw name="Wait Until Page Contains" owner="SeleniumLibrary">
<arg>Journal Type</arg>
<doc>Waits until ``text`` appears on the current page.</doc>
<status status="PASS" start="2025-03-12T01:41:18.712163" elapsed="0.528508"/>
</kw>
<kw name="Wait Until Page Contains" owner="SeleniumLibrary">
<arg>Document Type</arg>
<doc>Waits until ``text`` appears on the current page.</doc>
<status status="PASS" start="2025-03-12T01:41:19.241274" elapsed="0.531822"/>
</kw>
<kw name="Wait Until Page Contains" owner="SeleniumLibrary">
<arg>Publication</arg>
<doc>Waits until ``text`` appears on the current page.</doc>
<status status="PASS" start="2025-03-12T01:41:19.773612" elapsed="0.534596"/>
</kw>
<kw name="Wait Until Page Contains" owner="SeleniumLibrary">
<arg>Journal Name</arg>
<doc>Waits until ``text`` appears on the current page.</doc>
<status status="PASS" start="2025-03-12T01:41:20.308208" elapsed="0.547703"/>
</kw>
<kw name="Wait Until Page Contains" owner="SeleniumLibrary">
<arg>Year</arg>
<doc>Waits until ``text`` appears on the current page.</doc>
<status status="PASS" start="2025-03-12T01:41:20.855911" elapsed="0.521510"/>
</kw>
<kw name="Wait Until Page Contains" owner="SeleniumLibrary">
<arg>Volume</arg>
<doc>Waits until ``text`` appears on the current page.</doc>
<status status="PASS" start="2025-03-12T01:41:21.377766" elapsed="0.528919"/>
</kw>
<kw name="Wait Until Page Contains" owner="SeleniumLibrary">
<arg>Issue</arg>
<doc>Waits until ``text`` appears on the current page.</doc>
<status status="PASS" start="2025-03-12T01:41:21.906685" elapsed="0.546157"/>
</kw>
<kw name="Wait Until Page Contains" owner="SeleniumLibrary">
<arg>Citation Count</arg>
<doc>Waits until ``text`` appears on the current page.</doc>
<status status="PASS" start="2025-03-12T01:41:22.452842" elapsed="0.528218"/>
</kw>
<kw name="Wait Until Page Contains" owner="SeleniumLibrary">
<arg>Page</arg>
<doc>Waits until ``text`` appears on the current page.</doc>
<status status="PASS" start="2025-03-12T01:41:22.981060" elapsed="0.524613"/>
</kw>
<kw name="Wait Until Page Contains" owner="SeleniumLibrary">
<arg>DOI</arg>
<doc>Waits until ``text`` appears on the current page.</doc>
<status status="PASS" start="2025-03-12T01:41:23.505673" elapsed="0.525671"/>
</kw>
<kw name="Wait Until Page Contains" owner="SeleniumLibrary">
<arg>Funder</arg>
<doc>Waits until ``text`` appears on the current page.</doc>
<status status="PASS" start="2025-03-12T01:41:24.031999" elapsed="0.546977"/>
</kw>
<kw name="Wait Until Page Contains" owner="SeleniumLibrary">
<arg>URL</arg>
<doc>Waits until ``text`` appears on the current page.</doc>
<status status="PASS" start="2025-03-12T01:41:24.578976" elapsed="0.524932"/>
</kw>
<kw name="Wait Until Page Contains" owner="SeleniumLibrary">
<arg>Author Name (Internal Author)</arg>
<doc>Waits until ``text`` appears on the current page.</doc>
<status status="PASS" start="2025-03-12T01:41:25.103908" elapsed="0.525821"/>
</kw>
<kw name="Wait Until Page Contains" owner="SeleniumLibrary">
<arg>Author Name (External Author)</arg>
<doc>Waits until ``text`` appears on the current page.</doc>
<status status="PASS" start="2025-03-12T01:41:25.629729" elapsed="0.538768"/>
</kw>
<kw name="Wait Until Page Contains" owner="SeleniumLibrary">
<arg>Submit</arg>
<doc>Waits until ``text`` appears on the current page.</doc>
<status status="PASS" start="2025-03-12T01:41:26.168497" elapsed="0.524954"/>
</kw>
<kw name="Wait Until Page Contains" owner="SeleniumLibrary">
<arg>Cancel</arg>
<doc>Waits until ``text`` appears on the current page.</doc>
<status status="PASS" start="2025-03-12T01:41:26.693736" elapsed="0.522517"/>
</kw>
<kw name="Click Element" owner="SeleniumLibrary">
<msg time="2025-03-12T01:41:27.216253" level="INFO">Clicking element 'xpath=//a[@href='#ManagePublications']'.</msg>
<arg>xpath=//a[@href='#ManagePublications']</arg>
<doc>Click the element identified by ``locator``.</doc>
<status status="PASS" start="2025-03-12T01:41:27.216253" elapsed="1.256562"/>
</kw>
<kw name="Click Element" owner="SeleniumLibrary">
<msg time="2025-03-12T01:41:28.472815" level="INFO">Clicking element 'xpath=//a[contains(@href, '/papers')]'.</msg>
<arg>${PUBLISHED_RESEARCH_URL}</arg>
<doc>Click the element identified by ``locator``.</doc>
<status status="PASS" start="2025-03-12T01:41:28.472815" elapsed="7.998646"/>
</kw>
<kw name="Click Element" owner="SeleniumLibrary">
<msg time="2025-03-12T01:41:36.471461" level="INFO">Clicking element 'xpath=//a[contains(@href, '/papers/1')]'.</msg>
<arg>${SHOW_PUBLISHED_RESEARCH_DEMO_URL}</arg>
<doc>Click the element identified by ``locator``.</doc>
<status status="PASS" start="2025-03-12T01:41:36.471461" elapsed="2.540180"/>
</kw>
<kw name="Wait Until Page Contains" owner="SeleniumLibrary">
<arg>Published Research Detail</arg>
<doc>Waits until ``text`` appears on the current page.</doc>
<status status="PASS" start="2025-03-12T01:41:39.011641" elapsed="0.539867"/>
</kw>
<kw name="Wait Until Page Contains" owner="SeleniumLibrary">
<arg>Description of the research</arg>
<doc>Waits until ``text`` appears on the current page.</doc>
<status status="PASS" start="2025-03-12T01:41:39.551508" elapsed="0.617273"/>
</kw>
<kw name="Wait Until Page Contains" owner="SeleniumLibrary">
<arg>Title</arg>
<doc>Waits until ``text`` appears on the current page.</doc>
<status status="PASS" start="2025-03-12T01:41:40.168781" elapsed="0.521097"/>
</kw>
<kw name="Wait Until Page Contains" owner="SeleniumLibrary">
<arg>Abstract</arg>
<doc>Waits until ``text`` appears on the current page.</doc>
<status status="PASS" start="2025-03-12T01:41:40.689878" elapsed="0.522199"/>
</kw>
<kw name="Wait Until Page Contains" owner="SeleniumLibrary">
<arg>Keyword</arg>
<doc>Waits until ``text`` appears on the current page.</doc>
<status status="PASS" start="2025-03-12T01:41:41.212427" elapsed="0.520055"/>
</kw>
<kw name="Wait Until Page Contains" owner="SeleniumLibrary">
<arg>Journal Type</arg>
<doc>Waits until ``text`` appears on the current page.</doc>
<status status="PASS" start="2025-03-12T01:41:41.732802" elapsed="0.524404"/>
</kw>
<kw name="Wait Until Page Contains" owner="SeleniumLibrary">
<arg>Document Type</arg>
<doc>Waits until ``text`` appears on the current page.</doc>
<status status="PASS" start="2025-03-12T01:41:42.257206" elapsed="0.554536"/>
</kw>
<kw name="Wait Until Page Contains" owner="SeleniumLibrary">
<arg>Publication</arg>
<doc>Waits until ``text`` appears on the current page.</doc>
<status status="PASS" start="2025-03-12T01:41:42.811742" elapsed="0.527897"/>
</kw>
<kw name="Wait Until Page Contains" owner="SeleniumLibrary">
<arg>Author</arg>
<doc>Waits until ``text`` appears on the current page.</doc>
<status status="PASS" start="2025-03-12T01:41:43.340200" elapsed="0.524472"/>
</kw>
<kw name="Wait Until Page Contains" owner="SeleniumLibrary">
<arg>First Author:</arg>
<doc>Waits until ``text`` appears on the current page.</doc>
<status status="PASS" start="2025-03-12T01:41:43.864672" elapsed="0.573433"/>
</kw>
<kw name="Wait Until Page Contains" owner="SeleniumLibrary">
<arg>Corresponding Author:</arg>
<doc>Waits until ``text`` appears on the current page.</doc>
<status status="PASS" start="2025-03-12T01:41:44.438105" elapsed="0.524677"/>
</kw>
<kw name="Wait Until Page Contains" owner="SeleniumLibrary">
<arg>Journal Name</arg>
<doc>Waits until ``text`` appears on the current page.</doc>
<status status="PASS" start="2025-03-12T01:41:44.962782" elapsed="0.521164"/>
</kw>
<kw name="Wait Until Page Contains" owner="SeleniumLibrary">
<arg>Year</arg>
<doc>Waits until ``text`` appears on the current page.</doc>
<status status="PASS" start="2025-03-12T01:41:45.483946" elapsed="0.524006"/>
</kw>
<kw name="Wait Until Page Contains" owner="SeleniumLibrary">
<arg>Volume</arg>
<doc>Waits until ``text`` appears on the current page.</doc>
<status status="PASS" start="2025-03-12T01:41:46.008231" elapsed="0.518414"/>
</kw>
<kw name="Wait Until Page Contains" owner="SeleniumLibrary">
<arg>Issue</arg>
<doc>Waits until ``text`` appears on the current page.</doc>
<status status="PASS" start="2025-03-12T01:41:46.526645" elapsed="0.524575"/>
</kw>
<kw name="Wait Until Page Contains" owner="SeleniumLibrary">
<arg>Page</arg>
<doc>Waits until ``text`` appears on the current page.</doc>
<status status="PASS" start="2025-03-12T01:41:47.051762" elapsed="0.520914"/>
</kw>
<kw name="Wait Until Page Contains" owner="SeleniumLibrary">
<arg>DOI</arg>
<doc>Waits until ``text`` appears on the current page.</doc>
<status status="PASS" start="2025-03-12T01:41:47.572676" elapsed="0.522631"/>
</kw>
<kw name="Wait Until Page Contains" owner="SeleniumLibrary">
<arg>URL</arg>
<doc>Waits until ``text`` appears on the current page.</doc>
<status status="PASS" start="2025-03-12T01:41:48.095307" elapsed="0.522801"/>
</kw>
<kw name="Wait Until Page Contains" owner="SeleniumLibrary">
<arg>Back</arg>
<doc>Waits until ``text`` appears on the current page.</doc>
<status status="PASS" start="2025-03-12T01:41:48.618108" elapsed="0.520662"/>
</kw>
<kw name="Click Element" owner="SeleniumLibrary">
<msg time="2025-03-12T01:41:49.138770" level="INFO">Clicking element 'xpath=//a[contains(@href, '/papers')]'.</msg>
<arg>${PUBLISHED_RESEARCH_URL}</arg>
<doc>Click the element identified by ``locator``.</doc>
<status status="PASS" start="2025-03-12T01:41:49.138770" elapsed="7.868598"/>
</kw>
<status status="PASS" start="2025-03-12T01:40:57.941553" elapsed="59.065815"/>
</kw>
<status status="PASS" start="2025-03-12T01:40:57.941553" elapsed="59.065815"/>
</test>
<test id="s1-t9" name="Verify English Book Page" line="79">
<kw name="Verify Book Page English">
<kw name="Click Element" owner="SeleniumLibrary">
<msg time="2025-03-12T01:41:57.014500" level="INFO">Clicking element 'xpath=//a[contains(@href, '/books')]'.</msg>
<arg>${BOOK_URL}</arg>
<doc>Click the element identified by ``locator``.</doc>
<status status="PASS" start="2025-03-12T01:41:57.014500" elapsed="2.717934"/>
</kw>
<kw name="Wait Until Page Contains" owner="SeleniumLibrary">
<arg>Book</arg>
<doc>Waits until ``text`` appears on the current page.</doc>
<status status="PASS" start="2025-03-12T01:41:59.732434" elapsed="0.534677"/>
</kw>
<kw name="Wait Until Page Contains" owner="SeleniumLibrary">
<arg>Add</arg>
<doc>Waits until ``text`` appears on the current page.</doc>
<status status="PASS" start="2025-03-12T01:42:00.267352" elapsed="0.525182"/>
</kw>
<kw name="Wait Until Page Contains" owner="SeleniumLibrary">
<arg>No.</arg>
<doc>Waits until ``text`` appears on the current page.</doc>
<status status="PASS" start="2025-03-12T01:42:00.792534" elapsed="0.526892"/>
</kw>
<kw name="Wait Until Page Contains" owner="SeleniumLibrary">
<arg>Title</arg>
<doc>Waits until ``text`` appears on the current page.</doc>
<status status="PASS" start="2025-03-12T01:42:01.319426" elapsed="0.523608"/>
</kw>
<kw name="Wait Until Page Contains" owner="SeleniumLibrary">
<arg>Year (B.E.)</arg>
<doc>Waits until ``text`` appears on the current page.</doc>
<status status="PASS" start="2025-03-12T01:42:01.843034" elapsed="0.529027"/>
</kw>
<kw name="Wait Until Page Contains" owner="SeleniumLibrary">
<arg>Source(Thai)</arg>
<doc>Waits until ``text`` appears on the current page.</doc>
<status status="PASS" start="2025-03-12T01:42:02.372061" elapsed="0.560410"/>
</kw>
<kw name="Wait Until Page Contains" owner="SeleniumLibrary">
<arg>Page</arg>
<doc>Waits until ``text`` appears on the current page.</doc>
<status status="PASS" start="2025-03-12T01:42:02.932471" elapsed="0.520147"/>
</kw>
<kw name="Wait Until Page Contains" owner="SeleniumLibrary">
<arg>Action</arg>
<doc>Waits until ``text`` appears on the current page.</doc>
<status status="PASS" start="2025-03-12T01:42:03.452618" elapsed="0.520445"/>
</kw>
<kw name="Wait Until Page Contains" owner="SeleniumLibrary">
<arg>Search:</arg>
<doc>Waits until ``text`` appears on the current page.</doc>
<status status="PASS" start="2025-03-12T01:42:03.973063" elapsed="0.523220"/>
</kw>
<kw name="Wait Until Page Contains" owner="SeleniumLibrary">
<arg>Previous</arg>
<doc>Waits until ``text`` appears on the current page.</doc>
<status status="PASS" start="2025-03-12T01:42:04.497329" elapsed="0.533597"/>
</kw>
<kw name="Wait Until Page Contains" owner="SeleniumLibrary">
<arg>Next</arg>
<doc>Waits until ``text`` appears on the current page.</doc>
<status status="PASS" start="2025-03-12T01:42:05.030926" elapsed="0.526456"/>
</kw>
<kw name="Click Element" owner="SeleniumLibrary">
<msg time="2025-03-12T01:42:05.559962" level="INFO">Clicking element 'xpath=//a[contains(@href, '/books/create')]'.</msg>
<arg>${CREATE_BOOK_URL}</arg>
<doc>Click the element identified by ``locator``.</doc>
<status status="PASS" start="2025-03-12T01:42:05.557382" elapsed="4.504011"/>
</kw>
<kw name="Wait Until Page Contains" owner="SeleniumLibrary">
<arg>Create Book</arg>
<doc>Waits until ``text`` appears on the current page.</doc>
<status status="PASS" start="2025-03-12T01:42:10.061683" elapsed="0.525828"/>
</kw>
<kw name="Wait Until Page Contains" owner="SeleniumLibrary">
<arg>Input Book Detail</arg>
<doc>Waits until ``text`` appears on the current page.</doc>
<status status="PASS" start="2025-03-12T01:42:10.587511" elapsed="0.532825"/>
</kw>
<kw name="Wait Until Page Contains" owner="SeleniumLibrary">
<arg>Title</arg>
<doc>Waits until ``text`` appears on the current page.</doc>
<status status="PASS" start="2025-03-12T01:42:11.120336" elapsed="0.519316"/>
</kw>
<kw name="Wait Until Page Contains" owner="SeleniumLibrary">
<arg>Source(Thai)</arg>
<doc>Waits until ``text`` appears on the current page.</doc>
<status status="PASS" start="2025-03-12T01:42:11.640007" elapsed="0.520200"/>
</kw>
<kw name="Wait Until Page Contains" owner="SeleniumLibrary">
<arg>Source(English)</arg>
<doc>Waits until ``text`` appears on the current page.</doc>
<status status="PASS" start="2025-03-12T01:42:12.160207" elapsed="0.528195"/>
</kw>
<kw name="Wait Until Page Contains" owner="SeleniumLibrary">
<arg>Source(Chinese)</arg>
<doc>Waits until ``text`` appears on the current page.</doc>
<status status="PASS" start="2025-03-12T01:42:12.688402" elapsed="0.523482"/>
</kw>
<kw name="Wait Until Page Contains" owner="SeleniumLibrary">
<arg>Year (B.E.)</arg>
<doc>Waits until ``text`` appears on the current page.</doc>
<status status="PASS" start="2025-03-12T01:42:13.212430" elapsed="0.522716"/>
</kw>
<kw name="Wait Until Page Contains" owner="SeleniumLibrary">
<arg>Page</arg>
<doc>Waits until ``text`` appears on the current page.</doc>
<status status="PASS" start="2025-03-12T01:42:13.735146" elapsed="0.524244"/>
</kw>
<kw name="Wait Until Page Contains" owner="SeleniumLibrary">
<arg>Submit</arg>
<doc>Waits until ``text`` appears on the current page.</doc>
<status status="PASS" start="2025-03-12T01:42:14.259390" elapsed="0.521045"/>
</kw>
<kw name="Wait Until Page Contains" owner="SeleniumLibrary">
<arg>Cancel</arg>
<doc>Waits until ``text`` appears on the current page.</doc>
<status status="PASS" start="2025-03-12T01:42:14.780435" elapsed="0.525781"/>
</kw>
<kw name="Click Element" owner="SeleniumLibrary">
<msg time="2025-03-12T01:42:15.306216" level="INFO">Clicking element 'xpath=//a[@href='#ManagePublications']'.</msg>
<arg>xpath=//a[@href='#ManagePublications']</arg>
<doc>Click the element identified by ``locator``.</doc>
<status status="PASS" start="2025-03-12T01:42:15.306216" elapsed="1.167607"/>
</kw>
<kw name="Click Element" owner="SeleniumLibrary">
[...]
</kw>
<kw name="Wait Until Page Contains" owner="SeleniumLibrary">
<arg>注册编号</arg>
<doc>Waits until ``text`` appears on the current page.</doc>
<status status="PASS" start="2025-03-12T01:54:29.886580" elapsed="0.523799"/>
</kw>
<kw name="Wait Until Page Contains" owner="SeleniumLibrary">
<arg>编号</arg>
<doc>Waits until ``text`` appears on the current page.</doc>
<status status="PASS" start="2025-03-12T01:54:30.410379" elapsed="0.522482"/>
</kw>
<kw name="Wait Until Page Contains" owner="SeleniumLibrary">
<arg>作者</arg>
<doc>Waits until ``text`` appears on the current page.</doc>
<status status="PASS" start="2025-03-12T01:54:30.932861" elapsed="0.523392"/>
</kw>
<kw name="Wait Until Page Contains" owner="SeleniumLibrary">
<arg>共同作者</arg>
<doc>Waits until ``text`` appears on the current page.</doc>
<status status="PASS" start="2025-03-12T01:54:31.456511" elapsed="0.531403"/>
</kw>
<kw name="Wait Until Page Contains" owner="SeleniumLibrary">
<arg>返回</arg>
<doc>Waits until ``text`` appears on the current page.</doc>
<status status="PASS" start="2025-03-12T01:54:31.987914" elapsed="0.523095"/>
</kw>
<kw name="Click Element" owner="SeleniumLibrary">
<msg time="2025-03-12T01:54:32.511009" level="INFO">Clicking element 'xpath=//a[@href='#ManagePublications']'.</msg>
<arg>xpath=//a[@href='#ManagePublications']</arg>
<doc>Click the element identified by ``locator``.</doc>
<status status="PASS" start="2025-03-12T01:54:32.511009" elapsed="1.242754"/>
</kw>
<kw name="Click Element" owner="SeleniumLibrary">
<msg time="2025-03-12T01:54:33.753763" level="INFO">Clicking element 'xpath=//a[contains(@href, '/patents')]'.</msg>
<arg>${OTHER_ACADEMIC_WORK_URL}</arg>
<doc>Click the element identified by ``locator``.</doc>
<status status="PASS" start="2025-03-12T01:54:33.753763" elapsed="2.753055"/>
</kw>
<status status="PASS" start="2025-03-12T01:54:03.402946" elapsed="33.103872"/>
</kw>
<status status="PASS" start="2025-03-12T01:54:03.398827" elapsed="33.107991"/>
</test>
<test id="s1-t31" name="Verify Chinese Department Page" line="147">
<kw name="Verify Department Page Chinese">
<kw name="Click Element" owner="SeleniumLibrary">
<msg time="2025-03-12T01:54:36.513157" level="INFO">Clicking element 'xpath=//a[contains(@href, '/departments')]'.</msg>
<arg>${DEPARTMENT_URL}</arg>
<doc>Click the element identified by ``locator``.</doc>
<status status="PASS" start="2025-03-12T01:54:36.506818" elapsed="2.123614"/>
</kw>
<kw name="Wait Until Page Contains" owner="SeleniumLibrary">
<arg>部门</arg>
<doc>Waits until ``text`` appears on the current page.</doc>
<status status="PASS" start="2025-03-12T01:54:38.630432" elapsed="0.537656"/>
</kw>
<kw name="Wait Until Page Contains" owner="SeleniumLibrary">
<arg>部门名称</arg>
<doc>Waits until ``text`` appears on the current page.</doc>
<status status="PASS" start="2025-03-12T01:54:39.168088" elapsed="0.532862"/>
</kw>
<kw name="Wait Until Page Contains" owner="SeleniumLibrary">
<arg>操作</arg>
<doc>Waits until ``text`` appears on the current page.</doc>
<status status="PASS" start="2025-03-12T01:54:39.700950" elapsed="0.524453"/>
</kw>
<kw name="Click Element" owner="SeleniumLibrary">
<msg time="2025-03-12T01:54:40.225689" level="INFO">Clicking element 'xpath=//a[contains(@href, '/departments/create')]'.</msg>
<arg>${CREATE_DEPARTMENT_URL}</arg>
<doc>Click the element identified by ``locator``.</doc>
<status status="PASS" start="2025-03-12T01:54:40.225689" elapsed="2.159495"/>
</kw>
<kw name="Wait Until Page Contains" owner="SeleniumLibrary">
<arg>创建部门</arg>
<doc>Waits until ``text`` appears on the current page.</doc>
<status status="PASS" start="2025-03-12T01:54:42.385184" elapsed="0.536537"/>
</kw>
<kw name="Wait Until Page Contains" owner="SeleniumLibrary">
<arg>部门名称 (泰文)</arg>
<doc>Waits until ``text`` appears on the current page.</doc>
<status status="PASS" start="2025-03-12T01:54:42.921721" elapsed="0.532964"/>
</kw>
<kw name="Wait Until Page Contains" owner="SeleniumLibrary">
<arg>部门名称 (英文)</arg>
<doc>Waits until ``text`` appears on the current page.</doc>
<status status="PASS" start="2025-03-12T01:54:43.454685" elapsed="0.524422"/>
</kw>
<kw name="Wait Until Page Contains" owner="SeleniumLibrary">
<arg>提交</arg>
<doc>Waits until ``text`` appears on the current page.</doc>
<status status="PASS" start="2025-03-12T01:54:43.979411" elapsed="0.520580"/>
</kw>
<kw name="Wait Until Page Contains" owner="SeleniumLibrary">
<arg>返回</arg>
<doc>Waits until ``text`` appears on the current page.</doc>
<status status="PASS" start="2025-03-12T01:54:44.499991" elapsed="0.521437"/>
</kw>
<kw name="Click Element" owner="SeleniumLibrary">
<msg time="2025-03-12T01:54:45.021428" level="INFO">Clicking element 'xpath=//a[contains(@href, '/departments')]'.</msg>
<arg>${DEPARTMENT_URL}</arg>
<doc>Click the element identified by ``locator``.</doc>
<status status="PASS" start="2025-03-12T01:54:45.021428" elapsed="2.164587"/>
</kw>
<kw name="Click Element" owner="SeleniumLibrary">
<msg time="2025-03-12T01:54:47.186015" level="INFO">Clicking element 'xpath=//a[contains(@href, '/departments/1')]'.</msg>
<arg>${SHOW_DEPARTMENT_DEMO_URL}</arg>
<doc>Click the element identified by ``locator``.</doc>
<status status="PASS" start="2025-03-12T01:54:47.186015" elapsed="2.060371"/>
</kw>
<kw name="Wait Until Page Contains" owner="SeleniumLibrary">
<arg>部门名称 (泰文)</arg>
<doc>Waits until ``text`` appears on the current page.</doc>
<status status="PASS" start="2025-03-12T01:54:49.246386" elapsed="0.532401"/>
</kw>
<kw name="Wait Until Page Contains" owner="SeleniumLibrary">
<arg>部门名称 (英文)</arg>
<doc>Waits until ``text`` appears on the current page.</doc>
<status status="PASS" start="2025-03-12T01:54:49.778787" elapsed="0.522915"/>
</kw>
<kw name="Click Element" owner="SeleniumLibrary">
<msg time="2025-03-12T01:54:50.301702" level="INFO">Clicking element 'xpath=//a[contains(@href, '/departments')]'.</msg>
<arg>${DEPARTMENT_URL}</arg>
<doc>Click the element identified by ``locator``.</doc>
<status status="PASS" start="2025-03-12T01:54:50.301702" elapsed="2.187631"/>
</kw>
<kw name="Click Element" owner="SeleniumLibrary">
<msg time="2025-03-12T01:54:52.489333" level="INFO">Clicking element 'xpath=(//a[@title='Edit'])[1]'.</msg>
<arg>xpath=(//a[@title='Edit'])[1]</arg>
<doc>Click the element identified by ``locator``.</doc>
<status status="PASS" start="2025-03-12T01:54:52.489333" elapsed="2.132105"/>
</kw>
<kw name="Wait Until Page Contains" owner="SeleniumLibrary">
<arg>编辑部门</arg>
<doc>Waits until ``text`` appears on the current page.</doc>
<status status="PASS" start="2025-03-12T01:54:54.621438" elapsed="0.532554"/>
</kw>
<kw name="Wait Until Page Contains" owner="SeleniumLibrary">
<arg>部门名称 (泰文)</arg>
<doc>Waits until ``text`` appears on the current page.</doc>
<status status="PASS" start="2025-03-12T01:54:55.154581" elapsed="0.523509"/>
</kw>
<kw name="Wait Until Page Contains" owner="SeleniumLibrary">
<arg>部门名称 (英文)</arg>
<doc>Waits until ``text`` appears on the current page.</doc>
<status status="PASS" start="2025-03-12T01:54:55.678090" elapsed="0.523701"/>
</kw>
<kw name="Wait Until Page Contains" owner="SeleniumLibrary">
<arg>提交</arg>
<doc>Waits until ``text`` appears on the current page.</doc>
<status status="PASS" start="2025-03-12T01:54:56.201791" elapsed="0.522877"/>
</kw>
<kw name="Wait Until Page Contains" owner="SeleniumLibrary">
<arg>返回</arg>
<doc>Waits until ``text`` appears on the current page.</doc>
<status status="PASS" start="2025-03-12T01:54:56.724668" elapsed="0.526156"/>
</kw>
<kw name="Click Element" owner="SeleniumLibrary">
<msg time="2025-03-12T01:54:57.250824" level="INFO">Clicking element 'xpath=//a[contains(@href, '/departments')]'.</msg>
<arg>${DEPARTMENT_URL}</arg>
<doc>Click the element identified by ``locator``.</doc>
<status status="PASS" start="2025-03-12T01:54:57.250824" elapsed="2.051087"/>
</kw>
<kw name="Click Element" owner="SeleniumLibrary">
<msg time="2025-03-12T01:54:59.301911" level="INFO">Clicking element 'xpath=(//button[@title='Delete'])[1]'.</msg>
<arg>xpath=(//button[@title='Delete'])[1]</arg>
<doc>Click the element identified by ``locator``.</doc>
<status status="PASS" start="2025-03-12T01:54:59.301911" elapsed="1.198349"/>
</kw>
<kw name="Wait Until Page Contains" owner="SeleniumLibrary">
<arg>您确定要删除此基金吗？</arg>
<doc>Waits until ``text`` appears on the current page.</doc>
<status status="PASS" start="2025-03-12T01:55:00.500260" elapsed="0.539755"/>
</kw>
<kw name="Wait Until Page Contains" owner="SeleniumLibrary">
<arg>您将无法恢复已删除的数据！</arg>
<doc>Waits until ``text`` appears on the current page.</doc>
<status status="PASS" start="2025-03-12T01:55:01.040432" elapsed="0.543858"/>
</kw>
<kw name="Wait Until Page Contains" owner="SeleniumLibrary">
<arg>取消</arg>
<doc>Waits until ``text`` appears on the current page.</doc>
<status status="PASS" start="2025-03-12T01:55:01.584902" elapsed="0.529197"/>
</kw>
<kw name="Wait Until Page Contains" owner="SeleniumLibrary">
<arg>提交</arg>
<doc>Waits until ``text`` appears on the current page.</doc>
<status status="PASS" start="2025-03-12T01:55:02.114675" elapsed="0.526806"/>
</kw>
<kw name="Click Element" owner="SeleniumLibrary">
<msg time="2025-03-12T01:55:02.641481" level="INFO">Clicking element 'xpath=//button[@class='swal-button swal-button--cancel']'.</msg>
<arg>xpath=//button[@class='swal-button swal-button--cancel']</arg>
<doc>Click the element identified by ``locator``.</doc>
<status status="PASS" start="2025-03-12T01:55:02.641481" elapsed="1.202453"/>
</kw>
<status status="PASS" start="2025-03-12T01:54:36.506818" elapsed="27.337700"/>
</kw>
<status status="PASS" start="2025-03-12T01:54:36.506818" elapsed="27.337700"/>
</test>
<test id="s1-t32" name="Verify Chinese Manage Program Page" line="150">
<kw name="Verify Manage Program Page Chinese">
<kw name="Click Element" owner="SeleniumLibrary">
<msg time="2025-03-12T01:55:03.849711" level="INFO">Clicking element 'xpath=//a[contains(@href, '/programs')]'.</msg>
<arg>${MANAGE_PROGRAM_URL}</arg>
<doc>Click the element identified by ``locator``.</doc>
<status status="PASS" start="2025-03-12T01:55:03.849711" elapsed="2.288264"/>
</kw>
<kw name="Wait Until Page Contains" owner="SeleniumLibrary">
<arg>管理项目</arg>
<doc>Waits until ``text`` appears on the current page.</doc>
<status status="PASS" start="2025-03-12T01:55:06.137975" elapsed="0.536818"/>
</kw>
<kw name="Wait Until Page Contains" owner="SeleniumLibrary">
<arg>编号</arg>
<doc>Waits until ``text`` appears on the current page.</doc>
<status status="PASS" start="2025-03-12T01:55:06.674793" elapsed="0.529825"/>
</kw>
<kw name="Wait Until Page Contains" owner="SeleniumLibrary">
<arg>项目名称</arg>
<doc>Waits until ``text`` appears on the current page.</doc>
<status status="PASS" start="2025-03-12T01:55:07.204618" elapsed="0.540459"/>
</kw>
<kw name="Wait Until Page Contains" owner="SeleniumLibrary">
<arg>学位</arg>
<doc>Waits until ``text`` appears on the current page.</doc>
<status status="PASS" start="2025-03-12T01:55:07.745709" elapsed="0.528131"/>
</kw>
<kw name="Wait Until Page Contains" owner="SeleniumLibrary">
<arg>操作</arg>
<doc>Waits until ``text`` appears on the current page.</doc>
<status status="PASS" start="2025-03-12T01:55:08.273840" elapsed="0.526686"/>
</kw>
<kw name="Wait Until Page Contains" owner="SeleniumLibrary">
<arg>搜索:</arg>
<doc>Waits until ``text`` appears on the current page.</doc>
<status status="PASS" start="2025-03-12T01:55:08.800526" elapsed="0.525152"/>
</kw>
<kw name="Wait Until Page Contains" owner="SeleniumLibrary">
<arg>上一页</arg>
<doc>Waits until ``text`` appears on the current page.</doc>
<status status="PASS" start="2025-03-12T01:55:09.326687" elapsed="0.523415"/>
</kw>
<kw name="Wait Until Page Contains" owner="SeleniumLibrary">
<arg>下一页</arg>
<doc>Waits until ``text`` appears on the current page.</doc>
<status status="PASS" start="2025-03-12T01:55:09.850484" elapsed="0.526154"/>
</kw>
<kw name="Click Element" owner="SeleniumLibrary">
<msg time="2025-03-12T01:55:10.376638" level="INFO">Clicking element 'id=new-program'.</msg>
<arg>id=new-program</arg>
<doc>Click the element identified by ``locator``.</doc>
<status status="PASS" start="2025-03-12T01:55:10.376638" elapsed="1.196300"/>
</kw>
<kw name="Wait Until Page Contains" owner="SeleniumLibrary">
<arg>添加新项目</arg>
<doc>Waits until ``text`` appears on the current page.</doc>
<status status="PASS" start="2025-03-12T01:55:11.572938" elapsed="0.535202"/>
</kw>
<kw name="Wait Until Page Contains" owner="SeleniumLibrary">
<arg>学位</arg>
<doc>Waits until ``text`` appears on the current page.</doc>
<status status="PASS" start="2025-03-12T01:55:12.108140" elapsed="0.526062"/>
</kw>
<kw name="Wait Until Page Contains" owner="SeleniumLibrary">
<arg>部门名称</arg>
<doc>Waits until ``text`` appears on the current page.</doc>
<status status="PASS" start="2025-03-12T01:55:12.634882" elapsed="0.540203"/>
</kw>
<kw name="Wait Until Page Contains" owner="SeleniumLibrary">
<arg>项目名称 (泰文)</arg>
<doc>Waits until ``text`` appears on the current page.</doc>
<status status="PASS" start="2025-03-12T01:55:13.175085" elapsed="0.535022"/>
</kw>
<kw name="Wait Until Page Contains" owner="SeleniumLibrary">
<arg>项目名称 (英文)</arg>
<doc>Waits until ``text`` appears on the current page.</doc>
<status status="PASS" start="2025-03-12T01:55:13.710107" elapsed="0.544525"/>
</kw>
<kw name="Wait Until Page Contains" owner="SeleniumLibrary">
<arg>项目名称 (中文)</arg>
<doc>Waits until ``text`` appears on the current page.</doc>
<status status="PASS" start="2025-03-12T01:55:14.255159" elapsed="0.524453"/>
</kw>
<kw name="Wait Until Page Contains" owner="SeleniumLibrary">
<arg>提交</arg>
<doc>Waits until ``text`` appears on the current page.</doc>
<status status="PASS" start="2025-03-12T01:55:14.779612" elapsed="0.524755"/>
</kw>
<kw name="Wait Until Page Contains" owner="SeleniumLibrary">
<arg>取消</arg>
<doc>Waits until ``text`` appears on the current page.</doc>
<status status="PASS" start="2025-03-12T01:55:15.304913" elapsed="0.534313"/>
</kw>
<kw name="Click Element" owner="SeleniumLibrary">
<msg time="2025-03-12T01:55:15.839226" level="INFO">Clicking element 'xpath=(//a[contains(@href, '/programs')])[2]'.</msg>
<arg>xpath=(//a[contains(@href, '/programs')])[2]</arg>
<doc>Click the element identified by ``locator``.</doc>
<status status="PASS" start="2025-03-12T01:55:15.839226" elapsed="2.421749"/>
</kw>
<kw name="Click Element" owner="SeleniumLibrary">
<msg time="2025-03-12T01:55:18.260975" level="INFO">Clicking element 'xpath=(//a[@title='Edit'])[1]'.</msg>
<arg>xpath=(//a[@title='Edit'])[1]</arg>
<doc>Click the element identified by ``locator``.</doc>
<status status="PASS" start="2025-03-12T01:55:18.260975" elapsed="1.164764"/>
</kw>
<kw name="Wait Until Page Contains" owner="SeleniumLibrary">
<arg>编辑项目</arg>
<doc>Waits until ``text`` appears on the current page.</doc>
<status status="PASS" start="2025-03-12T01:55:19.425739" elapsed="0.532508"/>
</kw>
<kw name="Wait Until Page Contains" owner="SeleniumLibrary">
<arg>学位</arg>
<doc>Waits until ``text`` appears on the current page.</doc>
<status status="PASS" start="2025-03-12T01:55:19.958247" elapsed="0.523115"/>
</kw>
<kw name="Wait Until Page Contains" owner="SeleniumLibrary">
<arg>部门名称</arg>
<doc>Waits until ``text`` appears on the current page.</doc>
<status status="PASS" start="2025-03-12T01:55:20.481631" elapsed="0.521394"/>
</kw>
<kw name="Wait Until Page Contains" owner="SeleniumLibrary">
<arg>项目名称 (泰文)</arg>
<doc>Waits until ``text`` appears on the current page.</doc>
<status status="PASS" start="2025-03-12T01:55:21.003025" elapsed="0.521777"/>
</kw>
<kw name="Wait Until Page Contains" owner="SeleniumLibrary">
<arg>项目名称 (英文)</arg>
<doc>Waits until ``text`` appears on the current page.</doc>
<status status="PASS" start="2025-03-12T01:55:21.525713" elapsed="0.536120"/>
</kw>
<kw name="Wait Until Page Contains" owner="SeleniumLibrary">
<arg>项目名称 (中文)</arg>
<doc>Waits until ``text`` appears on the current page.</doc>
<status status="PASS" start="2025-03-12T01:55:22.061833" elapsed="0.519458"/>
</kw>
<kw name="Wait Until Page Contains" owner="SeleniumLibrary">
<arg>提交</arg>
<doc>Waits until ``text`` appears on the current page.</doc>
<status status="PASS" start="2025-03-12T01:55:22.581291" elapsed="0.523571"/>
</kw>
<kw name="Wait Until Page Contains" owner="SeleniumLibrary">
<arg>取消</arg>
<doc>Waits until ``text`` appears on the current page.</doc>
<status status="PASS" start="2025-03-12T01:55:23.105400" elapsed="0.521974"/>
</kw>
<kw name="Click Element" owner="SeleniumLibrary">
<msg time="2025-03-12T01:55:23.627374" level="INFO">Clicking element 'xpath=(//a[contains(@href, '/programs')])[2]'.</msg>
<arg>xpath=(//a[contains(@href, '/programs')])[2]</arg>
<doc>Click the element identified by ``locator``.</doc>
<status status="PASS" start="2025-03-12T01:55:23.627374" elapsed="2.152881"/>
</kw>
<kw name="Click Element" owner="SeleniumLibrary">
<msg time="2025-03-12T01:55:25.780255" level="INFO">Clicking element 'xpath=(//button[@title='Delete'])[1]'.</msg>
<arg>xpath=(//button[@title='Delete'])[1]</arg>
<doc>Click the element identified by ``locator``.</doc>
<status status="PASS" start="2025-03-12T01:55:25.780255" elapsed="1.335309"/>
</kw>
<kw name="Wait Until Page Contains" owner="SeleniumLibrary">
<arg>您确定要删除此基金吗？</arg>
<doc>Waits until ``text`` appears on the current page.</doc>
<status status="PASS" start="2025-03-12T01:55:27.115928" elapsed="0.522187"/>
</kw>
<kw name="Wait Until Page Contains" owner="SeleniumLibrary">
<arg>您将无法恢复已删除的数据！</arg>
<doc>Waits until ``text`` appears on the current page.</doc>
<status status="PASS" start="2025-03-12T01:55:27.638115" elapsed="0.519555"/>
</kw>
<kw name="Wait Until Page Contains" owner="SeleniumLibrary">
<arg>取消</arg>
<doc>Waits until ``text`` appears on the current page.</doc>
<status status="PASS" start="2025-03-12T01:55:28.157670" elapsed="0.530601"/>
</kw>
<kw name="Wait Until Page Contains" owner="SeleniumLibrary">
<arg>提交</arg>
<doc>Waits until ``text`` appears on the current page.</doc>
<status status="PASS" start="2025-03-12T01:55:28.688271" elapsed="0.521876"/>
</kw>
<kw name="Click Element" owner="SeleniumLibrary">
<msg time="2025-03-12T01:55:29.210147" level="INFO">Clicking element 'xpath=//button[@class='swal-button swal-button--cancel']'.</msg>
<arg>xpath=//button[@class='swal-button swal-button--cancel']</arg>
<doc>Click the element identified by ``locator``.</doc>
<status status="PASS" start="2025-03-12T01:55:29.210147" elapsed="1.189752"/>
</kw>
<status status="PASS" start="2025-03-12T01:55:03.844518" elapsed="26.555381"/>
</kw>
<status status="PASS" start="2025-03-12T01:55:03.844518" elapsed="26.555381"/>
</test>
<kw name="Logout And Close Browser" type="TEARDOWN">
<kw name="Logout">
<kw name="Click Element" owner="SeleniumLibrary">
<msg time="2025-03-12T01:55:30.405462" level="INFO">Clicking element 'xpath=//a[contains(@href, '/logout')]'.</msg>
<arg>xpath=//a[contains(@href, '/logout')]</arg>
<doc>Click the element identified by ``locator``.</doc>
<status status="PASS" start="2025-03-12T01:55:30.399899" elapsed="2.341307"/>
</kw>
<kw name="Log To Console" owner="BuiltIn">
<arg>Logged out successfully</arg>
<doc>Logs the given message to the console.</doc>
<status status="PASS" start="2025-03-12T01:55:32.741206" elapsed="0.000000"/>
</kw>
<status status="PASS" start="2025-03-12T01:55:30.399899" elapsed="2.341307"/>
</kw>
<kw name="Close Browser" owner="SeleniumLibrary">
<doc>Closes the current browser.</doc>
<status status="PASS" start="2025-03-12T01:55:32.744023" elapsed="2.819494"/>
</kw>
<status status="PASS" start="2025-03-12T01:55:30.399899" elapsed="5.163618"/>
</kw>
<status status="PASS" start="2025-03-12T01:37:55.435009" elapsed="1060.128508"/>
</suite>
<statistics>
<total>
<stat pass="32" fail="0" skip="0">All Tests</stat>
</total>
<tag>
</tag>
<suite>
<stat name="Staff Lang Switch" id="s1" pass="32" fail="0" skip="0">Staff Lang Switch</stat>
</suite>
</statistics>
<errors>
</errors>
</robot>
