<?xml version="1.0" encoding="UTF-8"?>
<robot generator="Robot 7.2 (Python 3.12.8 on win32)" generated="2025-02-26T06:39:36.969807" rpa="false" schemaversion="5">
<suite id="s1" name="researcher OtherAcademicWork" source="D:\SE_2567_126-0\group_project\git-group-repository-group-3-sec-1\code\tests\robot\researcher_OtherAcademicWork_language_switch_tests\researcher_OtherAcademicWork.robot">
<kw name="Open Browser To Login Page" type="SETUP">
<kw name="Open Browser" owner="SeleniumLibrary">
<msg time="2025-02-26T06:39:37.528113" level="INFO">Opening browser 'chrome' to base url 'http://127.0.0.1:8000/login'.</msg>
<arg>${URL}</arg>
<arg>${BROWSER}</arg>
<doc>Opens a new browser instance to the optional ``url``.</doc>
<status status="PASS" start="2025-02-26T06:39:37.527059" elapsed="3.138174"/>
</kw>
<kw name="Maximize Browser Window" owner="SeleniumLibrary">
<doc>Maximizes current browser window.</doc>
<status status="PASS" start="2025-02-26T06:39:40.666234" elapsed="0.042217"/>
</kw>
<kw name="Set Selenium Speed" owner="SeleniumLibrary">
<arg>${DELAY}</arg>
<doc>Sets the delay that is waited after each Selenium command.</doc>
<status status="PASS" start="2025-02-26T06:39:40.709455" elapsed="0.000000"/>
</kw>
<kw name="Login To System">
<kw name="Wait Until Page Contains Element" owner="SeleniumLibrary">
<arg>id=username</arg>
<arg>5s</arg>
<doc>Waits until the element ``locator`` appears on the current page.</doc>
<status status="PASS" start="2025-02-26T06:39:40.710456" elapsed="1.017577"/>
</kw>
<kw name="Log To Console" owner="BuiltIn">
<arg>Found username field</arg>
<doc>Logs the given message to the console.</doc>
<status status="PASS" start="2025-02-26T06:39:41.728033" elapsed="0.000000"/>
</kw>
<kw name="Input Text" owner="SeleniumLibrary">
<msg time="2025-02-26T06:39:41.729045" level="INFO">Typing text 'chitsutha@kku.ac.th' into text field 'id=username'.</msg>
<arg>id=username</arg>
<arg>${USERNAME}</arg>
<doc>Types the given ``text`` into the text field identified by ``locator``.</doc>
<status status="PASS" start="2025-02-26T06:39:41.729045" elapsed="3.105759"/>
</kw>
<kw name="Input Text" owner="SeleniumLibrary">
<msg time="2025-02-26T06:39:44.835818" level="INFO">Typing text '123456789' into text field 'id=password'.</msg>
<arg>id=password</arg>
<arg>${PASSWORD}</arg>
<doc>Types the given ``text`` into the text field identified by ``locator``.</doc>
<status status="PASS" start="2025-02-26T06:39:44.834804" elapsed="3.108669"/>
</kw>
<kw name="Click Button" owner="SeleniumLibrary">
<msg time="2025-02-26T06:39:47.944526" level="INFO">Clicking button 'xpath=//button[@type='submit']'.</msg>
<arg>xpath=//button[@type='submit']</arg>
<doc>Clicks the button identified by ``locator``.</doc>
<status status="PASS" start="2025-02-26T06:39:47.943473" elapsed="9.734781"/>
</kw>
<kw name="Wait Until Location Contains" owner="SeleniumLibrary">
<arg>${DASHBOARD_URL}</arg>
<arg>5s</arg>
<doc>Waits until the current URL contains ``expected``.</doc>
<status status="PASS" start="2025-02-26T06:39:57.678254" elapsed="1.008309"/>
</kw>
<kw name="Log To Console" owner="BuiltIn">
<arg>Login successful, redirected to: ${DASHBOARD_URL}</arg>
<doc>Logs the given message to the console.</doc>
<status status="PASS" start="2025-02-26T06:39:58.686563" elapsed="0.000000"/>
</kw>
<kw name="Wait Until Page Contains Element" owner="SeleniumLibrary">
<arg>xpath=//a[@class='nav-link dropdown-toggle' and .//span[contains(@class, 'flag-icon')]]</arg>
<arg>5s</arg>
<doc>Waits until the element ``locator`` appears on the current page.</doc>
<status status="PASS" start="2025-02-26T06:39:58.687583" elapsed="1.014198"/>
</kw>
<status status="PASS" start="2025-02-26T06:39:40.710456" elapsed="18.991325"/>
</kw>
<status status="PASS" start="2025-02-26T06:39:37.526061" elapsed="22.176232"/>
</kw>
<test id="s1-t1" name="Test Language Switching On Researcher Patent" line="16">
<kw name="Reset Language To English" type="SETUP">
<kw name="Go To" owner="SeleniumLibrary">
<msg time="2025-02-26T06:39:59.704683" level="INFO">Opening url 'http://127.0.0.1:8000/dashboard'</msg>
<arg>${DASHBOARD_URL}</arg>
<doc>Navigates the current browser window to the provided ``url``.</doc>
<status status="PASS" start="2025-02-26T06:39:59.704683" elapsed="1.436972"/>
</kw>
<kw name="Wait Until Page Contains Element" owner="SeleniumLibrary">
<arg>xpath=//a[@class='nav-link dropdown-toggle' and .//span[contains(@class, 'flag-icon')]]</arg>
<arg>5s</arg>
<doc>Waits until the element ``locator`` appears on the current page.</doc>
<status status="PASS" start="2025-02-26T06:40:01.141655" elapsed="1.015318"/>
</kw>
<kw name="Click Element" owner="SeleniumLibrary">
<msg time="2025-02-26T06:40:02.156973" level="INFO">Clicking element 'xpath=//a[@class='nav-link dropdown-toggle' and .//span[contains(@class, 'flag-icon')]]'.</msg>
<arg>xpath=//a[@class='nav-link dropdown-toggle' and .//span[contains(@class, 'flag-icon')]]</arg>
<doc>Click the element identified by ``locator``.</doc>
<status status="PASS" start="2025-02-26T06:40:02.156973" elapsed="2.077034"/>
</kw>
<kw name="Run Keyword And Return Status" owner="BuiltIn">
<kw name="Page Should Contain Element" owner="SeleniumLibrary">
<msg time="2025-02-26T06:40:07.377588" level="INFO" html="true">&lt;/td&gt;&lt;/tr&gt;&lt;tr&gt;&lt;td colspan="3"&gt;&lt;a href="selenium-screenshot-1.png"&gt;&lt;img src="selenium-screenshot-1.png" width="800px"&gt;&lt;/a&gt;</msg>
<msg time="2025-02-26T06:40:07.377588" level="FAIL">Page should have contained element 'xpath=//a[@class='dropdown-item' and contains(., 'English')]' but did not.</msg>
<arg>xpath=//a[@class='dropdown-item' and contains(., 'English')]</arg>
<doc>Verifies that element ``locator`` is found on the current page.</doc>
<status status="FAIL" start="2025-02-26T06:40:04.235064" elapsed="3.146132">Page should have contained element 'xpath=//a[@class='dropdown-item' and contains(., 'English')]' but did not.</status>
</kw>
<msg time="2025-02-26T06:40:07.382194" level="INFO">${english_present} = False</msg>
<var>${english_present}</var>
<arg>Page Should Contain Element</arg>
<arg>xpath=//a[@class='dropdown-item' and contains(., 'English')]</arg>
<doc>Runs the given keyword with given arguments and returns the status as a Boolean value.</doc>
<status status="PASS" start="2025-02-26T06:40:04.234007" elapsed="3.148187"/>
</kw>
<kw name="Run Keyword If" owner="BuiltIn">
<arg>${english_present}</arg>
<arg>Click Element</arg>
<arg>xpath=//a[@class='dropdown-item' and contains(., 'English')]</arg>
<doc>Runs the given keyword with the given arguments, if ``condition`` is true.</doc>
<status status="PASS" start="2025-02-26T06:40:07.382194" elapsed="0.000000"/>
</kw>
<kw name="Wait Until Page Contains Element" owner="SeleniumLibrary">
<arg>xpath=//span[contains(@class, 'flag-icon-us')]</arg>
<arg>5s</arg>
<doc>Waits until the element ``locator`` appears on the current page.</doc>
<status status="PASS" start="2025-02-26T06:40:07.383191" elapsed="1.013369"/>
</kw>
<kw name="Log To Console" owner="BuiltIn">
<arg>Reset language to English</arg>
<doc>Logs the given message to the console.</doc>
<status status="PASS" start="2025-02-26T06:40:08.396560" elapsed="0.000000"/>
</kw>
<kw name="Get Source" owner="SeleniumLibrary">
<msg time="2025-02-26T06:40:09.403440" level="INFO">${page_source} = &lt;html lang="en" class="hydrated" style="height: auto;"&gt;&lt;head&gt;&lt;style type="text/css"&gt;.swal-icon--error{border-color:#f27474;-webkit-animation:animateErrorIcon .5s;animation:animateErrorIcon .5s}.swal-i...</msg>
<var>${page_source}</var>
<doc>Returns the entire HTML source of the current page or frame.</doc>
<status status="PASS" start="2025-02-26T06:40:08.397774" elapsed="1.005666"/>
</kw>
<kw name="Log To Console" owner="BuiltIn">
<arg>Page source after reset: ${page_source}</arg>
<doc>Logs the given message to the console.</doc>
<status status="PASS" start="2025-02-26T06:40:09.403440" elapsed="0.042409"/>
</kw>
<status status="PASS" start="2025-02-26T06:39:59.704683" elapsed="9.741166"/>
</kw>
<kw name="Go To" owner="SeleniumLibrary">
<msg time="2025-02-26T06:40:09.446850" level="INFO">Opening url 'http://127.0.0.1:8000/patents'</msg>
<arg>${OTHER_ACADEMIC_WORK_URL}</arg>
<doc>Navigates the current browser window to the provided ``url``.</doc>
<status status="PASS" start="2025-02-26T06:40:09.445849" elapsed="2.686013"/>
</kw>
<kw name="Verify Language">
<kw name="Page Should Contain" owner="SeleniumLibrary">
<msg time="2025-02-26T06:40:14.152907" level="INFO">Current page contains text 'Other Academic Works (Patents, Utility Models, Copyrights)'.</msg>
<arg>${welcome_text}</arg>
<doc>Verifies that current page contains ``text``.</doc>
<status status="PASS" start="2025-02-26T06:40:12.131862" elapsed="2.021045"/>
</kw>
<arg>Other Academic Works (Patents, Utility Models, Copyrights)</arg>
<status status="PASS" start="2025-02-26T06:40:12.131862" elapsed="2.021045"/>
</kw>
<kw name="Switch Language">
<kw name="Wait Until Page Contains Element" owner="SeleniumLibrary">
<arg>xpath=//a[@class='nav-link dropdown-toggle' and .//span[contains(@class, 'flag-icon')]]</arg>
<arg>15s</arg>
<doc>Waits until the element ``locator`` appears on the current page.</doc>
<status status="PASS" start="2025-02-26T06:40:14.153926" elapsed="1.008999"/>
</kw>
<kw name="Click Element" owner="SeleniumLibrary">
<msg time="2025-02-26T06:40:15.163433" level="INFO">Clicking element 'xpath=//a[@class='nav-link dropdown-toggle' and .//span[contains(@class, 'flag-icon')]]'.</msg>
<arg>xpath=//a[@class='nav-link dropdown-toggle' and .//span[contains(@class, 'flag-icon')]]</arg>
<doc>Click the element identified by ``locator``.</doc>
<status status="PASS" start="2025-02-26T06:40:15.162925" elapsed="2.060197"/>
</kw>
<kw name="Click Element" owner="SeleniumLibrary">
<msg time="2025-02-26T06:40:17.223664" level="INFO">Clicking element 'xpath=//a[contains(@href, 'http://127.0.0.1:8000/lang/th')]'.</msg>
<msg time="2025-02-26T06:40:19.395923" level="INFO" html="true">&lt;/td&gt;&lt;/tr&gt;&lt;tr&gt;&lt;td colspan="3"&gt;&lt;a href="selenium-screenshot-2.png"&gt;&lt;img src="selenium-screenshot-2.png" width="800px"&gt;&lt;/a&gt;</msg>
<msg time="2025-02-26T06:40:19.395923" level="FAIL">ElementNotInteractableException: Message: element not interactable
  (Session info: chrome=133.0.6943.128)
Stacktrace:
	GetHandleVerifier [0x00007FF76BA8C6A5+28789]
	(No symbol) [0x00007FF76B9F5B20]
	(No symbol) [0x00007FF76B888DCC]
	(No symbol) [0x00007FF76B8E0774]
	(No symbol) [0x00007FF76B8D2314]
	(No symbol) [0x00007FF76B90732A]
	(No symbol) [0x00007FF76B8D1BC6]
	(No symbol) [0x00007FF76B907540]
	(No symbol) [0x00007FF76B92F7E3]
	(No symbol) [0x00007FF76B907103]
	(No symbol) [0x00007FF76B8CFFC0]
	(No symbol) [0x00007FF76B8D1273]
	GetHandleVerifier [0x00007FF76BDD1AED+3458237]
	GetHandleVerifier [0x00007FF76BDE829C+3550316]
	GetHandleVerifier [0x00007FF76BDDDB9D+3507565]
	GetHandleVerifier [0x00007FF76BB52C6A+841274]
	(No symbol) [0x00007FF76BA009EF]
	(No symbol) [0x00007FF76B9FCB34]
	(No symbol) [0x00007FF76B9FCCD6]
	(No symbol) [0x00007FF76B9EC119]
	BaseThreadInitThunk [0x00007FFFDF0F259D+29]
	RtlUserThreadStart [0x00007FFFE11CAF38+40]
</msg>
<arg>xpath=//a[contains(@href, 'http://127.0.0.1:8000/lang/${lang}')]</arg>
<doc>Click the element identified by ``locator``.</doc>
<status status="FAIL" start="2025-02-26T06:40:17.223664" elapsed="2.190464">ElementNotInteractableException: Message: element not interactable
  (Session info: chrome=133.0.6943.128)
Stacktrace:
	GetHandleVerifier [0x00007FF76BA8C6A5+28789]
	(No symbol) [0x00007FF76B9F5B20]
	(No symbol) [0x00007FF76B888DCC]
	(No symbol) [0x00007FF76B8E0774]
	(No symbol) [0x00007FF76B8D2314]
	(No symbol) [0x00007FF76B90732A]
	(No symbol) [0x00007FF76B8D1BC6]
	(No symbol) [0x00007FF76B907540]
	(No symbol) [0x00007FF76B92F7E3]
	(No symbol) [0x00007FF76B907103]
	(No symbol) [0x00007FF76B8CFFC0]
	(No symbol) [0x00007FF76B8D1273]
	GetHandleVerifier [0x00007FF76BDD1AED+3458237]
	GetHandleVerifier [0x00007FF76BDE829C+3550316]
	GetHandleVerifier [0x00007FF76BDDDB9D+3507565]
	GetHandleVerifier [0x00007FF76BB52C6A+841274]
	(No symbol) [0x00007FF76BA009EF]
	(No symbol) [0x00007FF76B9FCB34]
	(No symbol) [0x00007FF76B9FCCD6]
	(No symbol) [0x00007FF76B9EC119]
	BaseThreadInitThunk [0x00007FFFDF0F259D+29]
	RtlUserThreadStart [0x00007FFFE11CAF38+40]
</status>
</kw>
<kw name="Run Keyword If" owner="BuiltIn">
<var>${flag}</var>
<arg>'${lang}' == 'cn'</arg>
<arg>Set Variable</arg>
<arg>cn</arg>
<arg>ELSE</arg>
<arg>Set Variable</arg>
<arg>${lang}</arg>
<doc>Runs the given keyword with the given arguments, if ``condition`` is true.</doc>
<status status="NOT RUN" start="2025-02-26T06:40:19.414128" elapsed="0.001015"/>
</kw>
<kw name="Wait Until Page Contains Element" owner="SeleniumLibrary">
<arg>xpath=//span[contains(@class, 'flag-icon-${flag}')]</arg>
<arg>10s</arg>
<doc>Waits until the element ``locator`` appears on the current page.</doc>
<status status="NOT RUN" start="2025-02-26T06:40:19.415143" elapsed="0.000000"/>
</kw>
<kw name="Log To Console" owner="BuiltIn">
<arg>Switched to language: ${lang}</arg>
<doc>Logs the given message to the console.</doc>
<status status="NOT RUN" start="2025-02-26T06:40:19.415143" elapsed="0.000000"/>
</kw>
<arg>th</arg>
<status status="FAIL" start="2025-02-26T06:40:14.152907" elapsed="5.262236">ElementNotInteractableException: Message: element not interactable
  (Session info: chrome=133.0.6943.128)
Stacktrace:
	GetHandleVerifier [0x00007FF76BA8C6A5+28789]
	(No symbol) [0x00007FF76B9F5B20]
	(No symbol) [0x00007FF76B888DCC]
	(No symbol) [0x00007FF76B8E0774]
	(No symbol) [0x00007FF76B8D2314]
	(No symbol) [0x00007FF76B90732A]
	(No symbol) [0x00007FF76B8D1BC6]
	(No symbol) [0x00007FF76B907540]
	(No symbol) [0x00007FF76B92F7E3]
	(No symbol) [0x00007FF76B907103]
	(No symbol) [0x00007FF76B8CFFC0]
	(No symbol) [0x00007FF76B8D1273]
	GetHandleVerifier [0x00007FF76BDD1AED+3458237]
	GetHandleVerifier [0x00007FF76BDE829C+3550316]
	GetHandleVerifier [0x00007FF76BDDDB9D+3507565]
	GetHandleVerifier [0x00007FF76BB52C6A+841274]
	(No symbol) [0x00007FF76BA009EF]
	(No symbol) [0x00007FF76B9FCB34]
	(No symbol) [0x00007FF76B9FCCD6]
	(No symbol) [0x00007FF76B9EC119]
	BaseThreadInitThunk [0x00007FFFDF0F259D+29]
	RtlUserThreadStart [0x00007FFFE11CAF38+40]
</status>
</kw>
<kw name="Verify Language">
<arg>ผลงานวิชาการอื่นๆ (สิทธิบัตร, อนุสิทธิบัตร,ลิขสิทธิ์)</arg>
<status status="NOT RUN" start="2025-02-26T06:40:19.415143" elapsed="0.000000"/>
</kw>
<kw name="Switch Language">
<arg>cn</arg>
<status status="NOT RUN" start="2025-02-26T06:40:19.416343" elapsed="0.000000"/>
</kw>
<kw name="Verify Language">
<arg>其他学术作品</arg>
<status status="NOT RUN" start="2025-02-26T06:40:19.416343" elapsed="0.000000"/>
</kw>
<doc>ทดสอบการเปลี่ยนภาษาบนหน้าผลงานวิชาการอื่นๆในส่วนของผู้วิจัย</doc>
<status status="FAIL" start="2025-02-26T06:39:59.702293" elapsed="19.714050">ElementNotInteractableException: Message: element not interactable
  (Session info: chrome=133.0.6943.128)
Stacktrace:
	GetHandleVerifier [0x00007FF76BA8C6A5+28789]
	(No symbol) [0x00007FF76B9F5B20]
	(No symbol) [0x00007FF76B888DCC]
	(No symbol) [0x00007FF76B8E0774]
	(No symbol) [0x00007FF76B8D2314]
	(No symbol) [0x00007FF76B90732A]
	(No symbol) [0x00007FF76B8D1BC6]
	(No symbol) [0x00007FF76B907540]
	(No symbol) [0x00007FF76B92F7E3]
	(No symbol) [0x00007FF76B907103]
	(No symbol) [0x00007FF76B8CFFC0]
	(No symbol) [0x00007FF76B8D1273]
	GetHandleVerifier [0x00007FF76BDD1AED+3458237]
	GetHandleVerifier [0x00007FF76BDE829C+3550316]
	GetHandleVerifier [0x00007FF76BDDDB9D+3507565]
	GetHandleVerifier [0x00007FF76BB52C6A+841274]
	(No symbol) [0x00007FF76BA009EF]
	(No symbol) [0x00007FF76B9FCB34]
	(No symbol) [0x00007FF76B9FCCD6]
	(No symbol) [0x00007FF76B9EC119]
	BaseThreadInitThunk [0x00007FFFDF0F259D+29]
	RtlUserThreadStart [0x00007FFFE11CAF38+40]
</status>
</test>
<kw name="Logout And Close Browser" type="TEARDOWN">
<kw name="Logout">
<kw name="Click Element" owner="SeleniumLibrary">
<msg time="2025-02-26T06:40:19.420366" level="INFO">Clicking element 'xpath=//a[contains(@href, '/logout')]'.</msg>
<arg>xpath=//a[contains(@href, '/logout')]</arg>
<doc>Click the element identified by ``locator``.</doc>
<status status="PASS" start="2025-02-26T06:40:19.420366" elapsed="2.579317"/>
</kw>
<kw name="Wait Until Page Contains" owner="SeleniumLibrary">
<arg>Login</arg>
<arg>5s</arg>
<doc>Waits until ``text`` appears on the current page.</doc>
<status status="PASS" start="2025-02-26T06:40:21.999683" elapsed="1.015612"/>
</kw>
<kw name="Log To Console" owner="BuiltIn">
<arg>Logged out successfully</arg>
<doc>Logs the given message to the console.</doc>
<status status="PASS" start="2025-02-26T06:40:23.015295" elapsed="0.001539"/>
</kw>
<status status="PASS" start="2025-02-26T06:40:19.420366" elapsed="3.596468"/>
</kw>
<kw name="Close Browser" owner="SeleniumLibrary">
<doc>Closes the current browser.</doc>
<status status="PASS" start="2025-02-26T06:40:23.016834" elapsed="3.152568"/>
</kw>
<status status="PASS" start="2025-02-26T06:40:19.420366" elapsed="6.750039"/>
</kw>
<status status="FAIL" start="2025-02-26T06:39:36.971810" elapsed="49.198595"/>
</suite>
<statistics>
<total>
<stat pass="0" fail="1" skip="0">All Tests</stat>
</total>
<tag>
</tag>
<suite>
<stat name="researcher OtherAcademicWork" id="s1" pass="0" fail="1" skip="0">researcher OtherAcademicWork</stat>
</suite>
</statistics>
<errors>
</errors>
</robot>
