<?xml version="1.0" encoding="UTF-8"?>
<robot generator="Robot 7.2 (Python 3.12.8 on win32)" generated="2025-02-26T04:27:54.988335" rpa="false" schemaversion="5">
<suite id="s1" name="Researcher Researchproject" source="D:\SE_2567_126-0\group_project\git-group-repository-group-3-sec-1\code\tests\robot\researcher_researchproject_language_switch_tests\researcher_researchproject.robot">
<kw name="Open Browser To Login Page" type="SETUP">
<kw name="Open Browser" owner="SeleniumLibrary">
<msg time="2025-02-26T04:27:55.452302" level="INFO">Opening browser 'chrome' to base url 'http://127.0.0.1:8000/login'.</msg>
<arg>${URL}</arg>
<arg>${BROWSER}</arg>
<doc>Opens a new browser instance to the optional ``url``.</doc>
<status status="PASS" start="2025-02-26T04:27:55.451307" elapsed="2.454437"/>
</kw>
<kw name="Maximize Browser Window" owner="SeleniumLibrary">
<doc>Maximizes current browser window.</doc>
<status status="PASS" start="2025-02-26T04:27:57.905744" elapsed="0.045981"/>
</kw>
<kw name="Set Selenium Speed" owner="SeleniumLibrary">
<arg>${DELAY}</arg>
<doc>Sets the delay that is waited after each Selenium command.</doc>
<status status="PASS" start="2025-02-26T04:27:57.951725" elapsed="0.001020"/>
</kw>
<kw name="Login To System">
<kw name="Wait Until Page Contains Element" owner="SeleniumLibrary">
<arg>id=username</arg>
<arg>5s</arg>
<doc>Waits until the element ``locator`` appears on the current page.</doc>
<status status="PASS" start="2025-02-26T04:27:57.953723" elapsed="1.034325"/>
</kw>
<kw name="Log To Console" owner="BuiltIn">
<arg>Found username field</arg>
<doc>Logs the given message to the console.</doc>
<status status="PASS" start="2025-02-26T04:27:58.988048" elapsed="0.000000"/>
</kw>
<kw name="Input Text" owner="SeleniumLibrary">
<msg time="2025-02-26T04:27:58.989069" level="INFO">Typing text 'chitsutha@kku.ac.th' into text field 'id=username'.</msg>
<arg>id=username</arg>
<arg>${USERNAME}</arg>
<doc>Types the given ``text`` into the text field identified by ``locator``.</doc>
<status status="PASS" start="2025-02-26T04:27:58.989069" elapsed="3.112558"/>
</kw>
<kw name="Input Text" owner="SeleniumLibrary">
<msg time="2025-02-26T04:28:02.102666" level="INFO">Typing text '123456789' into text field 'id=password'.</msg>
<arg>id=password</arg>
<arg>${PASSWORD}</arg>
<doc>Types the given ``text`` into the text field identified by ``locator``.</doc>
<status status="PASS" start="2025-02-26T04:28:02.101627" elapsed="3.107901"/>
</kw>
<kw name="Click Button" owner="SeleniumLibrary">
<msg time="2025-02-26T04:28:05.209528" level="INFO">Clicking button 'xpath=//button[@type='submit']'.</msg>
<arg>xpath=//button[@type='submit']</arg>
<doc>Clicks the button identified by ``locator``.</doc>
<status status="PASS" start="2025-02-26T04:28:05.209528" elapsed="6.879693"/>
</kw>
<kw name="Wait Until Location Contains" owner="SeleniumLibrary">
<arg>${DASHBOARD_URL}</arg>
<arg>5s</arg>
<doc>Waits until the current URL contains ``expected``.</doc>
<status status="PASS" start="2025-02-26T04:28:12.089221" elapsed="1.007797"/>
</kw>
<kw name="Log To Console" owner="BuiltIn">
<arg>Login successful, redirected to: ${DASHBOARD_URL}</arg>
<doc>Logs the given message to the console.</doc>
<status status="PASS" start="2025-02-26T04:28:13.097549" elapsed="0.001030"/>
</kw>
<kw name="Wait Until Page Contains Element" owner="SeleniumLibrary">
<arg>xpath=//a[@class='nav-link dropdown-toggle' and .//span[contains(@class, 'flag-icon')]]</arg>
<arg>5s</arg>
<doc>Waits until the element ``locator`` appears on the current page.</doc>
<status status="PASS" start="2025-02-26T04:28:13.098579" elapsed="1.016752"/>
</kw>
<status status="PASS" start="2025-02-26T04:27:57.952745" elapsed="16.162586"/>
</kw>
<status status="PASS" start="2025-02-26T04:27:55.451307" elapsed="18.664024"/>
</kw>
<test id="s1-t1" name="Test Language Switching On Researcher Research Project" line="16">
<kw name="Reset Language To English" type="SETUP">
<kw name="Go To" owner="SeleniumLibrary">
<msg time="2025-02-26T04:28:14.118380" level="INFO">Opening url 'http://127.0.0.1:8000/dashboard'</msg>
<arg>${DASHBOARD_URL}</arg>
<doc>Navigates the current browser window to the provided ``url``.</doc>
<status status="PASS" start="2025-02-26T04:28:14.117363" elapsed="1.415272"/>
</kw>
<kw name="Wait Until Page Contains Element" owner="SeleniumLibrary">
<arg>xpath=//a[@class='nav-link dropdown-toggle' and .//span[contains(@class, 'flag-icon')]]</arg>
<arg>5s</arg>
<doc>Waits until the element ``locator`` appears on the current page.</doc>
<status status="PASS" start="2025-02-26T04:28:15.532635" elapsed="1.008922"/>
</kw>
<kw name="Click Element" owner="SeleniumLibrary">
<msg time="2025-02-26T04:28:16.542602" level="INFO">Clicking element 'xpath=//a[@class='nav-link dropdown-toggle' and .//span[contains(@class, 'flag-icon')]]'.</msg>
<arg>xpath=//a[@class='nav-link dropdown-toggle' and .//span[contains(@class, 'flag-icon')]]</arg>
<doc>Click the element identified by ``locator``.</doc>
<status status="PASS" start="2025-02-26T04:28:16.541557" elapsed="2.079758"/>
</kw>
<kw name="Run Keyword And Return Status" owner="BuiltIn">
<kw name="Page Should Contain Element" owner="SeleniumLibrary">
<msg time="2025-02-26T04:28:21.763539" level="INFO" html="true">&lt;/td&gt;&lt;/tr&gt;&lt;tr&gt;&lt;td colspan="3"&gt;&lt;a href="selenium-screenshot-1.png"&gt;&lt;img src="selenium-screenshot-1.png" width="800px"&gt;&lt;/a&gt;</msg>
<msg time="2025-02-26T04:28:21.763539" level="FAIL">Page should have contained element 'xpath=//a[@class='dropdown-item' and contains(., 'English')]' but did not.</msg>
<arg>xpath=//a[@class='dropdown-item' and contains(., 'English')]</arg>
<doc>Verifies that element ``locator`` is found on the current page.</doc>
<status status="FAIL" start="2025-02-26T04:28:18.621315" elapsed="3.145247">Page should have contained element 'xpath=//a[@class='dropdown-item' and contains(., 'English')]' but did not.</status>
</kw>
<msg time="2025-02-26T04:28:21.766562" level="INFO">${english_present} = False</msg>
<var>${english_present}</var>
<arg>Page Should Contain Element</arg>
<arg>xpath=//a[@class='dropdown-item' and contains(., 'English')]</arg>
<doc>Runs the given keyword with given arguments and returns the status as a Boolean value.</doc>
<status status="PASS" start="2025-02-26T04:28:18.621315" elapsed="3.145247"/>
</kw>
<kw name="Run Keyword If" owner="BuiltIn">
<arg>${english_present}</arg>
<arg>Click Element</arg>
<arg>xpath=//a[@class='dropdown-item' and contains(., 'English')]</arg>
<doc>Runs the given keyword with the given arguments, if ``condition`` is true.</doc>
<status status="PASS" start="2025-02-26T04:28:21.767566" elapsed="0.000000"/>
</kw>
<kw name="Wait Until Page Contains Element" owner="SeleniumLibrary">
<arg>xpath=//span[contains(@class, 'flag-icon-us')]</arg>
<arg>5s</arg>
<doc>Waits until the element ``locator`` appears on the current page.</doc>
<status status="PASS" start="2025-02-26T04:28:21.767566" elapsed="1.014316"/>
</kw>
<kw name="Log To Console" owner="BuiltIn">
<arg>Reset language to English</arg>
<doc>Logs the given message to the console.</doc>
<status status="PASS" start="2025-02-26T04:28:22.781882" elapsed="0.001039"/>
</kw>
<kw name="Get Source" owner="SeleniumLibrary">
<msg time="2025-02-26T04:28:23.791698" level="INFO">${page_source} = &lt;html lang="en" class="hydrated" style="height: auto;"&gt;&lt;head&gt;&lt;style type="text/css"&gt;.swal-icon--error{border-color:#f27474;-webkit-animation:animateErrorIcon .5s;animation:animateErrorIcon .5s}.swal-i...</msg>
<var>${page_source}</var>
<doc>Returns the entire HTML source of the current page or frame.</doc>
<status status="PASS" start="2025-02-26T04:28:22.782921" elapsed="1.008777"/>
</kw>
<kw name="Log To Console" owner="BuiltIn">
<arg>Page source after reset: ${page_source}</arg>
<doc>Logs the given message to the console.</doc>
<status status="PASS" start="2025-02-26T04:28:23.791698" elapsed="0.033483"/>
</kw>
<status status="PASS" start="2025-02-26T04:28:14.117363" elapsed="9.708818"/>
</kw>
<kw name="Go To" owner="SeleniumLibrary">
<msg time="2025-02-26T04:28:23.826181" level="INFO">Opening url 'http://127.0.0.1:8000/researchProjects'</msg>
<arg>${RESEARCH_PROJECT_URL}</arg>
<doc>Navigates the current browser window to the provided ``url``.</doc>
<status status="PASS" start="2025-02-26T04:28:23.826181" elapsed="1.518792"/>
</kw>
<kw name="Verify Language">
<kw name="Page Should Contain" owner="SeleniumLibrary">
<msg time="2025-02-26T04:28:27.371383" level="INFO">Current page contains text 'Research Project'.</msg>
<arg>${welcome_text}</arg>
<doc>Verifies that current page contains ``text``.</doc>
<status status="PASS" start="2025-02-26T04:28:25.346277" elapsed="2.025106"/>
</kw>
<arg>Research Project</arg>
<status status="PASS" start="2025-02-26T04:28:25.346040" elapsed="2.025343"/>
</kw>
<kw name="Switch Language">
<kw name="Wait Until Element Is Visible" owner="SeleniumLibrary">
<arg>xpath=//li[@class='nav-item dropdown']/a[@class='nav-link dropdown-toggle']</arg>
<arg>15s</arg>
<doc>Waits until the element ``locator`` is visible.</doc>
<status status="PASS" start="2025-02-26T04:28:27.371891" elapsed="2.033791"/>
</kw>
<kw name="Execute Javascript" owner="SeleniumLibrary">
<msg time="2025-02-26T04:28:29.406738" level="INFO">Executing JavaScript:
document.querySelector('a.nav-link.dropdown-toggle').click()
Without any arguments.</msg>
<arg>document.querySelector('a.nav-link.dropdown-toggle').click()</arg>
<doc>Executes the given JavaScript code with possible arguments.</doc>
<status status="PASS" start="2025-02-26T04:28:29.405682" elapsed="1.023408"/>
</kw>
<kw name="Wait Until Element Is Visible" owner="SeleniumLibrary">
<msg time="2025-02-26T04:28:42.670261" level="INFO" html="true">&lt;/td&gt;&lt;/tr&gt;&lt;tr&gt;&lt;td colspan="3"&gt;&lt;a href="selenium-screenshot-2.png"&gt;&lt;img src="selenium-screenshot-2.png" width="800px"&gt;&lt;/a&gt;</msg>
<msg time="2025-02-26T04:28:42.670261" level="FAIL">Element 'xpath=//div[@class='dropdown-menu']' not visible after 10 seconds.</msg>
<arg>xpath=//div[@class='dropdown-menu']</arg>
<arg>10s</arg>
<doc>Waits until the element ``locator`` is visible.</doc>
<status status="FAIL" start="2025-02-26T04:28:30.429090" elapsed="12.243165">Element 'xpath=//div[@class='dropdown-menu']' not visible after 10 seconds.</status>
</kw>
<kw name="Click Element" owner="SeleniumLibrary">
<arg>xpath=//a[contains(@href, '/lang/${lang}')]</arg>
<doc>Click the element identified by ``locator``.</doc>
<status status="NOT RUN" start="2025-02-26T04:28:42.673256" elapsed="0.000000"/>
</kw>
<kw name="Set Variable If" owner="BuiltIn">
<var>${flag}</var>
<arg>'${lang}' == 'cn'</arg>
<arg>cn</arg>
<arg>${lang}</arg>
<doc>Sets variable based on the given condition.</doc>
<status status="NOT RUN" start="2025-02-26T04:28:42.673256" elapsed="0.000000"/>
</kw>
<kw name="Wait Until Page Contains Element" owner="SeleniumLibrary">
<arg>xpath=//span[contains(@class, 'flag-icon-${flag}')]</arg>
<arg>10s</arg>
<doc>Waits until the element ``locator`` appears on the current page.</doc>
<status status="NOT RUN" start="2025-02-26T04:28:42.673256" elapsed="0.000000"/>
</kw>
<arg>th</arg>
<status status="FAIL" start="2025-02-26T04:28:27.371891" elapsed="15.302362">Element 'xpath=//div[@class='dropdown-menu']' not visible after 10 seconds.</status>
</kw>
<kw name="Verify Language">
<arg>โครงการวิจัย</arg>
<status status="NOT RUN" start="2025-02-26T04:28:42.674253" elapsed="0.000000"/>
</kw>
<kw name="Switch Language">
<arg>cn</arg>
<status status="NOT RUN" start="2025-02-26T04:28:42.675253" elapsed="0.000000"/>
</kw>
<kw name="Verify Language">
<arg>研究项目</arg>
<status status="NOT RUN" start="2025-02-26T04:28:42.675253" elapsed="0.000000"/>
</kw>
<doc>ทดสอบการเปลี่ยนภาษาบนหน้าโครงการวิจันในส่วนของผู้วิจัย</doc>
<status status="FAIL" start="2025-02-26T04:28:14.115331" elapsed="28.560922">Element 'xpath=//div[@class='dropdown-menu']' not visible after 10 seconds.</status>
</test>
<kw name="Logout And Close Browser" type="TEARDOWN">
<kw name="Logout">
<kw name="Click Element" owner="SeleniumLibrary">
<msg time="2025-02-26T04:28:42.681063" level="INFO">Clicking element 'xpath=//a[contains(@href, '/logout')]'.</msg>
<arg>xpath=//a[contains(@href, '/logout')]</arg>
<doc>Click the element identified by ``locator``.</doc>
<status status="PASS" start="2025-02-26T04:28:42.680054" elapsed="2.563334"/>
</kw>
<kw name="Wait Until Page Contains" owner="SeleniumLibrary">
<arg>Login</arg>
<arg>5s</arg>
<doc>Waits until ``text`` appears on the current page.</doc>
<status status="PASS" start="2025-02-26T04:28:45.243388" elapsed="1.015106"/>
</kw>
<kw name="Log To Console" owner="BuiltIn">
<arg>Logged out successfully</arg>
<doc>Logs the given message to the console.</doc>
<status status="PASS" start="2025-02-26T04:28:46.258494" elapsed="0.000948"/>
</kw>
<status status="PASS" start="2025-02-26T04:28:42.680054" elapsed="3.579388"/>
</kw>
<kw name="Close Browser" owner="SeleniumLibrary">
<doc>Closes the current browser.</doc>
<status status="PASS" start="2025-02-26T04:28:46.260480" elapsed="3.126686"/>
</kw>
<status status="PASS" start="2025-02-26T04:28:42.678691" elapsed="6.708475"/>
</kw>
<status status="FAIL" start="2025-02-26T04:27:54.990512" elapsed="54.396654"/>
</suite>
<statistics>
<total>
<stat pass="0" fail="1" skip="0">All Tests</stat>
</total>
<tag>
</tag>
<suite>
<stat name="Researcher Researchproject" id="s1" pass="0" fail="1" skip="0">Researcher Researchproject</stat>
</suite>
</statistics>
<errors>
</errors>
</robot>
