<?xml version="1.0" encoding="UTF-8"?>
<robot generator="Robot 7.2 (Python 3.12.8 on win32)" generated="2025-02-26T10:59:14.175515" rpa="false" schemaversion="5">
<suite id="s1" name="Robot" source="D:\SE_2567_126-0\group_project\git-group-repository-group-3-sec-1\code\tests\robot">
<suite id="s1-s1" name="Login Language Switch Tests" source="D:\SE_2567_126-0\group_project\git-group-repository-group-3-sec-1\code\tests\robot\login_language_switch_tests">
<suite id="s1-s1-s1" name="Login" source="D:\SE_2567_126-0\group_project\git-group-repository-group-3-sec-1\code\tests\robot\login_language_switch_tests\login.robot">
<test id="s1-s1-s1-t1" name="Test Language Switching" line="11">
<kw name="Open Browser To Login Page">
<kw name="Open Browser" owner="SeleniumLibrary">
<msg time="2025-02-26T10:59:16.445369" level="INFO">Opening browser 'chrome' to base url 'http://127.0.0.1:8000/login'.</msg>
<arg>${URL}</arg>
<arg>${BROWSER}</arg>
<doc>Opens a new browser instance to the optional ``url``.</doc>
<status status="PASS" start="2025-02-26T10:59:16.445369" elapsed="31.509242"/>
</kw>
<kw name="Maximize Browser Window" owner="SeleniumLibrary">
<doc>Maximizes current browser window.</doc>
<status status="PASS" start="2025-02-26T10:59:47.954611" elapsed="0.016117"/>
</kw>
<kw name="Set Selenium Speed" owner="SeleniumLibrary">
<arg>${DELAY}</arg>
<doc>Sets the delay that is waited after each Selenium command.</doc>
<status status="PASS" start="2025-02-26T10:59:47.970728" elapsed="0.000000"/>
</kw>
<status status="PASS" start="2025-02-26T10:59:16.442840" elapsed="31.527888"/>
</kw>
<kw name="Verify Language">
<kw name="Page Should Contain" owner="SeleniumLibrary">
<msg time="2025-02-26T10:59:50.027280" level="INFO">Current page contains text 'Account Login'.</msg>
<arg>${welcome_text}</arg>
<doc>Verifies that current page contains ``text``.</doc>
<status status="PASS" start="2025-02-26T10:59:47.970728" elapsed="2.056552"/>
</kw>
<arg>Account Login</arg>
<status status="PASS" start="2025-02-26T10:59:47.970728" elapsed="2.056552"/>
</kw>
<kw name="Verify Language">
<kw name="Page Should Contain" owner="SeleniumLibrary">
<msg time="2025-02-26T10:59:52.075529" level="INFO">Current page contains text 'Username'.</msg>
<arg>${welcome_text}</arg>
<doc>Verifies that current page contains ``text``.</doc>
<status status="PASS" start="2025-02-26T10:59:50.030018" elapsed="2.046003"/>
</kw>
<arg>Username</arg>
<status status="PASS" start="2025-02-26T10:59:50.027280" elapsed="2.048741"/>
</kw>
<kw name="Verify Language">
<kw name="Page Should Contain" owner="SeleniumLibrary">
<msg time="2025-02-26T10:59:54.116775" level="INFO">Current page contains text 'Password'.</msg>
<arg>${welcome_text}</arg>
<doc>Verifies that current page contains ``text``.</doc>
<status status="PASS" start="2025-02-26T10:59:52.076021" elapsed="2.041062"/>
</kw>
<arg>Password</arg>
<status status="PASS" start="2025-02-26T10:59:52.076021" elapsed="2.041062"/>
</kw>
<kw name="Verify Language">
<kw name="Page Should Contain" owner="SeleniumLibrary">
<msg time="2025-02-26T10:59:56.160214" level="INFO">Current page contains text 'Login'.</msg>
<arg>${welcome_text}</arg>
<doc>Verifies that current page contains ``text``.</doc>
<status status="PASS" start="2025-02-26T10:59:54.117083" elapsed="2.043131"/>
</kw>
<arg>Login</arg>
<status status="PASS" start="2025-02-26T10:59:54.117083" elapsed="2.043887"/>
</kw>
<kw name="Switch Language">
<kw name="Wait Until Page Contains Element" owner="SeleniumLibrary">
<arg>xpath=//a[@class='nav-link dropdown-toggle' and .//span[contains(@class, 'flag-icon')]]</arg>
<arg>5s</arg>
<doc>Waits until the element ``locator`` appears on the current page.</doc>
<status status="PASS" start="2025-02-26T10:59:56.160970" elapsed="1.031025"/>
</kw>
<kw name="Click Element" owner="SeleniumLibrary">
<msg time="2025-02-26T10:59:57.191995" level="INFO">Clicking element 'xpath=//a[@class='nav-link dropdown-toggle' and .//span[contains(@class, 'flag-icon')]]'.</msg>
<arg>xpath=//a[@class='nav-link dropdown-toggle' and .//span[contains(@class, 'flag-icon')]]</arg>
<doc>Click the element identified by ``locator``.</doc>
<status status="PASS" start="2025-02-26T10:59:57.191995" elapsed="2.273402"/>
</kw>
<kw name="Click Element" owner="SeleniumLibrary">
<msg time="2025-02-26T10:59:59.466254" level="INFO">Clicking element 'xpath=//a[contains(@href, 'http://127.0.0.1:8000/lang/th')]'.</msg>
<arg>xpath=//a[contains(@href, 'http://127.0.0.1:8000/lang/${lang}')]</arg>
<doc>Click the element identified by ``locator``.</doc>
<status status="PASS" start="2025-02-26T10:59:59.466254" elapsed="3.575933"/>
</kw>
<kw name="Run Keyword If" owner="BuiltIn">
<kw name="Set Variable" owner="BuiltIn">
<arg>${lang}</arg>
<doc>Returns the given values which can then be assigned to a variables.</doc>
<status status="PASS" start="2025-02-26T11:00:03.042187" elapsed="0.000000"/>
</kw>
<msg time="2025-02-26T11:00:03.042187" level="INFO">${flag} = th</msg>
<var>${flag}</var>
<arg>'${lang}' == 'cn'</arg>
<arg>Set Variable</arg>
<arg>cn</arg>
<arg>ELSE</arg>
<arg>Set Variable</arg>
<arg>${lang}</arg>
<doc>Runs the given keyword with the given arguments, if ``condition`` is true.</doc>
<status status="PASS" start="2025-02-26T11:00:03.042187" elapsed="0.000000"/>
</kw>
<kw name="Wait Until Page Contains Element" owner="SeleniumLibrary">
<arg>xpath=//span[contains(@class, 'flag-icon-${flag}')]</arg>
<arg>5s</arg>
<doc>Waits until the element ``locator`` appears on the current page.</doc>
<status status="PASS" start="2025-02-26T11:00:03.042187" elapsed="1.034982"/>
</kw>
<kw name="Log To Console" owner="BuiltIn">
<arg>Switched to language: ${lang}</arg>
<doc>Logs the given message to the console.</doc>
<status status="PASS" start="2025-02-26T11:00:04.077712" elapsed="0.000785"/>
</kw>
<arg>th</arg>
<status status="PASS" start="2025-02-26T10:59:56.160970" elapsed="7.917527"/>
</kw>
<kw name="Verify Language">
<kw name="Page Should Contain" owner="SeleniumLibrary">
<msg time="2025-02-26T11:00:06.232352" level="INFO">Current page contains text 'เข้าสู่ระบบ'.</msg>
<arg>${welcome_text}</arg>
<doc>Verifies that current page contains ``text``.</doc>
<status status="PASS" start="2025-02-26T11:00:04.080531" elapsed="2.151821"/>
</kw>
<arg>เข้าสู่ระบบ</arg>
<status status="PASS" start="2025-02-26T11:00:04.080531" elapsed="2.151821"/>
</kw>
<kw name="Verify Language">
<kw name="Page Should Contain" owner="SeleniumLibrary">
<msg time="2025-02-26T11:00:08.276106" level="INFO">Current page contains text 'ชื่อผู้ใช้'.</msg>
<arg>${welcome_text}</arg>
<doc>Verifies that current page contains ``text``.</doc>
<status status="PASS" start="2025-02-26T11:00:06.232352" elapsed="2.043754"/>
</kw>
<arg>ชื่อผู้ใช้</arg>
<status status="PASS" start="2025-02-26T11:00:06.232352" elapsed="2.043754"/>
</kw>
<kw name="Verify Language">
<kw name="Page Should Contain" owner="SeleniumLibrary">
<msg time="2025-02-26T11:00:10.313306" level="INFO">Current page contains text 'รหัสผ่าน'.</msg>
<arg>${welcome_text}</arg>
<doc>Verifies that current page contains ``text``.</doc>
<status status="PASS" start="2025-02-26T11:00:08.276106" elapsed="2.037200"/>
</kw>
<arg>รหัสผ่าน</arg>
<status status="PASS" start="2025-02-26T11:00:08.276106" elapsed="2.037682"/>
</kw>
<kw name="Verify Language">
<kw name="Page Should Contain" owner="SeleniumLibrary">
<msg time="2025-02-26T11:00:12.350182" level="INFO">Current page contains text 'เข้าสู่ระบบ'.</msg>
<arg>${welcome_text}</arg>
<doc>Verifies that current page contains ``text``.</doc>
<status status="PASS" start="2025-02-26T11:00:10.313788" elapsed="2.036764"/>
</kw>
<arg>เข้าสู่ระบบ</arg>
<status status="PASS" start="2025-02-26T11:00:10.313788" elapsed="2.036764"/>
</kw>
<kw name="Switch Language">
<kw name="Wait Until Page Contains Element" owner="SeleniumLibrary">
<arg>xpath=//a[@class='nav-link dropdown-toggle' and .//span[contains(@class, 'flag-icon')]]</arg>
<arg>5s</arg>
<doc>Waits until the element ``locator`` appears on the current page.</doc>
<status status="PASS" start="2025-02-26T11:00:12.350552" elapsed="1.023787"/>
</kw>
<kw name="Click Element" owner="SeleniumLibrary">
<msg time="2025-02-26T11:00:13.374758" level="INFO">Clicking element 'xpath=//a[@class='nav-link dropdown-toggle' and .//span[contains(@class, 'flag-icon')]]'.</msg>
<arg>xpath=//a[@class='nav-link dropdown-toggle' and .//span[contains(@class, 'flag-icon')]]</arg>
<doc>Click the element identified by ``locator``.</doc>
<status status="PASS" start="2025-02-26T11:00:13.374758" elapsed="2.253840"/>
</kw>
<kw name="Click Element" owner="SeleniumLibrary">
<msg time="2025-02-26T11:00:15.628598" level="INFO">Clicking element 'xpath=//a[contains(@href, 'http://127.0.0.1:8000/lang/cn')]'.</msg>
<arg>xpath=//a[contains(@href, 'http://127.0.0.1:8000/lang/${lang}')]</arg>
<doc>Click the element identified by ``locator``.</doc>
<status status="PASS" start="2025-02-26T11:00:15.628598" elapsed="4.214278"/>
</kw>
<kw name="Run Keyword If" owner="BuiltIn">
<kw name="Set Variable" owner="BuiltIn">
<arg>cn</arg>
<doc>Returns the given values which can then be assigned to a variables.</doc>
<status status="PASS" start="2025-02-26T11:00:19.842876" elapsed="0.000000"/>
</kw>
<msg time="2025-02-26T11:00:19.842876" level="INFO">${flag} = cn</msg>
<var>${flag}</var>
<arg>'${lang}' == 'cn'</arg>
<arg>Set Variable</arg>
<arg>cn</arg>
<arg>ELSE</arg>
<arg>Set Variable</arg>
<arg>${lang}</arg>
<doc>Runs the given keyword with the given arguments, if ``condition`` is true.</doc>
<status status="PASS" start="2025-02-26T11:00:19.842876" elapsed="0.000000"/>
</kw>
<kw name="Wait Until Page Contains Element" owner="SeleniumLibrary">
<arg>xpath=//span[contains(@class, 'flag-icon-${flag}')]</arg>
<arg>5s</arg>
<doc>Waits until the element ``locator`` appears on the current page.</doc>
<status status="PASS" start="2025-02-26T11:00:19.845412" elapsed="1.034760"/>
</kw>
<kw name="Log To Console" owner="BuiltIn">
<arg>Switched to language: ${lang}</arg>
<doc>Logs the given message to the console.</doc>
<status status="PASS" start="2025-02-26T11:00:20.880172" elapsed="0.000000"/>
</kw>
<arg>cn</arg>
<status status="PASS" start="2025-02-26T11:00:12.350552" elapsed="8.531658"/>
</kw>
<kw name="Verify Language">
<kw name="Page Should Contain" owner="SeleniumLibrary">
<msg time="2025-02-26T11:00:22.930243" level="INFO">Current page contains text '帐户登录'.</msg>
<arg>${welcome_text}</arg>
<doc>Verifies that current page contains ``text``.</doc>
<status status="PASS" start="2025-02-26T11:00:20.882210" elapsed="2.048033"/>
</kw>
<arg>帐户登录</arg>
<status status="PASS" start="2025-02-26T11:00:20.882210" elapsed="2.048033"/>
</kw>
<kw name="Verify Language">
<kw name="Page Should Contain" owner="SeleniumLibrary">
<msg time="2025-02-26T11:00:24.967970" level="INFO">Current page contains text '用户名'.</msg>
<arg>${welcome_text}</arg>
<doc>Verifies that current page contains ``text``.</doc>
<status status="PASS" start="2025-02-26T11:00:22.930243" elapsed="2.038272"/>
</kw>
<arg>用户名</arg>
<status status="PASS" start="2025-02-26T11:00:22.930243" elapsed="2.038831"/>
</kw>
<kw name="Verify Language">
<kw name="Page Should Contain" owner="SeleniumLibrary">
<msg time="2025-02-26T11:00:27.005961" level="INFO">Current page contains text '密码'.</msg>
<arg>${welcome_text}</arg>
<doc>Verifies that current page contains ``text``.</doc>
<status status="PASS" start="2025-02-26T11:00:24.971443" elapsed="2.034518"/>
</kw>
<arg>密码</arg>
<status status="PASS" start="2025-02-26T11:00:24.970510" elapsed="2.035451"/>
</kw>
<kw name="Verify Language">
<kw name="Page Should Contain" owner="SeleniumLibrary">
<msg time="2025-02-26T11:00:29.049519" level="INFO">Current page contains text '登录'.</msg>
<arg>${welcome_text}</arg>
<doc>Verifies that current page contains ``text``.</doc>
<status status="PASS" start="2025-02-26T11:00:27.005961" elapsed="2.043844"/>
</kw>
<arg>登录</arg>
<status status="PASS" start="2025-02-26T11:00:27.005961" elapsed="2.043844"/>
</kw>
<kw name="Close Browser" owner="SeleniumLibrary" type="TEARDOWN">
<doc>Closes the current browser.</doc>
<status status="PASS" start="2025-02-26T11:00:29.049805" elapsed="3.380488"/>
</kw>
<status status="PASS" start="2025-02-26T10:59:16.441687" elapsed="75.988606"/>
</test>
<status status="PASS" start="2025-02-26T10:59:14.340503" elapsed="78.093852"/>
</suite>
<status status="PASS" start="2025-02-26T10:59:14.331653" elapsed="78.102702"/>
</suite>
<suite id="s1-s2" name="Researcher Book Language Switch Tests" source="D:\SE_2567_126-0\group_project\git-group-repository-group-3-sec-1\code\tests\robot\researcher_book_language_switch_tests">
<suite id="s1-s2-s1" name="Researcher Book" source="D:\SE_2567_126-0\group_project\git-group-repository-group-3-sec-1\code\tests\robot\researcher_book_language_switch_tests\researcher_book.robot">
<kw name="Open Browser To Login Page" type="SETUP">
<kw name="Open Browser" owner="SeleniumLibrary">
<msg time="2025-02-26T11:00:32.458963" level="INFO">Opening browser 'chrome' to base url 'http://127.0.0.1:8000/login'.</msg>
<arg>${URL}</arg>
<arg>${BROWSER}</arg>
<doc>Opens a new browser instance to the optional ``url``.</doc>
<status status="PASS" start="2025-02-26T11:00:32.458963" elapsed="6.331886"/>
</kw>
<kw name="Maximize Browser Window" owner="SeleniumLibrary">
<doc>Maximizes current browser window.</doc>
<status status="PASS" start="2025-02-26T11:00:38.790849" elapsed="1.186952"/>
</kw>
<kw name="Set Selenium Speed" owner="SeleniumLibrary">
<arg>${DELAY}</arg>
<doc>Sets the delay that is waited after each Selenium command.</doc>
<status status="PASS" start="2025-02-26T11:00:39.977801" elapsed="0.000000"/>
</kw>
<kw name="Login To System">
<kw name="Wait Until Page Contains Element" owner="SeleniumLibrary">
<arg>id=username</arg>
<arg>5s</arg>
<doc>Waits until the element ``locator`` appears on the current page.</doc>
<status status="PASS" start="2025-02-26T11:00:39.977801" elapsed="1.055484"/>
</kw>
<kw name="Log To Console" owner="BuiltIn">
<arg>Found username field</arg>
<doc>Logs the given message to the console.</doc>
<status status="PASS" start="2025-02-26T11:00:41.033285" elapsed="0.002682"/>
</kw>
<kw name="Input Text" owner="SeleniumLibrary">
<msg time="2025-02-26T11:00:41.037007" level="INFO">Typing text 'chitsutha@kku.ac.th' into text field 'id=username'.</msg>
<arg>id=username</arg>
<arg>${USERNAME}</arg>
<doc>Types the given ``text`` into the text field identified by ``locator``.</doc>
<status status="PASS" start="2025-02-26T11:00:41.035967" elapsed="3.277203"/>
</kw>
<kw name="Input Text" owner="SeleniumLibrary">
<msg time="2025-02-26T11:00:44.315310" level="INFO">Typing text '123456789' into text field 'id=password'.</msg>
<arg>id=password</arg>
<arg>${PASSWORD}</arg>
<doc>Types the given ``text`` into the text field identified by ``locator``.</doc>
<status status="PASS" start="2025-02-26T11:00:44.313170" elapsed="3.471780"/>
</kw>
<kw name="Click Button" owner="SeleniumLibrary">
<msg time="2025-02-26T11:00:47.784950" level="INFO">Clicking button 'xpath=//button[@type='submit']'.</msg>
<arg>xpath=//button[@type='submit']</arg>
<doc>Clicks the button identified by ``locator``.</doc>
<status status="PASS" start="2025-02-26T11:00:47.784950" elapsed="15.395486"/>
</kw>
<kw name="Wait Until Location Contains" owner="SeleniumLibrary">
<arg>${DASHBOARD_URL}</arg>
<arg>5s</arg>
<doc>Waits until the current URL contains ``expected``.</doc>
<status status="PASS" start="2025-02-26T11:01:03.180436" elapsed="1.014950"/>
</kw>
<kw name="Log To Console" owner="BuiltIn">
<arg>Login successful, redirected to: ${DASHBOARD_URL}</arg>
<doc>Logs the given message to the console.</doc>
<status status="PASS" start="2025-02-26T11:01:04.195386" elapsed="0.001550"/>
</kw>
<kw name="Wait Until Page Contains Element" owner="SeleniumLibrary">
<arg>xpath=//a[@class='nav-link dropdown-toggle' and .//span[contains(@class, 'flag-icon')]]</arg>
<arg>5s</arg>
<doc>Waits until the element ``locator`` appears on the current page.</doc>
<status status="PASS" start="2025-02-26T11:01:04.196936" elapsed="1.034608"/>
</kw>
<status status="PASS" start="2025-02-26T11:00:39.977801" elapsed="25.253743"/>
</kw>
<status status="PASS" start="2025-02-26T11:00:32.458963" elapsed="32.772581"/>
</kw>
<test id="s1-s2-s1-t1" name="Test Language Switching On Researcher Book" line="16">
<kw name="Reset Language To English" type="SETUP">
<kw name="Go To" owner="SeleniumLibrary">
<msg time="2025-02-26T11:01:05.251310" level="INFO">Opening url 'http://127.0.0.1:8000/dashboard'</msg>
<arg>${DASHBOARD_URL}</arg>
<doc>Navigates the current browser window to the provided ``url``.</doc>
<status status="PASS" start="2025-02-26T11:01:05.251310" elapsed="2.194794"/>
</kw>
<kw name="Wait Until Page Contains Element" owner="SeleniumLibrary">
<arg>xpath=//a[@class='nav-link dropdown-toggle' and .//span[contains(@class, 'flag-icon')]]</arg>
<arg>5s</arg>
<doc>Waits until the element ``locator`` appears on the current page.</doc>
<status status="PASS" start="2025-02-26T11:01:07.446104" elapsed="1.018477"/>
</kw>
<kw name="Click Element" owner="SeleniumLibrary">
<msg time="2025-02-26T11:01:08.466061" level="INFO">Clicking element 'xpath=//a[@class='nav-link dropdown-toggle' and .//span[contains(@class, 'flag-icon')]]'.</msg>
<arg>xpath=//a[@class='nav-link dropdown-toggle' and .//span[contains(@class, 'flag-icon')]]</arg>
<doc>Click the element identified by ``locator``.</doc>
<status status="PASS" start="2025-02-26T11:01:08.465546" elapsed="2.242571"/>
</kw>
<kw name="Run Keyword And Return Status" owner="BuiltIn">
<kw name="Page Should Contain Element" owner="SeleniumLibrary">
<msg time="2025-02-26T11:01:14.007913" level="INFO" html="true">&lt;/td&gt;&lt;/tr&gt;&lt;tr&gt;&lt;td colspan="3"&gt;&lt;a href="selenium-screenshot-3.png"&gt;&lt;img src="selenium-screenshot-3.png" width="800px"&gt;&lt;/a&gt;</msg>
<msg time="2025-02-26T11:01:14.007913" level="FAIL">Page should have contained element 'xpath=//a[@class='dropdown-item' and contains(., 'English')]' but did not.</msg>
<arg>xpath=//a[@class='dropdown-item' and contains(., 'English')]</arg>
<doc>Verifies that element ``locator`` is found on the current page.</doc>
<status status="FAIL" start="2025-02-26T11:01:10.708117" elapsed="3.423079">Page should have contained element 'xpath=//a[@class='dropdown-item' and contains(., 'English')]' but did not.</status>
</kw>
<msg time="2025-02-26T11:01:14.131196" level="INFO">${english_present} = False</msg>
<var>${english_present}</var>
<arg>Page Should Contain Element</arg>
<arg>xpath=//a[@class='dropdown-item' and contains(., 'English')]</arg>
<doc>Runs the given keyword with given arguments and returns the status as a Boolean value.</doc>
<status status="PASS" start="2025-02-26T11:01:10.708117" elapsed="3.423079"/>
</kw>
<kw name="Run Keyword If" owner="BuiltIn">
<arg>${english_present}</arg>
<arg>Click Element</arg>
<arg>xpath=//a[@class='dropdown-item' and contains(., 'English')]</arg>
<doc>Runs the given keyword with the given arguments, if ``condition`` is true.</doc>
<status status="PASS" start="2025-02-26T11:01:14.131196" elapsed="0.000000"/>
</kw>
<kw name="Wait Until Page Contains Element" owner="SeleniumLibrary">
<arg>xpath=//span[contains(@class, 'flag-icon-us')]</arg>
<arg>5s</arg>
<doc>Waits until the element ``locator`` appears on the current page.</doc>
<status status="PASS" start="2025-02-26T11:01:14.131196" elapsed="1.031908"/>
</kw>
<kw name="Log To Console" owner="BuiltIn">
<arg>Reset language to English</arg>
<doc>Logs the given message to the console.</doc>
<status status="PASS" start="2025-02-26T11:01:15.163104" elapsed="0.000000"/>
</kw>
<kw name="Get Source" owner="SeleniumLibrary">
<msg time="2025-02-26T11:01:16.191641" level="INFO">${page_source} = &lt;html lang="en" class="hydrated" style="height: auto;"&gt;&lt;head&gt;&lt;style type="text/css"&gt;.swal-icon--error{border-color:#f27474;-webkit-animation:animateErrorIcon .5s;animation:animateErrorIcon .5s}.swal-i...</msg>
<var>${page_source}</var>
<doc>Returns the entire HTML source of the current page or frame.</doc>
<status status="PASS" start="2025-02-26T11:01:15.163104" elapsed="1.028537"/>
</kw>
<kw name="Log To Console" owner="BuiltIn">
<arg>Page source after reset: ${page_source}</arg>
<doc>Logs the given message to the console.</doc>
<status status="PASS" start="2025-02-26T11:01:16.193161" elapsed="0.089050"/>
</kw>
<status status="PASS" start="2025-02-26T11:01:05.243354" elapsed="11.038857"/>
</kw>
<kw name="Go To" owner="SeleniumLibrary">
<msg time="2025-02-26T11:01:16.282211" level="INFO">Opening url 'http://127.0.0.1:8000/books'</msg>
<arg>${RESEARCHER_BOOK_URL}</arg>
<doc>Navigates the current browser window to the provided ``url``.</doc>
<status status="PASS" start="2025-02-26T11:01:16.282211" elapsed="3.445839"/>
</kw>
<kw name="Verify Language">
<kw name="Page Should Contain" owner="SeleniumLibrary">
<msg time="2025-02-26T11:01:21.770626" level="INFO">Current page contains text 'Book'.</msg>
<arg>${welcome_text}</arg>
<doc>Verifies that current page contains ``text``.</doc>
<status status="PASS" start="2025-02-26T11:01:19.728050" elapsed="2.042975"/>
</kw>
<arg>Book</arg>
<status status="PASS" start="2025-02-26T11:01:19.728050" elapsed="2.042975"/>
</kw>
<kw name="Switch Language">
<kw name="Wait Until Page Contains Element" owner="SeleniumLibrary">
<arg>xpath=//a[@class='nav-link dropdown-toggle' and .//span[contains(@class, 'flag-icon')]]</arg>
<arg>15s</arg>
<doc>Waits until the element ``locator`` appears on the current page.</doc>
<status status="PASS" start="2025-02-26T11:01:21.772229" elapsed="1.022810"/>
</kw>
<kw name="Click Element" owner="SeleniumLibrary">
<msg time="2025-02-26T11:01:22.795363" level="INFO">Clicking element 'xpath=//a[@class='nav-link dropdown-toggle' and .//span[contains(@class, 'flag-icon')]]'.</msg>
<arg>xpath=//a[@class='nav-link dropdown-toggle' and .//span[contains(@class, 'flag-icon')]]</arg>
<doc>Click the element identified by ``locator``.</doc>
<status status="PASS" start="2025-02-26T11:01:22.795363" elapsed="2.189426"/>
</kw>
<kw name="Click Element" owner="SeleniumLibrary">
<msg time="2025-02-26T11:01:24.984789" level="INFO">Clicking element 'xpath=//a[contains(@href, 'http://127.0.0.1:8000/lang/th')]'.</msg>
<msg time="2025-02-26T11:01:27.531937" level="INFO" html="true">&lt;/td&gt;&lt;/tr&gt;&lt;tr&gt;&lt;td colspan="3"&gt;&lt;a href="selenium-screenshot-4.png"&gt;&lt;img src="selenium-screenshot-4.png" width="800px"&gt;&lt;/a&gt;</msg>
<msg time="2025-02-26T11:01:27.531937" level="FAIL">ElementNotInteractableException: Message: element not interactable
  (Session info: chrome=133.0.6943.128)
Stacktrace:
	GetHandleVerifier [0x00007FF7E29AC6A5+28789]
	(No symbol) [0x00007FF7E2915B20]
	(No symbol) [0x00007FF7E27A8DCC]
	(No symbol) [0x00007FF7E2800774]
	(No symbol) [0x00007FF7E27F2314]
	(No symbol) [0x00007FF7E282732A]
	(No symbol) [0x00007FF7E27F1BC6]
	(No symbol) [0x00007FF7E2827540]
	(No symbol) [0x00007FF7E284F7E3]
	(No symbol) [0x00007FF7E2827103]
	(No symbol) [0x00007FF7E27EFFC0]
	(No symbol) [0x00007FF7E27F1273]
	GetHandleVerifier [0x00007FF7E2CF1AED+3458237]
	GetHandleVerifier [0x00007FF7E2D0829C+3550316]
	GetHandleVerifier [0x00007FF7E2CFDB9D+3507565]
	GetHandleVerifier [0x00007FF7E2A72C6A+841274]
	(No symbol) [0x00007FF7E29209EF]
	(No symbol) [0x00007FF7E291CB34]
	(No symbol) [0x00007FF7E291CCD6]
	(No symbol) [0x00007FF7E290C119]
	BaseThreadInitThunk [0x00007FFFDF0F259D+29]
	RtlUserThreadStart [0x00007FFFE11CAF38+40]
</msg>
<arg>xpath=//a[contains(@href, 'http://127.0.0.1:8000/lang/${lang}')]</arg>
<doc>Click the element identified by ``locator``.</doc>
<status status="FAIL" start="2025-02-26T11:01:24.984789" elapsed="2.719733">ElementNotInteractableException: Message: element not interactable
  (Session info: chrome=133.0.6943.128)
Stacktrace:
	GetHandleVerifier [0x00007FF7E29AC6A5+28789]
	(No symbol) [0x00007FF7E2915B20]
	(No symbol) [0x00007FF7E27A8DCC]
	(No symbol) [0x00007FF7E2800774]
	(No symbol) [0x00007FF7E27F2314]
	(No symbol) [0x00007FF7E282732A]
	(No symbol) [0x00007FF7E27F1BC6]
	(No symbol) [0x00007FF7E2827540]
	(No symbol) [0x00007FF7E284F7E3]
	(No symbol) [0x00007FF7E2827103]
	(No symbol) [0x00007FF7E27EFFC0]
	(No symbol) [0x00007FF7E27F1273]
	GetHandleVerifier [0x00007FF7E2CF1AED+3458237]
	GetHandleVerifier [0x00007FF7E2D0829C+3550316]
	GetHandleVerifier [0x00007FF7E2CFDB9D+3507565]
	GetHandleVerifier [0x00007FF7E2A72C6A+841274]
	(No symbol) [0x00007FF7E29209EF]
	(No symbol) [0x00007FF7E291CB34]
	(No symbol) [0x00007FF7E291CCD6]
	(No symbol) [0x00007FF7E290C119]
	BaseThreadInitThunk [0x00007FFFDF0F259D+29]
	RtlUserThreadStart [0x00007FFFE11CAF38+40]
</status>
</kw>
<kw name="Run Keyword If" owner="BuiltIn">
<var>${flag}</var>
<arg>'${lang}' == 'cn'</arg>
<arg>Set Variable</arg>
<arg>cn</arg>
<arg>ELSE</arg>
<arg>Set Variable</arg>
<arg>${lang}</arg>
<doc>Runs the given keyword with the given arguments, if ``condition`` is true.</doc>
<status status="NOT RUN" start="2025-02-26T11:01:27.704522" elapsed="0.000000"/>
</kw>
<kw name="Wait Until Page Contains Element" owner="SeleniumLibrary">
<arg>xpath=//span[contains(@class, 'flag-icon-${flag}')]</arg>
<arg>10s</arg>
<doc>Waits until the element ``locator`` appears on the current page.</doc>
<status status="NOT RUN" start="2025-02-26T11:01:27.704522" elapsed="0.000000"/>
</kw>
<kw name="Log To Console" owner="BuiltIn">
<arg>Switched to language: ${lang}</arg>
<doc>Logs the given message to the console.</doc>
<status status="NOT RUN" start="2025-02-26T11:01:27.704522" elapsed="0.000000"/>
</kw>
<arg>th</arg>
<status status="FAIL" start="2025-02-26T11:01:21.772076" elapsed="5.932446">ElementNotInteractableException: Message: element not interactable
  (Session info: chrome=133.0.6943.128)
Stacktrace:
	GetHandleVerifier [0x00007FF7E29AC6A5+28789]
	(No symbol) [0x00007FF7E2915B20]
	(No symbol) [0x00007FF7E27A8DCC]
	(No symbol) [0x00007FF7E2800774]
	(No symbol) [0x00007FF7E27F2314]
	(No symbol) [0x00007FF7E282732A]
	(No symbol) [0x00007FF7E27F1BC6]
	(No symbol) [0x00007FF7E2827540]
	(No symbol) [0x00007FF7E284F7E3]
	(No symbol) [0x00007FF7E2827103]
	(No symbol) [0x00007FF7E27EFFC0]
	(No symbol) [0x00007FF7E27F1273]
	GetHandleVerifier [0x00007FF7E2CF1AED+3458237]
	GetHandleVerifier [0x00007FF7E2D0829C+3550316]
	GetHandleVerifier [0x00007FF7E2CFDB9D+3507565]
	GetHandleVerifier [0x00007FF7E2A72C6A+841274]
	(No symbol) [0x00007FF7E29209EF]
	(No symbol) [0x00007FF7E291CB34]
	(No symbol) [0x00007FF7E291CCD6]
	(No symbol) [0x00007FF7E290C119]
	BaseThreadInitThunk [0x00007FFFDF0F259D+29]
	RtlUserThreadStart [0x00007FFFE11CAF38+40]
</status>
</kw>
<kw name="Verify Language">
<arg>หนังสือ</arg>
<status status="NOT RUN" start="2025-02-26T11:01:27.712231" elapsed="0.000402"/>
</kw>
<kw name="Switch Language">
<arg>cn</arg>
<status status="NOT RUN" start="2025-02-26T11:01:27.712633" elapsed="0.000000"/>
</kw>
<kw name="Verify Language">
<arg>书籍</arg>
<status status="NOT RUN" start="2025-02-26T11:01:27.712633" elapsed="0.000000"/>
</kw>
<doc>ทดสอบการเปลี่ยนภาษาบนหน้าหนังสือในส่วนของผู้วิจัย</doc>
<status status="FAIL" start="2025-02-26T11:01:05.243354" elapsed="22.469279">ElementNotInteractableException: Message: element not interactable
  (Session info: chrome=133.0.6943.128)
Stacktrace:
	GetHandleVerifier [0x00007FF7E29AC6A5+28789]
	(No symbol) [0x00007FF7E2915B20]
	(No symbol) [0x00007FF7E27A8DCC]
	(No symbol) [0x00007FF7E2800774]
	(No symbol) [0x00007FF7E27F2314]
	(No symbol) [0x00007FF7E282732A]
	(No symbol) [0x00007FF7E27F1BC6]
	(No symbol) [0x00007FF7E2827540]
	(No symbol) [0x00007FF7E284F7E3]
	(No symbol) [0x00007FF7E2827103]
	(No symbol) [0x00007FF7E27EFFC0]
	(No symbol) [0x00007FF7E27F1273]
	GetHandleVerifier [0x00007FF7E2CF1AED+3458237]
	GetHandleVerifier [0x00007FF7E2D0829C+3550316]
	GetHandleVerifier [0x00007FF7E2CFDB9D+3507565]
	GetHandleVerifier [0x00007FF7E2A72C6A+841274]
	(No symbol) [0x00007FF7E29209EF]
	(No symbol) [0x00007FF7E291CB34]
	(No symbol) [0x00007FF7E291CCD6]
	(No symbol) [0x00007FF7E290C119]
	BaseThreadInitThunk [0x00007FFFDF0F259D+29]
	RtlUserThreadStart [0x00007FFFE11CAF38+40]
</status>
</test>
<kw name="Logout And Close Browser" type="TEARDOWN">
<kw name="Logout">
<kw name="Click Element" owner="SeleniumLibrary">
<msg time="2025-02-26T11:01:27.720949" level="INFO">Clicking element 'xpath=//a[contains(@href, '/logout')]'.</msg>
<arg>xpath=//a[contains(@href, '/logout')]</arg>
<doc>Click the element identified by ``locator``.</doc>
<status status="PASS" start="2025-02-26T11:01:27.720949" elapsed="3.557264"/>
</kw>
<kw name="Wait Until Page Contains" owner="SeleniumLibrary">
<arg>Login</arg>
<arg>5s</arg>
<doc>Waits until ``text`` appears on the current page.</doc>
<status status="PASS" start="2025-02-26T11:01:31.278213" elapsed="1.025906"/>
</kw>
<kw name="Log To Console" owner="BuiltIn">
<arg>Logged out successfully</arg>
<doc>Logs the given message to the console.</doc>
<status status="PASS" start="2025-02-26T11:01:32.304119" elapsed="0.000000"/>
</kw>
<status status="PASS" start="2025-02-26T11:01:27.720949" elapsed="4.583170"/>
</kw>
<kw name="Close Browser" owner="SeleniumLibrary">
<doc>Closes the current browser.</doc>
<status status="PASS" start="2025-02-26T11:01:32.304119" elapsed="3.219116"/>
</kw>
<status status="PASS" start="2025-02-26T11:01:27.720949" elapsed="7.802286"/>
</kw>
<status status="FAIL" start="2025-02-26T11:00:32.443545" elapsed="63.079690"/>
</suite>
<status status="FAIL" start="2025-02-26T11:00:32.442559" elapsed="63.080676"/>
</suite>
<suite id="s1-s3" name="Researcher Dashboard Language Switch Tests" source="D:\SE_2567_126-0\group_project\git-group-repository-group-3-sec-1\code\tests\robot\researcher_dashboard_language_switch_tests">
<suite id="s1-s3-s1" name="Researcher Dashboard" source="D:\SE_2567_126-0\group_project\git-group-repository-group-3-sec-1\code\tests\robot\researcher_dashboard_language_switch_tests\researcher_dashboard.robot">
<kw name="Open Browser To Login Page" type="SETUP">
<kw name="Open Browser" owner="SeleniumLibrary">
<msg time="2025-02-26T11:01:35.606539" level="INFO">Opening browser 'chrome' to base url 'http://127.0.0.1:8000/login'.</msg>
<arg>${URL}</arg>
<arg>${BROWSER}</arg>
<doc>Opens a new browser instance to the optional ``url``.</doc>
<status status="PASS" start="2025-02-26T11:01:35.606539" elapsed="7.213132"/>
</kw>
<kw name="Maximize Browser Window" owner="SeleniumLibrary">
<doc>Maximizes current browser window.</doc>
<status status="PASS" start="2025-02-26T11:01:42.819671" elapsed="1.085245"/>
</kw>
<kw name="Set Selenium Speed" owner="SeleniumLibrary">
<arg>${DELAY}</arg>
<doc>Sets the delay that is waited after each Selenium command.</doc>
<status status="PASS" start="2025-02-26T11:01:43.904916" elapsed="0.000000"/>
</kw>
<kw name="Login To System">
<kw name="Wait Until Page Contains Element" owner="SeleniumLibrary">
<arg>id=username</arg>
<arg>5s</arg>
<doc>Waits until the element ``locator`` appears on the current page.</doc>
<status status="PASS" start="2025-02-26T11:01:43.904916" elapsed="1.047368"/>
</kw>
<kw name="Log To Console" owner="BuiltIn">
<arg>Found username field</arg>
<doc>Logs the given message to the console.</doc>
<status status="PASS" start="2025-02-26T11:01:44.952925" elapsed="0.000553"/>
</kw>
<kw name="Input Text" owner="SeleniumLibrary">
<msg time="2025-02-26T11:01:44.954648" level="INFO">Typing text 'chitsutha@kku.ac.th' into text field 'id=username'.</msg>
<arg>id=username</arg>
<arg>${USERNAME}</arg>
<doc>Types the given ``text`` into the text field identified by ``locator``.</doc>
<status status="PASS" start="2025-02-26T11:01:44.954073" elapsed="3.281123"/>
</kw>
<kw name="Input Text" owner="SeleniumLibrary">
<msg time="2025-02-26T11:01:48.235196" level="INFO">Typing text '123456789' into text field 'id=password'.</msg>
<arg>id=password</arg>
<arg>${PASSWORD}</arg>
<doc>Types the given ``text`` into the text field identified by ``locator``.</doc>
<status status="PASS" start="2025-02-26T11:01:48.235196" elapsed="3.475361"/>
</kw>
<kw name="Click Button" owner="SeleniumLibrary">
<msg time="2025-02-26T11:01:51.711631" level="INFO">Clicking button 'xpath=//button[@type='submit']'.</msg>
<arg>xpath=//button[@type='submit']</arg>
<doc>Clicks the button identified by ``locator``.</doc>
<status status="PASS" start="2025-02-26T11:01:51.710557" elapsed="10.481519"/>
</kw>
<kw name="Wait Until Location Contains" owner="SeleniumLibrary">
<arg>${DASHBOARD_URL}</arg>
<arg>5s</arg>
<doc>Waits until the current URL contains ``expected``.</doc>
<status status="PASS" start="2025-02-26T11:02:02.195352" elapsed="1.027941"/>
</kw>
<kw name="Log To Console" owner="BuiltIn">
<arg>Login successful, redirected to: ${DASHBOARD_URL}</arg>
<doc>Logs the given message to the console.</doc>
<status status="PASS" start="2025-02-26T11:02:03.223293" elapsed="0.000000"/>
</kw>
<kw name="Wait Until Page Contains Element" owner="SeleniumLibrary">
<arg>xpath=//a[@class='nav-link dropdown-toggle' and .//span[contains(@class, 'flag-icon')]]</arg>
<arg>5s</arg>
<doc>Waits until the element ``locator`` appears on the current page.</doc>
<status status="PASS" start="2025-02-26T11:02:03.223293" elapsed="1.037415"/>
</kw>
<status status="PASS" start="2025-02-26T11:01:43.904916" elapsed="20.355792"/>
</kw>
<status status="PASS" start="2025-02-26T11:01:35.597485" elapsed="28.663223"/>
</kw>
<test id="s1-s3-s1-t1" name="Test Language Switching On Researcher Dashboard" line="15">
<kw name="Reset Language To English" type="SETUP">
<kw name="Go To" owner="SeleniumLibrary">
<msg time="2025-02-26T11:02:04.261764" level="INFO">Opening url 'http://127.0.0.1:8000/dashboard'</msg>
<arg>${DASHBOARD_URL}</arg>
<doc>Navigates the current browser window to the provided ``url``.</doc>
<status status="PASS" start="2025-02-26T11:02:04.261764" elapsed="2.169124"/>
</kw>
<kw name="Wait Until Page Contains Element" owner="SeleniumLibrary">
<arg>xpath=//a[@class='nav-link dropdown-toggle' and .//span[contains(@class, 'flag-icon')]]</arg>
<arg>5s</arg>
<doc>Waits until the element ``locator`` appears on the current page.</doc>
<status status="PASS" start="2025-02-26T11:02:06.431895" elapsed="1.029974"/>
</kw>
<kw name="Click Element" owner="SeleniumLibrary">
<msg time="2025-02-26T11:02:07.461869" level="INFO">Clicking element 'xpath=//a[@class='nav-link dropdown-toggle' and .//span[contains(@class, 'flag-icon')]]'.</msg>
<arg>xpath=//a[@class='nav-link dropdown-toggle' and .//span[contains(@class, 'flag-icon')]]</arg>
<doc>Click the element identified by ``locator``.</doc>
<status status="PASS" start="2025-02-26T11:02:07.461869" elapsed="2.184684"/>
</kw>
<kw name="Run Keyword And Return Status" owner="BuiltIn">
<kw name="Page Should Contain Element" owner="SeleniumLibrary">
<msg time="2025-02-26T11:02:12.902207" level="INFO" html="true">&lt;/td&gt;&lt;/tr&gt;&lt;tr&gt;&lt;td colspan="3"&gt;&lt;a href="selenium-screenshot-5.png"&gt;&lt;img src="selenium-screenshot-5.png" width="800px"&gt;&lt;/a&gt;</msg>
<msg time="2025-02-26T11:02:12.902429" level="FAIL">Page should have contained element 'xpath=//a[@class='dropdown-item' and contains(., 'English')]' but did not.</msg>
<arg>xpath=//a[@class='dropdown-item' and contains(., 'English')]</arg>
<doc>Verifies that element ``locator`` is found on the current page.</doc>
<status status="FAIL" start="2025-02-26T11:02:09.646553" elapsed="3.258269">Page should have contained element 'xpath=//a[@class='dropdown-item' and contains(., 'English')]' but did not.</status>
</kw>
<msg time="2025-02-26T11:02:12.904822" level="INFO">${english_present} = False</msg>
<var>${english_present}</var>
<arg>Page Should Contain Element</arg>
<arg>xpath=//a[@class='dropdown-item' and contains(., 'English')]</arg>
<doc>Runs the given keyword with given arguments and returns the status as a Boolean value.</doc>
<status status="PASS" start="2025-02-26T11:02:09.646553" elapsed="3.258269"/>
</kw>
<kw name="Run Keyword If" owner="BuiltIn">
<arg>${english_present}</arg>
<arg>Click Element</arg>
<arg>xpath=//a[@class='dropdown-item' and contains(., 'English')]</arg>
<doc>Runs the given keyword with the given arguments, if ``condition`` is true.</doc>
<status status="PASS" start="2025-02-26T11:02:12.904822" elapsed="0.000000"/>
</kw>
<kw name="Wait Until Page Contains Element" owner="SeleniumLibrary">
<arg>xpath=//span[contains(@class, 'flag-icon-us')]</arg>
<arg>5s</arg>
<doc>Waits until the element ``locator`` appears on the current page.</doc>
<status status="PASS" start="2025-02-26T11:02:12.904822" elapsed="1.043043"/>
</kw>
<kw name="Log To Console" owner="BuiltIn">
<arg>Reset language to English</arg>
<doc>Logs the given message to the console.</doc>
<status status="PASS" start="2025-02-26T11:02:13.950431" elapsed="0.094375"/>
</kw>
<kw name="Get Source" owner="SeleniumLibrary">
<msg time="2025-02-26T11:02:15.092569" level="INFO">${page_source} = &lt;html lang="en" class="hydrated" style="height: auto;"&gt;&lt;head&gt;&lt;style type="text/css"&gt;.swal-icon--error{border-color:#f27474;-webkit-animation:animateErrorIcon .5s;animation:animateErrorIcon .5s}.swal-i...</msg>
<var>${page_source}</var>
<doc>Returns the entire HTML source of the current page or frame.</doc>
<status status="PASS" start="2025-02-26T11:02:14.060410" elapsed="1.032159"/>
</kw>
<kw name="Log To Console" owner="BuiltIn">
<arg>Page source after reset: ${page_source}</arg>
<doc>Logs the given message to the console.</doc>
<status status="PASS" start="2025-02-26T11:02:15.092569" elapsed="0.095394"/>
</kw>
<status status="PASS" start="2025-02-26T11:02:04.261764" elapsed="10.927242"/>
</kw>
<kw name="Verify Language">
<kw name="Page Should Contain" owner="SeleniumLibrary">
<msg time="2025-02-26T11:02:23.358879" level="INFO" html="true">&lt;/td&gt;&lt;/tr&gt;&lt;tr&gt;&lt;td colspan="3"&gt;&lt;a href="selenium-screenshot-6.png"&gt;&lt;img src="selenium-screenshot-6.png" width="800px"&gt;&lt;/a&gt;</msg>
<msg time="2025-02-26T11:02:23.358879" level="FAIL">Page should have contained text 'Welcome to the Research Information Management System' but did not.</msg>
<arg>${welcome_text}</arg>
<doc>Verifies that current page contains ``text``.</doc>
<status status="FAIL" start="2025-02-26T11:02:15.189006" elapsed="8.169873">Page should have contained text 'Welcome to the Research Information Management System' but did not.</status>
</kw>
<arg>Welcome to the Research Information Management System</arg>
<status status="FAIL" start="2025-02-26T11:02:15.189006" elapsed="8.169873">Page should have contained text 'Welcome to the Research Information Management System' but did not.</status>
</kw>
<kw name="Switch Language">
<arg>th</arg>
<status status="NOT RUN" start="2025-02-26T11:02:23.364719" elapsed="0.000000"/>
</kw>
<kw name="Verify Language">
<arg>ยินดีต้อนรับเข้าสู่ระบบจัดการข้อมูลวิจัยของสาขาวิชาวิทยาการคอมพิวเตอร์</arg>
<status status="NOT RUN" start="2025-02-26T11:02:23.364719" elapsed="0.000000"/>
</kw>
<kw name="Switch Language">
<arg>cn</arg>
<status status="NOT RUN" start="2025-02-26T11:02:23.364719" elapsed="0.000000"/>
</kw>
<kw name="Verify Language">
<arg>欢迎来到研究信息管理系统</arg>
<status status="NOT RUN" start="2025-02-26T11:02:23.364719" elapsed="0.000000"/>
</kw>
<doc>ทดสอบการเปลี่ยนภาษาบนหน้าแดชบอร์ดในส่วนของผู้วิจัย</doc>
<status status="FAIL" start="2025-02-26T11:02:04.260708" elapsed="19.104011">Page should have contained text 'Welcome to the Research Information Management System' but did not.</status>
</test>
<kw name="Logout And Close Browser" type="TEARDOWN">
<kw name="Logout">
<kw name="Click Element" owner="SeleniumLibrary">
<msg time="2025-02-26T11:02:23.373548" level="INFO">Clicking element 'xpath=//a[contains(@href, '/logout')]'.</msg>
<arg>xpath=//a[contains(@href, '/logout')]</arg>
<doc>Click the element identified by ``locator``.</doc>
<status status="PASS" start="2025-02-26T11:02:23.373548" elapsed="3.460212"/>
</kw>
<kw name="Wait Until Page Contains" owner="SeleniumLibrary">
<arg>Login</arg>
<arg>5s</arg>
<doc>Waits until ``text`` appears on the current page.</doc>
<status status="PASS" start="2025-02-26T11:02:26.833760" elapsed="1.149812"/>
</kw>
<kw name="Log To Console" owner="BuiltIn">
<arg>Logged out successfully</arg>
<doc>Logs the given message to the console.</doc>
<status status="PASS" start="2025-02-26T11:02:27.983572" elapsed="0.000000"/>
</kw>
<status status="PASS" start="2025-02-26T11:02:23.372647" elapsed="4.617444"/>
</kw>
<kw name="Close Browser" owner="SeleniumLibrary">
<doc>Closes the current browser.</doc>
<status status="PASS" start="2025-02-26T11:02:27.991277" elapsed="3.342869"/>
</kw>
<status status="PASS" start="2025-02-26T11:02:23.364719" elapsed="7.969427"/>
</kw>
<status status="FAIL" start="2025-02-26T11:01:35.546334" elapsed="55.787812"/>
</suite>
<status status="FAIL" start="2025-02-26T11:01:35.530281" elapsed="55.803865"/>
</suite>
<suite id="s1-s4" name="Researcher Fund Language Switch Tests" source="D:\SE_2567_126-0\group_project\git-group-repository-group-3-sec-1\code\tests\robot\researcher_fund_language_switch_tests">
<suite id="s1-s4-s1" name="Researcher Fund" source="D:\SE_2567_126-0\group_project\git-group-repository-group-3-sec-1\code\tests\robot\researcher_fund_language_switch_tests\researcher_fund.robot">
<kw name="Open Browser To Login Page" type="SETUP">
<kw name="Open Browser" owner="SeleniumLibrary">
<msg time="2025-02-26T11:02:31.359453" level="INFO">Opening browser 'chrome' to base url 'http://127.0.0.1:8000/login'.</msg>
<arg>${URL}</arg>
<arg>${BROWSER}</arg>
<doc>Opens a new browser instance to the optional ``url``.</doc>
<status status="PASS" start="2025-02-26T11:02:31.359453" elapsed="5.996551"/>
</kw>
<kw name="Maximize Browser Window" owner="SeleniumLibrary">
<doc>Maximizes current browser window.</doc>
<status status="PASS" start="2025-02-26T11:02:37.356732" elapsed="1.141006"/>
</kw>
<kw name="Set Selenium Speed" owner="SeleniumLibrary">
<arg>${DELAY}</arg>
<doc>Sets the delay that is waited after each Selenium command.</doc>
<status status="PASS" start="2025-02-26T11:02:38.498336" elapsed="0.001641"/>
</kw>
<kw name="Login To System">
<kw name="Wait Until Page Contains Element" owner="SeleniumLibrary">
<arg>id=username</arg>
<arg>5s</arg>
<doc>Waits until the element ``locator`` appears on the current page.</doc>
<status status="PASS" start="2025-02-26T11:02:38.502132" elapsed="1.048682"/>
</kw>
<kw name="Log To Console" owner="BuiltIn">
<arg>Found username field</arg>
<doc>Logs the given message to the console.</doc>
<status status="PASS" start="2025-02-26T11:02:39.550814" elapsed="0.003557"/>
</kw>
<kw name="Input Text" owner="SeleniumLibrary">
<msg time="2025-02-26T11:02:39.554371" level="INFO">Typing text 'chitsutha@kku.ac.th' into text field 'id=username'.</msg>
<arg>id=username</arg>
<arg>${USERNAME}</arg>
<doc>Types the given ``text`` into the text field identified by ``locator``.</doc>
<status status="PASS" start="2025-02-26T11:02:39.554371" elapsed="3.306190"/>
</kw>
<kw name="Input Text" owner="SeleniumLibrary">
<msg time="2025-02-26T11:02:42.860850" level="INFO">Typing text '123456789' into text field 'id=password'.</msg>
<arg>id=password</arg>
<arg>${PASSWORD}</arg>
<doc>Types the given ``text`` into the text field identified by ``locator``.</doc>
<status status="PASS" start="2025-02-26T11:02:42.860850" elapsed="3.316904"/>
</kw>
<kw name="Click Button" owner="SeleniumLibrary">
<msg time="2025-02-26T11:02:46.177754" level="INFO">Clicking button 'xpath=//button[@type='submit']'.</msg>
<arg>xpath=//button[@type='submit']</arg>
<doc>Clicks the button identified by ``locator``.</doc>
<status status="PASS" start="2025-02-26T11:02:46.177754" elapsed="9.957758"/>
</kw>
<kw name="Wait Until Location Contains" owner="SeleniumLibrary">
<arg>${DASHBOARD_URL}</arg>
<arg>5s</arg>
<doc>Waits until the current URL contains ``expected``.</doc>
<status status="PASS" start="2025-02-26T11:02:56.135512" elapsed="1.017436"/>
</kw>
<kw name="Log To Console" owner="BuiltIn">
<arg>Login successful, redirected to: ${DASHBOARD_URL}</arg>
<doc>Logs the given message to the console.</doc>
<status status="PASS" start="2025-02-26T11:02:57.152948" elapsed="0.000000"/>
</kw>
<kw name="Wait Until Page Contains Element" owner="SeleniumLibrary">
<arg>xpath=//a[@class='nav-link dropdown-toggle' and .//span[contains(@class, 'flag-icon')]]</arg>
<arg>5s</arg>
<doc>Waits until the element ``locator`` appears on the current page.</doc>
<status status="PASS" start="2025-02-26T11:02:57.152948" elapsed="1.040237"/>
</kw>
<status status="PASS" start="2025-02-26T11:02:38.501366" elapsed="19.691819"/>
</kw>
<status status="PASS" start="2025-02-26T11:02:31.359453" elapsed="26.833732"/>
</kw>
<test id="s1-s4-s1-t1" name="Test Language Switching On Researcher Fund" line="16">
<kw name="Reset Language To English" type="SETUP">
<kw name="Go To" owner="SeleniumLibrary">
<msg time="2025-02-26T11:02:58.198764" level="INFO">Opening url 'http://127.0.0.1:8000/dashboard'</msg>
<arg>${DASHBOARD_URL}</arg>
<doc>Navigates the current browser window to the provided ``url``.</doc>
<status status="PASS" start="2025-02-26T11:02:58.198764" elapsed="2.196097"/>
</kw>
<kw name="Wait Until Page Contains Element" owner="SeleniumLibrary">
<arg>xpath=//a[@class='nav-link dropdown-toggle' and .//span[contains(@class, 'flag-icon')]]</arg>
<arg>5s</arg>
<doc>Waits until the element ``locator`` appears on the current page.</doc>
<status status="PASS" start="2025-02-26T11:03:00.395500" elapsed="1.020969"/>
</kw>
<kw name="Click Element" owner="SeleniumLibrary">
<msg time="2025-02-26T11:03:01.416816" level="INFO">Clicking element 'xpath=//a[@class='nav-link dropdown-toggle' and .//span[contains(@class, 'flag-icon')]]'.</msg>
<arg>xpath=//a[@class='nav-link dropdown-toggle' and .//span[contains(@class, 'flag-icon')]]</arg>
<doc>Click the element identified by ``locator``.</doc>
<status status="PASS" start="2025-02-26T11:03:01.416816" elapsed="2.265937"/>
</kw>
<kw name="Run Keyword And Return Status" owner="BuiltIn">
<kw name="Page Should Contain Element" owner="SeleniumLibrary">
<msg time="2025-02-26T11:03:06.976356" level="INFO" html="true">&lt;/td&gt;&lt;/tr&gt;&lt;tr&gt;&lt;td colspan="3"&gt;&lt;a href="selenium-screenshot-7.png"&gt;&lt;img src="selenium-screenshot-7.png" width="800px"&gt;&lt;/a&gt;</msg>
<msg time="2025-02-26T11:03:06.978878" level="FAIL">Page should have contained element 'xpath=//a[@class='dropdown-item' and contains(., 'English')]' but did not.</msg>
<arg>xpath=//a[@class='dropdown-item' and contains(., 'English')]</arg>
<doc>Verifies that element ``locator`` is found on the current page.</doc>
<status status="FAIL" start="2025-02-26T11:03:03.682753" elapsed="3.296125">Page should have contained element 'xpath=//a[@class='dropdown-item' and contains(., 'English')]' but did not.</status>
</kw>
<msg time="2025-02-26T11:03:06.978878" level="INFO">${english_present} = False</msg>
<var>${english_present}</var>
<arg>Page Should Contain Element</arg>
<arg>xpath=//a[@class='dropdown-item' and contains(., 'English')]</arg>
<doc>Runs the given keyword with given arguments and returns the status as a Boolean value.</doc>
<status status="PASS" start="2025-02-26T11:03:03.682753" elapsed="3.296125"/>
</kw>
<kw name="Run Keyword If" owner="BuiltIn">
<arg>${english_present}</arg>
<arg>Click Element</arg>
<arg>xpath=//a[@class='dropdown-item' and contains(., 'English')]</arg>
<doc>Runs the given keyword with the given arguments, if ``condition`` is true.</doc>
<status status="PASS" start="2025-02-26T11:03:06.978878" elapsed="0.000000"/>
</kw>
<kw name="Wait Until Page Contains Element" owner="SeleniumLibrary">
<arg>xpath=//span[contains(@class, 'flag-icon-us')]</arg>
<arg>5s</arg>
<doc>Waits until the element ``locator`` appears on the current page.</doc>
<status status="PASS" start="2025-02-26T11:03:06.978878" elapsed="1.033714"/>
</kw>
<kw name="Log To Console" owner="BuiltIn">
<arg>Reset language to English</arg>
<doc>Logs the given message to the console.</doc>
<status status="PASS" start="2025-02-26T11:03:08.013108" elapsed="0.000555"/>
</kw>
<kw name="Get Source" owner="SeleniumLibrary">
<msg time="2025-02-26T11:03:09.027545" level="INFO">${page_source} = &lt;html lang="en" class="hydrated" style="height: auto;"&gt;&lt;head&gt;&lt;style type="text/css"&gt;.swal-icon--error{border-color:#f27474;-webkit-animation:animateErrorIcon .5s;animation:animateErrorIcon .5s}.swal-i...</msg>
<var>${page_source}</var>
<doc>Returns the entire HTML source of the current page or frame.</doc>
<status status="PASS" start="2025-02-26T11:03:08.014200" elapsed="1.013345"/>
</kw>
<kw name="Log To Console" owner="BuiltIn">
<arg>Page source after reset: ${page_source}</arg>
<doc>Logs the given message to the console.</doc>
<status status="PASS" start="2025-02-26T11:03:09.027545" elapsed="0.107926"/>
</kw>
<status status="PASS" start="2025-02-26T11:02:58.198764" elapsed="10.936707"/>
</kw>
<kw name="Go To" owner="SeleniumLibrary">
<msg time="2025-02-26T11:03:09.141200" level="INFO">Opening url 'http://127.0.0.1:8000/funds'</msg>
<arg>${MANAGE_FUND_URL}</arg>
<doc>Navigates the current browser window to the provided ``url``.</doc>
<status status="PASS" start="2025-02-26T11:03:09.135471" elapsed="3.988390"/>
</kw>
<kw name="Verify Language">
<kw name="Page Should Contain" owner="SeleniumLibrary">
<msg time="2025-02-26T11:03:15.165960" level="INFO">Current page contains text 'Research Grant'.</msg>
<arg>${welcome_text}</arg>
<doc>Verifies that current page contains ``text``.</doc>
<status status="PASS" start="2025-02-26T11:03:13.123861" elapsed="2.042389"/>
</kw>
<arg>Research Grant</arg>
<status status="PASS" start="2025-02-26T11:03:13.123861" elapsed="2.042389"/>
</kw>
<kw name="Switch Language">
<kw name="Wait Until Page Contains Element" owner="SeleniumLibrary">
<arg>xpath=//a[@class='nav-link dropdown-toggle' and .//span[contains(@class, 'flag-icon')]]</arg>
<arg>15s</arg>
<doc>Waits until the element ``locator`` appears on the current page.</doc>
<status status="PASS" start="2025-02-26T11:03:15.166250" elapsed="1.024257"/>
</kw>
<kw name="Click Element" owner="SeleniumLibrary">
<msg time="2025-02-26T11:03:16.190507" level="INFO">Clicking element 'xpath=//a[@class='nav-link dropdown-toggle' and .//span[contains(@class, 'flag-icon')]]'.</msg>
<arg>xpath=//a[@class='nav-link dropdown-toggle' and .//span[contains(@class, 'flag-icon')]]</arg>
<doc>Click the element identified by ``locator``.</doc>
<status status="PASS" start="2025-02-26T11:03:16.190507" elapsed="2.164640"/>
</kw>
<kw name="Click Element" owner="SeleniumLibrary">
<msg time="2025-02-26T11:03:18.357585" level="INFO">Clicking element 'xpath=//a[contains(@href, 'http://127.0.0.1:8000/lang/th')]'.</msg>
<msg time="2025-02-26T11:03:20.694451" level="INFO" html="true">&lt;/td&gt;&lt;/tr&gt;&lt;tr&gt;&lt;td colspan="3"&gt;&lt;a href="selenium-screenshot-8.png"&gt;&lt;img src="selenium-screenshot-8.png" width="800px"&gt;&lt;/a&gt;</msg>
<msg time="2025-02-26T11:03:20.694451" level="FAIL">ElementNotInteractableException: Message: element not interactable
  (Session info: chrome=133.0.6943.128)
Stacktrace:
	GetHandleVerifier [0x00007FF7E29AC6A5+28789]
	(No symbol) [0x00007FF7E2915B20]
	(No symbol) [0x00007FF7E27A8DCC]
	(No symbol) [0x00007FF7E2800774]
	(No symbol) [0x00007FF7E27F2314]
	(No symbol) [0x00007FF7E282732A]
	(No symbol) [0x00007FF7E27F1BC6]
	(No symbol) [0x00007FF7E2827540]
	(No symbol) [0x00007FF7E284F7E3]
	(No symbol) [0x00007FF7E2827103]
	(No symbol) [0x00007FF7E27EFFC0]
	(No symbol) [0x00007FF7E27F1273]
	GetHandleVerifier [0x00007FF7E2CF1AED+3458237]
	GetHandleVerifier [0x00007FF7E2D0829C+3550316]
	GetHandleVerifier [0x00007FF7E2CFDB9D+3507565]
	GetHandleVerifier [0x00007FF7E2A72C6A+841274]
	(No symbol) [0x00007FF7E29209EF]
	(No symbol) [0x00007FF7E291CB34]
	(No symbol) [0x00007FF7E291CCD6]
	(No symbol) [0x00007FF7E290C119]
	BaseThreadInitThunk [0x00007FFFDF0F259D+29]
	RtlUserThreadStart [0x00007FFFE11CAF38+40]
</msg>
<arg>xpath=//a[contains(@href, 'http://127.0.0.1:8000/lang/${lang}')]</arg>
<doc>Click the element identified by ``locator``.</doc>
<status status="FAIL" start="2025-02-26T11:03:18.355147" elapsed="2.344912">ElementNotInteractableException: Message: element not interactable
  (Session info: chrome=133.0.6943.128)
Stacktrace:
	GetHandleVerifier [0x00007FF7E29AC6A5+28789]
	(No symbol) [0x00007FF7E2915B20]
	(No symbol) [0x00007FF7E27A8DCC]
	(No symbol) [0x00007FF7E2800774]
	(No symbol) [0x00007FF7E27F2314]
	(No symbol) [0x00007FF7E282732A]
	(No symbol) [0x00007FF7E27F1BC6]
	(No symbol) [0x00007FF7E2827540]
	(No symbol) [0x00007FF7E284F7E3]
	(No symbol) [0x00007FF7E2827103]
	(No symbol) [0x00007FF7E27EFFC0]
	(No symbol) [0x00007FF7E27F1273]
	GetHandleVerifier [0x00007FF7E2CF1AED+3458237]
	GetHandleVerifier [0x00007FF7E2D0829C+3550316]
	GetHandleVerifier [0x00007FF7E2CFDB9D+3507565]
	GetHandleVerifier [0x00007FF7E2A72C6A+841274]
	(No symbol) [0x00007FF7E29209EF]
	(No symbol) [0x00007FF7E291CB34]
	(No symbol) [0x00007FF7E291CCD6]
	(No symbol) [0x00007FF7E290C119]
	BaseThreadInitThunk [0x00007FFFDF0F259D+29]
	RtlUserThreadStart [0x00007FFFE11CAF38+40]
</status>
</kw>
<kw name="Run Keyword If" owner="BuiltIn">
<var>${flag}</var>
<arg>'${lang}' == 'cn'</arg>
<arg>Set Variable</arg>
<arg>cn</arg>
<arg>ELSE</arg>
<arg>Set Variable</arg>
<arg>${lang}</arg>
<doc>Runs the given keyword with the given arguments, if ``condition`` is true.</doc>
<status status="NOT RUN" start="2025-02-26T11:03:20.700059" elapsed="0.000000"/>
</kw>
<kw name="Wait Until Page Contains Element" owner="SeleniumLibrary">
<arg>xpath=//span[contains(@class, 'flag-icon-${flag}')]</arg>
<arg>10s</arg>
<doc>Waits until the element ``locator`` appears on the current page.</doc>
<status status="NOT RUN" start="2025-02-26T11:03:20.700059" elapsed="0.000000"/>
</kw>
<kw name="Log To Console" owner="BuiltIn">
<arg>Switched to language: ${lang}</arg>
<doc>Logs the given message to the console.</doc>
<status status="NOT RUN" start="2025-02-26T11:03:20.700059" elapsed="0.000000"/>
</kw>
<arg>th</arg>
<status status="FAIL" start="2025-02-26T11:03:15.166250" elapsed="5.533809">ElementNotInteractableException: Message: element not interactable
  (Session info: chrome=133.0.6943.128)
Stacktrace:
	GetHandleVerifier [0x00007FF7E29AC6A5+28789]
	(No symbol) [0x00007FF7E2915B20]
	(No symbol) [0x00007FF7E27A8DCC]
	(No symbol) [0x00007FF7E2800774]
	(No symbol) [0x00007FF7E27F2314]
	(No symbol) [0x00007FF7E282732A]
	(No symbol) [0x00007FF7E27F1BC6]
	(No symbol) [0x00007FF7E2827540]
	(No symbol) [0x00007FF7E284F7E3]
	(No symbol) [0x00007FF7E2827103]
	(No symbol) [0x00007FF7E27EFFC0]
	(No symbol) [0x00007FF7E27F1273]
	GetHandleVerifier [0x00007FF7E2CF1AED+3458237]
	GetHandleVerifier [0x00007FF7E2D0829C+3550316]
	GetHandleVerifier [0x00007FF7E2CFDB9D+3507565]
	GetHandleVerifier [0x00007FF7E2A72C6A+841274]
	(No symbol) [0x00007FF7E29209EF]
	(No symbol) [0x00007FF7E291CB34]
	(No symbol) [0x00007FF7E291CCD6]
	(No symbol) [0x00007FF7E290C119]
	BaseThreadInitThunk [0x00007FFFDF0F259D+29]
	RtlUserThreadStart [0x00007FFFE11CAF38+40]
</status>
</kw>
<kw name="Verify Language">
<arg>ทุนวิจัย</arg>
<status status="NOT RUN" start="2025-02-26T11:03:20.700059" elapsed="0.000000"/>
</kw>
<kw name="Switch Language">
<arg>cn</arg>
<status status="NOT RUN" start="2025-02-26T11:03:20.700059" elapsed="0.000000"/>
</kw>
<kw name="Verify Language">
<arg>研究基金</arg>
<status status="NOT RUN" start="2025-02-26T11:03:20.708101" elapsed="0.000000"/>
</kw>
<doc>ทดสอบการเปลี่ยนภาษาบนหน้าจัดการทุนในส่วนของผู้วิจัย</doc>
<status status="FAIL" start="2025-02-26T11:02:58.193185" elapsed="22.515423">ElementNotInteractableException: Message: element not interactable
  (Session info: chrome=133.0.6943.128)
Stacktrace:
	GetHandleVerifier [0x00007FF7E29AC6A5+28789]
	(No symbol) [0x00007FF7E2915B20]
	(No symbol) [0x00007FF7E27A8DCC]
	(No symbol) [0x00007FF7E2800774]
	(No symbol) [0x00007FF7E27F2314]
	(No symbol) [0x00007FF7E282732A]
	(No symbol) [0x00007FF7E27F1BC6]
	(No symbol) [0x00007FF7E2827540]
	(No symbol) [0x00007FF7E284F7E3]
	(No symbol) [0x00007FF7E2827103]
	(No symbol) [0x00007FF7E27EFFC0]
	(No symbol) [0x00007FF7E27F1273]
	GetHandleVerifier [0x00007FF7E2CF1AED+3458237]
	GetHandleVerifier [0x00007FF7E2D0829C+3550316]
	GetHandleVerifier [0x00007FF7E2CFDB9D+3507565]
	GetHandleVerifier [0x00007FF7E2A72C6A+841274]
	(No symbol) [0x00007FF7E29209EF]
	(No symbol) [0x00007FF7E291CB34]
	(No symbol) [0x00007FF7E291CCD6]
	(No symbol) [0x00007FF7E290C119]
	BaseThreadInitThunk [0x00007FFFDF0F259D+29]
	RtlUserThreadStart [0x00007FFFE11CAF38+40]
</status>
</test>
<kw name="Logout And Close Browser" type="TEARDOWN">
<kw name="Logout">
<kw name="Click Element" owner="SeleniumLibrary">
<msg time="2025-02-26T11:03:20.725349" level="INFO">Clicking element 'xpath=//a[contains(@href, '/logout')]'.</msg>
<arg>xpath=//a[contains(@href, '/logout')]</arg>
<doc>Click the element identified by ``locator``.</doc>
<status status="PASS" start="2025-02-26T11:03:20.717936" elapsed="3.447280"/>
</kw>
<kw name="Wait Until Page Contains" owner="SeleniumLibrary">
<arg>Login</arg>
<arg>5s</arg>
<doc>Waits until ``text`` appears on the current page.</doc>
<status status="PASS" start="2025-02-26T11:03:24.166236" elapsed="1.033649"/>
</kw>
<kw name="Log To Console" owner="BuiltIn">
<arg>Logged out successfully</arg>
<doc>Logs the given message to the console.</doc>
<status status="PASS" start="2025-02-26T11:03:25.199885" elapsed="0.000000"/>
</kw>
<status status="PASS" start="2025-02-26T11:03:20.717936" elapsed="4.484469"/>
</kw>
<kw name="Close Browser" owner="SeleniumLibrary">
<doc>Closes the current browser.</doc>
<status status="PASS" start="2025-02-26T11:03:25.202405" elapsed="3.215351"/>
</kw>
<status status="PASS" start="2025-02-26T11:03:20.716344" elapsed="7.701412"/>
</kw>
<status status="FAIL" start="2025-02-26T11:02:31.342553" elapsed="57.075203"/>
</suite>
<status status="FAIL" start="2025-02-26T11:02:31.334146" elapsed="57.085204"/>
</suite>
<suite id="s1-s5" name="researcher OtherAcademicWork language switch tests" source="D:\SE_2567_126-0\group_project\git-group-repository-group-3-sec-1\code\tests\robot\researcher_OtherAcademicWork_language_switch_tests">
<suite id="s1-s5-s1" name="researcher OtherAcademicWork" source="D:\SE_2567_126-0\group_project\git-group-repository-group-3-sec-1\code\tests\robot\researcher_OtherAcademicWork_language_switch_tests\researcher_OtherAcademicWork.robot">
<kw name="Open Browser To Login Page" type="SETUP">
<kw name="Open Browser" owner="SeleniumLibrary">
<msg time="2025-02-26T11:03:28.450607" level="INFO">Opening browser 'chrome' to base url 'http://127.0.0.1:8000/login'.</msg>
<arg>${URL}</arg>
<arg>${BROWSER}</arg>
<doc>Opens a new browser instance to the optional ``url``.</doc>
<status status="PASS" start="2025-02-26T11:03:28.449559" elapsed="5.397997"/>
</kw>
<kw name="Maximize Browser Window" owner="SeleniumLibrary">
<doc>Maximizes current browser window.</doc>
<status status="PASS" start="2025-02-26T11:03:33.847556" elapsed="1.230411"/>
</kw>
<kw name="Set Selenium Speed" owner="SeleniumLibrary">
<arg>${DELAY}</arg>
<doc>Sets the delay that is waited after each Selenium command.</doc>
<status status="PASS" start="2025-02-26T11:03:35.077967" elapsed="0.000000"/>
</kw>
<kw name="Login To System">
<kw name="Wait Until Page Contains Element" owner="SeleniumLibrary">
<arg>id=username</arg>
<arg>5s</arg>
<doc>Waits until the element ``locator`` appears on the current page.</doc>
<status status="PASS" start="2025-02-26T11:03:35.077967" elapsed="1.039684"/>
</kw>
<kw name="Log To Console" owner="BuiltIn">
<arg>Found username field</arg>
<doc>Logs the given message to the console.</doc>
<status status="PASS" start="2025-02-26T11:03:36.117651" elapsed="0.000000"/>
</kw>
<kw name="Input Text" owner="SeleniumLibrary">
<msg time="2025-02-26T11:03:36.121827" level="INFO">Typing text 'chitsutha@kku.ac.th' into text field 'id=username'.</msg>
<arg>id=username</arg>
<arg>${USERNAME}</arg>
<doc>Types the given ``text`` into the text field identified by ``locator``.</doc>
<status status="PASS" start="2025-02-26T11:03:36.117651" elapsed="3.330202"/>
</kw>
<kw name="Input Text" owner="SeleniumLibrary">
<msg time="2025-02-26T11:03:39.449928" level="INFO">Typing text '123456789' into text field 'id=password'.</msg>
<arg>id=password</arg>
<arg>${PASSWORD}</arg>
<doc>Types the given ``text`` into the text field identified by ``locator``.</doc>
<status status="PASS" start="2025-02-26T11:03:39.448983" elapsed="3.326606"/>
</kw>
<kw name="Click Button" owner="SeleniumLibrary">
<msg time="2025-02-26T11:03:42.775848" level="INFO">Clicking button 'xpath=//button[@type='submit']'.</msg>
<arg>xpath=//button[@type='submit']</arg>
<doc>Clicks the button identified by ``locator``.</doc>
<status status="PASS" start="2025-02-26T11:03:42.775848" elapsed="9.912108"/>
</kw>
<kw name="Wait Until Location Contains" owner="SeleniumLibrary">
<arg>${DASHBOARD_URL}</arg>
<arg>5s</arg>
<doc>Waits until the current URL contains ``expected``.</doc>
<status status="PASS" start="2025-02-26T11:03:52.688748" elapsed="1.018045"/>
</kw>
<kw name="Log To Console" owner="BuiltIn">
<arg>Login successful, redirected to: ${DASHBOARD_URL}</arg>
<doc>Logs the given message to the console.</doc>
<status status="PASS" start="2025-02-26T11:03:53.706793" elapsed="0.000000"/>
</kw>
<kw name="Wait Until Page Contains Element" owner="SeleniumLibrary">
<arg>xpath=//a[@class='nav-link dropdown-toggle' and .//span[contains(@class, 'flag-icon')]]</arg>
<arg>5s</arg>
<doc>Waits until the element ``locator`` appears on the current page.</doc>
<status status="PASS" start="2025-02-26T11:03:53.706793" elapsed="1.079097"/>
</kw>
<status status="PASS" start="2025-02-26T11:03:35.077967" elapsed="19.707923"/>
</kw>
<status status="PASS" start="2025-02-26T11:03:28.448530" elapsed="26.337360"/>
</kw>
<test id="s1-s5-s1-t1" name="Test Language Switching On Researcher Patent" line="16">
<kw name="Reset Language To English" type="SETUP">
<kw name="Go To" owner="SeleniumLibrary">
<msg time="2025-02-26T11:03:54.791440" level="INFO">Opening url 'http://127.0.0.1:8000/dashboard'</msg>
<arg>${DASHBOARD_URL}</arg>
<doc>Navigates the current browser window to the provided ``url``.</doc>
<status status="PASS" start="2025-02-26T11:03:54.791440" elapsed="2.105434"/>
</kw>
<kw name="Wait Until Page Contains Element" owner="SeleniumLibrary">
<arg>xpath=//a[@class='nav-link dropdown-toggle' and .//span[contains(@class, 'flag-icon')]]</arg>
<arg>5s</arg>
<doc>Waits until the element ``locator`` appears on the current page.</doc>
<status status="PASS" start="2025-02-26T11:03:56.897473" elapsed="1.025426"/>
</kw>
<kw name="Click Element" owner="SeleniumLibrary">
<msg time="2025-02-26T11:03:57.923800" level="INFO">Clicking element 'xpath=//a[@class='nav-link dropdown-toggle' and .//span[contains(@class, 'flag-icon')]]'.</msg>
<arg>xpath=//a[@class='nav-link dropdown-toggle' and .//span[contains(@class, 'flag-icon')]]</arg>
<doc>Click the element identified by ``locator``.</doc>
<status status="PASS" start="2025-02-26T11:03:57.923800" elapsed="2.271627"/>
</kw>
<kw name="Run Keyword And Return Status" owner="BuiltIn">
<kw name="Page Should Contain Element" owner="SeleniumLibrary">
<msg time="2025-02-26T11:04:03.521837" level="INFO" html="true">&lt;/td&gt;&lt;/tr&gt;&lt;tr&gt;&lt;td colspan="3"&gt;&lt;a href="selenium-screenshot-9.png"&gt;&lt;img src="selenium-screenshot-9.png" width="800px"&gt;&lt;/a&gt;</msg>
<msg time="2025-02-26T11:04:03.521837" level="FAIL">Page should have contained element 'xpath=//a[@class='dropdown-item' and contains(., 'English')]' but did not.</msg>
<arg>xpath=//a[@class='dropdown-item' and contains(., 'English')]</arg>
<doc>Verifies that element ``locator`` is found on the current page.</doc>
<status status="FAIL" start="2025-02-26T11:04:00.195427" elapsed="3.331178">Page should have contained element 'xpath=//a[@class='dropdown-item' and contains(., 'English')]' but did not.</status>
</kw>
<msg time="2025-02-26T11:04:03.526605" level="INFO">${english_present} = False</msg>
<var>${english_present}</var>
<arg>Page Should Contain Element</arg>
<arg>xpath=//a[@class='dropdown-item' and contains(., 'English')]</arg>
<doc>Runs the given keyword with given arguments and returns the status as a Boolean value.</doc>
<status status="PASS" start="2025-02-26T11:04:00.195427" elapsed="3.331178"/>
</kw>
<kw name="Run Keyword If" owner="BuiltIn">
<arg>${english_present}</arg>
<arg>Click Element</arg>
<arg>xpath=//a[@class='dropdown-item' and contains(., 'English')]</arg>
<doc>Runs the given keyword with the given arguments, if ``condition`` is true.</doc>
<status status="PASS" start="2025-02-26T11:04:03.526605" elapsed="0.000000"/>
</kw>
<kw name="Wait Until Page Contains Element" owner="SeleniumLibrary">
<arg>xpath=//span[contains(@class, 'flag-icon-us')]</arg>
<arg>5s</arg>
<doc>Waits until the element ``locator`` appears on the current page.</doc>
<status status="PASS" start="2025-02-26T11:04:03.526605" elapsed="1.040625"/>
</kw>
<kw name="Log To Console" owner="BuiltIn">
<arg>Reset language to English</arg>
<doc>Logs the given message to the console.</doc>
<status status="PASS" start="2025-02-26T11:04:04.567230" elapsed="0.000000"/>
</kw>
<kw name="Get Source" owner="SeleniumLibrary">
<msg time="2025-02-26T11:04:05.583763" level="INFO">${page_source} = &lt;html lang="en" class="hydrated" style="height: auto;"&gt;&lt;head&gt;&lt;style type="text/css"&gt;.swal-icon--error{border-color:#f27474;-webkit-animation:animateErrorIcon .5s;animation:animateErrorIcon .5s}.swal-i...</msg>
<var>${page_source}</var>
<doc>Returns the entire HTML source of the current page or frame.</doc>
<status status="PASS" start="2025-02-26T11:04:04.567230" elapsed="1.016533"/>
</kw>
<kw name="Log To Console" owner="BuiltIn">
<arg>Page source after reset: ${page_source}</arg>
<doc>Logs the given message to the console.</doc>
<status status="PASS" start="2025-02-26T11:04:05.583763" elapsed="0.080006"/>
</kw>
<status status="PASS" start="2025-02-26T11:03:54.791440" elapsed="10.876016"/>
</kw>
<kw name="Go To" owner="SeleniumLibrary">
<msg time="2025-02-26T11:04:05.667456" level="INFO">Opening url 'http://127.0.0.1:8000/patents'</msg>
<arg>${OTHER_ACADEMIC_WORK_URL}</arg>
<doc>Navigates the current browser window to the provided ``url``.</doc>
<status status="PASS" start="2025-02-26T11:04:05.667456" elapsed="5.298682"/>
</kw>
<kw name="Verify Language">
<kw name="Page Should Contain" owner="SeleniumLibrary">
<msg time="2025-02-26T11:04:13.017485" level="INFO">Current page contains text 'Other Academic Works (Patents, Utility Models, Copyrights)'.</msg>
<arg>${welcome_text}</arg>
<doc>Verifies that current page contains ``text``.</doc>
<status status="PASS" start="2025-02-26T11:04:10.966138" elapsed="2.051347"/>
</kw>
<arg>Other Academic Works (Patents, Utility Models, Copyrights)</arg>
<status status="PASS" start="2025-02-26T11:04:10.966138" elapsed="2.051347"/>
</kw>
<kw name="Switch Language">
<kw name="Wait Until Page Contains Element" owner="SeleniumLibrary">
<arg>xpath=//a[@class='nav-link dropdown-toggle' and .//span[contains(@class, 'flag-icon')]]</arg>
<arg>15s</arg>
<doc>Waits until the element ``locator`` appears on the current page.</doc>
<status status="PASS" start="2025-02-26T11:04:13.020037" elapsed="1.031110"/>
</kw>
<kw name="Click Element" owner="SeleniumLibrary">
<msg time="2025-02-26T11:04:14.051147" level="INFO">Clicking element 'xpath=//a[@class='nav-link dropdown-toggle' and .//span[contains(@class, 'flag-icon')]]'.</msg>
<arg>xpath=//a[@class='nav-link dropdown-toggle' and .//span[contains(@class, 'flag-icon')]]</arg>
<doc>Click the element identified by ``locator``.</doc>
<status status="PASS" start="2025-02-26T11:04:14.051147" elapsed="2.175367"/>
</kw>
<kw name="Click Element" owner="SeleniumLibrary">
<msg time="2025-02-26T11:04:16.226514" level="INFO">Clicking element 'xpath=//a[contains(@href, 'http://127.0.0.1:8000/lang/th')]'.</msg>
<msg time="2025-02-26T11:04:18.561810" level="INFO" html="true">&lt;/td&gt;&lt;/tr&gt;&lt;tr&gt;&lt;td colspan="3"&gt;&lt;a href="selenium-screenshot-10.png"&gt;&lt;img src="selenium-screenshot-10.png" width="800px"&gt;&lt;/a&gt;</msg>
<msg time="2025-02-26T11:04:18.561810" level="FAIL">ElementNotInteractableException: Message: element not interactable
  (Session info: chrome=133.0.6943.128)
Stacktrace:
	GetHandleVerifier [0x00007FF7E29AC6A5+28789]
	(No symbol) [0x00007FF7E2915B20]
	(No symbol) [0x00007FF7E27A8DCC]
	(No symbol) [0x00007FF7E2800774]
	(No symbol) [0x00007FF7E27F2314]
	(No symbol) [0x00007FF7E282732A]
	(No symbol) [0x00007FF7E27F1BC6]
	(No symbol) [0x00007FF7E2827540]
	(No symbol) [0x00007FF7E284F7E3]
	(No symbol) [0x00007FF7E2827103]
	(No symbol) [0x00007FF7E27EFFC0]
	(No symbol) [0x00007FF7E27F1273]
	GetHandleVerifier [0x00007FF7E2CF1AED+3458237]
	GetHandleVerifier [0x00007FF7E2D0829C+3550316]
	GetHandleVerifier [0x00007FF7E2CFDB9D+3507565]
	GetHandleVerifier [0x00007FF7E2A72C6A+841274]
	(No symbol) [0x00007FF7E29209EF]
	(No symbol) [0x00007FF7E291CB34]
	(No symbol) [0x00007FF7E291CCD6]
	(No symbol) [0x00007FF7E290C119]
	BaseThreadInitThunk [0x00007FFFDF0F259D+29]
	RtlUserThreadStart [0x00007FFFE11CAF38+40]
</msg>
<arg>xpath=//a[contains(@href, 'http://127.0.0.1:8000/lang/${lang}')]</arg>
<doc>Click the element identified by ``locator``.</doc>
<status status="FAIL" start="2025-02-26T11:04:16.226514" elapsed="2.339667">ElementNotInteractableException: Message: element not interactable
  (Session info: chrome=133.0.6943.128)
Stacktrace:
	GetHandleVerifier [0x00007FF7E29AC6A5+28789]
	(No symbol) [0x00007FF7E2915B20]
	(No symbol) [0x00007FF7E27A8DCC]
	(No symbol) [0x00007FF7E2800774]
	(No symbol) [0x00007FF7E27F2314]
	(No symbol) [0x00007FF7E282732A]
	(No symbol) [0x00007FF7E27F1BC6]
	(No symbol) [0x00007FF7E2827540]
	(No symbol) [0x00007FF7E284F7E3]
	(No symbol) [0x00007FF7E2827103]
	(No symbol) [0x00007FF7E27EFFC0]
	(No symbol) [0x00007FF7E27F1273]
	GetHandleVerifier [0x00007FF7E2CF1AED+3458237]
	GetHandleVerifier [0x00007FF7E2D0829C+3550316]
	GetHandleVerifier [0x00007FF7E2CFDB9D+3507565]
	GetHandleVerifier [0x00007FF7E2A72C6A+841274]
	(No symbol) [0x00007FF7E29209EF]
	(No symbol) [0x00007FF7E291CB34]
	(No symbol) [0x00007FF7E291CCD6]
	(No symbol) [0x00007FF7E290C119]
	BaseThreadInitThunk [0x00007FFFDF0F259D+29]
	RtlUserThreadStart [0x00007FFFE11CAF38+40]
</status>
</kw>
<kw name="Run Keyword If" owner="BuiltIn">
<var>${flag}</var>
<arg>'${lang}' == 'cn'</arg>
<arg>Set Variable</arg>
<arg>cn</arg>
<arg>ELSE</arg>
<arg>Set Variable</arg>
<arg>${lang}</arg>
<doc>Runs the given keyword with the given arguments, if ``condition`` is true.</doc>
<status status="NOT RUN" start="2025-02-26T11:04:18.566181" elapsed="0.000000"/>
</kw>
<kw name="Wait Until Page Contains Element" owner="SeleniumLibrary">
<arg>xpath=//span[contains(@class, 'flag-icon-${flag}')]</arg>
<arg>10s</arg>
<doc>Waits until the element ``locator`` appears on the current page.</doc>
<status status="NOT RUN" start="2025-02-26T11:04:18.571211" elapsed="0.000000"/>
</kw>
<kw name="Log To Console" owner="BuiltIn">
<arg>Switched to language: ${lang}</arg>
<doc>Logs the given message to the console.</doc>
<status status="NOT RUN" start="2025-02-26T11:04:18.571211" elapsed="0.000000"/>
</kw>
<arg>th</arg>
<status status="FAIL" start="2025-02-26T11:04:13.020037" elapsed="5.553748">ElementNotInteractableException: Message: element not interactable
  (Session info: chrome=133.0.6943.128)
Stacktrace:
	GetHandleVerifier [0x00007FF7E29AC6A5+28789]
	(No symbol) [0x00007FF7E2915B20]
	(No symbol) [0x00007FF7E27A8DCC]
	(No symbol) [0x00007FF7E2800774]
	(No symbol) [0x00007FF7E27F2314]
	(No symbol) [0x00007FF7E282732A]
	(No symbol) [0x00007FF7E27F1BC6]
	(No symbol) [0x00007FF7E2827540]
	(No symbol) [0x00007FF7E284F7E3]
	(No symbol) [0x00007FF7E2827103]
	(No symbol) [0x00007FF7E27EFFC0]
	(No symbol) [0x00007FF7E27F1273]
	GetHandleVerifier [0x00007FF7E2CF1AED+3458237]
	GetHandleVerifier [0x00007FF7E2D0829C+3550316]
	GetHandleVerifier [0x00007FF7E2CFDB9D+3507565]
	GetHandleVerifier [0x00007FF7E2A72C6A+841274]
	(No symbol) [0x00007FF7E29209EF]
	(No symbol) [0x00007FF7E291CB34]
	(No symbol) [0x00007FF7E291CCD6]
	(No symbol) [0x00007FF7E290C119]
	BaseThreadInitThunk [0x00007FFFDF0F259D+29]
	RtlUserThreadStart [0x00007FFFE11CAF38+40]
</status>
</kw>
<kw name="Verify Language">
<arg>ผลงานวิชาการอื่นๆ (สิทธิบัตร, อนุสิทธิบัตร,ลิขสิทธิ์)</arg>
<status status="NOT RUN" start="2025-02-26T11:04:18.574137" elapsed="0.000000"/>
</kw>
<kw name="Switch Language">
<arg>cn</arg>
<status status="NOT RUN" start="2025-02-26T11:04:18.574137" elapsed="0.000000"/>
</kw>
<kw name="Verify Language">
<arg>其他学术作品</arg>
<status status="NOT RUN" start="2025-02-26T11:04:18.579663" elapsed="0.002343"/>
</kw>
<doc>ทดสอบการเปลี่ยนภาษาบนหน้าผลงานวิชาการอื่นๆในส่วนของผู้วิจัย</doc>
<status status="FAIL" start="2025-02-26T11:03:54.785890" elapsed="23.806722">ElementNotInteractableException: Message: element not interactable
  (Session info: chrome=133.0.6943.128)
Stacktrace:
	GetHandleVerifier [0x00007FF7E29AC6A5+28789]
	(No symbol) [0x00007FF7E2915B20]
	(No symbol) [0x00007FF7E27A8DCC]
	(No symbol) [0x00007FF7E2800774]
	(No symbol) [0x00007FF7E27F2314]
	(No symbol) [0x00007FF7E282732A]
	(No symbol) [0x00007FF7E27F1BC6]
	(No symbol) [0x00007FF7E2827540]
	(No symbol) [0x00007FF7E284F7E3]
	(No symbol) [0x00007FF7E2827103]
	(No symbol) [0x00007FF7E27EFFC0]
	(No symbol) [0x00007FF7E27F1273]
	GetHandleVerifier [0x00007FF7E2CF1AED+3458237]
	GetHandleVerifier [0x00007FF7E2D0829C+3550316]
	GetHandleVerifier [0x00007FF7E2CFDB9D+3507565]
	GetHandleVerifier [0x00007FF7E2A72C6A+841274]
	(No symbol) [0x00007FF7E29209EF]
	(No symbol) [0x00007FF7E291CB34]
	(No symbol) [0x00007FF7E291CCD6]
	(No symbol) [0x00007FF7E290C119]
	BaseThreadInitThunk [0x00007FFFDF0F259D+29]
	RtlUserThreadStart [0x00007FFFE11CAF38+40]
</status>
</test>
<kw name="Logout And Close Browser" type="TEARDOWN">
<kw name="Logout">
<kw name="Click Element" owner="SeleniumLibrary">
<msg time="2025-02-26T11:04:18.612039" level="INFO">Clicking element 'xpath=//a[contains(@href, '/logout')]'.</msg>
<arg>xpath=//a[contains(@href, '/logout')]</arg>
<doc>Click the element identified by ``locator``.</doc>
<status status="PASS" start="2025-02-26T11:04:18.605234" elapsed="3.689000"/>
</kw>
<kw name="Wait Until Page Contains" owner="SeleniumLibrary">
<arg>Login</arg>
<arg>5s</arg>
<doc>Waits until ``text`` appears on the current page.</doc>
<status status="PASS" start="2025-02-26T11:04:22.294234" elapsed="1.032535"/>
</kw>
<kw name="Log To Console" owner="BuiltIn">
<arg>Logged out successfully</arg>
<doc>Logs the given message to the console.</doc>
<status status="PASS" start="2025-02-26T11:04:23.326769" elapsed="0.008577"/>
</kw>
<status status="PASS" start="2025-02-26T11:04:18.605234" elapsed="4.730112"/>
</kw>
<kw name="Close Browser" owner="SeleniumLibrary">
<doc>Closes the current browser.</doc>
<status status="PASS" start="2025-02-26T11:04:23.335346" elapsed="3.258298"/>
</kw>
<status status="PASS" start="2025-02-26T11:04:18.605234" elapsed="7.988410"/>
</kw>
<status status="FAIL" start="2025-02-26T11:03:28.434342" elapsed="58.159302"/>
</suite>
<status status="FAIL" start="2025-02-26T11:03:28.419350" elapsed="58.176503"/>
</suite>
<suite id="s1-s6" name="Researcher Publishedresearch Language Switch Tests" source="D:\SE_2567_126-0\group_project\git-group-repository-group-3-sec-1\code\tests\robot\researcher_publishedresearch_language_switch_tests">
<suite id="s1-s6-s1" name="Researcher Public Research" source="D:\SE_2567_126-0\group_project\git-group-repository-group-3-sec-1\code\tests\robot\researcher_publishedresearch_language_switch_tests\researcher_public_research.robot">
<kw name="Open Browser To Login Page" type="SETUP">
<kw name="Open Browser" owner="SeleniumLibrary">
<msg time="2025-02-26T11:04:26.626106" level="INFO">Opening browser 'chrome' to base url 'http://127.0.0.1:8000/login'.</msg>
<arg>${URL}</arg>
<arg>${BROWSER}</arg>
<doc>Opens a new browser instance to the optional ``url``.</doc>
<status status="PASS" start="2025-02-26T11:04:26.618896" elapsed="7.111470"/>
</kw>
<kw name="Maximize Browser Window" owner="SeleniumLibrary">
<doc>Maximizes current browser window.</doc>
<status status="PASS" start="2025-02-26T11:04:33.730366" elapsed="1.334433"/>
</kw>
<kw name="Set Selenium Speed" owner="SeleniumLibrary">
<arg>${DELAY}</arg>
<doc>Sets the delay that is waited after each Selenium command.</doc>
<status status="PASS" start="2025-02-26T11:04:35.065435" elapsed="0.001168"/>
</kw>
<kw name="Login To System">
<kw name="Wait Until Page Contains Element" owner="SeleniumLibrary">
<arg>id=username</arg>
<arg>5s</arg>
<doc>Waits until the element ``locator`` appears on the current page.</doc>
<status status="PASS" start="2025-02-26T11:04:35.069216" elapsed="1.056310"/>
</kw>
<kw name="Log To Console" owner="BuiltIn">
<arg>Found username field</arg>
<doc>Logs the given message to the console.</doc>
<status status="PASS" start="2025-02-26T11:04:36.125526" elapsed="0.001515"/>
</kw>
<kw name="Input Text" owner="SeleniumLibrary">
<msg time="2025-02-26T11:04:36.127440" level="INFO">Typing text 'chitsutha@kku.ac.th' into text field 'id=username'.</msg>
<arg>id=username</arg>
<arg>${USERNAME}</arg>
<doc>Types the given ``text`` into the text field identified by ``locator``.</doc>
<status status="PASS" start="2025-02-26T11:04:36.127440" elapsed="3.247964"/>
</kw>
<kw name="Input Text" owner="SeleniumLibrary">
<msg time="2025-02-26T11:04:39.377013" level="INFO">Typing text '123456789' into text field 'id=password'.</msg>
<arg>id=password</arg>
<arg>${PASSWORD}</arg>
<doc>Types the given ``text`` into the text field identified by ``locator``.</doc>
<status status="PASS" start="2025-02-26T11:04:39.375947" elapsed="3.530175"/>
</kw>
<kw name="Click Button" owner="SeleniumLibrary">
<msg time="2025-02-26T11:04:42.906122" level="INFO">Clicking button 'xpath=//button[@type='submit']'.</msg>
<arg>xpath=//button[@type='submit']</arg>
<doc>Clicks the button identified by ``locator``.</doc>
<status status="PASS" start="2025-02-26T11:04:42.906122" elapsed="10.458617"/>
</kw>
<kw name="Wait Until Location Contains" owner="SeleniumLibrary">
<arg>${DASHBOARD_URL}</arg>
<arg>5s</arg>
<doc>Waits until the current URL contains ``expected``.</doc>
<status status="PASS" start="2025-02-26T11:04:53.365211" elapsed="1.015000"/>
</kw>
<kw name="Log To Console" owner="BuiltIn">
<arg>Login successful, redirected to: ${DASHBOARD_URL}</arg>
<doc>Logs the given message to the console.</doc>
<status status="PASS" start="2025-02-26T11:04:54.380620" elapsed="0.000000"/>
</kw>
<kw name="Wait Until Page Contains Element" owner="SeleniumLibrary">
<arg>xpath=//a[@class='nav-link dropdown-toggle' and .//span[contains(@class, 'flag-icon')]]</arg>
<arg>5s</arg>
<doc>Waits until the element ``locator`` appears on the current page.</doc>
<status status="PASS" start="2025-02-26T11:04:54.380620" elapsed="1.043188"/>
</kw>
<status status="PASS" start="2025-02-26T11:04:35.066603" elapsed="20.357205"/>
</kw>
<status status="PASS" start="2025-02-26T11:04:26.618896" elapsed="28.804912"/>
</kw>
<test id="s1-s6-s1-t1" name="Test Language Switching On Researcher Published Research" line="16">
<kw name="Reset Language To English" type="SETUP">
<kw name="Go To" owner="SeleniumLibrary">
<msg time="2025-02-26T11:04:55.427962" level="INFO">Opening url 'http://127.0.0.1:8000/dashboard'</msg>
<arg>${DASHBOARD_URL}</arg>
<doc>Navigates the current browser window to the provided ``url``.</doc>
<status status="PASS" start="2025-02-26T11:04:55.427962" elapsed="2.601788"/>
</kw>
<kw name="Wait Until Page Contains Element" owner="SeleniumLibrary">
[...]
<status status="PASS" start="2025-02-26T11:07:36.508597" elapsed="3.358099"/>
</kw>
<kw name="Click Button" owner="SeleniumLibrary">
<msg time="2025-02-26T11:07:39.868952" level="INFO">Clicking button 'xpath=//button[@type='submit']'.</msg>
<arg>xpath=//button[@type='submit']</arg>
<doc>Clicks the button identified by ``locator``.</doc>
<status status="PASS" start="2025-02-26T11:07:39.867788" elapsed="10.273086"/>
</kw>
<kw name="Wait Until Location Contains" owner="SeleniumLibrary">
<arg>${DASHBOARD_URL}</arg>
<arg>5s</arg>
<doc>Waits until the current URL contains ``expected``.</doc>
<status status="PASS" start="2025-02-26T11:07:50.140874" elapsed="1.018301"/>
</kw>
<kw name="Log To Console" owner="BuiltIn">
<arg>Login successful, redirected to: ${DASHBOARD_URL}</arg>
<doc>Logs the given message to the console.</doc>
<status status="PASS" start="2025-02-26T11:07:51.160255" elapsed="0.000000"/>
</kw>
<kw name="Wait Until Page Contains Element" owner="SeleniumLibrary">
<arg>xpath=//a[@class='nav-link dropdown-toggle' and .//span[contains(@class, 'flag-icon')]]</arg>
<arg>5s</arg>
<doc>Waits until the element ``locator`` appears on the current page.</doc>
<status status="PASS" start="2025-02-26T11:07:51.160255" elapsed="1.042023"/>
</kw>
<status status="PASS" start="2025-02-26T11:07:32.254394" elapsed="19.947884"/>
</kw>
<status status="PASS" start="2025-02-26T11:07:24.703995" elapsed="27.498283"/>
</kw>
<test id="s1-s9-s1-t1" name="Test Language Switching On Researcher Dashboard" line="16">
<kw name="Reset Language To English" type="SETUP">
<kw name="Go To" owner="SeleniumLibrary">
<msg time="2025-02-26T11:07:52.209265" level="INFO">Opening url 'http://127.0.0.1:8000/dashboard'</msg>
<arg>${DASHBOARD_URL}</arg>
<doc>Navigates the current browser window to the provided ``url``.</doc>
<status status="PASS" start="2025-02-26T11:07:52.209265" elapsed="2.434504"/>
</kw>
<kw name="Wait Until Page Contains Element" owner="SeleniumLibrary">
<arg>xpath=//a[@class='nav-link dropdown-toggle' and .//span[contains(@class, 'flag-icon')]]</arg>
<arg>5s</arg>
<doc>Waits until the element ``locator`` appears on the current page.</doc>
<status status="PASS" start="2025-02-26T11:07:54.643769" elapsed="1.024630"/>
</kw>
<kw name="Click Element" owner="SeleniumLibrary">
<msg time="2025-02-26T11:07:55.668399" level="INFO">Clicking element 'xpath=//a[@class='nav-link dropdown-toggle' and .//span[contains(@class, 'flag-icon')]]'.</msg>
<arg>xpath=//a[@class='nav-link dropdown-toggle' and .//span[contains(@class, 'flag-icon')]]</arg>
<doc>Click the element identified by ``locator``.</doc>
<status status="PASS" start="2025-02-26T11:07:55.668399" elapsed="2.294766"/>
</kw>
<kw name="Run Keyword And Return Status" owner="BuiltIn">
<kw name="Page Should Contain Element" owner="SeleniumLibrary">
<msg time="2025-02-26T11:08:01.259749" level="INFO" html="true">&lt;/td&gt;&lt;/tr&gt;&lt;tr&gt;&lt;td colspan="3"&gt;&lt;a href="selenium-screenshot-17.png"&gt;&lt;img src="selenium-screenshot-17.png" width="800px"&gt;&lt;/a&gt;</msg>
<msg time="2025-02-26T11:08:01.259749" level="FAIL">Page should have contained element 'xpath=//a[@class='dropdown-item' and contains(., 'English')]' but did not.</msg>
<arg>xpath=//a[@class='dropdown-item' and contains(., 'English')]</arg>
<doc>Verifies that element ``locator`` is found on the current page.</doc>
<status status="FAIL" start="2025-02-26T11:07:57.963469" elapsed="3.296280">Page should have contained element 'xpath=//a[@class='dropdown-item' and contains(., 'English')]' but did not.</status>
</kw>
<msg time="2025-02-26T11:08:01.265793" level="INFO">${english_present} = False</msg>
<var>${english_present}</var>
<arg>Page Should Contain Element</arg>
<arg>xpath=//a[@class='dropdown-item' and contains(., 'English')]</arg>
<doc>Runs the given keyword with given arguments and returns the status as a Boolean value.</doc>
<status status="PASS" start="2025-02-26T11:07:57.963469" elapsed="3.302324"/>
</kw>
<kw name="Run Keyword If" owner="BuiltIn">
<arg>${english_present}</arg>
<arg>Click Element</arg>
<arg>xpath=//a[@class='dropdown-item' and contains(., 'English')]</arg>
<doc>Runs the given keyword with the given arguments, if ``condition`` is true.</doc>
<status status="PASS" start="2025-02-26T11:08:01.265793" elapsed="0.000000"/>
</kw>
<kw name="Wait Until Page Contains Element" owner="SeleniumLibrary">
<arg>xpath=//span[contains(@class, 'flag-icon-us')]</arg>
<arg>5s</arg>
<doc>Waits until the element ``locator`` appears on the current page.</doc>
<status status="PASS" start="2025-02-26T11:08:01.265793" elapsed="1.033559"/>
</kw>
<kw name="Log To Console" owner="BuiltIn">
<arg>Reset language to English</arg>
<doc>Logs the given message to the console.</doc>
<status status="PASS" start="2025-02-26T11:08:02.299352" elapsed="0.000000"/>
</kw>
<kw name="Get Source" owner="SeleniumLibrary">
<msg time="2025-02-26T11:08:03.337583" level="INFO">${page_source} = &lt;html lang="en" class="hydrated" style="height: auto;"&gt;&lt;head&gt;&lt;style type="text/css"&gt;.swal-icon--error{border-color:#f27474;-webkit-animation:animateErrorIcon .5s;animation:animateErrorIcon .5s}.swal-i...</msg>
<var>${page_source}</var>
<doc>Returns the entire HTML source of the current page or frame.</doc>
<status status="PASS" start="2025-02-26T11:08:02.306417" elapsed="1.031166"/>
</kw>
<kw name="Log To Console" owner="BuiltIn">
<arg>Page source after reset: ${page_source}</arg>
<doc>Logs the given message to the console.</doc>
<status status="PASS" start="2025-02-26T11:08:03.337583" elapsed="0.100680"/>
</kw>
<status status="PASS" start="2025-02-26T11:07:52.209265" elapsed="11.228998"/>
</kw>
<kw name="Go To" owner="SeleniumLibrary">
<msg time="2025-02-26T11:08:03.438263" level="INFO">Opening url 'http://127.0.0.1:8000/profile'</msg>
<arg>${USER_PROFILE_URL}</arg>
<doc>Navigates the current browser window to the provided ``url``.</doc>
<status status="PASS" start="2025-02-26T11:08:03.438263" elapsed="6.328069"/>
</kw>
<kw name="Verify Language">
<kw name="Page Should Contain" owner="SeleniumLibrary">
<msg time="2025-02-26T11:08:11.808959" level="INFO">Current page contains text 'Account'.</msg>
<arg>${welcome_text}</arg>
<doc>Verifies that current page contains ``text``.</doc>
<status status="PASS" start="2025-02-26T11:08:09.767867" elapsed="2.041092"/>
</kw>
<arg>Account</arg>
<status status="PASS" start="2025-02-26T11:08:09.766332" elapsed="2.042627"/>
</kw>
<kw name="Verify Language">
<kw name="Page Should Contain" owner="SeleniumLibrary">
<msg time="2025-02-26T11:08:13.843342" level="INFO">Current page contains text 'Password'.</msg>
<arg>${welcome_text}</arg>
<doc>Verifies that current page contains ``text``.</doc>
<status status="PASS" start="2025-02-26T11:08:11.810752" elapsed="2.032928"/>
</kw>
<arg>Password</arg>
<status status="PASS" start="2025-02-26T11:08:11.810752" elapsed="2.032928"/>
</kw>
<kw name="Verify Language">
<kw name="Page Should Contain" owner="SeleniumLibrary">
<msg time="2025-02-26T11:08:15.894789" level="INFO">Current page contains text 'Expertise'.</msg>
<arg>${welcome_text}</arg>
<doc>Verifies that current page contains ``text``.</doc>
<status status="PASS" start="2025-02-26T11:08:13.843680" elapsed="2.051109"/>
</kw>
<arg>Expertise</arg>
<status status="PASS" start="2025-02-26T11:08:13.843680" elapsed="2.051109"/>
</kw>
<kw name="Verify Language">
<kw name="Page Should Contain" owner="SeleniumLibrary">
<msg time="2025-02-26T11:08:17.960672" level="INFO">Current page contains text 'Education'.</msg>
<arg>${welcome_text}</arg>
<doc>Verifies that current page contains ``text``.</doc>
<status status="PASS" start="2025-02-26T11:08:15.894789" elapsed="2.065883"/>
</kw>
<arg>Education</arg>
<status status="PASS" start="2025-02-26T11:08:15.894789" elapsed="2.065883"/>
</kw>
<kw name="Switch Language">
<kw name="Wait Until Page Contains Element" owner="SeleniumLibrary">
<arg>xpath=//a[@class='nav-link dropdown-toggle' and .//span[contains(@class, 'flag-icon')]]</arg>
<arg>15s</arg>
<doc>Waits until the element ``locator`` appears on the current page.</doc>
<status status="PASS" start="2025-02-26T11:08:17.960672" elapsed="1.023464"/>
</kw>
<kw name="Click Element" owner="SeleniumLibrary">
<msg time="2025-02-26T11:08:18.986119" level="INFO">Clicking element 'xpath=//a[@class='nav-link dropdown-toggle' and .//span[contains(@class, 'flag-icon')]]'.</msg>
<arg>xpath=//a[@class='nav-link dropdown-toggle' and .//span[contains(@class, 'flag-icon')]]</arg>
<doc>Click the element identified by ``locator``.</doc>
<status status="PASS" start="2025-02-26T11:08:18.984136" elapsed="2.192515"/>
</kw>
<kw name="Click Element" owner="SeleniumLibrary">
<msg time="2025-02-26T11:08:21.178174" level="INFO">Clicking element 'xpath=//a[contains(@href, 'http://127.0.0.1:8000/lang/th')]'.</msg>
<msg time="2025-02-26T11:08:23.510810" level="INFO" html="true">&lt;/td&gt;&lt;/tr&gt;&lt;tr&gt;&lt;td colspan="3"&gt;&lt;a href="selenium-screenshot-18.png"&gt;&lt;img src="selenium-screenshot-18.png" width="800px"&gt;&lt;/a&gt;</msg>
<msg time="2025-02-26T11:08:23.510810" level="FAIL">ElementNotInteractableException: Message: element not interactable
  (Session info: chrome=133.0.6943.128)
Stacktrace:
	GetHandleVerifier [0x00007FF7E29AC6A5+28789]
	(No symbol) [0x00007FF7E2915B20]
	(No symbol) [0x00007FF7E27A8DCC]
	(No symbol) [0x00007FF7E2800774]
	(No symbol) [0x00007FF7E27F2314]
	(No symbol) [0x00007FF7E282732A]
	(No symbol) [0x00007FF7E27F1BC6]
	(No symbol) [0x00007FF7E2827540]
	(No symbol) [0x00007FF7E284F7E3]
	(No symbol) [0x00007FF7E2827103]
	(No symbol) [0x00007FF7E27EFFC0]
	(No symbol) [0x00007FF7E27F1273]
	GetHandleVerifier [0x00007FF7E2CF1AED+3458237]
	GetHandleVerifier [0x00007FF7E2D0829C+3550316]
	GetHandleVerifier [0x00007FF7E2CFDB9D+3507565]
	GetHandleVerifier [0x00007FF7E2A72C6A+841274]
	(No symbol) [0x00007FF7E29209EF]
	(No symbol) [0x00007FF7E291CB34]
	(No symbol) [0x00007FF7E291CCD6]
	(No symbol) [0x00007FF7E290C119]
	BaseThreadInitThunk [0x00007FFFDF0F259D+29]
	RtlUserThreadStart [0x00007FFFE11CAF38+40]
</msg>
<arg>xpath=//a[contains(@href, 'http://127.0.0.1:8000/lang/${lang}')]</arg>
<doc>Click the element identified by ``locator``.</doc>
<status status="FAIL" start="2025-02-26T11:08:21.176651" elapsed="2.339198">ElementNotInteractableException: Message: element not interactable
  (Session info: chrome=133.0.6943.128)
Stacktrace:
	GetHandleVerifier [0x00007FF7E29AC6A5+28789]
	(No symbol) [0x00007FF7E2915B20]
	(No symbol) [0x00007FF7E27A8DCC]
	(No symbol) [0x00007FF7E2800774]
	(No symbol) [0x00007FF7E27F2314]
	(No symbol) [0x00007FF7E282732A]
	(No symbol) [0x00007FF7E27F1BC6]
	(No symbol) [0x00007FF7E2827540]
	(No symbol) [0x00007FF7E284F7E3]
	(No symbol) [0x00007FF7E2827103]
	(No symbol) [0x00007FF7E27EFFC0]
	(No symbol) [0x00007FF7E27F1273]
	GetHandleVerifier [0x00007FF7E2CF1AED+3458237]
	GetHandleVerifier [0x00007FF7E2D0829C+3550316]
	GetHandleVerifier [0x00007FF7E2CFDB9D+3507565]
	GetHandleVerifier [0x00007FF7E2A72C6A+841274]
	(No symbol) [0x00007FF7E29209EF]
	(No symbol) [0x00007FF7E291CB34]
	(No symbol) [0x00007FF7E291CCD6]
	(No symbol) [0x00007FF7E290C119]
	BaseThreadInitThunk [0x00007FFFDF0F259D+29]
	RtlUserThreadStart [0x00007FFFE11CAF38+40]
</status>
</kw>
<kw name="Run Keyword If" owner="BuiltIn">
<var>${flag}</var>
<arg>'${lang}' == 'cn'</arg>
<arg>Set Variable</arg>
<arg>cn</arg>
<arg>ELSE</arg>
<arg>Set Variable</arg>
<arg>${lang}</arg>
<doc>Runs the given keyword with the given arguments, if ``condition`` is true.</doc>
<status status="NOT RUN" start="2025-02-26T11:08:23.515849" elapsed="0.000000"/>
</kw>
<kw name="Wait Until Page Contains Element" owner="SeleniumLibrary">
<arg>xpath=//span[contains(@class, 'flag-icon-${flag}')]</arg>
<arg>10s</arg>
<doc>Waits until the element ``locator`` appears on the current page.</doc>
<status status="NOT RUN" start="2025-02-26T11:08:23.515849" elapsed="0.000000"/>
</kw>
<kw name="Log To Console" owner="BuiltIn">
<arg>Switched to language: ${lang}</arg>
<doc>Logs the given message to the console.</doc>
<status status="NOT RUN" start="2025-02-26T11:08:23.515849" elapsed="0.000000"/>
</kw>
<arg>th</arg>
<status status="FAIL" start="2025-02-26T11:08:17.960672" elapsed="5.555177">ElementNotInteractableException: Message: element not interactable
  (Session info: chrome=133.0.6943.128)
Stacktrace:
	GetHandleVerifier [0x00007FF7E29AC6A5+28789]
	(No symbol) [0x00007FF7E2915B20]
	(No symbol) [0x00007FF7E27A8DCC]
	(No symbol) [0x00007FF7E2800774]
	(No symbol) [0x00007FF7E27F2314]
	(No symbol) [0x00007FF7E282732A]
	(No symbol) [0x00007FF7E27F1BC6]
	(No symbol) [0x00007FF7E2827540]
	(No symbol) [0x00007FF7E284F7E3]
	(No symbol) [0x00007FF7E2827103]
	(No symbol) [0x00007FF7E27EFFC0]
	(No symbol) [0x00007FF7E27F1273]
	GetHandleVerifier [0x00007FF7E2CF1AED+3458237]
	GetHandleVerifier [0x00007FF7E2D0829C+3550316]
	GetHandleVerifier [0x00007FF7E2CFDB9D+3507565]
	GetHandleVerifier [0x00007FF7E2A72C6A+841274]
	(No symbol) [0x00007FF7E29209EF]
	(No symbol) [0x00007FF7E291CB34]
	(No symbol) [0x00007FF7E291CCD6]
	(No symbol) [0x00007FF7E290C119]
	BaseThreadInitThunk [0x00007FFFDF0F259D+29]
	RtlUserThreadStart [0x00007FFFE11CAF38+40]
</status>
</kw>
<kw name="Verify Language">
<arg>บัญชี</arg>
<status status="NOT RUN" start="2025-02-26T11:08:23.515849" elapsed="0.000000"/>
</kw>
<kw name="Verify Language">
<arg>รหัสผ่าน</arg>
<status status="NOT RUN" start="2025-02-26T11:08:23.523670" elapsed="0.000000"/>
</kw>
<kw name="Verify Language">
<arg>ความเชี่ยวชาญ</arg>
<status status="NOT RUN" start="2025-02-26T11:08:23.523670" elapsed="0.000000"/>
</kw>
<kw name="Verify Language">
<arg>การศึกษา</arg>
<status status="NOT RUN" start="2025-02-26T11:08:23.533690" elapsed="0.000000"/>
</kw>
<kw name="Switch Language">
<arg>cn</arg>
<status status="NOT RUN" start="2025-02-26T11:08:23.533690" elapsed="0.000000"/>
</kw>
<kw name="Verify Language">
<arg>帐户</arg>
<status status="NOT RUN" start="2025-02-26T11:08:23.540764" elapsed="0.000000"/>
</kw>
<kw name="Verify Language">
<arg>密码</arg>
<status status="NOT RUN" start="2025-02-26T11:08:23.547847" elapsed="0.000000"/>
</kw>
<kw name="Verify Language">
<arg>专长</arg>
<status status="NOT RUN" start="2025-02-26T11:08:23.547847" elapsed="0.000000"/>
</kw>
<kw name="Verify Language">
<arg>教育</arg>
<status status="NOT RUN" start="2025-02-26T11:08:23.547847" elapsed="0.000000"/>
</kw>
<doc>ทดสอบการเปลี่ยนภาษาบนหน้าโปรไฟล์ในส่วนของผู้วิจัย</doc>
<status status="FAIL" start="2025-02-26T11:07:52.202278" elapsed="31.345569">ElementNotInteractableException: Message: element not interactable
  (Session info: chrome=133.0.6943.128)
Stacktrace:
	GetHandleVerifier [0x00007FF7E29AC6A5+28789]
	(No symbol) [0x00007FF7E2915B20]
	(No symbol) [0x00007FF7E27A8DCC]
	(No symbol) [0x00007FF7E2800774]
	(No symbol) [0x00007FF7E27F2314]
	(No symbol) [0x00007FF7E282732A]
	(No symbol) [0x00007FF7E27F1BC6]
	(No symbol) [0x00007FF7E2827540]
	(No symbol) [0x00007FF7E284F7E3]
	(No symbol) [0x00007FF7E2827103]
	(No symbol) [0x00007FF7E27EFFC0]
	(No symbol) [0x00007FF7E27F1273]
	GetHandleVerifier [0x00007FF7E2CF1AED+3458237]
	GetHandleVerifier [0x00007FF7E2D0829C+3550316]
	GetHandleVerifier [0x00007FF7E2CFDB9D+3507565]
	GetHandleVerifier [0x00007FF7E2A72C6A+841274]
	(No symbol) [0x00007FF7E29209EF]
	(No symbol) [0x00007FF7E291CB34]
	(No symbol) [0x00007FF7E291CCD6]
	(No symbol) [0x00007FF7E290C119]
	BaseThreadInitThunk [0x00007FFFDF0F259D+29]
	RtlUserThreadStart [0x00007FFFE11CAF38+40]
</status>
</test>
<kw name="Logout And Close Browser" type="TEARDOWN">
<kw name="Logout">
<kw name="Click Element" owner="SeleniumLibrary">
<msg time="2025-02-26T11:08:23.579975" level="INFO">Clicking element 'xpath=//a[contains(@href, '/logout')]'.</msg>
<arg>xpath=//a[contains(@href, '/logout')]</arg>
<doc>Click the element identified by ``locator``.</doc>
<status status="PASS" start="2025-02-26T11:08:23.579975" elapsed="4.046220"/>
</kw>
<kw name="Wait Until Page Contains" owner="SeleniumLibrary">
<arg>Login</arg>
<arg>5s</arg>
<doc>Waits until ``text`` appears on the current page.</doc>
<status status="PASS" start="2025-02-26T11:08:27.626195" elapsed="1.056063"/>
</kw>
<kw name="Log To Console" owner="BuiltIn">
<arg>Logged out successfully</arg>
<doc>Logs the given message to the console.</doc>
<status status="PASS" start="2025-02-26T11:08:28.682258" elapsed="0.000000"/>
</kw>
<status status="PASS" start="2025-02-26T11:08:23.579975" elapsed="5.102283"/>
</kw>
<kw name="Close Browser" owner="SeleniumLibrary">
<doc>Closes the current browser.</doc>
<status status="PASS" start="2025-02-26T11:08:28.682258" elapsed="3.351251"/>
</kw>
<status status="PASS" start="2025-02-26T11:08:23.579975" elapsed="8.453534"/>
</kw>
<status status="FAIL" start="2025-02-26T11:07:24.686987" elapsed="67.346522"/>
</suite>
<status status="FAIL" start="2025-02-26T11:07:24.686987" elapsed="67.346522"/>
</suite>
<status status="FAIL" start="2025-02-26T10:59:14.183532" elapsed="557.857942"/>
</suite>
<statistics>
<total>
<stat pass="1" fail="8" skip="0">All Tests</stat>
</total>
<tag>
</tag>
<suite>
<stat name="Robot" id="s1" pass="1" fail="8" skip="0">Robot</stat>
<stat name="Login Language Switch Tests" id="s1-s1" pass="1" fail="0" skip="0">Robot.Login Language Switch Tests</stat>
<stat name="Login" id="s1-s1-s1" pass="1" fail="0" skip="0">Robot.Login Language Switch Tests.Login</stat>
<stat name="Researcher Book Language Switch Tests" id="s1-s2" pass="0" fail="1" skip="0">Robot.Researcher Book Language Switch Tests</stat>
<stat name="Researcher Book" id="s1-s2-s1" pass="0" fail="1" skip="0">Robot.Researcher Book Language Switch Tests.Researcher Book</stat>
<stat name="Researcher Dashboard Language Switch Tests" id="s1-s3" pass="0" fail="1" skip="0">Robot.Researcher Dashboard Language Switch Tests</stat>
<stat name="Researcher Dashboard" id="s1-s3-s1" pass="0" fail="1" skip="0">Robot.Researcher Dashboard Language Switch Tests.Researcher Dashboard</stat>
<stat name="Researcher Fund Language Switch Tests" id="s1-s4" pass="0" fail="1" skip="0">Robot.Researcher Fund Language Switch Tests</stat>
<stat name="Researcher Fund" id="s1-s4-s1" pass="0" fail="1" skip="0">Robot.Researcher Fund Language Switch Tests.Researcher Fund</stat>
<stat name="researcher OtherAcademicWork language switch tests" id="s1-s5" pass="0" fail="1" skip="0">Robot.researcher OtherAcademicWork language switch tests</stat>
<stat name="researcher OtherAcademicWork" id="s1-s5-s1" pass="0" fail="1" skip="0">Robot.researcher OtherAcademicWork language switch tests.researcher OtherAcademicWork</stat>
<stat name="Researcher Publishedresearch Language Switch Tests" id="s1-s6" pass="0" fail="1" skip="0">Robot.Researcher Publishedresearch Language Switch Tests</stat>
<stat name="Researcher Public Research" id="s1-s6-s1" pass="0" fail="1" skip="0">Robot.Researcher Publishedresearch Language Switch Tests.Researcher Public Research</stat>
<stat name="Researcher Researchgroup Language Switch Tests" id="s1-s7" pass="0" fail="1" skip="0">Robot.Researcher Researchgroup Language Switch Tests</stat>
<stat name="Researcher Researchgroup" id="s1-s7-s1" pass="0" fail="1" skip="0">Robot.Researcher Researchgroup Language Switch Tests.Researcher Researchgroup</stat>
<stat name="Researcher Researchproject Language Switch Tests" id="s1-s8" pass="0" fail="1" skip="0">Robot.Researcher Researchproject Language Switch Tests</stat>
<stat name="Researcher Researchproject" id="s1-s8-s1" pass="0" fail="1" skip="0">Robot.Researcher Researchproject Language Switch Tests.Researcher Researchproject</stat>
<stat name="Researcher Userprofile Language Switch Tests" id="s1-s9" pass="0" fail="1" skip="0">Robot.Researcher Userprofile Language Switch Tests</stat>
<stat name="Researcher Userprofile" id="s1-s9-s1" pass="0" fail="1" skip="0">Robot.Researcher Userprofile Language Switch Tests.Researcher Userprofile</stat>
</suite>
</statistics>
<errors>
</errors>
</robot>
