<?xml version="1.0" encoding="UTF-8"?>
<robot generator="Robot 7.2 (Python 3.12.8 on win32)" generated="2025-03-12T02:26:16.421661" rpa="false" schemaversion="5">
<suite id="s1" name="Login" source="D:\SE_2567_126-0\group_project\git-group-repository-group-3-sec-1\code\tests\robot\login_language_switch_tests\login.robot">
<kw name="Open Browser To Login Page" type="SETUP">
<kw name="Open Browser" owner="SeleniumLibrary">
<msg time="2025-03-12T02:26:17.026068" level="INFO">Opening browser 'chrome' to base url 'http://127.0.0.1:8000/login'.</msg>
<arg>${URL}</arg>
<arg>${BROWSER}</arg>
<doc>Opens a new browser instance to the optional ``url``.</doc>
<status status="PASS" start="2025-03-12T02:26:17.026068" elapsed="3.359547"/>
</kw>
<kw name="Maximize Browser Window" owner="SeleniumLibrary">
<doc>Maximizes current browser window.</doc>
<status status="PASS" start="2025-03-12T02:26:20.386617" elapsed="0.043169"/>
</kw>
<kw name="Set Selenium Speed" owner="SeleniumLibrary">
<arg>${DELAY}</arg>
<doc>Sets the delay that is waited after each Selenium command.</doc>
<status status="PASS" start="2025-03-12T02:26:20.430798" elapsed="0.000000"/>
</kw>
<status status="PASS" start="2025-03-12T02:26:17.023696" elapsed="3.408099"/>
</kw>
<test id="s1-t1" name="Test Default Language" line="13">
<kw name="Verify Language">
<kw name="Page Should Contain" owner="SeleniumLibrary">
<msg time="2025-03-12T02:26:21.457811" level="INFO">Current page contains text 'Account Login'.</msg>
<arg>${welcome_text}</arg>
<doc>Verifies that current page contains ``text``.</doc>
<status status="PASS" start="2025-03-12T02:26:20.434312" elapsed="1.023499"/>
</kw>
<arg>Account Login</arg>
<status status="PASS" start="2025-03-12T02:26:20.432791" elapsed="1.025020"/>
</kw>
<kw name="Verify Language">
<kw name="Page Should Contain" owner="SeleniumLibrary">
<msg time="2025-03-12T02:26:22.477325" level="INFO">Current page contains text 'Username'.</msg>
<arg>${welcome_text}</arg>
<doc>Verifies that current page contains ``text``.</doc>
<status status="PASS" start="2025-03-12T02:26:21.458820" elapsed="1.018505"/>
</kw>
<arg>Username</arg>
<status status="PASS" start="2025-03-12T02:26:21.457811" elapsed="1.019514"/>
</kw>
<kw name="Verify Language">
<kw name="Page Should Contain" owner="SeleniumLibrary">
<msg time="2025-03-12T02:26:23.495224" level="INFO">Current page contains text 'Password'.</msg>
<arg>${welcome_text}</arg>
<doc>Verifies that current page contains ``text``.</doc>
<status status="PASS" start="2025-03-12T02:26:22.478844" elapsed="1.016380"/>
</kw>
<arg>Password</arg>
<status status="PASS" start="2025-03-12T02:26:22.477832" elapsed="1.017392"/>
</kw>
<kw name="Verify Language">
<kw name="Page Should Contain" owner="SeleniumLibrary">
<msg time="2025-03-12T02:26:24.512708" level="INFO">Current page contains text 'Login'.</msg>
<arg>${welcome_text}</arg>
<doc>Verifies that current page contains ``text``.</doc>
<status status="PASS" start="2025-03-12T02:26:23.495744" elapsed="1.016964"/>
</kw>
<arg>Login</arg>
<status status="PASS" start="2025-03-12T02:26:23.495744" elapsed="1.016964"/>
</kw>
<status status="PASS" start="2025-03-12T02:26:20.431795" elapsed="4.080913"/>
</test>
<test id="s1-t2" name="Test Language Switching to Thai" line="21">
<kw name="Switch Language">
<kw name="Wait Until Page Contains Element" owner="SeleniumLibrary">
<arg>xpath=//a[@class='nav-link dropdown-toggle' and .//span[contains(@class, 'flag-icon')]]</arg>
<arg>5s</arg>
<doc>Waits until the element ``locator`` appears on the current page.</doc>
<status status="PASS" start="2025-03-12T02:26:24.516235" elapsed="0.513321"/>
</kw>
<kw name="Click Element" owner="SeleniumLibrary">
<msg time="2025-03-12T02:26:25.030541" level="INFO">Clicking element 'xpath=//a[@class='nav-link dropdown-toggle' and .//span[contains(@class, 'flag-icon')]]'.</msg>
<arg>xpath=//a[@class='nav-link dropdown-toggle' and .//span[contains(@class, 'flag-icon')]]</arg>
<doc>Click the element identified by ``locator``.</doc>
<status status="PASS" start="2025-03-12T02:26:25.029556" elapsed="1.104775"/>
</kw>
<kw name="Click Element" owner="SeleniumLibrary">
<msg time="2025-03-12T02:26:26.134331" level="INFO">Clicking element 'xpath=//a[contains(@href, 'http://127.0.0.1:8000/lang/th')]'.</msg>
<arg>xpath=//a[contains(@href, 'http://127.0.0.1:8000/lang/${lang}')]</arg>
<doc>Click the element identified by ``locator``.</doc>
<status status="PASS" start="2025-03-12T02:26:26.134331" elapsed="1.818024"/>
</kw>
<kw name="Run Keyword If" owner="BuiltIn">
<kw name="Set Variable" owner="BuiltIn">
<arg>${lang}</arg>
<doc>Returns the given values which can then be assigned to a variables.</doc>
<status status="PASS" start="2025-03-12T02:26:27.952863" elapsed="0.001005"/>
</kw>
<msg time="2025-03-12T02:26:27.953868" level="INFO">${flag} = th</msg>
<var>${flag}</var>
<arg>'${lang}' == 'cn'</arg>
<arg>Set Variable</arg>
<arg>cn</arg>
<arg>ELSE</arg>
<arg>Set Variable</arg>
<arg>${lang}</arg>
<doc>Runs the given keyword with the given arguments, if ``condition`` is true.</doc>
<status status="PASS" start="2025-03-12T02:26:27.952863" elapsed="0.001005"/>
</kw>
<kw name="Wait Until Page Contains Element" owner="SeleniumLibrary">
<arg>xpath=//span[contains(@class, 'flag-icon-${flag}')]</arg>
<arg>5s</arg>
<doc>Waits until the element ``locator`` appears on the current page.</doc>
<status status="PASS" start="2025-03-12T02:26:27.953868" elapsed="0.520620"/>
</kw>
<kw name="Log To Console" owner="BuiltIn">
<arg>Switched to language: ${lang}</arg>
<doc>Logs the given message to the console.</doc>
<status status="PASS" start="2025-03-12T02:26:28.474488" elapsed="0.001010"/>
</kw>
<arg>th</arg>
<status status="PASS" start="2025-03-12T02:26:24.515243" elapsed="3.960255"/>
</kw>
<kw name="Verify Language">
<kw name="Page Should Contain" owner="SeleniumLibrary">
<msg time="2025-03-12T02:26:29.498812" level="INFO">Current page contains text 'เข้าสู่ระบบ'.</msg>
<arg>${welcome_text}</arg>
<doc>Verifies that current page contains ``text``.</doc>
<status status="PASS" start="2025-03-12T02:26:28.476505" elapsed="1.022307"/>
</kw>
<arg>เข้าสู่ระบบ</arg>
<status status="PASS" start="2025-03-12T02:26:28.475498" elapsed="1.023314"/>
</kw>
<kw name="Verify Language">
<kw name="Page Should Contain" owner="SeleniumLibrary">
<msg time="2025-03-12T02:26:30.517918" level="INFO">Current page contains text 'ชื่อผู้ใช้'.</msg>
<arg>${welcome_text}</arg>
<doc>Verifies that current page contains ``text``.</doc>
<status status="PASS" start="2025-03-12T02:26:29.499831" elapsed="1.018223"/>
</kw>
<arg>ชื่อผู้ใช้</arg>
<status status="PASS" start="2025-03-12T02:26:29.498812" elapsed="1.019242"/>
</kw>
<kw name="Verify Language">
<kw name="Page Should Contain" owner="SeleniumLibrary">
<msg time="2025-03-12T02:26:31.535180" level="INFO">Current page contains text 'รหัสผ่าน'.</msg>
<arg>${welcome_text}</arg>
<doc>Verifies that current page contains ``text``.</doc>
<status status="PASS" start="2025-03-12T02:26:30.519059" elapsed="1.016121"/>
</kw>
<arg>รหัสผ่าน</arg>
<status status="PASS" start="2025-03-12T02:26:30.518054" elapsed="1.017126"/>
</kw>
<kw name="Verify Language">
<kw name="Page Should Contain" owner="SeleniumLibrary">
<msg time="2025-03-12T02:26:32.551112" level="INFO">Current page contains text 'เข้าสู่ระบบ'.</msg>
<arg>${welcome_text}</arg>
<doc>Verifies that current page contains ``text``.</doc>
<status status="PASS" start="2025-03-12T02:26:31.535690" elapsed="1.015422"/>
</kw>
<arg>เข้าสู่ระบบ</arg>
<status status="PASS" start="2025-03-12T02:26:31.535690" elapsed="1.015422"/>
</kw>
<status status="PASS" start="2025-03-12T02:26:24.514229" elapsed="8.036883"/>
</test>
<test id="s1-t3" name="Test Language Switching to Chinese" line="30">
<kw name="Switch Language">
<kw name="Wait Until Page Contains Element" owner="SeleniumLibrary">
<arg>xpath=//a[@class='nav-link dropdown-toggle' and .//span[contains(@class, 'flag-icon')]]</arg>
<arg>5s</arg>
<doc>Waits until the element ``locator`` appears on the current page.</doc>
<status status="PASS" start="2025-03-12T02:26:32.553136" elapsed="0.509901"/>
</kw>
<kw name="Click Element" owner="SeleniumLibrary">
<msg time="2025-03-12T02:26:33.064050" level="INFO">Clicking element 'xpath=//a[@class='nav-link dropdown-toggle' and .//span[contains(@class, 'flag-icon')]]'.</msg>
<arg>xpath=//a[@class='nav-link dropdown-toggle' and .//span[contains(@class, 'flag-icon')]]</arg>
<doc>Click the element identified by ``locator``.</doc>
<status status="PASS" start="2025-03-12T02:26:33.063037" elapsed="1.068983"/>
</kw>
<kw name="Click Element" owner="SeleniumLibrary">
<msg time="2025-03-12T02:26:34.132529" level="INFO">Clicking element 'xpath=//a[contains(@href, 'http://127.0.0.1:8000/lang/cn')]'.</msg>
<arg>xpath=//a[contains(@href, 'http://127.0.0.1:8000/lang/${lang}')]</arg>
<doc>Click the element identified by ``locator``.</doc>
<status status="PASS" start="2025-03-12T02:26:34.132020" elapsed="1.593195"/>
</kw>
<kw name="Run Keyword If" owner="BuiltIn">
<kw name="Set Variable" owner="BuiltIn">
<arg>cn</arg>
<doc>Returns the given values which can then be assigned to a variables.</doc>
<status status="PASS" start="2025-03-12T02:26:35.725723" elapsed="0.000000"/>
</kw>
<msg time="2025-03-12T02:26:35.725723" level="INFO">${flag} = cn</msg>
<var>${flag}</var>
<arg>'${lang}' == 'cn'</arg>
<arg>Set Variable</arg>
<arg>cn</arg>
<arg>ELSE</arg>
<arg>Set Variable</arg>
<arg>${lang}</arg>
<doc>Runs the given keyword with the given arguments, if ``condition`` is true.</doc>
<status status="PASS" start="2025-03-12T02:26:35.725723" elapsed="0.000000"/>
</kw>
<kw name="Wait Until Page Contains Element" owner="SeleniumLibrary">
<arg>xpath=//span[contains(@class, 'flag-icon-${flag}')]</arg>
<arg>5s</arg>
<doc>Waits until the element ``locator`` appears on the current page.</doc>
<status status="PASS" start="2025-03-12T02:26:35.726732" elapsed="0.515776"/>
</kw>
<kw name="Log To Console" owner="BuiltIn">
<arg>Switched to language: ${lang}</arg>
<doc>Logs the given message to the console.</doc>
<status status="PASS" start="2025-03-12T02:26:36.242508" elapsed="0.001007"/>
</kw>
<arg>cn</arg>
<status status="PASS" start="2025-03-12T02:26:32.553136" elapsed="3.690379"/>
</kw>
<kw name="Verify Language">
<kw name="Page Should Contain" owner="SeleniumLibrary">
<msg time="2025-03-12T02:26:37.262299" level="INFO">Current page contains text '帐户登录'.</msg>
<arg>${welcome_text}</arg>
<doc>Verifies that current page contains ``text``.</doc>
<status status="PASS" start="2025-03-12T02:26:36.244523" elapsed="1.017776"/>
</kw>
<arg>帐户登录</arg>
<status status="PASS" start="2025-03-12T02:26:36.243515" elapsed="1.018784"/>
</kw>
<kw name="Verify Language">
<kw name="Page Should Contain" owner="SeleniumLibrary">
<msg time="2025-03-12T02:26:38.279491" level="INFO">Current page contains text '用户名'.</msg>
<arg>${welcome_text}</arg>
<doc>Verifies that current page contains ``text``.</doc>
<status status="PASS" start="2025-03-12T02:26:37.262807" elapsed="1.016684"/>
</kw>
<arg>用户名</arg>
<status status="PASS" start="2025-03-12T02:26:37.262807" elapsed="1.016684"/>
</kw>
<kw name="Verify Language">
<kw name="Page Should Contain" owner="SeleniumLibrary">
<msg time="2025-03-12T02:26:39.299442" level="INFO">Current page contains text '密码'.</msg>
<arg>${welcome_text}</arg>
<doc>Verifies that current page contains ``text``.</doc>
<status status="PASS" start="2025-03-12T02:26:38.280504" elapsed="1.018938"/>
</kw>
<arg>密码</arg>
<status status="PASS" start="2025-03-12T02:26:38.280504" elapsed="1.018938"/>
</kw>
<kw name="Verify Language">
<kw name="Page Should Contain" owner="SeleniumLibrary">
<msg time="2025-03-12T02:26:40.318792" level="INFO">Current page contains text '登录'.</msg>
<arg>${welcome_text}</arg>
<doc>Verifies that current page contains ``text``.</doc>
<status status="PASS" start="2025-03-12T02:26:39.300454" elapsed="1.018338"/>
</kw>
<arg>登录</arg>
<status status="PASS" start="2025-03-12T02:26:39.299442" elapsed="1.019350"/>
</kw>
<status status="PASS" start="2025-03-12T02:26:32.552133" elapsed="7.766659"/>
</test>
<kw name="Close Browser" owner="SeleniumLibrary" type="TEARDOWN">
<doc>Closes the current browser.</doc>
<status status="PASS" start="2025-03-12T02:26:40.321041" elapsed="2.785389"/>
</kw>
<status status="PASS" start="2025-03-12T02:26:16.423659" elapsed="26.682771"/>
</suite>
<statistics>
<total>
<stat pass="3" fail="0" skip="0">All Tests</stat>
</total>
<tag>
</tag>
<suite>
<stat name="Login" id="s1" pass="3" fail="0" skip="0">Login</stat>
</suite>
</statistics>
<errors>
</errors>
</robot>
