<?xml version="1.0" encoding="UTF-8"?>
<robot generator="Robot 7.2 (Python 3.12.8 on win32)" generated="2025-02-26T03:44:13.047866" rpa="false" schemaversion="5">
<suite id="s1" name="Researcher Userprofile" source="D:\SE_2567_126-0\group_project\git-group-repository-group-3-sec-1\code\tests\robot\researcher_userprofile_language_switch_tests\researcher_userprofile.robot">
<kw name="Open Browser To Login Page" type="SETUP">
<kw name="Open Browser" owner="SeleniumLibrary">
<msg time="2025-02-26T03:44:13.465155" level="INFO">Opening browser 'chrome' to base url 'http://127.0.0.1:8000/login'.</msg>
<arg>${URL}</arg>
<arg>${BROWSER}</arg>
<doc>Opens a new browser instance to the optional ``url``.</doc>
<status status="PASS" start="2025-02-26T03:44:13.465155" elapsed="2.167809"/>
</kw>
<kw name="Maximize Browser Window" owner="SeleniumLibrary">
<doc>Maximizes current browser window.</doc>
<status status="PASS" start="2025-02-26T03:44:15.632964" elapsed="0.046962"/>
</kw>
<kw name="Set Selenium Speed" owner="SeleniumLibrary">
<arg>${DELAY}</arg>
<doc>Sets the delay that is waited after each Selenium command.</doc>
<status status="PASS" start="2025-02-26T03:44:15.679926" elapsed="0.000995"/>
</kw>
<kw name="Login To System">
<kw name="Wait Until Page Contains Element" owner="SeleniumLibrary">
<arg>id=username</arg>
<arg>5s</arg>
<doc>Waits until the element ``locator`` appears on the current page.</doc>
<status status="PASS" start="2025-02-26T03:44:15.680921" elapsed="1.019638"/>
</kw>
<kw name="Log To Console" owner="BuiltIn">
<arg>Found username field</arg>
<doc>Logs the given message to the console.</doc>
<status status="PASS" start="2025-02-26T03:44:16.700559" elapsed="0.000000"/>
</kw>
<kw name="Input Text" owner="SeleniumLibrary">
<msg time="2025-02-26T03:44:16.701584" level="INFO">Typing text 'chitsutha@kku.ac.th' into text field 'id=username'.</msg>
<arg>id=username</arg>
<arg>${USERNAME}</arg>
<doc>Types the given ``text`` into the text field identified by ``locator``.</doc>
<status status="PASS" start="2025-02-26T03:44:16.701584" elapsed="3.108269"/>
</kw>
<kw name="Input Text" owner="SeleniumLibrary">
<msg time="2025-02-26T03:44:19.810647" level="INFO">Typing text '123456789' into text field 'id=password'.</msg>
<arg>id=password</arg>
<arg>${PASSWORD}</arg>
<doc>Types the given ``text`` into the text field identified by ``locator``.</doc>
<status status="PASS" start="2025-02-26T03:44:19.810391" elapsed="3.105660"/>
</kw>
<kw name="Click Button" owner="SeleniumLibrary">
<msg time="2025-02-26T03:44:22.916051" level="INFO">Clicking button 'xpath=//button[@type='submit']'.</msg>
<arg>xpath=//button[@type='submit']</arg>
<doc>Clicks the button identified by ``locator``.</doc>
<status status="PASS" start="2025-02-26T03:44:22.916051" elapsed="7.229025"/>
</kw>
<kw name="Wait Until Location Contains" owner="SeleniumLibrary">
<arg>${DASHBOARD_URL}</arg>
<arg>5s</arg>
<doc>Waits until the current URL contains ``expected``.</doc>
<status status="PASS" start="2025-02-26T03:44:30.145076" elapsed="1.006754"/>
</kw>
<kw name="Log To Console" owner="BuiltIn">
<arg>Login successful, redirected to: ${DASHBOARD_URL}</arg>
<doc>Logs the given message to the console.</doc>
<status status="PASS" start="2025-02-26T03:44:31.151830" elapsed="0.001007"/>
</kw>
<kw name="Wait Until Page Contains Element" owner="SeleniumLibrary">
<arg>xpath=//a[@class='nav-link dropdown-toggle' and .//span[contains(@class, 'flag-icon')]]</arg>
<arg>5s</arg>
<doc>Waits until the element ``locator`` appears on the current page.</doc>
<status status="PASS" start="2025-02-26T03:44:31.153839" elapsed="1.014322"/>
</kw>
<status status="PASS" start="2025-02-26T03:44:15.680921" elapsed="16.487240"/>
</kw>
<status status="PASS" start="2025-02-26T03:44:13.464155" elapsed="18.704006"/>
</kw>
<test id="s1-t1" name="Test Language Switching On Researcher Dashboard" line="16">
<kw name="Reset Language To English" type="SETUP">
<kw name="Go To" owner="SeleniumLibrary">
<msg time="2025-02-26T03:44:32.171180" level="INFO">Opening url 'http://127.0.0.1:8000/dashboard'</msg>
<arg>${DASHBOARD_URL}</arg>
<doc>Navigates the current browser window to the provided ``url``.</doc>
<status status="PASS" start="2025-02-26T03:44:32.171180" elapsed="1.426837"/>
</kw>
<kw name="Wait Until Element Is Visible" owner="SeleniumLibrary">
<arg>xpath=//a[@class='nav-link dropdown-toggle' and .//span[contains(@class, 'flag-icon')]]</arg>
<arg>10s</arg>
<doc>Waits until the element ``locator`` is visible.</doc>
<status status="PASS" start="2025-02-26T03:44:33.598532" elapsed="2.022551"/>
</kw>
<kw name="Execute Javascript" owner="SeleniumLibrary">
<msg time="2025-02-26T03:44:35.623112" level="INFO">Executing JavaScript:
document.evaluate("//a[@class='nav-link dropdown-toggle' and .//span[contains(@class, 'flag-icon')]]", document, null, XPathResult.FIRST_ORDERED_NODE_TYPE, null).singleNodeValue.click()
Without any arguments.</msg>
<arg>document.evaluate("//a[@class='nav-link dropdown-toggle' and .//span[contains(@class, 'flag-icon')]]", document, null, XPathResult.FIRST_ORDERED_NODE_TYPE, null).singleNodeValue.click()</arg>
<doc>Executes the given JavaScript code with possible arguments.</doc>
<status status="PASS" start="2025-02-26T03:44:35.621083" elapsed="1.030954"/>
</kw>
<kw name="Run Keyword And Return Status" owner="BuiltIn">
<kw name="Page Should Contain Element" owner="SeleniumLibrary">
<msg time="2025-02-26T03:44:39.791304" level="INFO" html="true">&lt;/td&gt;&lt;/tr&gt;&lt;tr&gt;&lt;td colspan="3"&gt;&lt;a href="selenium-screenshot-5.png"&gt;&lt;img src="selenium-screenshot-5.png" width="800px"&gt;&lt;/a&gt;</msg>
<msg time="2025-02-26T03:44:39.791304" level="FAIL">Page should have contained element 'xpath=//a[@class='dropdown-item' and contains(., 'English')]' but did not.</msg>
<arg>xpath=//a[@class='dropdown-item' and contains(., 'English')]</arg>
<doc>Verifies that element ``locator`` is found on the current page.</doc>
<status status="FAIL" start="2025-02-26T03:44:36.652037" elapsed="3.143267">Page should have contained element 'xpath=//a[@class='dropdown-item' and contains(., 'English')]' but did not.</status>
</kw>
<msg time="2025-02-26T03:44:39.795304" level="INFO">${english_present} = False</msg>
<var>${english_present}</var>
<arg>Page Should Contain Element</arg>
<arg>xpath=//a[@class='dropdown-item' and contains(., 'English')]</arg>
<doc>Runs the given keyword with given arguments and returns the status as a Boolean value.</doc>
<status status="PASS" start="2025-02-26T03:44:36.652037" elapsed="3.143267"/>
</kw>
<kw name="Run Keyword If" owner="BuiltIn">
<arg>${english_present}</arg>
<arg>Execute JavaScript</arg>
<arg>document.evaluate("//a[@class='dropdown-item' and contains(., 'English')]", document, null, XPathResult.FIRST_ORDERED_NODE_TYPE, null).singleNodeValue.click()</arg>
<doc>Runs the given keyword with the given arguments, if ``condition`` is true.</doc>
<status status="PASS" start="2025-02-26T03:44:39.795304" elapsed="0.000000"/>
</kw>
<kw name="Wait Until Page Contains Element" owner="SeleniumLibrary">
<arg>xpath=//span[contains(@class, 'flag-icon-us')]</arg>
<arg>10s</arg>
<doc>Waits until the element ``locator`` appears on the current page.</doc>
<status status="PASS" start="2025-02-26T03:44:39.795304" elapsed="1.014357"/>
</kw>
<kw name="Log To Console" owner="BuiltIn">
<arg>Reset language to English</arg>
<doc>Logs the given message to the console.</doc>
<status status="PASS" start="2025-02-26T03:44:40.809661" elapsed="0.000000"/>
</kw>
<kw name="Get Source" owner="SeleniumLibrary">
<msg time="2025-02-26T03:44:41.820593" level="INFO">${page_source} = &lt;html lang="en" class="hydrated" style="height: auto;"&gt;&lt;head&gt;&lt;style type="text/css"&gt;.swal-icon--error{border-color:#f27474;-webkit-animation:animateErrorIcon .5s;animation:animateErrorIcon .5s}.swal-i...</msg>
<var>${page_source}</var>
<doc>Returns the entire HTML source of the current page or frame.</doc>
<status status="PASS" start="2025-02-26T03:44:40.810682" elapsed="1.009911"/>
</kw>
<kw name="Log To Console" owner="BuiltIn">
<arg>Page source after reset: ${page_source}</arg>
<doc>Logs the given message to the console.</doc>
<status status="PASS" start="2025-02-26T03:44:41.820593" elapsed="0.026323"/>
</kw>
<status status="PASS" start="2025-02-26T03:44:32.170180" elapsed="9.677738"/>
</kw>
<kw name="Go To" owner="SeleniumLibrary">
<msg time="2025-02-26T03:44:41.847918" level="INFO">Opening url 'http://127.0.0.1:8000/profile'</msg>
<arg>${USER_PROFILE_URL}</arg>
<doc>Navigates the current browser window to the provided ``url``.</doc>
<status status="PASS" start="2025-02-26T03:44:41.847918" elapsed="1.632667"/>
</kw>
<kw name="Verify Language">
<kw name="Page Should Contain" owner="SeleniumLibrary">
<msg time="2025-02-26T03:44:45.500023" level="INFO">Current page contains text 'Account'.</msg>
<arg>${welcome_text}</arg>
<doc>Verifies that current page contains ``text``.</doc>
<status status="PASS" start="2025-02-26T03:44:43.481604" elapsed="2.018419"/>
</kw>
<arg>Account</arg>
<status status="PASS" start="2025-02-26T03:44:43.480585" elapsed="2.019438"/>
</kw>
<kw name="Verify Language">
<kw name="Page Should Contain" owner="SeleniumLibrary">
<msg time="2025-02-26T03:44:47.520078" level="INFO">Current page contains text 'Password'.</msg>
<arg>${welcome_text}</arg>
<doc>Verifies that current page contains ``text``.</doc>
<status status="PASS" start="2025-02-26T03:44:45.500534" elapsed="2.019544"/>
</kw>
<arg>Password</arg>
<status status="PASS" start="2025-02-26T03:44:45.500534" elapsed="2.019544"/>
</kw>
<kw name="Verify Language">
<kw name="Page Should Contain" owner="SeleniumLibrary">
<msg time="2025-02-26T03:44:49.549188" level="INFO">Current page contains text 'Expertise'.</msg>
<arg>${welcome_text}</arg>
<doc>Verifies that current page contains ``text``.</doc>
<status status="PASS" start="2025-02-26T03:44:47.521127" elapsed="2.028466"/>
</kw>
<arg>Expertise</arg>
<status status="PASS" start="2025-02-26T03:44:47.521127" elapsed="2.028662"/>
</kw>
<kw name="Verify Language">
<kw name="Page Should Contain" owner="SeleniumLibrary">
<msg time="2025-02-26T03:44:51.575102" level="INFO">Current page contains text 'Education'.</msg>
<arg>${welcome_text}</arg>
<doc>Verifies that current page contains ``text``.</doc>
<status status="PASS" start="2025-02-26T03:44:49.550820" elapsed="2.024282"/>
</kw>
<arg>Education</arg>
<status status="PASS" start="2025-02-26T03:44:49.549789" elapsed="2.025313"/>
</kw>
<kw name="Switch Language">
<kw name="Wait Until Element Is Visible" owner="SeleniumLibrary">
<arg>xpath=//a[@class='nav-link dropdown-toggle' and .//span[contains(@class, 'flag-icon')]]</arg>
<arg>15s</arg>
<doc>Waits until the element ``locator`` is visible.</doc>
<status status="PASS" start="2025-02-26T03:44:51.576662" elapsed="2.025523"/>
</kw>
<kw name="Execute Javascript" owner="SeleniumLibrary">
<msg time="2025-02-26T03:44:53.603576" level="INFO">Executing JavaScript:
document.evaluate("//a[@class='nav-link dropdown-toggle' and .//span[contains(@class, 'flag-icon')]]", document, null, XPathResult.FIRST_ORDERED_NODE_TYPE, null).singleNodeValue.click()
Without any arguments.</msg>
<arg>document.evaluate("//a[@class='nav-link dropdown-toggle' and .//span[contains(@class, 'flag-icon')]]", document, null, XPathResult.FIRST_ORDERED_NODE_TYPE, null).singleNodeValue.click()</arg>
<doc>Executes the given JavaScript code with possible arguments.</doc>
<status status="PASS" start="2025-02-26T03:44:53.602185" elapsed="1.032983"/>
</kw>
<kw name="Wait Until Element Is Visible" owner="SeleniumLibrary">
<msg time="2025-02-26T03:45:06.874618" level="INFO" html="true">&lt;/td&gt;&lt;/tr&gt;&lt;tr&gt;&lt;td colspan="3"&gt;&lt;a href="selenium-screenshot-6.png"&gt;&lt;img src="selenium-screenshot-6.png" width="800px"&gt;&lt;/a&gt;</msg>
<msg time="2025-02-26T03:45:06.874618" level="FAIL">Element 'xpath=//a[contains(@href, 'http://127.0.0.1:8000/lang/th')]' not visible after 10 seconds.</msg>
<arg>xpath=//a[contains(@href, 'http://127.0.0.1:8000/lang/${lang}')]</arg>
<arg>10s</arg>
<doc>Waits until the element ``locator`` is visible.</doc>
<status status="FAIL" start="2025-02-26T03:44:54.635168" elapsed="12.241453">Element 'xpath=//a[contains(@href, 'http://127.0.0.1:8000/lang/th')]' not visible after 10 seconds.</status>
</kw>
<kw name="Execute Javascript" owner="SeleniumLibrary">
<arg>document.evaluate("//a[contains(@href, 'http://127.0.0.1:8000/lang/${lang}')]", document, null, XPathResult.FIRST_ORDERED_NODE_TYPE, null).singleNodeValue.click()</arg>
<doc>Executes the given JavaScript code with possible arguments.</doc>
<status status="NOT RUN" start="2025-02-26T03:45:06.876621" elapsed="0.000000"/>
</kw>
<kw name="Run Keyword If" owner="BuiltIn">
<var>${flag}</var>
<arg>'${lang}' == 'cn'</arg>
<arg>Set Variable</arg>
<arg>cn</arg>
<arg>ELSE</arg>
<arg>Set Variable</arg>
<arg>${lang}</arg>
<doc>Runs the given keyword with the given arguments, if ``condition`` is true.</doc>
<status status="NOT RUN" start="2025-02-26T03:45:06.876621" elapsed="0.000000"/>
</kw>
<kw name="Wait Until Page Contains Element" owner="SeleniumLibrary">
<arg>xpath=//span[contains(@class, 'flag-icon-${flag}')]</arg>
<arg>10s</arg>
<doc>Waits until the element ``locator`` appears on the current page.</doc>
<status status="NOT RUN" start="2025-02-26T03:45:06.876621" elapsed="0.000995"/>
</kw>
<kw name="Log To Console" owner="BuiltIn">
<arg>Switched to language: ${lang}</arg>
<doc>Logs the given message to the console.</doc>
<status status="NOT RUN" start="2025-02-26T03:45:06.877616" elapsed="0.000000"/>
</kw>
<arg>th</arg>
<status status="FAIL" start="2025-02-26T03:44:51.576396" elapsed="15.301220">Element 'xpath=//a[contains(@href, 'http://127.0.0.1:8000/lang/th')]' not visible after 10 seconds.</status>
</kw>
<kw name="Verify Language">
<arg>บัญชี</arg>
<status status="NOT RUN" start="2025-02-26T03:45:06.878430" elapsed="0.000000"/>
</kw>
<kw name="Verify Language">
<arg>รหัสผ่าน</arg>
<status status="NOT RUN" start="2025-02-26T03:45:06.878821" elapsed="0.000000"/>
</kw>
<kw name="Verify Language">
<arg>ความเชี่ยวชาญ</arg>
<status status="NOT RUN" start="2025-02-26T03:45:06.878821" elapsed="0.000000"/>
</kw>
<kw name="Verify Language">
<arg>การศึกษา</arg>
<status status="NOT RUN" start="2025-02-26T03:45:06.878821" elapsed="0.000000"/>
</kw>
<kw name="Switch Language">
<arg>cn</arg>
<status status="NOT RUN" start="2025-02-26T03:45:06.879843" elapsed="0.000000"/>
</kw>
<kw name="Verify Language">
<arg>帐户</arg>
<status status="NOT RUN" start="2025-02-26T03:45:06.879843" elapsed="0.000000"/>
</kw>
<kw name="Verify Language">
<arg>密码</arg>
<status status="NOT RUN" start="2025-02-26T03:45:06.879843" elapsed="0.000000"/>
</kw>
<kw name="Verify Language">
<arg>专长</arg>
<status status="NOT RUN" start="2025-02-26T03:45:06.880845" elapsed="0.000000"/>
</kw>
<kw name="Verify Language">
<arg>教育</arg>
<status status="NOT RUN" start="2025-02-26T03:45:06.880845" elapsed="0.000000"/>
</kw>
<doc>ทดสอบการเปลี่ยนภาษาบนหน้าโปรไฟล์ในส่วนของผู้วิจัย</doc>
<status status="FAIL" start="2025-02-26T03:44:32.168161" elapsed="34.712684">Element 'xpath=//a[contains(@href, 'http://127.0.0.1:8000/lang/th')]' not visible after 10 seconds.</status>
</test>
<kw name="Logout And Close Browser" type="TEARDOWN">
<kw name="Logout">
<kw name="Click Element" owner="SeleniumLibrary">
<msg time="2025-02-26T03:45:06.883096" level="INFO">Clicking element 'xpath=//a[contains(@href, '/logout')]'.</msg>
<arg>xpath=//a[contains(@href, '/logout')]</arg>
<doc>Click the element identified by ``locator``.</doc>
<status status="PASS" start="2025-02-26T03:45:06.883096" elapsed="2.564614"/>
</kw>
<kw name="Wait Until Page Contains" owner="SeleniumLibrary">
<arg>Login</arg>
<arg>5s</arg>
<doc>Waits until ``text`` appears on the current page.</doc>
<status status="PASS" start="2025-02-26T03:45:09.447710" elapsed="1.014472"/>
</kw>
<kw name="Log To Console" owner="BuiltIn">
<arg>Logged out successfully</arg>
<doc>Logs the given message to the console.</doc>
<status status="PASS" start="2025-02-26T03:45:10.462715" elapsed="0.000000"/>
</kw>
<status status="PASS" start="2025-02-26T03:45:06.883096" elapsed="3.579619"/>
</kw>
<kw name="Close Browser" owner="SeleniumLibrary">
<doc>Closes the current browser.</doc>
<status status="PASS" start="2025-02-26T03:45:10.462715" elapsed="3.239918"/>
</kw>
<status status="PASS" start="2025-02-26T03:45:06.883096" elapsed="6.819537"/>
</kw>
<status status="FAIL" start="2025-02-26T03:44:13.049871" elapsed="60.652762"/>
</suite>
<statistics>
<total>
<stat pass="0" fail="1" skip="0">All Tests</stat>
</total>
<tag>
</tag>
<suite>
<stat name="Researcher Userprofile" id="s1" pass="0" fail="1" skip="0">Researcher Userprofile</stat>
</suite>
</statistics>
<errors>
</errors>
</robot>
