<?xml version="1.0" encoding="UTF-8"?>
<robot generator="Robot 7.2 (Python 3.12.8 on win32)" generated="2025-03-12T08:42:25.408214" rpa="false" schemaversion="5">
<suite id="s1" name="Researcher Lang Switch" source="D:\SE_2567_126-0\group_project\git-group-repository-group-3-sec-1\code\tests\robot\researcher_language_switch_tests\researcher_lang_switch.robot">
<kw name="Open Browser To Login Page" type="SETUP">
<kw name="Open Browser" owner="SeleniumLibrary">
<msg time="2025-03-12T08:42:25.880446" level="INFO">Opening browser 'chrome' to base url 'http://127.0.0.1:8000/login'.</msg>
<arg>${URL}</arg>
<arg>${BROWSER}</arg>
<doc>Opens a new browser instance to the optional ``url``.</doc>
<status status="PASS" start="2025-03-12T08:42:25.879449" elapsed="2.472839"/>
</kw>
<kw name="Maximize Browser Window" owner="SeleniumLibrary">
<doc>Maximizes current browser window.</doc>
<status status="PASS" start="2025-03-12T08:42:28.352288" elapsed="0.040463"/>
</kw>
<kw name="Set Selenium Speed" owner="SeleniumLibrary">
<arg>${DELAY}</arg>
<doc>Sets the delay that is waited after each Selenium command.</doc>
<status status="PASS" start="2025-03-12T08:42:28.393750" elapsed="0.000000"/>
</kw>
<kw name="Login To System">
<kw name="Wait Until Page Contains Element" owner="SeleniumLibrary">
<arg>id=username</arg>
<arg>0.5s</arg>
<doc>Waits until the element ``locator`` appears on the current page.</doc>
<status status="PASS" start="2025-03-12T08:42:28.394941" elapsed="0.515162"/>
</kw>
<kw name="Log To Console" owner="BuiltIn">
<arg>Found username field</arg>
<doc>Logs the given message to the console.</doc>
<status status="PASS" start="2025-03-12T08:42:28.910643" elapsed="0.000649"/>
</kw>
<kw name="Input Text" owner="SeleniumLibrary">
<msg time="2025-03-12T08:42:28.911567" level="INFO">Typing text 'pusadee@kku.ac.th' into text field 'id=username'.</msg>
<arg>id=username</arg>
<arg>${USERNAME}</arg>
<doc>Types the given ``text`` into the text field identified by ``locator``.</doc>
<status status="PASS" start="2025-03-12T08:42:28.911567" elapsed="1.609820"/>
</kw>
<kw name="Input Text" owner="SeleniumLibrary">
<msg time="2025-03-12T08:42:30.521989" level="INFO">Typing text '123456789' into text field 'id=password'.</msg>
<arg>id=password</arg>
<arg>${PASSWORD}</arg>
<doc>Types the given ``text`` into the text field identified by ``locator``.</doc>
<status status="PASS" start="2025-03-12T08:42:30.521387" elapsed="1.603985"/>
</kw>
<kw name="Click Button" owner="SeleniumLibrary">
<msg time="2025-03-12T08:42:32.125896" level="INFO">Clicking button 'xpath=//button[@type='submit']'.</msg>
<arg>xpath=//button[@type='submit']</arg>
<doc>Clicks the button identified by ``locator``.</doc>
<status status="PASS" start="2025-03-12T08:42:32.125896" elapsed="4.398293"/>
</kw>
<kw name="Wait Until Location Contains" owner="SeleniumLibrary">
<arg>${DASHBOARD_URL}</arg>
<arg>0.5s</arg>
<doc>Waits until the current URL contains ``expected``.</doc>
<status status="PASS" start="2025-03-12T08:42:36.524325" elapsed="0.506920"/>
</kw>
<kw name="Log To Console" owner="BuiltIn">
<arg>Login successful, redirected to: ${DASHBOARD_URL}</arg>
<doc>Logs the given message to the console.</doc>
<status status="PASS" start="2025-03-12T08:42:37.031245" elapsed="0.001279"/>
</kw>
<kw name="Wait Until Page Contains Element" owner="SeleniumLibrary">
<arg>xpath=//a[@class='nav-link dropdown-toggle' and .//span[contains(@class, 'flag-icon')]]</arg>
<arg>0.5s</arg>
<doc>Waits until the element ``locator`` appears on the current page.</doc>
<status status="PASS" start="2025-03-12T08:42:37.032524" elapsed="0.518065"/>
</kw>
<status status="PASS" start="2025-03-12T08:42:28.393750" elapsed="9.156839"/>
</kw>
<status status="PASS" start="2025-03-12T08:42:25.878447" elapsed="11.672142"/>
</kw>
<test id="s1-t1" name="Verify Language Switcher Presence" line="44">
<kw name="Wait Until Element Is Visible" owner="SeleniumLibrary">
<arg>${LANG_DROPDOWN}</arg>
<doc>Waits until the element ``locator`` is visible.</doc>
<status status="PASS" start="2025-03-12T08:42:37.551596" elapsed="1.028271"/>
</kw>
<kw name="Element Should Be Visible" owner="SeleniumLibrary">
<msg time="2025-03-12T08:42:39.600416" level="INFO">Element 'id=navbarDropdownMenuLink' is displayed.</msg>
<arg>${LANG_DROPDOWN}</arg>
<doc>Verifies that the element identified by ``locator`` is visible.</doc>
<status status="PASS" start="2025-03-12T08:42:38.579867" elapsed="1.020549"/>
</kw>
<status status="PASS" start="2025-03-12T08:42:37.550589" elapsed="2.050336"/>
</test>
<test id="s1-t2" name="Verify Language Options Display" line="48">
<kw name="Wait Until Element Is Visible" owner="SeleniumLibrary">
<arg>${LANG_DROPDOWN}</arg>
<doc>Waits until the element ``locator`` is visible.</doc>
<status status="PASS" start="2025-03-12T08:42:39.601932" elapsed="1.019635"/>
</kw>
<kw name="Click Element" owner="SeleniumLibrary">
<msg time="2025-03-12T08:42:40.622574" level="INFO">Clicking element 'id=navbarDropdownMenuLink'.</msg>
<arg>${LANG_DROPDOWN}</arg>
<doc>Click the element identified by ``locator``.</doc>
<status status="PASS" start="2025-03-12T08:42:40.621567" elapsed="1.083741"/>
</kw>
<kw name="Wait Until Element Is Visible" owner="SeleniumLibrary">
<arg>${LANG_MENU}</arg>
<doc>Waits until the element ``locator`` is visible.</doc>
<status status="PASS" start="2025-03-12T08:42:41.705308" elapsed="1.023228"/>
</kw>
<kw name="Element Should Be Visible" owner="SeleniumLibrary">
<msg time="2025-03-12T08:42:43.751299" level="INFO">Element 'xpath=//a[contains(@href, '/lang/th')]' is displayed.</msg>
<arg>${THAI_LANG}</arg>
<doc>Verifies that the element identified by ``locator`` is visible.</doc>
<status status="PASS" start="2025-03-12T08:42:42.728536" elapsed="1.022763"/>
</kw>
<kw name="Element Should Be Visible" owner="SeleniumLibrary">
<msg time="2025-03-12T08:42:44.775326" level="INFO">Element 'xpath=//a[contains(@href, '/lang/cn')]' is displayed.</msg>
<arg>${CN_LANG}</arg>
<doc>Verifies that the element identified by ``locator`` is visible.</doc>
<status status="PASS" start="2025-03-12T08:42:43.751299" elapsed="1.024027"/>
</kw>
<status status="PASS" start="2025-03-12T08:42:39.601932" elapsed="5.173394"/>
</test>
<test id="s1-t3" name="Verify English Dashboard Page" line="56">
<kw name="Verify Dashboard Page English">
<kw name="Wait Until Page Contains" owner="SeleniumLibrary">
<arg>Research Information Management System</arg>
<doc>Waits until ``text`` appears on the current page.</doc>
<status status="PASS" start="2025-03-12T08:42:44.778354" elapsed="0.514338"/>
</kw>
<kw name="Wait Until Page Contains" owner="SeleniumLibrary">
<arg>Welcome to the Research Information Management System</arg>
<doc>Waits until ``text`` appears on the current page.</doc>
<status status="PASS" start="2025-03-12T08:42:45.292692" elapsed="0.518909"/>
</kw>
<kw name="Wait Until Page Contains" owner="SeleniumLibrary">
<arg>Hello</arg>
<doc>Waits until ``text`` appears on the current page.</doc>
<status status="PASS" start="2025-03-12T08:42:45.811601" elapsed="0.514702"/>
</kw>
<kw name="Wait Until Page Contains" owner="SeleniumLibrary">
<arg>Asst. Prof. Dr. Pusadee Seresangtakul</arg>
<doc>Waits until ``text`` appears on the current page.</doc>
<status status="PASS" start="2025-03-12T08:42:46.326436" elapsed="0.513907"/>
</kw>
<kw name="Wait Until Page Contains" owner="SeleniumLibrary">
<arg>Logout</arg>
<doc>Waits until ``text`` appears on the current page.</doc>
<status status="PASS" start="2025-03-12T08:42:46.840343" elapsed="0.515427"/>
</kw>
<status status="PASS" start="2025-03-12T08:42:44.777353" elapsed="2.578417"/>
</kw>
<status status="PASS" start="2025-03-12T08:42:44.777353" elapsed="2.578417"/>
</test>
<test id="s1-t4" name="Verify English Profile Page" line="59">
<kw name="Verify Profile Page English">
<kw name="Click Element" owner="SeleniumLibrary">
<msg time="2025-03-12T08:42:47.358776" level="INFO">Clicking element 'xpath=//a[contains(@href, '/profile')]'.</msg>
<arg>${PROFILE_URL}</arg>
<doc>Click the element identified by ``locator``.</doc>
<status status="PASS" start="2025-03-12T08:42:47.358776" elapsed="1.584180"/>
</kw>
<kw name="Wait Until Page Contains" owner="SeleniumLibrary">
<arg>Change Picture</arg>
<doc>Waits until ``text`` appears on the current page.</doc>
<status status="PASS" start="2025-03-12T08:42:48.942956" elapsed="0.514453"/>
</kw>
<kw name="Wait Until Page Contains" owner="SeleniumLibrary">
<arg>Account</arg>
<doc>Waits until ``text`` appears on the current page.</doc>
<status status="PASS" start="2025-03-12T08:42:49.457409" elapsed="0.520373"/>
</kw>
<kw name="Wait Until Page Contains" owner="SeleniumLibrary">
<arg>Password</arg>
<doc>Waits until ``text`` appears on the current page.</doc>
<status status="PASS" start="2025-03-12T08:42:49.977782" elapsed="0.514957"/>
</kw>
<kw name="Wait Until Page Contains" owner="SeleniumLibrary">
<arg>Expertise</arg>
<doc>Waits until ``text`` appears on the current page.</doc>
<status status="PASS" start="2025-03-12T08:42:50.492739" elapsed="0.517383"/>
</kw>
<kw name="Wait Until Page Contains" owner="SeleniumLibrary">
<arg>Education</arg>
<doc>Waits until ``text`` appears on the current page.</doc>
<status status="PASS" start="2025-03-12T08:42:51.010122" elapsed="0.515532"/>
</kw>
<kw name="Click Element" owner="SeleniumLibrary">
<msg time="2025-03-12T08:42:51.526674" level="INFO">Clicking element 'id=account-tab'.</msg>
<arg>${ACCOUNT_TAB}</arg>
<doc>Click the element identified by ``locator``.</doc>
<status status="PASS" start="2025-03-12T08:42:51.525654" elapsed="1.087986"/>
</kw>
<kw name="Wait Until Page Contains" owner="SeleniumLibrary">
<arg>Profile Setting</arg>
<doc>Waits until ``text`` appears on the current page.</doc>
<status status="PASS" start="2025-03-12T08:42:52.613640" elapsed="0.516526"/>
</kw>
<kw name="Wait Until Page Contains" owner="SeleniumLibrary">
<arg>Pronouns</arg>
<doc>Waits until ``text`` appears on the current page.</doc>
<status status="PASS" start="2025-03-12T08:42:53.130166" elapsed="0.517405"/>
</kw>
<kw name="Wait Until Page Contains" owner="SeleniumLibrary">
<arg>First Name (English)</arg>
<doc>Waits until ``text`` appears on the current page.</doc>
<status status="PASS" start="2025-03-12T08:42:53.647571" elapsed="0.516542"/>
</kw>
<kw name="Wait Until Page Contains" owner="SeleniumLibrary">
<arg>Last Name (English)</arg>
<doc>Waits until ``text`` appears on the current page.</doc>
<status status="PASS" start="2025-03-12T08:42:54.164113" elapsed="0.516529"/>
</kw>
<kw name="Wait Until Page Contains" owner="SeleniumLibrary">
<arg>First Name (Thai)</arg>
<doc>Waits until ``text`` appears on the current page.</doc>
<status status="PASS" start="2025-03-12T08:42:54.680642" elapsed="0.516157"/>
</kw>
<kw name="Wait Until Page Contains" owner="SeleniumLibrary">
<arg>Last Name (Thai)</arg>
<doc>Waits until ``text`` appears on the current page.</doc>
<status status="PASS" start="2025-03-12T08:42:55.196799" elapsed="0.519257"/>
</kw>
<kw name="Wait Until Page Contains" owner="SeleniumLibrary">
<arg>First Name (Chinese)</arg>
<doc>Waits until ``text`` appears on the current page.</doc>
<status status="PASS" start="2025-03-12T08:42:55.716056" elapsed="0.515726"/>
</kw>
<kw name="Wait Until Page Contains" owner="SeleniumLibrary">
<arg>Last Name (Chinese)</arg>
<doc>Waits until ``text`` appears on the current page.</doc>
<status status="PASS" start="2025-03-12T08:42:56.231782" elapsed="0.517246"/>
</kw>
<kw name="Wait Until Page Contains" owner="SeleniumLibrary">
<arg>Email</arg>
<doc>Waits until ``text`` appears on the current page.</doc>
<status status="PASS" start="2025-03-12T08:42:56.749028" elapsed="0.517647"/>
</kw>
<kw name="Wait Until Page Contains" owner="SeleniumLibrary">
<arg>Academic Rank</arg>
<doc>Waits until ``text`` appears on the current page.</doc>
<status status="PASS" start="2025-03-12T08:42:57.266675" elapsed="0.515774"/>
</kw>
<kw name="Wait Until Page Contains" owner="SeleniumLibrary">
<arg>For instructors without a doctoral degree, please specify</arg>
<doc>Waits until ``text`` appears on the current page.</doc>
<status status="PASS" start="2025-03-12T08:42:57.782449" elapsed="0.516169"/>
</kw>
<kw name="Wait Until Page Contains" owner="SeleniumLibrary">
<arg>Update</arg>
<doc>Waits until ``text`` appears on the current page.</doc>
<status status="PASS" start="2025-03-12T08:42:58.298618" elapsed="0.515611"/>
</kw>
<kw name="Click Element" owner="SeleniumLibrary">
<msg time="2025-03-12T08:42:58.815253" level="INFO">Clicking element 'id=password-tab'.</msg>
<arg>${PASSWORD_TAB}</arg>
<doc>Click the element identified by ``locator``.</doc>
<status status="PASS" start="2025-03-12T08:42:58.814229" elapsed="1.069044"/>
</kw>
<kw name="Wait Until Page Contains" owner="SeleniumLibrary">
<arg>Password Settings</arg>
<doc>Waits until ``text`` appears on the current page.</doc>
<status status="PASS" start="2025-03-12T08:42:59.883273" elapsed="0.516685"/>
</kw>
<kw name="Wait Until Page Contains" owner="SeleniumLibrary">
<arg>Old password</arg>
<doc>Waits until ``text`` appears on the current page.</doc>
<status status="PASS" start="2025-03-12T08:43:00.399958" elapsed="0.516078"/>
</kw>
<kw name="Wait Until Page Contains" owner="SeleniumLibrary">
<arg>New password</arg>
<doc>Waits until ``text`` appears on the current page.</doc>
<status status="PASS" start="2025-03-12T08:43:00.916036" elapsed="0.516921"/>
</kw>
<kw name="Wait Until Page Contains" owner="SeleniumLibrary">
<arg>Confirm new password</arg>
<doc>Waits until ``text`` appears on the current page.</doc>
<status status="PASS" start="2025-03-12T08:43:01.432957" elapsed="0.517368"/>
</kw>
<kw name="Wait Until Page Contains" owner="SeleniumLibrary">
<arg>Update</arg>
<doc>Waits until ``text`` appears on the current page.</doc>
<status status="PASS" start="2025-03-12T08:43:01.950325" elapsed="0.513642"/>
</kw>
<kw name="Click Element" owner="SeleniumLibrary">
<msg time="2025-03-12T08:43:02.464551" level="INFO">Clicking element 'id=expertise-tab'.</msg>
<arg>${EXPERTISE_TAB}</arg>
<doc>Click the element identified by ``locator``.</doc>
<status status="PASS" start="2025-03-12T08:43:02.463967" elapsed="1.064199"/>
</kw>
<kw name="Wait Until Page Contains" owner="SeleniumLibrary">
<arg>Expertise</arg>
<doc>Waits until ``text`` appears on the current page.</doc>
<status status="PASS" start="2025-03-12T08:43:03.528166" elapsed="0.512381"/>
</kw>
<kw name="Wait Until Page Contains" owner="SeleniumLibrary">
<arg>Add Expertise</arg>
<doc>Waits until ``text`` appears on the current page.</doc>
<status status="PASS" start="2025-03-12T08:43:04.040547" elapsed="0.520857"/>
</kw>
<kw name="Click Element" owner="SeleniumLibrary">
<msg time="2025-03-12T08:43:04.561952" level="INFO">Clicking element 'id=education-tab'.</msg>
<arg>${EDUCATION_TAB}</arg>
<doc>Click the element identified by ``locator``.</doc>
<status status="PASS" start="2025-03-12T08:43:04.561404" elapsed="1.067713"/>
</kw>
<kw name="Wait Until Page Contains" owner="SeleniumLibrary">
<arg>Education</arg>
<doc>Waits until ``text`` appears on the current page.</doc>
<status status="PASS" start="2025-03-12T08:43:05.629117" elapsed="0.509814"/>
</kw>
<kw name="Wait Until Page Contains" owner="SeleniumLibrary">
<arg>Bachelor's degree</arg>
<doc>Waits until ``text`` appears on the current page.</doc>
<status status="PASS" start="2025-03-12T08:43:06.138931" elapsed="0.517055"/>
</kw>
<kw name="Wait Until Page Contains" owner="SeleniumLibrary">
<arg>University</arg>
<doc>Waits until ``text`` appears on the current page.</doc>
<status status="PASS" start="2025-03-12T08:43:06.655986" elapsed="0.515664"/>
</kw>
<kw name="Wait Until Page Contains" owner="SeleniumLibrary">
<arg>Degree</arg>
<doc>Waits until ``text`` appears on the current page.</doc>
<status status="PASS" start="2025-03-12T08:43:07.171650" elapsed="0.516672"/>
</kw>
<kw name="Wait Until Page Contains" owner="SeleniumLibrary">
<arg>Year of graduation</arg>
<doc>Waits until ``text`` appears on the current page.</doc>
<status status="PASS" start="2025-03-12T08:43:07.688322" elapsed="0.516154"/>
</kw>
<kw name="Wait Until Page Contains" owner="SeleniumLibrary">
<arg>Master's degree</arg>
<doc>Waits until ``text`` appears on the current page.</doc>
<status status="PASS" start="2025-03-12T08:43:08.204476" elapsed="0.516863"/>
</kw>
<kw name="Wait Until Page Contains" owner="SeleniumLibrary">
<arg>Doctoral degree</arg>
<doc>Waits until ``text`` appears on the current page.</doc>
<status status="PASS" start="2025-03-12T08:43:08.721339" elapsed="0.514905"/>
</kw>
<kw name="Wait Until Page Contains" owner="SeleniumLibrary">
<arg>Update</arg>
<doc>Waits until ``text`` appears on the current page.</doc>
<status status="PASS" start="2025-03-12T08:43:09.236244" elapsed="0.512280"/>
</kw>
<status status="PASS" start="2025-03-12T08:42:47.357777" elapsed="22.390747"/>
</kw>
<status status="PASS" start="2025-03-12T08:42:47.356777" elapsed="22.391747"/>
</test>
<test id="s1-t5" name="Verify English Manage Fund Page" line="62">
<kw name="Verify Manage Fund Page English">
<kw name="Click Element" owner="SeleniumLibrary">
<msg time="2025-03-12T08:43:09.752296" level="INFO">Clicking element 'xpath=//a[contains(@href, '/funds')]'.</msg>
<arg>${MANAGE_FUND_URL}</arg>
<doc>Click the element identified by ``locator``.</doc>
<status status="PASS" start="2025-03-12T08:43:09.751318" elapsed="1.604543"/>
</kw>
<kw name="Wait Until Page Contains" owner="SeleniumLibrary">
<arg>Research Grant</arg>
<doc>Waits until ``text`` appears on the current page.</doc>
<status status="PASS" start="2025-03-12T08:43:11.355861" elapsed="0.515861"/>
</kw>
<kw name="Wait Until Page Contains" owner="SeleniumLibrary">
<arg>Add</arg>
<doc>Waits until ``text`` appears on the current page.</doc>
<status status="PASS" start="2025-03-12T08:43:11.871722" elapsed="0.515516"/>
</kw>
<kw name="Wait Until Page Contains" owner="SeleniumLibrary">
<arg>No.</arg>
<doc>Waits until ``text`` appears on the current page.</doc>
<status status="PASS" start="2025-03-12T08:43:12.387238" elapsed="0.516348"/>
</kw>
<kw name="Wait Until Page Contains" owner="SeleniumLibrary">
<arg>Fund Name</arg>
<doc>Waits until ``text`` appears on the current page.</doc>
<status status="PASS" start="2025-03-12T08:43:12.903586" elapsed="0.514824"/>
</kw>
<kw name="Wait Until Page Contains" owner="SeleniumLibrary">
<arg>Fund Type</arg>
<doc>Waits until ``text`` appears on the current page.</doc>
<status status="PASS" start="2025-03-12T08:43:13.418410" elapsed="0.514956"/>
</kw>
<kw name="Wait Until Page Contains" owner="SeleniumLibrary">
<arg>Fund Level</arg>
<doc>Waits until ``text`` appears on the current page.</doc>
<status status="PASS" start="2025-03-12T08:43:13.933366" elapsed="0.515603"/>
</kw>
<kw name="Wait Until Page Contains" owner="SeleniumLibrary">
<arg>Search:</arg>
<doc>Waits until ``text`` appears on the current page.</doc>
<status status="PASS" start="2025-03-12T08:43:14.448969" elapsed="0.515474"/>
</kw>
<kw name="Wait Until Page Contains" owner="SeleniumLibrary">
<arg>Previous</arg>
<doc>Waits until ``text`` appears on the current page.</doc>
<status status="PASS" start="2025-03-12T08:43:14.964443" elapsed="0.516377"/>
</kw>
<kw name="Wait Until Page Contains" owner="SeleniumLibrary">
<arg>Next</arg>
<doc>Waits until ``text`` appears on the current page.</doc>
<status status="PASS" start="2025-03-12T08:43:15.480820" elapsed="0.516454"/>
</kw>
<kw name="Click Element" owner="SeleniumLibrary">
<msg time="2025-03-12T08:43:15.998299" level="INFO">Clicking element 'xpath=//a[contains(@href, '/funds/create')]'.</msg>
<arg>${CREATE_MANAGE_FUND_URL}</arg>
<doc>Click the element identified by ``locator``.</doc>
<status status="PASS" start="2025-03-12T08:43:15.997274" elapsed="1.533854"/>
</kw>
<kw name="Wait Until Page Contains" owner="SeleniumLibrary">
<arg>Add Research Fund</arg>
<doc>Waits until ``text`` appears on the current page.</doc>
<status status="PASS" start="2025-03-12T08:43:17.531128" elapsed="0.516249"/>
</kw>
<kw name="Wait Until Page Contains" owner="SeleniumLibrary">
<arg>Input Research Fund Detail</arg>
<doc>Waits until ``text`` appears on the current page.</doc>
<status status="PASS" start="2025-03-12T08:43:18.047377" elapsed="0.513375"/>
</kw>
<kw name="Wait Until Page Contains" owner="SeleniumLibrary">
<arg>Fund Type</arg>
<doc>Waits until ``text`` appears on the current page.</doc>
<status status="PASS" start="2025-03-12T08:43:18.560752" elapsed="0.511480"/>
</kw>
<kw name="Wait Until Page Contains" owner="SeleniumLibrary">
<arg>Fund Level</arg>
<doc>Waits until ``text`` appears on the current page.</doc>
<status status="PASS" start="2025-03-12T08:43:19.072432" elapsed="0.511839"/>
</kw>
<kw name="Wait Until Page Contains" owner="SeleniumLibrary">
<arg>Fund Name</arg>
<doc>Waits until ``text`` appears on the current page.</doc>
<status status="PASS" start="2025-03-12T08:43:19.584533" elapsed="0.511585"/>
</kw>
<kw name="Wait Until Page Contains" owner="SeleniumLibrary">
<arg>Organization support / Research Project (Thai language)</arg>
<doc>Waits until ``text`` appears on the current page.</doc>
<status status="PASS" start="2025-03-12T08:43:20.096118" elapsed="0.513564"/>
</kw>
<kw name="Wait Until Page Contains" owner="SeleniumLibrary">
<arg>Supporting Organization/Research Project (EN)</arg>
<doc>Waits until ``text`` appears on the current page.</doc>
<status status="PASS" start="2025-03-12T08:43:20.609817" elapsed="0.513897"/>
</kw>
<kw name="Wait Until Page Contains" owner="SeleniumLibrary">
<arg>Supporting Organization/Research Project (CN)</arg>
<doc>Waits until ``text`` appears on the current page.</doc>
<status status="PASS" start="2025-03-12T08:43:21.123714" elapsed="0.515337"/>
</kw>
<kw name="Wait Until Page Contains" owner="SeleniumLibrary">
<arg>Submit</arg>
<doc>Waits until ``text`` appears on the current page.</doc>
<status status="PASS" start="2025-03-12T08:43:21.639051" elapsed="0.519737"/>
</kw>
<kw name="Wait Until Page Contains" owner="SeleniumLibrary">
<arg>Cancel</arg>
<doc>Waits until ``text`` appears on the current page.</doc>
<status status="PASS" start="2025-03-12T08:43:22.158788" elapsed="0.515924"/>
</kw>
<kw name="Click Element" owner="SeleniumLibrary">
<msg time="2025-03-12T08:43:22.675734" level="INFO">Clicking element 'xpath=//a[contains(@href, '/funds')]'.</msg>
<arg>${MANAGE_FUND_URL}</arg>
<doc>Click the element identified by ``locator``.</doc>
<status status="PASS" start="2025-03-12T08:43:22.674712" elapsed="1.573791"/>
</kw>
<kw name="Click Element" owner="SeleniumLibrary">
<msg time="2025-03-12T08:43:24.248503" level="INFO">Clicking element 'xpath=//a[contains(@href, '/funds/2')]'.</msg>
<arg>${SHOW_FUND_DEMO_URL}</arg>
<doc>Click the element identified by ``locator``.</doc>
<status status="PASS" start="2025-03-12T08:43:24.248503" elapsed="1.525397"/>
</kw>
<kw name="Wait Until Page Contains" owner="SeleniumLibrary">
<arg>Fund Detail</arg>
<doc>Waits until ``text`` appears on the current page.</doc>
<status status="PASS" start="2025-03-12T08:43:25.773900" elapsed="0.516005"/>
</kw>
<kw name="Wait Until Page Contains" owner="SeleniumLibrary">
<arg>Description of the fund</arg>
<doc>Waits until ``text`` appears on the current page.</doc>
<status status="PASS" start="2025-03-12T08:43:26.289905" elapsed="0.514808"/>
</kw>
<kw name="Wait Until Page Contains" owner="SeleniumLibrary">
<arg>Fund Name</arg>
<doc>Waits until ``text`` appears on the current page.</doc>
<status status="PASS" start="2025-03-12T08:43:26.804713" elapsed="0.508835"/>
</kw>
<kw name="Wait Until Page Contains" owner="SeleniumLibrary">
<arg>Year</arg>
<doc>Waits until ``text`` appears on the current page.</doc>
<status status="PASS" start="2025-03-12T08:43:27.313548" elapsed="0.516704"/>
</kw>
<kw name="Wait Until Page Contains" owner="SeleniumLibrary">
<arg>Fund Detail</arg>
<doc>Waits until ``text`` appears on the current page.</doc>
<status status="PASS" start="2025-03-12T08:43:27.830774" elapsed="0.511986"/>
</kw>
<kw name="Wait Until Page Contains" owner="SeleniumLibrary">
<arg>Fund Type</arg>
<doc>Waits until ``text`` appears on the current page.</doc>
<status status="PASS" start="2025-03-12T08:43:28.342760" elapsed="0.510874"/>
</kw>
<kw name="Wait Until Page Contains" owner="SeleniumLibrary">
<arg>Fund Level</arg>
<doc>Waits until ``text`` appears on the current page.</doc>
<status status="PASS" start="2025-03-12T08:43:28.853634" elapsed="0.513705"/>
</kw>
<kw name="Wait Until Page Contains" owner="SeleniumLibrary">
<arg>Organization</arg>
<doc>Waits until ``text`` appears on the current page.</doc>
<status status="PASS" start="2025-03-12T08:43:29.367339" elapsed="0.516652"/>
</kw>
<kw name="Wait Until Page Contains" owner="SeleniumLibrary">
<arg>Add detail fund by</arg>
<doc>Waits until ``text`` appears on the current page.</doc>
<status status="PASS" start="2025-03-12T08:43:29.883991" elapsed="0.516369"/>
</kw>
<kw name="Wait Until Page Contains" owner="SeleniumLibrary">
<arg>Back</arg>
<doc>Waits until ``text`` appears on the current page.</doc>
<status status="PASS" start="2025-03-12T08:43:30.400360" elapsed="0.514141"/>
</kw>
<kw name="Click Element" owner="SeleniumLibrary">
<msg time="2025-03-12T08:43:30.914501" level="INFO">Clicking element 'xpath=//a[contains(@href, '/funds')]'.</msg>
<arg>${MANAGE_FUND_URL}</arg>
<doc>Click the element identified by ``locator``.</doc>
<status status="PASS" start="2025-03-12T08:43:30.914501" elapsed="1.558482"/>
</kw>
<kw name="Click Element" owner="SeleniumLibrary">
<msg time="2025-03-12T08:43:32.472983" level="INFO">Clicking element 'xpath=(//a[@title='Edit'])[1]'.</msg>
<arg>xpath=(//a[@title='Edit'])[1]</arg>
<doc>Click the element identified by ``locator``.</doc>
<status status="PASS" start="2025-03-12T08:43:32.472983" elapsed="1.547688"/>
</kw>
<kw name="Wait Until Page Contains" owner="SeleniumLibrary">
<arg>Edit Fund</arg>
<doc>Waits until ``text`` appears on the current page.</doc>
<status status="PASS" start="2025-03-12T08:43:34.020671" elapsed="0.513066"/>
</kw>
<kw name="Wait Until Page Contains" owner="SeleniumLibrary">
<arg>Edit Research Fund Detail</arg>
<doc>Waits until ``text`` appears on the current page.</doc>
<status status="PASS" start="2025-03-12T08:43:34.533737" elapsed="0.516265"/>
</kw>
<kw name="Wait Until Page Contains" owner="SeleniumLibrary">
<arg>Fund Type</arg>
<doc>Waits until ``text`` appears on the current page.</doc>
<status status="PASS" start="2025-03-12T08:43:35.050002" elapsed="0.512838"/>
</kw>
<kw name="Wait Until Page Contains" owner="SeleniumLibrary">
<arg>Fund Level</arg>
<doc>Waits until ``text`` appears on the current page.</doc>
<status status="PASS" start="2025-03-12T08:43:35.562840" elapsed="0.514440"/>
</kw>
<kw name="Wait Until Page Contains" owner="SeleniumLibrary">
<arg>Fund Name</arg>
<doc>Waits until ``text`` appears on the current page.</doc>
<status status="PASS" start="2025-03-12T08:43:36.077280" elapsed="0.510867"/>
</kw>
<kw name="Wait Until Page Contains" owner="SeleniumLibrary">
<arg>Organization support / Research Project (Thai language)</arg>
<doc>Waits until ``text`` appears on the current page.</doc>
<status status="PASS" start="2025-03-12T08:43:36.588147" elapsed="0.511195"/>
</kw>
<kw name="Wait Until Page Contains" owner="SeleniumLibrary">
<arg>Supporting Organization/Research Project (EN)</arg>
<doc>Waits until ``text`` appears on the current page.</doc>
<status status="PASS" start="2025-03-12T08:43:37.099342" elapsed="0.510826"/>
</kw>
<kw name="Wait Until Page Contains" owner="SeleniumLibrary">
<arg>Supporting Organization/Research Project (CN)</arg>
<doc>Waits until ``text`` appears on the current page.</doc>
<status status="PASS" start="2025-03-12T08:43:37.610168" elapsed="0.511322"/>
</kw>
<kw name="Wait Until Page Contains" owner="SeleniumLibrary">
<arg>Submit</arg>
<doc>Waits until ``text`` appears on the current page.</doc>
<status status="PASS" start="2025-03-12T08:43:38.121490" elapsed="0.517358"/>
</kw>
<kw name="Wait Until Page Contains" owner="SeleniumLibrary">
<arg>Cancel</arg>
<doc>Waits until ``text`` appears on the current page.</doc>
<status status="PASS" start="2025-03-12T08:43:38.638848" elapsed="0.511233"/>
</kw>
<kw name="Click Element" owner="SeleniumLibrary">
<msg time="2025-03-12T08:43:39.151091" level="INFO">Clicking element 'xpath=//a[contains(@href, '/funds')]'.</msg>
<arg>${MANAGE_FUND_URL}</arg>
<doc>Click the element identified by ``locator``.</doc>
<status status="PASS" start="2025-03-12T08:43:39.150081" elapsed="1.564749"/>
</kw>
<kw name="Click Element" owner="SeleniumLibrary">
<msg time="2025-03-12T08:43:40.715818" level="INFO">Clicking element 'xpath=//button[@title='Delete']'.</msg>
<arg>xpath=//button[@title='Delete']</arg>
<doc>Click the element identified by ``locator``.</doc>
<status status="PASS" start="2025-03-12T08:43:40.714830" elapsed="1.101772"/>
</kw>
<kw name="Wait Until Page Contains" owner="SeleniumLibrary">
<arg>Are you sure?</arg>
<doc>Waits until ``text`` appears on the current page.</doc>
<status status="PASS" start="2025-03-12T08:43:41.816602" elapsed="0.515704"/>
</kw>
<kw name="Wait Until Page Contains" owner="SeleniumLibrary">
<arg>If you delete this, it will be gone forever.</arg>
<doc>Waits until ``text`` appears on the current page.</doc>
<status status="PASS" start="2025-03-12T08:43:42.332306" elapsed="0.514423"/>
</kw>
<kw name="Wait Until Page Contains" owner="SeleniumLibrary">
<arg>Cancel</arg>
<doc>Waits until ``text`` appears on the current page.</doc>
<status status="PASS" start="2025-03-12T08:43:42.846729" elapsed="0.512593"/>
</kw>
<kw name="Wait Until Page Contains" owner="SeleniumLibrary">
<arg>Submit</arg>
<doc>Waits until ``text`` appears on the current page.</doc>
<status status="PASS" start="2025-03-12T08:43:43.359322" elapsed="0.512122"/>
</kw>
<kw name="Click Element" owner="SeleniumLibrary">
<msg time="2025-03-12T08:43:43.871444" level="INFO">Clicking element 'xpath=//button[@class='swal-button swal-button--cancel']'.</msg>
<arg>xpath=//button[@class='swal-button swal-button--cancel']</arg>
<doc>Click the element identified by ``locator``.</doc>
<status status="PASS" start="2025-03-12T08:43:43.871444" elapsed="1.066671"/>
</kw>
<status status="PASS" start="2025-03-12T08:43:09.751318" elapsed="35.186797"/>
</kw>
<status status="PASS" start="2025-03-12T08:43:09.750300" elapsed="35.188848"/>
</test>
<test id="s1-t6" name="Verify English Research Project Page" line="65">
<kw name="Verify Research Project Page English">
<kw name="Click Element" owner="SeleniumLibrary">
<msg time="2025-03-12T08:43:44.941451" level="INFO">Clicking element 'xpath=//a[contains(@href, '/researchProjects')]'.</msg>
<arg>${RESEARCH_PROJECT_URL}</arg>
<doc>Click the element identified by ``locator``.</doc>
<status status="PASS" start="2025-03-12T08:43:44.941451" elapsed="1.913722"/>
</kw>
<kw name="Wait Until Page Contains" owner="SeleniumLibrary">
<arg>Research Project</arg>
<doc>Waits until ``text`` appears on the current page.</doc>
<status status="PASS" start="2025-03-12T08:43:46.855173" elapsed="0.523105"/>
</kw>
<kw name="Wait Until Page Contains" owner="SeleniumLibrary">
<arg>Add</arg>
<doc>Waits until ``text`` appears on the current page.</doc>
<status status="PASS" start="2025-03-12T08:43:47.378278" elapsed="0.509802"/>
</kw>
<kw name="Wait Until Page Contains" owner="SeleniumLibrary">
<arg>No.</arg>
<doc>Waits until ``text`` appears on the current page.</doc>
<status status="PASS" start="2025-03-12T08:43:47.888080" elapsed="0.510235"/>
</kw>
<kw name="Wait Until Page Contains" owner="SeleniumLibrary">
<arg>Year</arg>
<doc>Waits until ``text`` appears on the current page.</doc>
<status status="PASS" start="2025-03-12T08:43:48.398315" elapsed="0.509474"/>
</kw>
<kw name="Wait Until Page Contains" owner="SeleniumLibrary">
<arg>Project Name</arg>
<doc>Waits until ``text`` appears on the current page.</doc>
<status status="PASS" start="2025-03-12T08:43:48.907789" elapsed="0.516208"/>
</kw>
<kw name="Wait Until Page Contains" owner="SeleniumLibrary">
<arg>Head</arg>
<doc>Waits until ``text`` appears on the current page.</doc>
<status status="PASS" start="2025-03-12T08:43:49.423997" elapsed="0.514589"/>
</kw>
<kw name="Wait Until Page Contains" owner="SeleniumLibrary">
<arg>Member</arg>
<doc>Waits until ``text`` appears on the current page.</doc>
<status status="PASS" start="2025-03-12T08:43:49.939626" elapsed="0.521308"/>
</kw>
<kw name="Wait Until Page Contains" owner="SeleniumLibrary">
<arg>Action</arg>
<doc>Waits until ``text`` appears on the current page.</doc>
<status status="PASS" start="2025-03-12T08:43:50.460934" elapsed="0.515849"/>
</kw>
<kw name="Wait Until Page Contains" owner="SeleniumLibrary">
<arg>Search:</arg>
<doc>Waits until ``text`` appears on the current page.</doc>
<status status="PASS" start="2025-03-12T08:43:50.976783" elapsed="0.510958"/>
</kw>
<kw name="Wait Until Page Contains" owner="SeleniumLibrary">
<arg>Previous</arg>
<doc>Waits until ``text`` appears on the current page.</doc>
<status status="PASS" start="2025-03-12T08:43:51.487741" elapsed="0.510830"/>
</kw>
<kw name="Wait Until Page Contains" owner="SeleniumLibrary">
<arg>Next</arg>
<doc>Waits until ``text`` appears on the current page.</doc>
<status status="PASS" start="2025-03-12T08:43:51.998571" elapsed="0.511057"/>
</kw>
<kw name="Click Element" owner="SeleniumLibrary">
<msg time="2025-03-12T08:43:52.510162" level="INFO">Clicking element 'xpath=//a[contains(@href, '/researchProjects/create')]'.</msg>
<arg>${CREATE_RESEARCH_PROJECT_URL}</arg>
<doc>Click the element identified by ``locator``.</doc>
<status status="PASS" start="2025-03-12T08:43:52.509628" elapsed="1.857062"/>
</kw>
<kw name="Wait Until Page Contains" owner="SeleniumLibrary">
<arg>Research Project</arg>
<doc>Waits until ``text`` appears on the current page.</doc>
<status status="PASS" start="2025-03-12T08:43:54.366690" elapsed="0.513006"/>
</kw>
<kw name="Wait Until Page Contains" owner="SeleniumLibrary">
<arg>Input Research Project Detail</arg>
<doc>Waits until ``text`` appears on the current page.</doc>
<status status="PASS" start="2025-03-12T08:43:54.879696" elapsed="0.518804"/>
</kw>
<kw name="Wait Until Page Contains" owner="SeleniumLibrary">
<arg>Project Name</arg>
<doc>Waits until ``text`` appears on the current page.</doc>
<status status="PASS" start="2025-03-12T08:43:55.398500" elapsed="0.513873"/>
</kw>
<kw name="Wait Until Page Contains" owner="SeleniumLibrary">
<arg>Start Date</arg>
<doc>Waits until ``text`` appears on the current page.</doc>
<status status="PASS" start="2025-03-12T08:43:55.912373" elapsed="0.511796"/>
</kw>
<kw name="Wait Until Page Contains" owner="SeleniumLibrary">
<arg>End Date</arg>
<doc>Waits until ``text`` appears on the current page.</doc>
<status status="PASS" start="2025-03-12T08:43:56.424169" elapsed="0.515114"/>
</kw>
<kw name="Wait Until Page Contains" owner="SeleniumLibrary">
<arg>Choose the fund</arg>
<doc>Waits until ``text`` appears on the current page.</doc>
<status status="PASS" start="2025-03-12T08:43:56.939406" elapsed="0.512937"/>
</kw>
<kw name="Wait Until Page Contains" owner="SeleniumLibrary">
<arg>Year of submission (AD)</arg>
<doc>Waits until ``text`` appears on the current page.</doc>
<status status="PASS" start="2025-03-12T08:43:57.452343" elapsed="0.521484"/>
</kw>
<kw name="Wait Until Page Contains" owner="SeleniumLibrary">
<arg>Budget</arg>
<doc>Waits until ``text`` appears on the current page.</doc>
<status status="PASS" start="2025-03-12T08:43:57.974155" elapsed="0.518304"/>
</kw>
<kw name="Wait Until Page Contains" owner="SeleniumLibrary">
<arg>Responsible Department</arg>
<doc>Waits until ``text`` appears on the current page.</doc>
<status status="PASS" start="2025-03-12T08:43:58.492459" elapsed="0.515606"/>
</kw>
<kw name="Wait Until Page Contains" owner="SeleniumLibrary">
<arg>Research Projects Detail</arg>
<doc>Waits until ``text`` appears on the current page.</doc>
<status status="PASS" start="2025-03-12T08:43:59.008065" elapsed="0.516573"/>
</kw>
<kw name="Wait Until Page Contains" owner="SeleniumLibrary">
<arg>Status</arg>
<doc>Waits until ``text`` appears on the current page.</doc>
<status status="PASS" start="2025-03-12T08:43:59.524638" elapsed="0.520965"/>
</kw>
<kw name="Wait Until Page Contains" owner="SeleniumLibrary">
<arg>Project Responsible</arg>
<doc>Waits until ``text`` appears on the current page.</doc>
<status status="PASS" start="2025-03-12T08:44:00.045603" elapsed="0.515758"/>
</kw>
<kw name="Wait Until Page Contains" owner="SeleniumLibrary">
<arg>Internal Co-Project Manager</arg>
<doc>Waits until ``text`` appears on the current page.</doc>
<status status="PASS" start="2025-03-12T08:44:00.561361" elapsed="0.516359"/>
</kw>
<kw name="Wait Until Page Contains" owner="SeleniumLibrary">
<arg>External Co-Project Manager</arg>
<doc>Waits until ``text`` appears on the current page.</doc>
<status status="PASS" start="2025-03-12T08:44:01.077720" elapsed="0.515495"/>
</kw>
<kw name="Wait Until Page Contains" owner="SeleniumLibrary">
<arg>Submit</arg>
<doc>Waits until ``text`` appears on the current page.</doc>
<status status="PASS" start="2025-03-12T08:44:01.593215" elapsed="0.512268"/>
</kw>
<kw name="Wait Until Page Contains" owner="SeleniumLibrary">
<arg>Cancel</arg>
<doc>Waits until ``text`` appears on the current page.</doc>
<status status="PASS" start="2025-03-12T08:44:02.105483" elapsed="0.513011"/>
</kw>
<kw name="Click Element" owner="SeleniumLibrary">
<msg time="2025-03-12T08:44:02.618494" level="INFO">Clicking element 'xpath=//a[contains(@href, '/researchProjects')]'.</msg>
<arg>${RESEARCH_PROJECT_URL}</arg>
<doc>Click the element identified by ``locator``.</doc>
<status status="PASS" start="2025-03-12T08:44:02.618494" elapsed="1.532755"/>
</kw>
<kw name="Click Element" owner="SeleniumLibrary">
<msg time="2025-03-12T08:44:04.152287" level="INFO">Clicking element 'xpath=//a[contains(@href, '/researchProjects/16')]'.</msg>
<arg>${SHOW_RESEARCH_PROJECT_DEMO_URL}</arg>
<doc>Click the element identified by ``locator``.</doc>
<status status="PASS" start="2025-03-12T08:44:04.151249" elapsed="1.560744"/>
</kw>
<kw name="Wait Until Page Contains" owner="SeleniumLibrary">
<arg>Research Projects Detail</arg>
<doc>Waits until ``text`` appears on the current page.</doc>
<status status="PASS" start="2025-03-12T08:44:05.711993" elapsed="0.512759"/>
</kw>
<kw name="Wait Until Page Contains" owner="SeleniumLibrary">
<arg>Description of the project</arg>
<doc>Waits until ``text`` appears on the current page.</doc>
<status status="PASS" start="2025-03-12T08:44:06.224752" elapsed="0.517334"/>
</kw>
<kw name="Wait Until Page Contains" owner="SeleniumLibrary">
<arg>Project Name</arg>
<doc>Waits until ``text`` appears on the current page.</doc>
<status status="PASS" start="2025-03-12T08:44:06.742086" elapsed="0.511493"/>
</kw>
<kw name="Wait Until Page Contains" owner="SeleniumLibrary">
<arg>Start Date</arg>
<doc>Waits until ``text`` appears on the current page.</doc>
<status status="PASS" start="2025-03-12T08:44:07.253777" elapsed="0.510146"/>
</kw>
<kw name="Wait Until Page Contains" owner="SeleniumLibrary">
<arg>End Date</arg>
<doc>Waits until ``text`` appears on the current page.</doc>
<status status="PASS" start="2025-03-12T08:44:07.764431" elapsed="0.512007"/>
</kw>
<kw name="Wait Until Page Contains" owner="SeleniumLibrary">
<arg>Fund Name</arg>
<doc>Waits until ``text`` appears on the current page.</doc>
<status status="PASS" start="2025-03-12T08:44:08.276438" elapsed="0.510380"/>
</kw>
<kw name="Wait Until Page Contains" owner="SeleniumLibrary">
<arg>Budget</arg>
<doc>Waits until ``text`` appears on the current page.</doc>
<status status="PASS" start="2025-03-12T08:44:08.786818" elapsed="0.509748"/>
</kw>
<kw name="Wait Until Page Contains" owner="SeleniumLibrary">
<arg>Note</arg>
<doc>Waits until ``text`` appears on the current page.</doc>
<status status="PASS" start="2025-03-12T08:44:09.296566" elapsed="0.514998"/>
</kw>
<kw name="Wait Until Page Contains" owner="SeleniumLibrary">
<arg>Status</arg>
<doc>Waits until ``text`` appears on the current page.</doc>
<status status="PASS" start="2025-03-12T08:44:09.811564" elapsed="0.510628"/>
</kw>
<kw name="Wait Until Page Contains" owner="SeleniumLibrary">
<arg>Project Responsible</arg>
<doc>Waits until ``text`` appears on the current page.</doc>
<status status="PASS" start="2025-03-12T08:44:10.322726" elapsed="0.511553"/>
</kw>
<kw name="Wait Until Page Contains" owner="SeleniumLibrary">
<arg>Member</arg>
<doc>Waits until ``text`` appears on the current page.</doc>
<status status="PASS" start="2025-03-12T08:44:10.834279" elapsed="0.511169"/>
</kw>
<kw name="Wait Until Page Contains" owner="SeleniumLibrary">
<arg>Back</arg>
<doc>Waits until ``text`` appears on the current page.</doc>
<status status="PASS" start="2025-03-12T08:44:11.345448" elapsed="0.511504"/>
</kw>
<kw name="Click Element" owner="SeleniumLibrary">
<msg time="2025-03-12T08:44:11.856952" level="INFO">Clicking element 'xpath=//a[contains(@href, '/researchProjects')]'.</msg>
<arg>${RESEARCH_PROJECT_URL}</arg>
<doc>Click the element identified by ``locator``.</doc>
<status status="PASS" start="2025-03-12T08:44:11.856952" elapsed="1.515199"/>
</kw>
<kw name="Click Element" owner="SeleniumLibrary">
<msg time="2025-03-12T08:44:13.372151" level="INFO">Clicking element 'xpath=(//a[@title='Edit'])[1]'.</msg>
<arg>xpath=(//a[@title='Edit'])[1]</arg>
<doc>Click the element identified by ``locator``.</doc>
<status status="PASS" start="2025-03-12T08:44:13.372151" elapsed="1.528962"/>
</kw>
<kw name="Wait Until Page Contains" owner="SeleniumLibrary">
<arg>Edit Research Project</arg>
<doc>Waits until ``text`` appears on the current page.</doc>
<status status="PASS" start="2025-03-12T08:44:14.901113" elapsed="0.515013"/>
</kw>
<kw name="Wait Until Page Contains" owner="SeleniumLibrary">
<arg>Edit Research Project Detail</arg>
<doc>Waits until ``text`` appears on the current page.</doc>
<status status="PASS" start="2025-03-12T08:44:15.416126" elapsed="0.514728"/>
</kw>
<kw name="Wait Until Page Contains" owner="SeleniumLibrary">
<arg>Project Name</arg>
<doc>Waits until ``text`` appears on the current page.</doc>
<status status="PASS" start="2025-03-12T08:44:15.930854" elapsed="0.509100"/>
</kw>
<kw name="Wait Until Page Contains" owner="SeleniumLibrary">
<arg>Start Date</arg>
<doc>Waits until ``text`` appears on the current page.</doc>
<status status="PASS" start="2025-03-12T08:44:16.439954" elapsed="0.513345"/>
</kw>
<kw name="Wait Until Page Contains" owner="SeleniumLibrary">
<arg>End Date</arg>
<doc>Waits until ``text`` appears on the current page.</doc>
<status status="PASS" start="2025-03-12T08:44:16.953299" elapsed="0.516715"/>
</kw>
<kw name="Wait Until Page Contains" owner="SeleniumLibrary">
<arg>Choose the fund</arg>
<doc>Waits until ``text`` appears on the current page.</doc>
<status status="PASS" start="2025-03-12T08:44:17.470014" elapsed="0.510102"/>
</kw>
<kw name="Wait Until Page Contains" owner="SeleniumLibrary">
<arg>Year of submission (AD)</arg>
<doc>Waits until ``text`` appears on the current page.</doc>
<status status="PASS" start="2025-03-12T08:44:17.980116" elapsed="0.510539"/>
</kw>
<kw name="Wait Until Page Contains" owner="SeleniumLibrary">
<arg>Budget</arg>
<doc>Waits until ``text`` appears on the current page.</doc>
<status status="PASS" start="2025-03-12T08:44:18.490655" elapsed="0.510855"/>
</kw>
<kw name="Wait Until Page Contains" owner="SeleniumLibrary">
<arg>Responsible Department</arg>
<doc>Waits until ``text`` appears on the current page.</doc>
<status status="PASS" start="2025-03-12T08:44:19.001510" elapsed="0.512527"/>
</kw>
<kw name="Wait Until Page Contains" owner="SeleniumLibrary">
<arg>Description of the project</arg>
<doc>Waits until ``text`` appears on the current page.</doc>
<status status="PASS" start="2025-03-12T08:44:19.514569" elapsed="0.512964"/>
</kw>
<kw name="Wait Until Page Contains" owner="SeleniumLibrary">
<arg>Status</arg>
<doc>Waits until ``text`` appears on the current page.</doc>
<status status="PASS" start="2025-03-12T08:44:20.027533" elapsed="0.512527"/>
</kw>
<kw name="Wait Until Page Contains" owner="SeleniumLibrary">
<arg>Project Responsible</arg>
<doc>Waits until ``text`` appears on the current page.</doc>
<status status="PASS" start="2025-03-12T08:44:20.540060" elapsed="0.510465"/>
</kw>
<kw name="Wait Until Page Contains" owner="SeleniumLibrary">
<arg>Internal Co-Project Manager</arg>
<doc>Waits until ``text`` appears on the current page.</doc>
<status status="PASS" start="2025-03-12T08:44:21.050525" elapsed="0.512112"/>
</kw>
<kw name="Wait Until Page Contains" owner="SeleniumLibrary">
<arg>External Co-Project Manager</arg>
<doc>Waits until ``text`` appears on the current page.</doc>
<status status="PASS" start="2025-03-12T08:44:21.562637" elapsed="0.511620"/>
</kw>
<kw name="Wait Until Page Contains" owner="SeleniumLibrary">
<arg>Submit</arg>
<doc>Waits until ``text`` appears on the current page.</doc>
<status status="PASS" start="2025-03-12T08:44:22.074257" elapsed="0.516279"/>
</kw>
<kw name="Wait Until Page Contains" owner="SeleniumLibrary">
<arg>Cancel</arg>
<doc>Waits until ``text`` appears on the current page.</doc>
<status status="PASS" start="2025-03-12T08:44:22.590536" elapsed="0.509990"/>
</kw>
<kw name="Click Element" owner="SeleniumLibrary">
<msg time="2025-03-12T08:44:23.101551" level="INFO">Clicking element 'xpath=//a[contains(@href, '/researchProjects')]'.</msg>
<arg>${RESEARCH_PROJECT_URL}</arg>
<doc>Click the element identified by ``locator``.</doc>
<status status="PASS" start="2025-03-12T08:44:23.100526" elapsed="1.533271"/>
</kw>
<kw name="Click Element" owner="SeleniumLibrary">
<msg time="2025-03-12T08:44:24.634815" level="INFO">Clicking element 'xpath=//button[@title='Delete']'.</msg>
<arg>xpath=//button[@title='Delete']</arg>
<doc>Click the element identified by ``locator``.</doc>
<status status="PASS" start="2025-03-12T08:44:24.633797" elapsed="1.074430"/>
</kw>
<kw name="Wait Until Page Contains" owner="SeleniumLibrary">
<arg>Are you sure?</arg>
<doc>Waits until ``text`` appears on the current page.</doc>
<status status="PASS" start="2025-03-12T08:44:25.708227" elapsed="0.518326"/>
</kw>
<kw name="Wait Until Page Contains" owner="SeleniumLibrary">
<arg>If you delete this, it will be gone forever.</arg>
<doc>Waits until ``text`` appears on the current page.</doc>
<status status="PASS" start="2025-03-12T08:44:26.226553" elapsed="0.509902"/>
</kw>
<kw name="Wait Until Page Contains" owner="SeleniumLibrary">
<arg>Cancel</arg>
<doc>Waits until ``text`` appears on the current page.</doc>
<status status="PASS" start="2025-03-12T08:44:26.736455" elapsed="0.512134"/>
</kw>
<kw name="Wait Until Page Contains" owner="SeleniumLibrary">
<arg>Submit</arg>
<doc>Waits until ``text`` appears on the current page.</doc>
<status status="PASS" start="2025-03-12T08:44:27.248589" elapsed="0.511027"/>
</kw>
<kw name="Click Element" owner="SeleniumLibrary">
<msg time="2025-03-12T08:44:27.760639" level="INFO">Clicking element 'xpath=//button[@class='swal-button swal-button--cancel']'.</msg>
<arg>xpath=//button[@class='swal-button swal-button--cancel']</arg>
<doc>Click the element identified by ``locator``.</doc>
<status status="PASS" start="2025-03-12T08:44:27.760639" elapsed="1.095214"/>
</kw>
<status status="PASS" start="2025-03-12T08:43:44.941451" elapsed="43.914402"/>
</kw>
<status status="PASS" start="2025-03-12T08:43:44.939459" elapsed="43.916394"/>
</test>
<test id="s1-t7" name="Verify English Research Group Page" line="68">
<kw name="Verify Research Group Page English">
<kw name="Click Element" owner="SeleniumLibrary">
<msg time="2025-03-12T08:44:28.858875" level="INFO">Clicking element 'xpath=//a[contains(@href, '/researchGroups')]'.</msg>
<arg>${RESEARCH_GROUP_URL}</arg>
<doc>Click the element identified by ``locator``.</doc>
<status status="PASS" start="2025-03-12T08:44:28.857870" elapsed="1.607306"/>
</kw>
<kw name="Wait Until Page Contains" owner="SeleniumLibrary">
<arg>Research Group</arg>
<doc>Waits until ``text`` appears on the current page.</doc>
<status status="PASS" start="2025-03-12T08:44:30.465176" elapsed="0.516050"/>
</kw>
<kw name="Wait Until Page Contains" owner="SeleniumLibrary">
<arg>Add</arg>
<doc>Waits until ``text`` appears on the current page.</doc>
<status status="PASS" start="2025-03-12T08:44:30.981226" elapsed="0.512212"/>
</kw>
<kw name="Wait Until Page Contains" owner="SeleniumLibrary">
<arg>No.</arg>
<doc>Waits until ``text`` appears on the current page.</doc>
<status status="PASS" start="2025-03-12T08:44:31.493934" elapsed="0.508837"/>
</kw>
<kw name="Wait Until Page Contains" owner="SeleniumLibrary">
<arg>Group Name</arg>
<doc>Waits until ``text`` appears on the current page.</doc>
<status status="PASS" start="2025-03-12T08:44:32.002771" elapsed="0.518052"/>
</kw>
<kw name="Wait Until Page Contains" owner="SeleniumLibrary">
<arg>Head</arg>
<doc>Waits until ``text`` appears on the current page.</doc>
<status status="PASS" start="2025-03-12T08:44:32.520823" elapsed="0.511105"/>
</kw>
<kw name="Wait Until Page Contains" owner="SeleniumLibrary">
<arg>Member</arg>
<doc>Waits until ``text`` appears on the current page.</doc>
<status status="PASS" start="2025-03-12T08:44:33.031928" elapsed="0.512170"/>
</kw>
<kw name="Wait Until Page Contains" owner="SeleniumLibrary">
<arg>Action</arg>
<doc>Waits until ``text`` appears on the current page.</doc>
<status status="PASS" start="2025-03-12T08:44:33.544098" elapsed="0.515618"/>
</kw>
<kw name="Wait Until Page Contains" owner="SeleniumLibrary">
<arg>Search:</arg>
<doc>Waits until ``text`` appears on the current page.</doc>
<status status="PASS" start="2025-03-12T08:44:34.059716" elapsed="0.516949"/>
</kw>
<kw name="Wait Until Page Contains" owner="SeleniumLibrary">
<arg>Previous</arg>
<doc>Waits until ``text`` appears on the current page.</doc>
<status status="PASS" start="2025-03-12T08:44:34.576665" elapsed="0.510561"/>
</kw>
<kw name="Wait Until Page Contains" owner="SeleniumLibrary">
<arg>Next</arg>
<doc>Waits until ``text`` appears on the current page.</doc>
<status status="PASS" start="2025-03-12T08:44:35.087226" elapsed="0.512633"/>
</kw>
<kw name="Click Element" owner="SeleniumLibrary">
<msg time="2025-03-12T08:44:35.600371" level="INFO">Clicking element 'xpath=//a[contains(@href, '/researchGroups/create')]'.</msg>
<arg>${CREATE_RESEARCH_GROUP_URL}</arg>
<doc>Click the element identified by ``locator``.</doc>
<status status="PASS" start="2025-03-12T08:44:35.600371" elapsed="1.615945"/>
</kw>
<kw name="Wait Until Page Contains" owner="SeleniumLibrary">
<arg>Create Research Group</arg>
<doc>Waits until ``text`` appears on the current page.</doc>
<status status="PASS" start="2025-03-12T08:44:37.216316" elapsed="0.516623"/>
</kw>
<kw name="Wait Until Page Contains" owner="SeleniumLibrary">
<arg>Input Research Group Detail</arg>
<doc>Waits until ``text`` appears on the current page.</doc>
<status status="PASS" start="2025-03-12T08:44:37.732939" elapsed="0.515312"/>
</kw>
<kw name="Wait Until Page Contains" owner="SeleniumLibrary">
<arg>Group Name (TH)</arg>
<doc>Waits until ``text`` appears on the current page.</doc>
<status status="PASS" start="2025-03-12T08:44:38.248251" elapsed="0.516702"/>
</kw>
<kw name="Wait Until Page Contains" owner="SeleniumLibrary">
<arg>Group Name (EN)</arg>
<doc>Waits until ``text`` appears on the current page.</doc>
<status status="PASS" start="2025-03-12T08:44:38.764953" elapsed="0.521536"/>
</kw>
<kw name="Wait Until Page Contains" owner="SeleniumLibrary">
<arg>Group Name (CN)</arg>
<doc>Waits until ``text`` appears on the current page.</doc>
<status status="PASS" start="2025-03-12T08:44:39.286489" elapsed="0.514637"/>
</kw>
<kw name="Wait Until Page Contains" owner="SeleniumLibrary">
<arg>Description (TH)</arg>
<doc>Waits until ``text`` appears on the current page.</doc>
<status status="PASS" start="2025-03-12T08:44:39.801126" elapsed="0.515809"/>
</kw>
<kw name="Wait Until Page Contains" owner="SeleniumLibrary">
<arg>Description (EN)</arg>
<doc>Waits until ``text`` appears on the current page.</doc>
<status status="PASS" start="2025-03-12T08:44:40.316935" elapsed="0.515190"/>
</kw>
<kw name="Wait Until Page Contains" owner="SeleniumLibrary">
<arg>Descriptions (CN)</arg>
<doc>Waits until ``text`` appears on the current page.</doc>
<status status="PASS" start="2025-03-12T08:44:40.832329" elapsed="0.515369"/>
</kw>
<kw name="Wait Until Page Contains" owner="SeleniumLibrary">
<arg>Detail (TH)</arg>
<doc>Waits until ``text`` appears on the current page.</doc>
<status status="PASS" start="2025-03-12T08:44:41.347698" elapsed="0.516927"/>
</kw>
<kw name="Wait Until Page Contains" owner="SeleniumLibrary">
<arg>Detail (EN)</arg>
<doc>Waits until ``text`` appears on the current page.</doc>
<status status="PASS" start="2025-03-12T08:44:41.864625" elapsed="0.516312"/>
</kw>
<kw name="Wait Until Page Contains" owner="SeleniumLibrary">
<arg>Detail (CN)</arg>
<doc>Waits until ``text`` appears on the current page.</doc>
<status status="PASS" start="2025-03-12T08:44:42.380937" elapsed="0.515901"/>
</kw>
<kw name="Wait Until Page Contains" owner="SeleniumLibrary">
<arg>Research Group Image</arg>
<doc>Waits until ``text`` appears on the current page.</doc>
<status status="PASS" start="2025-03-12T08:44:42.896838" elapsed="0.514293"/>
</kw>
<kw name="Wait Until Page Contains" owner="SeleniumLibrary">
<arg>Head</arg>
<doc>Waits until ``text`` appears on the current page.</doc>
<status status="PASS" start="2025-03-12T08:44:43.411131" elapsed="0.512875"/>
</kw>
<kw name="Wait Until Page Contains" owner="SeleniumLibrary">
<arg>Member</arg>
<doc>Waits until ``text`` appears on the current page.</doc>
<status status="PASS" start="2025-03-12T08:44:43.924006" elapsed="0.517679"/>
</kw>
<kw name="Wait Until Page Contains" owner="SeleniumLibrary">
<arg>Submit</arg>
<doc>Waits until ``text`` appears on the current page.</doc>
<status status="PASS" start="2025-03-12T08:44:44.441685" elapsed="0.511956"/>
</kw>
<kw name="Wait Until Page Contains" owner="SeleniumLibrary">
<arg>Back</arg>
<doc>Waits until ``text`` appears on the current page.</doc>
<status status="PASS" start="2025-03-12T08:44:44.953641" elapsed="0.511668"/>
</kw>
<kw name="Click Element" owner="SeleniumLibrary">
<msg time="2025-03-12T08:44:45.465309" level="INFO">Clicking element 'xpath=//a[contains(@href, '/researchGroups')]'.</msg>
<arg>${RESEARCH_GROUP_URL}</arg>
<doc>Click the element identified by ``locator``.</doc>
<status status="PASS" start="2025-03-12T08:44:45.465309" elapsed="1.569158"/>
</kw>
<kw name="Click Element" owner="SeleniumLibrary">
<msg time="2025-03-12T08:44:47.034974" level="INFO">Clicking element 'xpath=//a[contains(@href, '/researchGroups/9')]'.</msg>
<arg>${SHOW_RESEARCH_GROUP_DEMO_URL}</arg>
<doc>Click the element identified by ``locator``.</doc>
<status status="PASS" start="2025-03-12T08:44:47.034467" elapsed="1.511793"/>
</kw>
<kw name="Wait Until Page Contains" owner="SeleniumLibrary">
<arg>Research Group Detail</arg>
<doc>Waits until ``text`` appears on the current page.</doc>
<status status="PASS" start="2025-03-12T08:44:48.546260" elapsed="0.516601"/>
</kw>
<kw name="Wait Until Page Contains" owner="SeleniumLibrary">
<arg>Description of the group</arg>
<doc>Waits until ``text`` appears on the current page.</doc>
<status status="PASS" start="2025-03-12T08:44:49.063370" elapsed="0.515279"/>
</kw>
<kw name="Wait Until Page Contains" owner="SeleniumLibrary">
<arg>Group Name</arg>
<doc>Waits until ``text`` appears on the current page.</doc>
<status status="PASS" start="2025-03-12T08:44:49.578649" elapsed="0.510894"/>
</kw>
<kw name="Wait Until Page Contains" owner="SeleniumLibrary">
<arg>Research Group Detail</arg>
<doc>Waits until ``text`` appears on the current page.</doc>
<status status="PASS" start="2025-03-12T08:44:50.089543" elapsed="0.512401"/>
</kw>
<kw name="Wait Until Page Contains" owner="SeleniumLibrary">
<arg>Head</arg>
<doc>Waits until ``text`` appears on the current page.</doc>
<status status="PASS" start="2025-03-12T08:44:50.603027" elapsed="0.511785"/>
</kw>
<kw name="Wait Until Page Contains" owner="SeleniumLibrary">
<arg>Member</arg>
<doc>Waits until ``text`` appears on the current page.</doc>
<status status="PASS" start="2025-03-12T08:44:51.115022" elapsed="0.510519"/>
</kw>
<kw name="Wait Until Page Contains" owner="SeleniumLibrary">
<arg>Back</arg>
<doc>Waits until ``text`` appears on the current page.</doc>
<status status="PASS" start="2025-03-12T08:44:51.625541" elapsed="0.510352"/>
</kw>
<kw name="Click Element" owner="SeleniumLibrary">
<msg time="2025-03-12T08:44:52.136911" level="INFO">Clicking element 'xpath=//a[contains(@href, '/researchGroups')]'.</msg>
<arg>${RESEARCH_GROUP_URL}</arg>
<doc>Click the element identified by ``locator``.</doc>
<status status="PASS" start="2025-03-12T08:44:52.135893" elapsed="1.574579"/>
</kw>
<kw name="Click Element" owner="SeleniumLibrary">
<msg time="2025-03-12T08:44:53.710472" level="INFO">Clicking element 'xpath=(//a[@title='Edit'])[1]'.</msg>
<arg>xpath=(//a[@title='Edit'])[1]</arg>
<doc>Click the element identified by ``locator``.</doc>
<status status="PASS" start="2025-03-12T08:44:53.710472" elapsed="1.569575"/>
</kw>
<kw name="Wait Until Page Contains" owner="SeleniumLibrary">
<arg>Edit Research Group</arg>
<doc>Waits until ``text`` appears on the current page.</doc>
<status status="PASS" start="2025-03-12T08:44:55.280047" elapsed="0.513867"/>
</kw>
<kw name="Wait Until Page Contains" owner="SeleniumLibrary">
<arg>Edit Research Group Detail</arg>
<doc>Waits until ``text`` appears on the current page.</doc>
<status status="PASS" start="2025-03-12T08:44:55.793914" elapsed="0.515657"/>
</kw>
<kw name="Wait Until Page Contains" owner="SeleniumLibrary">
<arg>Group Name (TH)</arg>
<doc>Waits until ``text`` appears on the current page.</doc>
<status status="PASS" start="2025-03-12T08:44:56.309571" elapsed="0.516556"/>
</kw>
<kw name="Wait Until Page Contains" owner="SeleniumLibrary">
<arg>Group Name (EN)</arg>
<doc>Waits until ``text`` appears on the current page.</doc>
<status status="PASS" start="2025-03-12T08:44:56.826127" elapsed="0.512052"/>
</kw>
<kw name="Wait Until Page Contains" owner="SeleniumLibrary">
<arg>Group Name (CN)</arg>
<doc>Waits until ``text`` appears on the current page.</doc>
<status status="PASS" start="2025-03-12T08:44:57.338179" elapsed="0.512091"/>
</kw>
<kw name="Wait Until Page Contains" owner="SeleniumLibrary">
<arg>Description (TH)</arg>
<doc>Waits until ``text`` appears on the current page.</doc>
<status status="PASS" start="2025-03-12T08:44:57.850270" elapsed="0.512911"/>
</kw>
<kw name="Wait Until Page Contains" owner="SeleniumLibrary">
<arg>Description (EN)</arg>
<doc>Waits until ``text`` appears on the current page.</doc>
<status status="PASS" start="2025-03-12T08:44:58.365203" elapsed="0.547662"/>
</kw>
<kw name="Wait Until Page Contains" owner="SeleniumLibrary">
<arg>Descriptions (CN)</arg>
<doc>Waits until ``text`` appears on the current page.</doc>
<status status="PASS" start="2025-03-12T08:44:58.912865" elapsed="0.511880"/>
</kw>
<kw name="Wait Until Page Contains" owner="SeleniumLibrary">
<arg>Detail (TH)</arg>
<doc>Waits until ``text`` appears on the current page.</doc>
<status status="PASS" start="2025-03-12T08:44:59.424874" elapsed="0.511523"/>
</kw>
<kw name="Wait Until Page Contains" owner="SeleniumLibrary">
<arg>Detail (EN)</arg>
<doc>Waits until ``text`` appears on the current page.</doc>
<status status="PASS" start="2025-03-12T08:44:59.936534" elapsed="0.513491"/>
</kw>
<kw name="Wait Until Page Contains" owner="SeleniumLibrary">
<arg>Detail (EN)</arg>
<doc>Waits until ``text`` appears on the current page.</doc>
<status status="PASS" start="2025-03-12T08:45:00.450025" elapsed="0.513068"/>
</kw>
<kw name="Wait Until Page Contains" owner="SeleniumLibrary">
<arg>Research Group Image</arg>
<doc>Waits until ``text`` appears on the current page.</doc>
<status status="PASS" start="2025-03-12T08:45:00.963093" elapsed="0.512370"/>
</kw>
<kw name="Wait Until Page Contains" owner="SeleniumLibrary">
<arg>Head</arg>
<doc>Waits until ``text`` appears on the current page.</doc>
<status status="PASS" start="2025-03-12T08:45:01.475463" elapsed="0.511547"/>
</kw>
<kw name="Wait Until Page Contains" owner="SeleniumLibrary">
<arg>Member</arg>
<doc>Waits until ``text`` appears on the current page.</doc>
<status status="PASS" start="2025-03-12T08:45:01.987010" elapsed="0.511546"/>
</kw>
<kw name="Wait Until Page Contains" owner="SeleniumLibrary">
<arg>Submit</arg>
<doc>Waits until ``text`` appears on the current page.</doc>
<status status="PASS" start="2025-03-12T08:45:02.498556" elapsed="0.513123"/>
</kw>
<kw name="Wait Until Page Contains" owner="SeleniumLibrary">
<arg>Cancel</arg>
<doc>Waits until ``text`` appears on the current page.</doc>
<status status="PASS" start="2025-03-12T08:45:03.011679" elapsed="0.513646"/>
</kw>
<kw name="Click Element" owner="SeleniumLibrary">
<msg time="2025-03-12T08:45:03.525832" level="INFO">Clicking element 'xpath=//a[contains(@href, '/researchGroups')]'.</msg>
<arg>${RESEARCH_GROUP_URL}</arg>
<doc>Click the element identified by ``locator``.</doc>
<status status="PASS" start="2025-03-12T08:45:03.525325" elapsed="1.920079"/>
</kw>
<kw name="Click Element" owner="SeleniumLibrary">
<msg time="2025-03-12T08:45:05.445404" level="INFO">Clicking element 'xpath=//button[@title='Delete']'.</msg>
<arg>xpath=//button[@title='Delete']</arg>
<doc>Click the element identified by ``locator``.</doc>
<status status="PASS" start="2025-03-12T08:45:05.445404" elapsed="1.078262"/>
</kw>
<kw name="Wait Until Page Contains" owner="SeleniumLibrary">
<arg>Are you sure?</arg>
<doc>Waits until ``text`` appears on the current page.</doc>
<status status="PASS" start="2025-03-12T08:45:06.523666" elapsed="0.510250"/>
</kw>
<kw name="Wait Until Page Contains" owner="SeleniumLibrary">
<arg>If you delete this, it will be gone forever.</arg>
<doc>Waits until ``text`` appears on the current page.</doc>
<status status="PASS" start="2025-03-12T08:45:07.033916" elapsed="0.511132"/>
</kw>
<kw name="Wait Until Page Contains" owner="SeleniumLibrary">
<arg>Cancel</arg>
<doc>Waits until ``text`` appears on the current page.</doc>
<status status="PASS" start="2025-03-12T08:45:07.545563" elapsed="0.511125"/>
</kw>
<kw name="Wait Until Page Contains" owner="SeleniumLibrary">
<arg>Submit</arg>
<doc>Waits until ``text`` appears on the current page.</doc>
<status status="PASS" start="2025-03-12T08:45:08.056688" elapsed="0.509740"/>
</kw>
<kw name="Click Element" owner="SeleniumLibrary">
<msg time="2025-03-12T08:45:08.566936" level="INFO">Clicking element 'xpath=//button[@class='swal-button swal-button--cancel']'.</msg>
<arg>xpath=//button[@class='swal-button swal-button--cancel']</arg>
<doc>Click the element identified by ``locator``.</doc>
<status status="PASS" start="2025-03-12T08:45:08.566428" elapsed="1.065890"/>
</kw>
<status status="PASS" start="2025-03-12T08:44:28.857870" elapsed="40.774448"/>
</kw>
<status status="PASS" start="2025-03-12T08:44:28.856868" elapsed="40.776190"/>
</test>
<test id="s1-t8" name="Verify English Published Research Page" line="71">
<kw name="Verify Published Research Page English">
<kw name="Click Element" owner="SeleniumLibrary">
<msg time="2025-03-12T08:45:09.636063" level="INFO">Clicking element 'xpath=//a[@href='#ManagePublications']'.</msg>
<arg>xpath=//a[@href='#ManagePublications']</arg>
<doc>Click the element identified by ``locator``.</doc>
<status status="PASS" start="2025-03-12T08:45:09.635064" elapsed="1.079351"/>
</kw>
<kw name="Click Element" owner="SeleniumLibrary">
<msg time="2025-03-12T08:45:10.714415" level="INFO">Clicking element 'xpath=//a[contains(@href, '/papers')]'.</msg>
<arg>${PUBLISHED_RESEARCH_URL}</arg>
<doc>Click the element identified by ``locator``.</doc>
<status status="PASS" start="2025-03-12T08:45:10.714415" elapsed="2.150454"/>
</kw>
<kw name="Wait Until Page Contains" owner="SeleniumLibrary">
<arg>Published research</arg>
<doc>Waits until ``text`` appears on the current page.</doc>
<status status="PASS" start="2025-03-12T08:45:12.864869" elapsed="0.514867"/>
</kw>
<kw name="Wait Until Page Contains" owner="SeleniumLibrary">
<arg>Add</arg>
<doc>Waits until ``text`` appears on the current page.</doc>
<status status="PASS" start="2025-03-12T08:45:13.379736" elapsed="0.510725"/>
</kw>
<kw name="Wait Until Page Contains" owner="SeleniumLibrary">
<arg>Call Paper (All API)</arg>
<doc>Waits until ``text`` appears on the current page.</doc>
<status status="PASS" start="2025-03-12T08:45:13.891481" elapsed="0.514453"/>
</kw>
<kw name="Wait Until Page Contains" owner="SeleniumLibrary">
<arg>Call Paper (Scopus)</arg>
<doc>Waits until ``text`` appears on the current page.</doc>
<status status="PASS" start="2025-03-12T08:45:14.406445" elapsed="0.514301"/>
</kw>
<kw name="Wait Until Page Contains" owner="SeleniumLibrary">
<arg>Call Paper (Google Scholar)</arg>
<doc>Waits until ``text`` appears on the current page.</doc>
<status status="PASS" start="2025-03-12T08:45:14.920746" elapsed="0.517419"/>
</kw>
<kw name="Wait Until Page Contains" owner="SeleniumLibrary">
<arg>Call Paper (Web of Science)</arg>
<doc>Waits until ``text`` appears on the current page.</doc>
<status status="PASS" start="2025-03-12T08:45:15.438165" elapsed="0.513399"/>
</kw>
<kw name="Wait Until Page Contains" owner="SeleniumLibrary">
<arg>No.</arg>
<doc>Waits until ``text`` appears on the current page.</doc>
<status status="PASS" start="2025-03-12T08:45:15.951564" elapsed="0.511170"/>
</kw>
<kw name="Wait Until Page Contains" owner="SeleniumLibrary">
<arg>Title</arg>
<doc>Waits until ``text`` appears on the current page.</doc>
<status status="PASS" start="2025-03-12T08:45:16.462734" elapsed="0.529712"/>
</kw>
<kw name="Wait Until Page Contains" owner="SeleniumLibrary">
<arg>Type</arg>
<doc>Waits until ``text`` appears on the current page.</doc>
<status status="PASS" start="2025-03-12T08:45:16.992952" elapsed="0.514734"/>
</kw>
<kw name="Wait Until Page Contains" owner="SeleniumLibrary">
<arg>Year</arg>
<doc>Waits until ``text`` appears on the current page.</doc>
<status status="PASS" start="2025-03-12T08:45:17.507686" elapsed="0.515513"/>
</kw>
<kw name="Wait Until Page Contains" owner="SeleniumLibrary">
<arg>API Fetch Date</arg>
<doc>Waits until ``text`` appears on the current page.</doc>
<status status="PASS" start="2025-03-12T08:45:18.023199" elapsed="0.516982"/>
</kw>
<kw name="Wait Until Page Contains" owner="SeleniumLibrary">
<arg>Action</arg>
<doc>Waits until ``text`` appears on the current page.</doc>
<status status="PASS" start="2025-03-12T08:45:18.540181" elapsed="0.565332"/>
</kw>
<kw name="Wait Until Page Contains" owner="SeleniumLibrary">
<arg>Search:</arg>
<doc>Waits until ``text`` appears on the current page.</doc>
<status status="PASS" start="2025-03-12T08:45:19.105513" elapsed="0.529859"/>
</kw>
<kw name="Wait Until Page Contains" owner="SeleniumLibrary">
<arg>Previous</arg>
<doc>Waits until ``text`` appears on the current page.</doc>
<status status="PASS" start="2025-03-12T08:45:19.635372" elapsed="0.513931"/>
</kw>
<kw name="Wait Until Page Contains" owner="SeleniumLibrary">
<arg>Next</arg>
<doc>Waits until ``text`` appears on the current page.</doc>
<status status="PASS" start="2025-03-12T08:45:20.149303" elapsed="0.511048"/>
</kw>
<kw name="Click Element" owner="SeleniumLibrary">
<msg time="2025-03-12T08:45:20.661374" level="INFO">Clicking element 'xpath=//a[contains(@href, '/papers/create')]'.</msg>
<arg>${CREATE_PUBLISHED_RESEARCH_URL}</arg>
<doc>Click the element identified by ``locator``.</doc>
<status status="PASS" start="2025-03-12T08:45:20.661374" elapsed="2.390925"/>
</kw>
<kw name="Wait Until Page Contains" owner="SeleniumLibrary">
<arg>Create Published Research</arg>
<doc>Waits until ``text`` appears on the current page.</doc>
<status status="PASS" start="2025-03-12T08:45:23.052299" elapsed="0.519368"/>
</kw>
<kw name="Wait Until Page Contains" owner="SeleniumLibrary">
<arg>Input Published Research Detail</arg>
<doc>Waits until ``text`` appears on the current page.</doc>
<status status="PASS" start="2025-03-12T08:45:23.571667" elapsed="0.518760"/>
</kw>
<kw name="Wait Until Page Contains" owner="SeleniumLibrary">
<arg>Research Publication Source</arg>
<doc>Waits until ``text`` appears on the current page.</doc>
<status status="PASS" start="2025-03-12T08:45:24.090427" elapsed="0.518845"/>
</kw>
<kw name="Wait Until Page Contains" owner="SeleniumLibrary">
<arg>Title</arg>
<doc>Waits until ``text`` appears on the current page.</doc>
<status status="PASS" start="2025-03-12T08:45:24.609272" elapsed="0.512777"/>
</kw>
<kw name="Wait Until Page Contains" owner="SeleniumLibrary">
<arg>Abstract</arg>
<doc>Waits until ``text`` appears on the current page.</doc>
<status status="PASS" start="2025-03-12T08:45:25.122049" elapsed="0.519873"/>
</kw>
<kw name="Wait Until Page Contains" owner="SeleniumLibrary">
<arg>Keyword</arg>
<doc>Waits until ``text`` appears on the current page.</doc>
<status status="PASS" start="2025-03-12T08:45:25.641922" elapsed="0.519679"/>
</kw>
<kw name="Wait Until Page Contains" owner="SeleniumLibrary">
<arg>Journal Type</arg>
<doc>Waits until ``text`` appears on the current page.</doc>
<status status="PASS" start="2025-03-12T08:45:26.161601" elapsed="0.519656"/>
</kw>
<kw name="Wait Until Page Contains" owner="SeleniumLibrary">
<arg>Document Type</arg>
<doc>Waits until ``text`` appears on the current page.</doc>
<status status="PASS" start="2025-03-12T08:45:26.681257" elapsed="0.520272"/>
</kw>
<kw name="Wait Until Page Contains" owner="SeleniumLibrary">
<arg>Publication</arg>
<doc>Waits until ``text`` appears on the current page.</doc>
<status status="PASS" start="2025-03-12T08:45:27.201529" elapsed="0.515157"/>
</kw>
<kw name="Wait Until Page Contains" owner="SeleniumLibrary">
<arg>Journal Name</arg>
<doc>Waits until ``text`` appears on the current page.</doc>
<status status="PASS" start="2025-03-12T08:45:27.716686" elapsed="0.519694"/>
</kw>
<kw name="Wait Until Page Contains" owner="SeleniumLibrary">
<arg>Year (In A.D.)</arg>
<doc>Waits until ``text`` appears on the current page.</doc>
<status status="PASS" start="2025-03-12T08:45:28.236380" elapsed="0.521948"/>
</kw>
<kw name="Wait Until Page Contains" owner="SeleniumLibrary">
<arg>Volume</arg>
<doc>Waits until ``text`` appears on the current page.</doc>
<status status="PASS" start="2025-03-12T08:45:28.758328" elapsed="0.516124"/>
</kw>
<kw name="Wait Until Page Contains" owner="SeleniumLibrary">
<arg>Issue</arg>
<doc>Waits until ``text`` appears on the current page.</doc>
<status status="PASS" start="2025-03-12T08:45:29.274452" elapsed="0.519504"/>
</kw>
<kw name="Wait Until Page Contains" owner="SeleniumLibrary">
<arg>Citation Count</arg>
<doc>Waits until ``text`` appears on the current page.</doc>
<status status="PASS" start="2025-03-12T08:45:29.793956" elapsed="0.521496"/>
</kw>
<kw name="Wait Until Page Contains" owner="SeleniumLibrary">
<arg>Page</arg>
<doc>Waits until ``text`` appears on the current page.</doc>
<status status="PASS" start="2025-03-12T08:45:30.315452" elapsed="0.514786"/>
</kw>
<kw name="Wait Until Page Contains" owner="SeleniumLibrary">
<arg>DOI</arg>
<doc>Waits until ``text`` appears on the current page.</doc>
<status status="PASS" start="2025-03-12T08:45:30.830238" elapsed="0.514273"/>
</kw>
<kw name="Wait Until Page Contains" owner="SeleniumLibrary">
<arg>Funder</arg>
<doc>Waits until ``text`` appears on the current page.</doc>
<status status="PASS" start="2025-03-12T08:45:31.344511" elapsed="0.515836"/>
</kw>
<kw name="Wait Until Page Contains" owner="SeleniumLibrary">
<arg>URL</arg>
<doc>Waits until ``text`` appears on the current page.</doc>
<status status="PASS" start="2025-03-12T08:45:31.860347" elapsed="0.514264"/>
</kw>
<kw name="Wait Until Page Contains" owner="SeleniumLibrary">
<arg>Author Name (Internal Author)</arg>
<doc>Waits until ``text`` appears on the current page.</doc>
<status status="PASS" start="2025-03-12T08:45:32.374611" elapsed="0.514321"/>
</kw>
<kw name="Wait Until Page Contains" owner="SeleniumLibrary">
<arg>Author Name (External Author)</arg>
<doc>Waits until ``text`` appears on the current page.</doc>
<status status="PASS" start="2025-03-12T08:45:32.888932" elapsed="0.514244"/>
</kw>
<kw name="Wait Until Page Contains" owner="SeleniumLibrary">
<arg>Submit</arg>
<doc>Waits until ``text`` appears on the current page.</doc>
<status status="PASS" start="2025-03-12T08:45:33.403176" elapsed="0.511700"/>
</kw>
<kw name="Wait Until Page Contains" owner="SeleniumLibrary">
<arg>Cancel</arg>
<doc>Waits until ``text`` appears on the current page.</doc>
<status status="PASS" start="2025-03-12T08:45:33.914876" elapsed="0.511553"/>
</kw>
<kw name="Click Element" owner="SeleniumLibrary">
<msg time="2025-03-12T08:45:34.426429" level="INFO">Clicking element 'xpath=//a[@href='#ManagePublications']'.</msg>
<arg>xpath=//a[@href='#ManagePublications']</arg>
<doc>Click the element identified by ``locator``.</doc>
<status status="PASS" start="2025-03-12T08:45:34.426429" elapsed="1.085327"/>
</kw>
<kw name="Click Element" owner="SeleniumLibrary">
<msg time="2025-03-12T08:45:35.511756" level="INFO">Clicking element 'xpath=//a[contains(@href, '/papers')]'.</msg>
<arg>${PUBLISHED_RESEARCH_URL}</arg>
<doc>Click the element identified by ``locator``.</doc>
<status status="PASS" start="2025-03-12T08:45:35.511756" elapsed="2.013705"/>
</kw>
<kw name="Click Element" owner="SeleniumLibrary">
<msg time="2025-03-12T08:45:37.525973" level="INFO">Clicking element 'xpath=//a[contains(@href, '/papers/283')]'.</msg>
<arg>${SHOW_PUBLISHED_RESEARCH_DEMO_URL}</arg>
<doc>Click the element identified by ``locator``.</doc>
<status status="PASS" start="2025-03-12T08:45:37.525461" elapsed="1.616529"/>
</kw>
<kw name="Wait Until Page Contains" owner="SeleniumLibrary">
<arg>Published Research Detail</arg>
<doc>Waits until ``text`` appears on the current page.</doc>
<status status="PASS" start="2025-03-12T08:45:39.141990" elapsed="0.515312"/>
</kw>
<kw name="Wait Until Page Contains" owner="SeleniumLibrary">
<arg>Description of the research</arg>
<doc>Waits until ``text`` appears on the current page.</doc>
<status status="PASS" start="2025-03-12T08:45:39.657302" elapsed="0.514525"/>
</kw>
<kw name="Wait Until Page Contains" owner="SeleniumLibrary">
<arg>Title</arg>
<doc>Waits until ``text`` appears on the current page.</doc>
<status status="PASS" start="2025-03-12T08:45:40.171827" elapsed="0.510796"/>
</kw>
<kw name="Wait Until Page Contains" owner="SeleniumLibrary">
<arg>Abstract</arg>
<doc>Waits until ``text`` appears on the current page.</doc>
<status status="PASS" start="2025-03-12T08:45:40.682623" elapsed="0.509986"/>
</kw>
<kw name="Wait Until Page Contains" owner="SeleniumLibrary">
<arg>Keyword</arg>
<doc>Waits until ``text`` appears on the current page.</doc>
<status status="PASS" start="2025-03-12T08:45:41.192609" elapsed="0.510081"/>
</kw>
<kw name="Wait Until Page Contains" owner="SeleniumLibrary">
<arg>Journal Type</arg>
<doc>Waits until ``text`` appears on the current page.</doc>
<status status="PASS" start="2025-03-12T08:45:41.702690" elapsed="0.511249"/>
</kw>
<kw name="Wait Until Page Contains" owner="SeleniumLibrary">
<arg>Document Type</arg>
<doc>Waits until ``text`` appears on the current page.</doc>
<status status="PASS" start="2025-03-12T08:45:42.213939" elapsed="0.510522"/>
</kw>
<kw name="Wait Until Page Contains" owner="SeleniumLibrary">
<arg>Publication</arg>
<doc>Waits until ``text`` appears on the current page.</doc>
<status status="PASS" start="2025-03-12T08:45:42.724461" elapsed="0.513293"/>
</kw>
<kw name="Wait Until Page Contains" owner="SeleniumLibrary">
<arg>Author</arg>
<doc>Waits until ``text`` appears on the current page.</doc>
<status status="PASS" start="2025-03-12T08:45:43.237754" elapsed="0.514621"/>
</kw>
<kw name="Wait Until Page Contains" owner="SeleniumLibrary">
<arg>First Author:</arg>
<doc>Waits until ``text`` appears on the current page.</doc>
<status status="PASS" start="2025-03-12T08:45:43.752375" elapsed="0.514255"/>
</kw>
<kw name="Wait Until Page Contains" owner="SeleniumLibrary">
<arg>Corresponding Author:</arg>
<doc>Waits until ``text`` appears on the current page.</doc>
<status status="PASS" start="2025-03-12T08:45:44.266630" elapsed="0.513500"/>
</kw>
<kw name="Wait Until Page Contains" owner="SeleniumLibrary">
<arg>Journal Name</arg>
<doc>Waits until ``text`` appears on the current page.</doc>
<status status="PASS" start="2025-03-12T08:45:44.780130" elapsed="0.509703"/>
</kw>
<kw name="Wait Until Page Contains" owner="SeleniumLibrary">
<arg>Year</arg>
<doc>Waits until ``text`` appears on the current page.</doc>
<status status="PASS" start="2025-03-12T08:45:45.289833" elapsed="0.512076"/>
</kw>
<kw name="Wait Until Page Contains" owner="SeleniumLibrary">
<arg>Volume</arg>
<doc>Waits until ``text`` appears on the current page.</doc>
<status status="PASS" start="2025-03-12T08:45:45.801909" elapsed="0.510552"/>
</kw>
<kw name="Wait Until Page Contains" owner="SeleniumLibrary">
<arg>Issue</arg>
<doc>Waits until ``text`` appears on the current page.</doc>
<status status="PASS" start="2025-03-12T08:45:46.312461" elapsed="0.510325"/>
</kw>
<kw name="Wait Until Page Contains" owner="SeleniumLibrary">
<arg>Page</arg>
<doc>Waits until ``text`` appears on the current page.</doc>
<status status="PASS" start="2025-03-12T08:45:46.822786" elapsed="0.509727"/>
</kw>
<kw name="Wait Until Page Contains" owner="SeleniumLibrary">
<arg>DOI</arg>
<doc>Waits until ``text`` appears on the current page.</doc>
<status status="PASS" start="2025-03-12T08:45:47.332513" elapsed="0.509767"/>
</kw>
<kw name="Wait Until Page Contains" owner="SeleniumLibrary">
<arg>URL</arg>
<doc>Waits until ``text`` appears on the current page.</doc>
<status status="PASS" start="2025-03-12T08:45:47.842280" elapsed="0.510738"/>
</kw>
<kw name="Wait Until Page Contains" owner="SeleniumLibrary">
<arg>Back</arg>
<doc>Waits until ``text`` appears on the current page.</doc>
<status status="PASS" start="2025-03-12T08:45:48.353018" elapsed="0.510285"/>
</kw>
<kw name="Click Element" owner="SeleniumLibrary">
<msg time="2025-03-12T08:45:48.863812" level="INFO">Clicking element 'xpath=//a[@href='#ManagePublications']'.</msg>
<arg>xpath=//a[@href='#ManagePublications']</arg>
<doc>Click the element identified by ``locator``.</doc>
<status status="PASS" start="2025-03-12T08:45:48.863303" elapsed="1.082226"/>
</kw>
<kw name="Click Element" owner="SeleniumLibrary">
<msg time="2025-03-12T08:45:49.946069" level="INFO">Clicking element 'xpath=//a[contains(@href, '/papers')]'.</msg>
<arg>${PUBLISHED_RESEARCH_URL}</arg>
<doc>Click the element identified by ``locator``.</doc>
<status status="PASS" start="2025-03-12T08:45:49.945529" elapsed="2.003798"/>
</kw>
<kw name="Click Element" owner="SeleniumLibrary">
<msg time="2025-03-12T08:45:51.949327" level="INFO">Clicking element 'xpath=(//a[@title='Edit'])[1]'.</msg>
<arg>xpath=(//a[@title='Edit'])[1]</arg>
<doc>Click the element identified by ``locator``.</doc>
<status status="PASS" start="2025-03-12T08:45:51.949327" elapsed="1.678312"/>
</kw>
<kw name="Wait Until Page Contains" owner="SeleniumLibrary">
<arg>Edit Published Research</arg>
<doc>Waits until ``text`` appears on the current page.</doc>
<status status="PASS" start="2025-03-12T08:45:53.627639" elapsed="0.514257"/>
</kw>
<kw name="Wait Until Page Contains" owner="SeleniumLibrary">
<arg>Edit Published Research Detail</arg>
<doc>Waits until ``text`` appears on the current page.</doc>
<status status="PASS" start="2025-03-12T08:45:54.141896" elapsed="0.514856"/>
</kw>
<kw name="Wait Until Page Contains" owner="SeleniumLibrary">
[...]
<status status="NOT RUN" start="2025-03-12T08:55:43.848676" elapsed="0.000000"/>
</kw>
<status status="FAIL" start="2025-03-12T08:55:27.418984" elapsed="16.429692">Text '标题' did not appear in 5 seconds.</status>
</kw>
<status status="FAIL" start="2025-03-12T08:55:27.417990" elapsed="16.430686">Text '标题' did not appear in 5 seconds.</status>
</test>
<test id="s1-t26" name="Verify Chinese Other Academic Works Page" line="127">
<kw name="Verify Other Academic Works Page Chinese">
<kw name="Click Element" owner="SeleniumLibrary">
<msg time="2025-03-12T08:55:43.851676" level="INFO">Clicking element 'xpath=//a[contains(@href, '/patents')]'.</msg>
<msg time="2025-03-12T08:55:45.092153" level="INFO" html="true">&lt;/td&gt;&lt;/tr&gt;&lt;tr&gt;&lt;td colspan="3"&gt;&lt;a href="selenium-screenshot-3.png"&gt;&lt;img src="selenium-screenshot-3.png" width="800px"&gt;&lt;/a&gt;</msg>
<msg time="2025-03-12T08:55:45.092153" level="FAIL">ElementNotInteractableException: Message: element not interactable
  (Session info: chrome=134.0.6998.36)
Stacktrace:
	GetHandleVerifier [0x00007FF640CAFE45+26629]
	(No symbol) [0x00007FF640C16010]
	(No symbol) [0x00007FF640AA914C]
	(No symbol) [0x00007FF640B00D24]
	(No symbol) [0x00007FF640AF28A4]
	(No symbol) [0x00007FF640B27AAA]
	(No symbol) [0x00007FF640AF2156]
	(No symbol) [0x00007FF640B27CC0]
	(No symbol) [0x00007FF640B50169]
	(No symbol) [0x00007FF640B27883]
	(No symbol) [0x00007FF640AF0550]
	(No symbol) [0x00007FF640AF1803]
	GetHandleVerifier [0x00007FF6410072BD+3529853]
	GetHandleVerifier [0x00007FF64101DA22+3621858]
	GetHandleVerifier [0x00007FF6410124D3+3575443]
	GetHandleVerifier [0x00007FF640D7B77A+860474]
	(No symbol) [0x00007FF640C2088F]
	(No symbol) [0x00007FF640C1CBC4]
	(No symbol) [0x00007FF640C1CD66]
	(No symbol) [0x00007FF640C0C2C9]
	BaseThreadInitThunk [0x00007FF80D4A259D+29]
	RtlUserThreadStart [0x00007FF80E9CAF38+40]
</msg>
<arg>${OTHER_ACADEMIC_WORK_URL}</arg>
<doc>Click the element identified by ``locator``.</doc>
<status status="FAIL" start="2025-03-12T08:55:43.851676" elapsed="1.243013">ElementNotInteractableException: Message: element not interactable
  (Session info: chrome=134.0.6998.36)
Stacktrace:
	GetHandleVerifier [0x00007FF640CAFE45+26629]
	(No symbol) [0x00007FF640C16010]
	(No symbol) [0x00007FF640AA914C]
	(No symbol) [0x00007FF640B00D24]
	(No symbol) [0x00007FF640AF28A4]
	(No symbol) [0x00007FF640B27AAA]
	(No symbol) [0x00007FF640AF2156]
	(No symbol) [0x00007FF640B27CC0]
	(No symbol) [0x00007FF640B50169]
	(No symbol) [0x00007FF640B27883]
	(No symbol) [0x00007FF640AF0550]
	(No symbol) [0x00007FF640AF1803]
	GetHandleVerifier [0x00007FF6410072BD+3529853]
	GetHandleVerifier [0x00007FF64101DA22+3621858]
	GetHandleVerifier [0x00007FF6410124D3+3575443]
	GetHandleVerifier [0x00007FF640D7B77A+860474]
	(No symbol) [0x00007FF640C2088F]
	(No symbol) [0x00007FF640C1CBC4]
	(No symbol) [0x00007FF640C1CD66]
	(No symbol) [0x00007FF640C0C2C9]
	BaseThreadInitThunk [0x00007FF80D4A259D+29]
	RtlUserThreadStart [0x00007FF80E9CAF38+40]
</status>
</kw>
<kw name="Wait Until Page Contains" owner="SeleniumLibrary">
<arg>其他学术作品</arg>
<doc>Waits until ``text`` appears on the current page.</doc>
<status status="NOT RUN" start="2025-03-12T08:55:45.094689" elapsed="0.000000"/>
</kw>
<kw name="Wait Until Page Contains" owner="SeleniumLibrary">
<arg>添加</arg>
<doc>Waits until ``text`` appears on the current page.</doc>
<status status="NOT RUN" start="2025-03-12T08:55:45.095708" elapsed="0.000000"/>
</kw>
<kw name="Wait Until Page Contains" owner="SeleniumLibrary">
<arg>编号</arg>
<doc>Waits until ``text`` appears on the current page.</doc>
<status status="NOT RUN" start="2025-03-12T08:55:45.095708" elapsed="0.000000"/>
</kw>
<kw name="Wait Until Page Contains" owner="SeleniumLibrary">
<arg>标题</arg>
<doc>Waits until ``text`` appears on the current page.</doc>
<status status="NOT RUN" start="2025-03-12T08:55:45.095708" elapsed="0.000000"/>
</kw>
<kw name="Wait Until Page Contains" owner="SeleniumLibrary">
<arg>类型</arg>
<doc>Waits until ``text`` appears on the current page.</doc>
<status status="NOT RUN" start="2025-03-12T08:55:45.095708" elapsed="0.000000"/>
</kw>
<kw name="Wait Until Page Contains" owner="SeleniumLibrary">
<arg>注册日期</arg>
<doc>Waits until ``text`` appears on the current page.</doc>
<status status="NOT RUN" start="2025-03-12T08:55:45.095708" elapsed="0.000000"/>
</kw>
<kw name="Wait Until Page Contains" owner="SeleniumLibrary">
<arg>注册编号</arg>
<doc>Waits until ``text`` appears on the current page.</doc>
<status status="NOT RUN" start="2025-03-12T08:55:45.096702" elapsed="0.000000"/>
</kw>
<kw name="Wait Until Page Contains" owner="SeleniumLibrary">
<arg>作者</arg>
<doc>Waits until ``text`` appears on the current page.</doc>
<status status="NOT RUN" start="2025-03-12T08:55:45.096702" elapsed="0.000000"/>
</kw>
<kw name="Wait Until Page Contains" owner="SeleniumLibrary">
<arg>操作</arg>
<doc>Waits until ``text`` appears on the current page.</doc>
<status status="NOT RUN" start="2025-03-12T08:55:45.096702" elapsed="0.000000"/>
</kw>
<kw name="Wait Until Page Contains" owner="SeleniumLibrary">
<arg>搜索:</arg>
<doc>Waits until ``text`` appears on the current page.</doc>
<status status="NOT RUN" start="2025-03-12T08:55:45.096702" elapsed="0.000000"/>
</kw>
<kw name="Wait Until Page Contains" owner="SeleniumLibrary">
<arg>上一页</arg>
<doc>Waits until ``text`` appears on the current page.</doc>
<status status="NOT RUN" start="2025-03-12T08:55:45.096702" elapsed="0.000000"/>
</kw>
<kw name="Wait Until Page Contains" owner="SeleniumLibrary">
<arg>下一页</arg>
<doc>Waits until ``text`` appears on the current page.</doc>
<status status="NOT RUN" start="2025-03-12T08:55:45.097702" elapsed="0.000000"/>
</kw>
<kw name="Click Element" owner="SeleniumLibrary">
<arg>${CREATE_OTHER_ACADEMIC_WORK_URL}</arg>
<doc>Click the element identified by ``locator``.</doc>
<status status="NOT RUN" start="2025-03-12T08:55:45.097702" elapsed="0.000000"/>
</kw>
<kw name="Wait Until Page Contains" owner="SeleniumLibrary">
<arg>创建其他学术作品</arg>
<doc>Waits until ``text`` appears on the current page.</doc>
<status status="NOT RUN" start="2025-03-12T08:55:45.097702" elapsed="0.000000"/>
</kw>
<kw name="Wait Until Page Contains" owner="SeleniumLibrary">
<arg>输入其他学术作品详情 (专利、实用新型、版权)</arg>
<doc>Waits until ``text`` appears on the current page.</doc>
<status status="NOT RUN" start="2025-03-12T08:55:45.097702" elapsed="0.000000"/>
</kw>
<kw name="Wait Until Page Contains" owner="SeleniumLibrary">
<arg>其他学术作品 (专利、实用新型、版权)</arg>
<doc>Waits until ``text`` appears on the current page.</doc>
<status status="NOT RUN" start="2025-03-12T08:55:45.097702" elapsed="0.000000"/>
</kw>
<kw name="Wait Until Page Contains" owner="SeleniumLibrary">
<arg>类型</arg>
<doc>Waits until ``text`` appears on the current page.</doc>
<status status="NOT RUN" start="2025-03-12T08:55:45.097702" elapsed="0.000000"/>
</kw>
<kw name="Wait Until Page Contains" owner="SeleniumLibrary">
<arg>版权日期</arg>
<doc>Waits until ``text`` appears on the current page.</doc>
<status status="NOT RUN" start="2025-03-12T08:55:45.097702" elapsed="0.000000"/>
</kw>
<kw name="Wait Until Page Contains" owner="SeleniumLibrary">
<arg>注册编号</arg>
<doc>Waits until ``text`` appears on the current page.</doc>
<status status="NOT RUN" start="2025-03-12T08:55:45.097702" elapsed="0.000000"/>
</kw>
<kw name="Wait Until Page Contains" owner="SeleniumLibrary">
<arg>领域内的教师</arg>
<doc>Waits until ``text`` appears on the current page.</doc>
<status status="NOT RUN" start="2025-03-12T08:55:45.098701" elapsed="0.000000"/>
</kw>
<kw name="Wait Until Page Contains" owner="SeleniumLibrary">
<arg>外部人员 (合作)</arg>
<doc>Waits until ``text`` appears on the current page.</doc>
<status status="NOT RUN" start="2025-03-12T08:55:45.098701" elapsed="0.000000"/>
</kw>
<kw name="Wait Until Page Contains" owner="SeleniumLibrary">
<arg>名字</arg>
<doc>Waits until ``text`` appears on the current page.</doc>
<status status="NOT RUN" start="2025-03-12T08:55:45.098701" elapsed="0.000000"/>
</kw>
<kw name="Wait Until Page Contains" owner="SeleniumLibrary">
<arg>姓氏</arg>
<doc>Waits until ``text`` appears on the current page.</doc>
<status status="NOT RUN" start="2025-03-12T08:55:45.098701" elapsed="0.000000"/>
</kw>
<kw name="Wait Until Page Contains" owner="SeleniumLibrary">
<arg>提交</arg>
<doc>Waits until ``text`` appears on the current page.</doc>
<status status="NOT RUN" start="2025-03-12T08:55:45.098701" elapsed="0.001004"/>
</kw>
<kw name="Wait Until Page Contains" owner="SeleniumLibrary">
<arg>取消</arg>
<doc>Waits until ``text`` appears on the current page.</doc>
<status status="NOT RUN" start="2025-03-12T08:55:45.099705" elapsed="0.000000"/>
</kw>
<kw name="Click Element" owner="SeleniumLibrary">
<arg>xpath=//a[@href='#ManagePublications']</arg>
<doc>Click the element identified by ``locator``.</doc>
<status status="NOT RUN" start="2025-03-12T08:55:45.099705" elapsed="0.000000"/>
</kw>
<kw name="Click Element" owner="SeleniumLibrary">
<arg>${OTHER_ACADEMIC_WORK_URL}</arg>
<doc>Click the element identified by ``locator``.</doc>
<status status="NOT RUN" start="2025-03-12T08:55:45.099705" elapsed="0.000000"/>
</kw>
<kw name="Click Element" owner="SeleniumLibrary">
<arg>${SHOW_OTHER_ACADEMIC_WORK_DEMO_URL}</arg>
<doc>Click the element identified by ``locator``.</doc>
<status status="NOT RUN" start="2025-03-12T08:55:45.100702" elapsed="0.000000"/>
</kw>
<kw name="Wait Until Page Contains" owner="SeleniumLibrary">
<arg>其他学术成果详情（专利、实用新型、版权）</arg>
<doc>Waits until ``text`` appears on the current page.</doc>
<status status="NOT RUN" start="2025-03-12T08:55:45.100702" elapsed="0.000000"/>
</kw>
<kw name="Wait Until Page Contains" owner="SeleniumLibrary">
<arg>成果描述（专利、实用新型、版权）</arg>
<doc>Waits until ``text`` appears on the current page.</doc>
<status status="NOT RUN" start="2025-03-12T08:55:45.100702" elapsed="0.000000"/>
</kw>
<kw name="Wait Until Page Contains" owner="SeleniumLibrary">
<arg>标题</arg>
<doc>Waits until ``text`` appears on the current page.</doc>
<status status="NOT RUN" start="2025-03-12T08:55:45.100702" elapsed="0.000000"/>
</kw>
<kw name="Wait Until Page Contains" owner="SeleniumLibrary">
<arg>类型</arg>
<doc>Waits until ``text`` appears on the current page.</doc>
<status status="NOT RUN" start="2025-03-12T08:55:45.100702" elapsed="0.000000"/>
</kw>
<kw name="Wait Until Page Contains" owner="SeleniumLibrary">
<arg>注册日期</arg>
<doc>Waits until ``text`` appears on the current page.</doc>
<status status="NOT RUN" start="2025-03-12T08:55:45.101703" elapsed="0.000000"/>
</kw>
<kw name="Wait Until Page Contains" owner="SeleniumLibrary">
<arg>注册编号</arg>
<doc>Waits until ``text`` appears on the current page.</doc>
<status status="NOT RUN" start="2025-03-12T08:55:45.101703" elapsed="0.000000"/>
</kw>
<kw name="Wait Until Page Contains" owner="SeleniumLibrary">
<arg>编号</arg>
<doc>Waits until ``text`` appears on the current page.</doc>
<status status="NOT RUN" start="2025-03-12T08:55:45.101703" elapsed="0.000000"/>
</kw>
<kw name="Wait Until Page Contains" owner="SeleniumLibrary">
<arg>作者</arg>
<doc>Waits until ``text`` appears on the current page.</doc>
<status status="NOT RUN" start="2025-03-12T08:55:45.101703" elapsed="0.000000"/>
</kw>
<kw name="Wait Until Page Contains" owner="SeleniumLibrary">
<arg>共同作者</arg>
<doc>Waits until ``text`` appears on the current page.</doc>
<status status="NOT RUN" start="2025-03-12T08:55:45.101703" elapsed="0.000000"/>
</kw>
<kw name="Wait Until Page Contains" owner="SeleniumLibrary">
<arg>返回</arg>
<doc>Waits until ``text`` appears on the current page.</doc>
<status status="NOT RUN" start="2025-03-12T08:55:45.101703" elapsed="0.000000"/>
</kw>
<kw name="Click Element" owner="SeleniumLibrary">
<arg>xpath=//a[@href='#ManagePublications']</arg>
<doc>Click the element identified by ``locator``.</doc>
<status status="NOT RUN" start="2025-03-12T08:55:45.101703" elapsed="0.000000"/>
</kw>
<kw name="Click Element" owner="SeleniumLibrary">
<arg>${OTHER_ACADEMIC_WORK_URL}</arg>
<doc>Click the element identified by ``locator``.</doc>
<status status="NOT RUN" start="2025-03-12T08:55:45.101703" elapsed="0.000000"/>
</kw>
<kw name="Click Element" owner="SeleniumLibrary">
<arg>xpath=(//a[@title='Edit'])[1]</arg>
<doc>Click the element identified by ``locator``.</doc>
<status status="NOT RUN" start="2025-03-12T08:55:45.101703" elapsed="0.000000"/>
</kw>
<kw name="Wait Until Page Contains" owner="SeleniumLibrary">
<arg>编辑其他学术作品</arg>
<doc>Waits until ``text`` appears on the current page.</doc>
<status status="NOT RUN" start="2025-03-12T08:55:45.102700" elapsed="0.000000"/>
</kw>
<kw name="Wait Until Page Contains" owner="SeleniumLibrary">
<arg>编辑其他学术作品详情</arg>
<doc>Waits until ``text`` appears on the current page.</doc>
<status status="NOT RUN" start="2025-03-12T08:55:45.102700" elapsed="0.000000"/>
</kw>
<kw name="Wait Until Page Contains" owner="SeleniumLibrary">
<arg>标题</arg>
<doc>Waits until ``text`` appears on the current page.</doc>
<status status="NOT RUN" start="2025-03-12T08:55:45.102700" elapsed="0.000000"/>
</kw>
<kw name="Wait Until Page Contains" owner="SeleniumLibrary">
<arg>类型</arg>
<doc>Waits until ``text`` appears on the current page.</doc>
<status status="NOT RUN" start="2025-03-12T08:55:45.102700" elapsed="0.000000"/>
</kw>
<kw name="Wait Until Page Contains" owner="SeleniumLibrary">
<arg>版权日期</arg>
<doc>Waits until ``text`` appears on the current page.</doc>
<status status="NOT RUN" start="2025-03-12T08:55:45.102700" elapsed="0.000000"/>
</kw>
<kw name="Wait Until Page Contains" owner="SeleniumLibrary">
<arg>注册编号</arg>
<doc>Waits until ``text`` appears on the current page.</doc>
<status status="NOT RUN" start="2025-03-12T08:55:45.102700" elapsed="0.000000"/>
</kw>
<kw name="Wait Until Page Contains" owner="SeleniumLibrary">
<arg>领域内的教师</arg>
<doc>Waits until ``text`` appears on the current page.</doc>
<status status="NOT RUN" start="2025-03-12T08:55:45.102700" elapsed="0.001004"/>
</kw>
<kw name="Wait Until Page Contains" owner="SeleniumLibrary">
<arg>外部人员 (合作)</arg>
<doc>Waits until ``text`` appears on the current page.</doc>
<status status="NOT RUN" start="2025-03-12T08:55:45.103704" elapsed="0.000000"/>
</kw>
<kw name="Wait Until Page Contains" owner="SeleniumLibrary">
<arg>提交</arg>
<doc>Waits until ``text`` appears on the current page.</doc>
<status status="NOT RUN" start="2025-03-12T08:55:45.103704" elapsed="0.000000"/>
</kw>
<kw name="Wait Until Page Contains" owner="SeleniumLibrary">
<arg>取消</arg>
<doc>Waits until ``text`` appears on the current page.</doc>
<status status="NOT RUN" start="2025-03-12T08:55:45.104215" elapsed="0.000000"/>
</kw>
<kw name="Click Element" owner="SeleniumLibrary">
<arg>xpath=//a[@href='#ManagePublications']</arg>
<doc>Click the element identified by ``locator``.</doc>
<status status="NOT RUN" start="2025-03-12T08:55:45.104215" elapsed="0.000000"/>
</kw>
<kw name="Click Element" owner="SeleniumLibrary">
<arg>${OTHER_ACADEMIC_WORK_URL}</arg>
<doc>Click the element identified by ``locator``.</doc>
<status status="NOT RUN" start="2025-03-12T08:55:45.104215" elapsed="0.000000"/>
</kw>
<kw name="Click Element" owner="SeleniumLibrary">
<arg>xpath=//button[@title='Delete']</arg>
<doc>Click the element identified by ``locator``.</doc>
<status status="NOT RUN" start="2025-03-12T08:55:45.104215" elapsed="0.001018"/>
</kw>
<kw name="Wait Until Page Contains" owner="SeleniumLibrary">
<arg>您确定要删除此基金吗？</arg>
<doc>Waits until ``text`` appears on the current page.</doc>
<status status="NOT RUN" start="2025-03-12T08:55:45.105233" elapsed="0.000000"/>
</kw>
<kw name="Wait Until Page Contains" owner="SeleniumLibrary">
<arg>您将无法恢复已删除的数据！</arg>
<doc>Waits until ``text`` appears on the current page.</doc>
<status status="NOT RUN" start="2025-03-12T08:55:45.105233" elapsed="0.000000"/>
</kw>
<kw name="Wait Until Page Contains" owner="SeleniumLibrary">
<arg>取消</arg>
<doc>Waits until ``text`` appears on the current page.</doc>
<status status="NOT RUN" start="2025-03-12T08:55:45.105233" elapsed="0.000000"/>
</kw>
<kw name="Wait Until Page Contains" owner="SeleniumLibrary">
<arg>提交</arg>
<doc>Waits until ``text`` appears on the current page.</doc>
<status status="NOT RUN" start="2025-03-12T08:55:45.105233" elapsed="0.000000"/>
</kw>
<kw name="Click Element" owner="SeleniumLibrary">
<arg>xpath=//button[@class='swal-button swal-button--cancel']</arg>
<doc>Click the element identified by ``locator``.</doc>
<status status="NOT RUN" start="2025-03-12T08:55:45.106250" elapsed="0.000000"/>
</kw>
<status status="FAIL" start="2025-03-12T08:55:43.850671" elapsed="1.255579">ElementNotInteractableException: Message: element not interactable
  (Session info: chrome=134.0.6998.36)
Stacktrace:
	GetHandleVerifier [0x00007FF640CAFE45+26629]
	(No symbol) [0x00007FF640C16010]
	(No symbol) [0x00007FF640AA914C]
	(No symbol) [0x00007FF640B00D24]
	(No symbol) [0x00007FF640AF28A4]
	(No symbol) [0x00007FF640B27AAA]
	(No symbol) [0x00007FF640AF2156]
	(No symbol) [0x00007FF640B27CC0]
	(No symbol) [0x00007FF640B50169]
	(No symbol) [0x00007FF640B27883]
	(No symbol) [0x00007FF640AF0550]
	(No symbol) [0x00007FF640AF1803]
	GetHandleVerifier [0x00007FF6410072BD+3529853]
	GetHandleVerifier [0x00007FF64101DA22+3621858]
	GetHandleVerifier [0x00007FF6410124D3+3575443]
	GetHandleVerifier [0x00007FF640D7B77A+860474]
	(No symbol) [0x00007FF640C2088F]
	(No symbol) [0x00007FF640C1CBC4]
	(No symbol) [0x00007FF640C1CD66]
	(No symbol) [0x00007FF640C0C2C9]
	BaseThreadInitThunk [0x00007FF80D4A259D+29]
	RtlUserThreadStart [0x00007FF80E9CAF38+40]
</status>
</kw>
<status status="FAIL" start="2025-03-12T08:55:43.849671" elapsed="1.256579">ElementNotInteractableException: Message: element not interactable
  (Session info: chrome=134.0.6998.36)
Stacktrace:
	GetHandleVerifier [0x00007FF640CAFE45+26629]
	(No symbol) [0x00007FF640C16010]
	(No symbol) [0x00007FF640AA914C]
	(No symbol) [0x00007FF640B00D24]
	(No symbol) [0x00007FF640AF28A4]
	(No symbol) [0x00007FF640B27AAA]
	(No symbol) [0x00007FF640AF2156]
	(No symbol) [0x00007FF640B27CC0]
	(No symbol) [0x00007FF640B50169]
	(No symbol) [0x00007FF640B27883]
	(No symbol) [0x00007FF640AF0550]
	(No symbol) [0x00007FF640AF1803]
	GetHandleVerifier [0x00007FF6410072BD+3529853]
	GetHandleVerifier [0x00007FF64101DA22+3621858]
	GetHandleVerifier [0x00007FF6410124D3+3575443]
	GetHandleVerifier [0x00007FF640D7B77A+860474]
	(No symbol) [0x00007FF640C2088F]
	(No symbol) [0x00007FF640C1CBC4]
	(No symbol) [0x00007FF640C1CD66]
	(No symbol) [0x00007FF640C0C2C9]
	BaseThreadInitThunk [0x00007FF80D4A259D+29]
	RtlUserThreadStart [0x00007FF80E9CAF38+40]
</status>
</test>
<kw name="Logout And Close Browser" type="TEARDOWN">
<kw name="Logout">
<kw name="Click Element" owner="SeleniumLibrary">
<msg time="2025-03-12T08:55:45.112248" level="INFO">Clicking element 'xpath=//a[contains(@href, '/logout')]'.</msg>
<arg>xpath=//a[contains(@href, '/logout')]</arg>
<doc>Click the element identified by ``locator``.</doc>
<status status="PASS" start="2025-03-12T08:55:45.112248" elapsed="1.765658"/>
</kw>
<kw name="Log To Console" owner="BuiltIn">
<arg>Logged out successfully</arg>
<doc>Logs the given message to the console.</doc>
<status status="PASS" start="2025-03-12T08:55:46.877906" elapsed="0.000000"/>
</kw>
<status status="PASS" start="2025-03-12T08:55:45.112248" elapsed="1.766667"/>
</kw>
<kw name="Close Browser" owner="SeleniumLibrary">
<doc>Closes the current browser.</doc>
<status status="PASS" start="2025-03-12T08:55:46.878915" elapsed="2.658008"/>
</kw>
<status status="PASS" start="2025-03-12T08:55:45.111247" elapsed="4.426679"/>
</kw>
<status status="FAIL" start="2025-03-12T08:42:25.410220" elapsed="804.127706"/>
</suite>
<statistics>
<total>
<stat pass="23" fail="3" skip="0">All Tests</stat>
</total>
<tag>
</tag>
<suite>
<stat name="Researcher Lang Switch" id="s1" pass="23" fail="3" skip="0">Researcher Lang Switch</stat>
</suite>
</statistics>
<errors>
</errors>
</robot>
